[2024-01-19 15:08:00] local.ERROR: SQLSTATE[HY000] [2002] No connection could be made because the target machine actively refused it (Connection: mysql, SQL: SELECT 
        p.Id AS PostId, 
        p.UserId AS PostUserId, 
        p.Content AS PostContent, 
        p.Url_Image AS PostImage, 
        p.CreatedAt AS PostCreatedAt, 
        u.Role AS UserRole, 
        u.Email AS UserEmail, 
        u.FullName AS UserFullName, 
        u.Phone AS UserPhone, 
        u.Address AS UserAddress, 
        u.Url_Image AS UserImageUrl,
        COUNT(c.CommentId) AS CommentCount  -- Sử dụng COUNT để đếm số lượng bình luận
    FROM 
        posts p
    JOIN 
        users u ON p.UserId = u.Id
    LEFT JOIN 
        comments c ON p.Id = c.PostId  -- Sửa điều kiện join từ CommentId sang PostId
    GROUP BY 
        p.Id, p.UserId, p.Content, p.Url_Image, p.CreatedAt, u.Role, u.Email, u.FullName, u.Phone, u.Address, u.Url_Image
    ORDER BY 
        p.CreatedAt DESC;
    ) {"exception":"[object] (Illuminate\\Database\\QueryException(code: 2002): SQLSTATE[HY000] [2002] No connection could be made because the target machine actively refused it (Connection: mysql, SQL: SELECT 

        p.Id AS PostId, 

        p.UserId AS PostUserId, 

        p.Content AS PostContent, 

        p.Url_Image AS PostImage, 

        p.CreatedAt AS PostCreatedAt, 

        u.Role AS UserRole, 

        u.Email AS UserEmail, 

        u.FullName AS UserFullName, 

        u.Phone AS UserPhone, 

        u.Address AS UserAddress, 

        u.Url_Image AS UserImageUrl,

        COUNT(c.CommentId) AS CommentCount  -- Sử dụng COUNT để đếm số lượng bình luận

    FROM 

        posts p

    JOIN 

        users u ON p.UserId = u.Id

    LEFT JOIN 

        comments c ON p.Id = c.PostId  -- Sửa điều kiện join từ CommentId sang PostId

    GROUP BY 

        p.Id, p.UserId, p.Content, p.Url_Image, p.CreatedAt, u.Role, u.Email, u.FullName, u.Phone, u.Address, u.Url_Image

    ORDER BY 

        p.CreatedAt DESC;

    ) at E:\\Workspace\\PHP\\dự án php mental health care năm 2\\PNV25-MentalHealtCareApp\\vendor\\illuminate\\database\\Connection.php:822)
[stacktrace]
#0 E:\\Workspace\\PHP\\dự án php mental health care năm 2\\PNV25-MentalHealtCareApp\\vendor\\illuminate\\database\\Connection.php(976): Illuminate\\Database\\Connection->runQueryCallback()
#1 E:\\Workspace\\PHP\\dự án php mental health care năm 2\\PNV25-MentalHealtCareApp\\vendor\\illuminate\\database\\Connection.php(955): Illuminate\\Database\\Connection->tryAgainIfCausedByLostConnection()
#2 E:\\Workspace\\PHP\\dự án php mental health care năm 2\\PNV25-MentalHealtCareApp\\vendor\\illuminate\\database\\Connection.php(778): Illuminate\\Database\\Connection->handleQueryException()
#3 E:\\Workspace\\PHP\\dự án php mental health care năm 2\\PNV25-MentalHealtCareApp\\vendor\\illuminate\\database\\Connection.php(407): Illuminate\\Database\\Connection->run()
#4 E:\\Workspace\\PHP\\dự án php mental health care năm 2\\PNV25-MentalHealtCareApp\\vendor\\illuminate\\database\\DatabaseManager.php(509): Illuminate\\Database\\Connection->select()
#5 E:\\Workspace\\PHP\\dự án php mental health care năm 2\\PNV25-MentalHealtCareApp\\vendor\\illuminate\\support\\Facades\\Facade.php(355): Illuminate\\Database\\DatabaseManager->__call()
#6 E:\\Workspace\\PHP\\dự án php mental health care năm 2\\PNV25-MentalHealtCareApp\\app\\Controllers\\Patient\\NewPostController.php(41): Illuminate\\Support\\Facades\\Facade::__callStatic()
#7 E:\\Workspace\\PHP\\dự án php mental health care năm 2\\PNV25-MentalHealtCareApp\\vendor\\illuminate\\container\\BoundMethod.php(36): App\\Controllers\\Patient\\NewPostController->index()
#8 E:\\Workspace\\PHP\\dự án php mental health care năm 2\\PNV25-MentalHealtCareApp\\vendor\\illuminate\\container\\Util.php(41): Illuminate\\Container\\BoundMethod::Illuminate\\Container\\{closure}()
#9 E:\\Workspace\\PHP\\dự án php mental health care năm 2\\PNV25-MentalHealtCareApp\\vendor\\illuminate\\container\\BoundMethod.php(93): Illuminate\\Container\\Util::unwrapIfClosure()
#10 E:\\Workspace\\PHP\\dự án php mental health care năm 2\\PNV25-MentalHealtCareApp\\vendor\\illuminate\\container\\BoundMethod.php(35): Illuminate\\Container\\BoundMethod::callBoundMethod()
#11 E:\\Workspace\\PHP\\dự án php mental health care năm 2\\PNV25-MentalHealtCareApp\\vendor\\illuminate\\container\\Container.php(662): Illuminate\\Container\\BoundMethod::call()
#12 E:\\Workspace\\PHP\\dự án php mental health care năm 2\\PNV25-MentalHealtCareApp\\vendor\\laravel\\lumen-framework\\src\\Concerns\\RoutesRequests.php(391): Illuminate\\Container\\Container->call()
#13 E:\\Workspace\\PHP\\dự án php mental health care năm 2\\PNV25-MentalHealtCareApp\\vendor\\laravel\\lumen-framework\\src\\Concerns\\RoutesRequests.php(356): Laravel\\Lumen\\Application->callControllerCallable()
#14 E:\\Workspace\\PHP\\dự án php mental health care năm 2\\PNV25-MentalHealtCareApp\\vendor\\laravel\\lumen-framework\\src\\Concerns\\RoutesRequests.php(331): Laravel\\Lumen\\Application->callLumenController()
#15 E:\\Workspace\\PHP\\dự án php mental health care năm 2\\PNV25-MentalHealtCareApp\\vendor\\laravel\\lumen-framework\\src\\Concerns\\RoutesRequests.php(284): Laravel\\Lumen\\Application->callControllerAction()
#16 E:\\Workspace\\PHP\\dự án php mental health care năm 2\\PNV25-MentalHealtCareApp\\vendor\\laravel\\lumen-framework\\src\\Concerns\\RoutesRequests.php(269): Laravel\\Lumen\\Application->callActionOnArrayBasedRoute()
#17 E:\\Workspace\\PHP\\dự án php mental health care năm 2\\PNV25-MentalHealtCareApp\\vendor\\laravel\\lumen-framework\\src\\Concerns\\RoutesRequests.php(171): Laravel\\Lumen\\Application->handleFoundRoute()
#18 E:\\Workspace\\PHP\\dự án php mental health care năm 2\\PNV25-MentalHealtCareApp\\vendor\\laravel\\lumen-framework\\src\\Concerns\\RoutesRequests.php(431): Laravel\\Lumen\\Application->Laravel\\Lumen\\Concerns\\{closure}()
#19 E:\\Workspace\\PHP\\dự án php mental health care năm 2\\PNV25-MentalHealtCareApp\\vendor\\laravel\\lumen-framework\\src\\Concerns\\RoutesRequests.php(167): Laravel\\Lumen\\Application->sendThroughPipeline()
#20 E:\\Workspace\\PHP\\dự án php mental health care năm 2\\PNV25-MentalHealtCareApp\\vendor\\laravel\\lumen-framework\\src\\Concerns\\RoutesRequests.php(112): Laravel\\Lumen\\Application->dispatch()
#21 E:\\Workspace\\PHP\\dự án php mental health care năm 2\\PNV25-MentalHealtCareApp\\public\\index.php(28): Laravel\\Lumen\\Application->run()
#22 {main}

[previous exception] [object] (PDOException(code: 2002): SQLSTATE[HY000] [2002] No connection could be made because the target machine actively refused it at E:\\Workspace\\PHP\\dự án php mental health care năm 2\\PNV25-MentalHealtCareApp\\vendor\\illuminate\\database\\Connectors\\Connector.php:65)
[stacktrace]
#0 E:\\Workspace\\PHP\\dự án php mental health care năm 2\\PNV25-MentalHealtCareApp\\vendor\\illuminate\\database\\Connectors\\Connector.php(65): PDO->__construct()
#1 E:\\Workspace\\PHP\\dự án php mental health care năm 2\\PNV25-MentalHealtCareApp\\vendor\\illuminate\\database\\Connectors\\Connector.php(83): Illuminate\\Database\\Connectors\\Connector->createPdoConnection()
#2 E:\\Workspace\\PHP\\dự án php mental health care năm 2\\PNV25-MentalHealtCareApp\\vendor\\illuminate\\database\\Connectors\\Connector.php(48): Illuminate\\Database\\Connectors\\Connector->tryAgainIfCausedByLostConnection()
#3 E:\\Workspace\\PHP\\dự án php mental health care năm 2\\PNV25-MentalHealtCareApp\\vendor\\illuminate\\database\\Connectors\\MySqlConnector.php(24): Illuminate\\Database\\Connectors\\Connector->createConnection()
#4 E:\\Workspace\\PHP\\dự án php mental health care năm 2\\PNV25-MentalHealtCareApp\\vendor\\illuminate\\database\\Connectors\\ConnectionFactory.php(184): Illuminate\\Database\\Connectors\\MySqlConnector->connect()
#5 [internal function]: Illuminate\\Database\\Connectors\\ConnectionFactory->Illuminate\\Database\\Connectors\\{closure}()
#6 E:\\Workspace\\PHP\\dự án php mental health care năm 2\\PNV25-MentalHealtCareApp\\vendor\\illuminate\\database\\Connection.php(1319): call_user_func()
#7 E:\\Workspace\\PHP\\dự án php mental health care năm 2\\PNV25-MentalHealtCareApp\\vendor\\illuminate\\database\\Connection.php(1355): Illuminate\\Database\\Connection->getPdo()
#8 E:\\Workspace\\PHP\\dự án php mental health care năm 2\\PNV25-MentalHealtCareApp\\vendor\\illuminate\\database\\Connection.php(521): Illuminate\\Database\\Connection->getReadPdo()
#9 E:\\Workspace\\PHP\\dự án php mental health care năm 2\\PNV25-MentalHealtCareApp\\vendor\\illuminate\\database\\Connection.php(416): Illuminate\\Database\\Connection->getPdoForSelect()
#10 E:\\Workspace\\PHP\\dự án php mental health care năm 2\\PNV25-MentalHealtCareApp\\vendor\\illuminate\\database\\Connection.php(809): Illuminate\\Database\\Connection->Illuminate\\Database\\{closure}()
#11 E:\\Workspace\\PHP\\dự án php mental health care năm 2\\PNV25-MentalHealtCareApp\\vendor\\illuminate\\database\\Connection.php(976): Illuminate\\Database\\Connection->runQueryCallback()
#12 E:\\Workspace\\PHP\\dự án php mental health care năm 2\\PNV25-MentalHealtCareApp\\vendor\\illuminate\\database\\Connection.php(955): Illuminate\\Database\\Connection->tryAgainIfCausedByLostConnection()
#13 E:\\Workspace\\PHP\\dự án php mental health care năm 2\\PNV25-MentalHealtCareApp\\vendor\\illuminate\\database\\Connection.php(778): Illuminate\\Database\\Connection->handleQueryException()
#14 E:\\Workspace\\PHP\\dự án php mental health care năm 2\\PNV25-MentalHealtCareApp\\vendor\\illuminate\\database\\Connection.php(407): Illuminate\\Database\\Connection->run()
#15 E:\\Workspace\\PHP\\dự án php mental health care năm 2\\PNV25-MentalHealtCareApp\\vendor\\illuminate\\database\\DatabaseManager.php(509): Illuminate\\Database\\Connection->select()
#16 E:\\Workspace\\PHP\\dự án php mental health care năm 2\\PNV25-MentalHealtCareApp\\vendor\\illuminate\\support\\Facades\\Facade.php(355): Illuminate\\Database\\DatabaseManager->__call()
#17 E:\\Workspace\\PHP\\dự án php mental health care năm 2\\PNV25-MentalHealtCareApp\\app\\Controllers\\Patient\\NewPostController.php(41): Illuminate\\Support\\Facades\\Facade::__callStatic()
#18 E:\\Workspace\\PHP\\dự án php mental health care năm 2\\PNV25-MentalHealtCareApp\\vendor\\illuminate\\container\\BoundMethod.php(36): App\\Controllers\\Patient\\NewPostController->index()
#19 E:\\Workspace\\PHP\\dự án php mental health care năm 2\\PNV25-MentalHealtCareApp\\vendor\\illuminate\\container\\Util.php(41): Illuminate\\Container\\BoundMethod::Illuminate\\Container\\{closure}()
#20 E:\\Workspace\\PHP\\dự án php mental health care năm 2\\PNV25-MentalHealtCareApp\\vendor\\illuminate\\container\\BoundMethod.php(93): Illuminate\\Container\\Util::unwrapIfClosure()
#21 E:\\Workspace\\PHP\\dự án php mental health care năm 2\\PNV25-MentalHealtCareApp\\vendor\\illuminate\\container\\BoundMethod.php(35): Illuminate\\Container\\BoundMethod::callBoundMethod()
#22 E:\\Workspace\\PHP\\dự án php mental health care năm 2\\PNV25-MentalHealtCareApp\\vendor\\illuminate\\container\\Container.php(662): Illuminate\\Container\\BoundMethod::call()
#23 E:\\Workspace\\PHP\\dự án php mental health care năm 2\\PNV25-MentalHealtCareApp\\vendor\\laravel\\lumen-framework\\src\\Concerns\\RoutesRequests.php(391): Illuminate\\Container\\Container->call()
#24 E:\\Workspace\\PHP\\dự án php mental health care năm 2\\PNV25-MentalHealtCareApp\\vendor\\laravel\\lumen-framework\\src\\Concerns\\RoutesRequests.php(356): Laravel\\Lumen\\Application->callControllerCallable()
#25 E:\\Workspace\\PHP\\dự án php mental health care năm 2\\PNV25-MentalHealtCareApp\\vendor\\laravel\\lumen-framework\\src\\Concerns\\RoutesRequests.php(331): Laravel\\Lumen\\Application->callLumenController()
#26 E:\\Workspace\\PHP\\dự án php mental health care năm 2\\PNV25-MentalHealtCareApp\\vendor\\laravel\\lumen-framework\\src\\Concerns\\RoutesRequests.php(284): Laravel\\Lumen\\Application->callControllerAction()
#27 E:\\Workspace\\PHP\\dự án php mental health care năm 2\\PNV25-MentalHealtCareApp\\vendor\\laravel\\lumen-framework\\src\\Concerns\\RoutesRequests.php(269): Laravel\\Lumen\\Application->callActionOnArrayBasedRoute()
#28 E:\\Workspace\\PHP\\dự án php mental health care năm 2\\PNV25-MentalHealtCareApp\\vendor\\laravel\\lumen-framework\\src\\Concerns\\RoutesRequests.php(171): Laravel\\Lumen\\Application->handleFoundRoute()
#29 E:\\Workspace\\PHP\\dự án php mental health care năm 2\\PNV25-MentalHealtCareApp\\vendor\\laravel\\lumen-framework\\src\\Concerns\\RoutesRequests.php(431): Laravel\\Lumen\\Application->Laravel\\Lumen\\Concerns\\{closure}()
#30 E:\\Workspace\\PHP\\dự án php mental health care năm 2\\PNV25-MentalHealtCareApp\\vendor\\laravel\\lumen-framework\\src\\Concerns\\RoutesRequests.php(167): Laravel\\Lumen\\Application->sendThroughPipeline()
#31 E:\\Workspace\\PHP\\dự án php mental health care năm 2\\PNV25-MentalHealtCareApp\\vendor\\laravel\\lumen-framework\\src\\Concerns\\RoutesRequests.php(112): Laravel\\Lumen\\Application->dispatch()
#32 E:\\Workspace\\PHP\\dự án php mental health care năm 2\\PNV25-MentalHealtCareApp\\public\\index.php(28): Laravel\\Lumen\\Application->run()
#33 {main}
"} 
[2024-01-19 15:08:03] local.ERROR:  {"exception":"[object] (Symfony\\Component\\HttpKernel\\Exception\\NotFoundHttpException(code: 0):  at E:\\Workspace\\PHP\\dự án php mental health care năm 2\\PNV25-MentalHealtCareApp\\vendor\\laravel\\lumen-framework\\src\\Concerns\\RoutesRequests.php:235)
[stacktrace]
#0 E:\\Workspace\\PHP\\dự án php mental health care năm 2\\PNV25-MentalHealtCareApp\\vendor\\laravel\\lumen-framework\\src\\Concerns\\RoutesRequests.php(174): Laravel\\Lumen\\Application->handleDispatcherResponse()
#1 E:\\Workspace\\PHP\\dự án php mental health care năm 2\\PNV25-MentalHealtCareApp\\vendor\\laravel\\lumen-framework\\src\\Concerns\\RoutesRequests.php(431): Laravel\\Lumen\\Application->Laravel\\Lumen\\Concerns\\{closure}()
#2 E:\\Workspace\\PHP\\dự án php mental health care năm 2\\PNV25-MentalHealtCareApp\\vendor\\laravel\\lumen-framework\\src\\Concerns\\RoutesRequests.php(167): Laravel\\Lumen\\Application->sendThroughPipeline()
#3 E:\\Workspace\\PHP\\dự án php mental health care năm 2\\PNV25-MentalHealtCareApp\\vendor\\laravel\\lumen-framework\\src\\Concerns\\RoutesRequests.php(112): Laravel\\Lumen\\Application->dispatch()
#4 E:\\Workspace\\PHP\\dự án php mental health care năm 2\\PNV25-MentalHealtCareApp\\public\\index.php(28): Laravel\\Lumen\\Application->run()
#5 {main}
"} 
[2024-01-19 15:23:56] local.ERROR:  {"exception":"[object] (Symfony\\Component\\HttpKernel\\Exception\\NotFoundHttpException(code: 0):  at E:\\Workspace\\PHP\\dự án php mental health care năm 2\\PNV25-MentalHealtCareApp\\vendor\\laravel\\lumen-framework\\src\\Concerns\\RoutesRequests.php:235)
[stacktrace]
#0 E:\\Workspace\\PHP\\dự án php mental health care năm 2\\PNV25-MentalHealtCareApp\\vendor\\laravel\\lumen-framework\\src\\Concerns\\RoutesRequests.php(174): Laravel\\Lumen\\Application->handleDispatcherResponse()
#1 E:\\Workspace\\PHP\\dự án php mental health care năm 2\\PNV25-MentalHealtCareApp\\vendor\\laravel\\lumen-framework\\src\\Concerns\\RoutesRequests.php(431): Laravel\\Lumen\\Application->Laravel\\Lumen\\Concerns\\{closure}()
#2 E:\\Workspace\\PHP\\dự án php mental health care năm 2\\PNV25-MentalHealtCareApp\\vendor\\laravel\\lumen-framework\\src\\Concerns\\RoutesRequests.php(167): Laravel\\Lumen\\Application->sendThroughPipeline()
#3 E:\\Workspace\\PHP\\dự án php mental health care năm 2\\PNV25-MentalHealtCareApp\\vendor\\laravel\\lumen-framework\\src\\Concerns\\RoutesRequests.php(112): Laravel\\Lumen\\Application->dispatch()
#4 E:\\Workspace\\PHP\\dự án php mental health care năm 2\\PNV25-MentalHealtCareApp\\public\\index.php(28): Laravel\\Lumen\\Application->run()
#5 {main}
"} 
[2024-01-19 15:24:31] local.ERROR:  {"exception":"[object] (Symfony\\Component\\HttpKernel\\Exception\\NotFoundHttpException(code: 0):  at E:\\Workspace\\PHP\\dự án php mental health care năm 2\\PNV25-MentalHealtCareApp\\vendor\\laravel\\lumen-framework\\src\\Concerns\\RoutesRequests.php:235)
[stacktrace]
#0 E:\\Workspace\\PHP\\dự án php mental health care năm 2\\PNV25-MentalHealtCareApp\\vendor\\laravel\\lumen-framework\\src\\Concerns\\RoutesRequests.php(174): Laravel\\Lumen\\Application->handleDispatcherResponse()
#1 E:\\Workspace\\PHP\\dự án php mental health care năm 2\\PNV25-MentalHealtCareApp\\vendor\\laravel\\lumen-framework\\src\\Concerns\\RoutesRequests.php(431): Laravel\\Lumen\\Application->Laravel\\Lumen\\Concerns\\{closure}()
#2 E:\\Workspace\\PHP\\dự án php mental health care năm 2\\PNV25-MentalHealtCareApp\\vendor\\laravel\\lumen-framework\\src\\Concerns\\RoutesRequests.php(167): Laravel\\Lumen\\Application->sendThroughPipeline()
#3 E:\\Workspace\\PHP\\dự án php mental health care năm 2\\PNV25-MentalHealtCareApp\\vendor\\laravel\\lumen-framework\\src\\Concerns\\RoutesRequests.php(112): Laravel\\Lumen\\Application->dispatch()
#4 E:\\Workspace\\PHP\\dự án php mental health care năm 2\\PNV25-MentalHealtCareApp\\public\\index.php(28): Laravel\\Lumen\\Application->run()
#5 {main}
"} 
[2024-01-19 15:26:04] local.ERROR:  {"exception":"[object] (Symfony\\Component\\HttpKernel\\Exception\\NotFoundHttpException(code: 0):  at E:\\Workspace\\PHP\\dự án php mental health care năm 2\\PNV25-MentalHealtCareApp\\vendor\\laravel\\lumen-framework\\src\\Concerns\\RoutesRequests.php:235)
[stacktrace]
#0 E:\\Workspace\\PHP\\dự án php mental health care năm 2\\PNV25-MentalHealtCareApp\\vendor\\laravel\\lumen-framework\\src\\Concerns\\RoutesRequests.php(174): Laravel\\Lumen\\Application->handleDispatcherResponse()
#1 E:\\Workspace\\PHP\\dự án php mental health care năm 2\\PNV25-MentalHealtCareApp\\vendor\\laravel\\lumen-framework\\src\\Concerns\\RoutesRequests.php(431): Laravel\\Lumen\\Application->Laravel\\Lumen\\Concerns\\{closure}()
#2 E:\\Workspace\\PHP\\dự án php mental health care năm 2\\PNV25-MentalHealtCareApp\\vendor\\laravel\\lumen-framework\\src\\Concerns\\RoutesRequests.php(167): Laravel\\Lumen\\Application->sendThroughPipeline()
#3 E:\\Workspace\\PHP\\dự án php mental health care năm 2\\PNV25-MentalHealtCareApp\\vendor\\laravel\\lumen-framework\\src\\Concerns\\RoutesRequests.php(112): Laravel\\Lumen\\Application->dispatch()
#4 E:\\Workspace\\PHP\\dự án php mental health care năm 2\\PNV25-MentalHealtCareApp\\public\\index.php(28): Laravel\\Lumen\\Application->run()
#5 {main}
"} 
[2024-01-19 15:26:14] local.ERROR:  {"exception":"[object] (Symfony\\Component\\HttpKernel\\Exception\\NotFoundHttpException(code: 0):  at E:\\Workspace\\PHP\\dự án php mental health care năm 2\\PNV25-MentalHealtCareApp\\vendor\\laravel\\lumen-framework\\src\\Concerns\\RoutesRequests.php:235)
[stacktrace]
#0 E:\\Workspace\\PHP\\dự án php mental health care năm 2\\PNV25-MentalHealtCareApp\\vendor\\laravel\\lumen-framework\\src\\Concerns\\RoutesRequests.php(174): Laravel\\Lumen\\Application->handleDispatcherResponse()
#1 E:\\Workspace\\PHP\\dự án php mental health care năm 2\\PNV25-MentalHealtCareApp\\vendor\\laravel\\lumen-framework\\src\\Concerns\\RoutesRequests.php(431): Laravel\\Lumen\\Application->Laravel\\Lumen\\Concerns\\{closure}()
#2 E:\\Workspace\\PHP\\dự án php mental health care năm 2\\PNV25-MentalHealtCareApp\\vendor\\laravel\\lumen-framework\\src\\Concerns\\RoutesRequests.php(167): Laravel\\Lumen\\Application->sendThroughPipeline()
#3 E:\\Workspace\\PHP\\dự án php mental health care năm 2\\PNV25-MentalHealtCareApp\\vendor\\laravel\\lumen-framework\\src\\Concerns\\RoutesRequests.php(112): Laravel\\Lumen\\Application->dispatch()
#4 E:\\Workspace\\PHP\\dự án php mental health care năm 2\\PNV25-MentalHealtCareApp\\public\\index.php(28): Laravel\\Lumen\\Application->run()
#5 {main}
"} 
[2024-01-19 15:26:27] local.ERROR:  {"exception":"[object] (Symfony\\Component\\HttpKernel\\Exception\\NotFoundHttpException(code: 0):  at E:\\Workspace\\PHP\\dự án php mental health care năm 2\\PNV25-MentalHealtCareApp\\vendor\\laravel\\lumen-framework\\src\\Concerns\\RoutesRequests.php:235)
[stacktrace]
#0 E:\\Workspace\\PHP\\dự án php mental health care năm 2\\PNV25-MentalHealtCareApp\\vendor\\laravel\\lumen-framework\\src\\Concerns\\RoutesRequests.php(174): Laravel\\Lumen\\Application->handleDispatcherResponse()
#1 E:\\Workspace\\PHP\\dự án php mental health care năm 2\\PNV25-MentalHealtCareApp\\vendor\\laravel\\lumen-framework\\src\\Concerns\\RoutesRequests.php(431): Laravel\\Lumen\\Application->Laravel\\Lumen\\Concerns\\{closure}()
#2 E:\\Workspace\\PHP\\dự án php mental health care năm 2\\PNV25-MentalHealtCareApp\\vendor\\laravel\\lumen-framework\\src\\Concerns\\RoutesRequests.php(167): Laravel\\Lumen\\Application->sendThroughPipeline()
#3 E:\\Workspace\\PHP\\dự án php mental health care năm 2\\PNV25-MentalHealtCareApp\\vendor\\laravel\\lumen-framework\\src\\Concerns\\RoutesRequests.php(112): Laravel\\Lumen\\Application->dispatch()
#4 E:\\Workspace\\PHP\\dự án php mental health care năm 2\\PNV25-MentalHealtCareApp\\public\\index.php(28): Laravel\\Lumen\\Application->run()
#5 {main}
"} 
[2024-01-19 15:26:54] local.ERROR:  {"exception":"[object] (Symfony\\Component\\HttpKernel\\Exception\\NotFoundHttpException(code: 0):  at E:\\Workspace\\PHP\\dự án php mental health care năm 2\\PNV25-MentalHealtCareApp\\vendor\\laravel\\lumen-framework\\src\\Concerns\\RoutesRequests.php:235)
[stacktrace]
#0 E:\\Workspace\\PHP\\dự án php mental health care năm 2\\PNV25-MentalHealtCareApp\\vendor\\laravel\\lumen-framework\\src\\Concerns\\RoutesRequests.php(174): Laravel\\Lumen\\Application->handleDispatcherResponse()
#1 E:\\Workspace\\PHP\\dự án php mental health care năm 2\\PNV25-MentalHealtCareApp\\vendor\\laravel\\lumen-framework\\src\\Concerns\\RoutesRequests.php(431): Laravel\\Lumen\\Application->Laravel\\Lumen\\Concerns\\{closure}()
#2 E:\\Workspace\\PHP\\dự án php mental health care năm 2\\PNV25-MentalHealtCareApp\\vendor\\laravel\\lumen-framework\\src\\Concerns\\RoutesRequests.php(167): Laravel\\Lumen\\Application->sendThroughPipeline()
#3 E:\\Workspace\\PHP\\dự án php mental health care năm 2\\PNV25-MentalHealtCareApp\\vendor\\laravel\\lumen-framework\\src\\Concerns\\RoutesRequests.php(112): Laravel\\Lumen\\Application->dispatch()
#4 E:\\Workspace\\PHP\\dự án php mental health care năm 2\\PNV25-MentalHealtCareApp\\public\\index.php(28): Laravel\\Lumen\\Application->run()
#5 {main}
"} 
[2024-01-19 15:27:28] local.ERROR:  {"exception":"[object] (Symfony\\Component\\HttpKernel\\Exception\\NotFoundHttpException(code: 0):  at E:\\Workspace\\PHP\\dự án php mental health care năm 2\\PNV25-MentalHealtCareApp\\vendor\\laravel\\lumen-framework\\src\\Concerns\\RoutesRequests.php:235)
[stacktrace]
#0 E:\\Workspace\\PHP\\dự án php mental health care năm 2\\PNV25-MentalHealtCareApp\\vendor\\laravel\\lumen-framework\\src\\Concerns\\RoutesRequests.php(174): Laravel\\Lumen\\Application->handleDispatcherResponse()
#1 E:\\Workspace\\PHP\\dự án php mental health care năm 2\\PNV25-MentalHealtCareApp\\vendor\\laravel\\lumen-framework\\src\\Concerns\\RoutesRequests.php(431): Laravel\\Lumen\\Application->Laravel\\Lumen\\Concerns\\{closure}()
#2 E:\\Workspace\\PHP\\dự án php mental health care năm 2\\PNV25-MentalHealtCareApp\\vendor\\laravel\\lumen-framework\\src\\Concerns\\RoutesRequests.php(167): Laravel\\Lumen\\Application->sendThroughPipeline()
#3 E:\\Workspace\\PHP\\dự án php mental health care năm 2\\PNV25-MentalHealtCareApp\\vendor\\laravel\\lumen-framework\\src\\Concerns\\RoutesRequests.php(112): Laravel\\Lumen\\Application->dispatch()
#4 E:\\Workspace\\PHP\\dự án php mental health care năm 2\\PNV25-MentalHealtCareApp\\public\\index.php(28): Laravel\\Lumen\\Application->run()
#5 {main}
"} 
[2024-01-19 15:29:17] local.ERROR:  {"exception":"[object] (Symfony\\Component\\HttpKernel\\Exception\\NotFoundHttpException(code: 0):  at E:\\Workspace\\PHP\\dự án php mental health care năm 2\\PNV25-MentalHealtCareApp\\vendor\\laravel\\lumen-framework\\src\\Concerns\\RoutesRequests.php:235)
[stacktrace]
#0 E:\\Workspace\\PHP\\dự án php mental health care năm 2\\PNV25-MentalHealtCareApp\\vendor\\laravel\\lumen-framework\\src\\Concerns\\RoutesRequests.php(174): Laravel\\Lumen\\Application->handleDispatcherResponse()
#1 E:\\Workspace\\PHP\\dự án php mental health care năm 2\\PNV25-MentalHealtCareApp\\vendor\\laravel\\lumen-framework\\src\\Concerns\\RoutesRequests.php(431): Laravel\\Lumen\\Application->Laravel\\Lumen\\Concerns\\{closure}()
#2 E:\\Workspace\\PHP\\dự án php mental health care năm 2\\PNV25-MentalHealtCareApp\\vendor\\laravel\\lumen-framework\\src\\Concerns\\RoutesRequests.php(167): Laravel\\Lumen\\Application->sendThroughPipeline()
#3 E:\\Workspace\\PHP\\dự án php mental health care năm 2\\PNV25-MentalHealtCareApp\\vendor\\laravel\\lumen-framework\\src\\Concerns\\RoutesRequests.php(112): Laravel\\Lumen\\Application->dispatch()
#4 E:\\Workspace\\PHP\\dự án php mental health care năm 2\\PNV25-MentalHealtCareApp\\public\\index.php(28): Laravel\\Lumen\\Application->run()
#5 {main}
"} 
[2024-01-19 15:29:48] local.ERROR:  {"exception":"[object] (Symfony\\Component\\HttpKernel\\Exception\\NotFoundHttpException(code: 0):  at E:\\Workspace\\PHP\\dự án php mental health care năm 2\\PNV25-MentalHealtCareApp\\vendor\\laravel\\lumen-framework\\src\\Concerns\\RoutesRequests.php:235)
[stacktrace]
#0 E:\\Workspace\\PHP\\dự án php mental health care năm 2\\PNV25-MentalHealtCareApp\\vendor\\laravel\\lumen-framework\\src\\Concerns\\RoutesRequests.php(174): Laravel\\Lumen\\Application->handleDispatcherResponse()
#1 E:\\Workspace\\PHP\\dự án php mental health care năm 2\\PNV25-MentalHealtCareApp\\vendor\\laravel\\lumen-framework\\src\\Concerns\\RoutesRequests.php(431): Laravel\\Lumen\\Application->Laravel\\Lumen\\Concerns\\{closure}()
#2 E:\\Workspace\\PHP\\dự án php mental health care năm 2\\PNV25-MentalHealtCareApp\\vendor\\laravel\\lumen-framework\\src\\Concerns\\RoutesRequests.php(167): Laravel\\Lumen\\Application->sendThroughPipeline()
#3 E:\\Workspace\\PHP\\dự án php mental health care năm 2\\PNV25-MentalHealtCareApp\\vendor\\laravel\\lumen-framework\\src\\Concerns\\RoutesRequests.php(112): Laravel\\Lumen\\Application->dispatch()
#4 E:\\Workspace\\PHP\\dự án php mental health care năm 2\\PNV25-MentalHealtCareApp\\public\\index.php(28): Laravel\\Lumen\\Application->run()
#5 {main}
"} 
[2024-01-19 15:31:48] local.ERROR:  {"exception":"[object] (Symfony\\Component\\HttpKernel\\Exception\\NotFoundHttpException(code: 0):  at E:\\Workspace\\PHP\\dự án php mental health care năm 2\\PNV25-MentalHealtCareApp\\vendor\\laravel\\lumen-framework\\src\\Concerns\\RoutesRequests.php:235)
[stacktrace]
#0 E:\\Workspace\\PHP\\dự án php mental health care năm 2\\PNV25-MentalHealtCareApp\\vendor\\laravel\\lumen-framework\\src\\Concerns\\RoutesRequests.php(174): Laravel\\Lumen\\Application->handleDispatcherResponse()
#1 E:\\Workspace\\PHP\\dự án php mental health care năm 2\\PNV25-MentalHealtCareApp\\vendor\\laravel\\lumen-framework\\src\\Concerns\\RoutesRequests.php(431): Laravel\\Lumen\\Application->Laravel\\Lumen\\Concerns\\{closure}()
#2 E:\\Workspace\\PHP\\dự án php mental health care năm 2\\PNV25-MentalHealtCareApp\\vendor\\laravel\\lumen-framework\\src\\Concerns\\RoutesRequests.php(167): Laravel\\Lumen\\Application->sendThroughPipeline()
#3 E:\\Workspace\\PHP\\dự án php mental health care năm 2\\PNV25-MentalHealtCareApp\\vendor\\laravel\\lumen-framework\\src\\Concerns\\RoutesRequests.php(112): Laravel\\Lumen\\Application->dispatch()
#4 E:\\Workspace\\PHP\\dự án php mental health care năm 2\\PNV25-MentalHealtCareApp\\public\\index.php(28): Laravel\\Lumen\\Application->run()
#5 {main}
"} 
[2024-01-19 15:39:59] local.ERROR:  {"exception":"[object] (Symfony\\Component\\HttpKernel\\Exception\\NotFoundHttpException(code: 0):  at E:\\Workspace\\PHP\\dự án php mental health care năm 2\\PNV25-MentalHealtCareApp\\vendor\\laravel\\lumen-framework\\src\\Concerns\\RoutesRequests.php:235)
[stacktrace]
#0 E:\\Workspace\\PHP\\dự án php mental health care năm 2\\PNV25-MentalHealtCareApp\\vendor\\laravel\\lumen-framework\\src\\Concerns\\RoutesRequests.php(174): Laravel\\Lumen\\Application->handleDispatcherResponse()
#1 E:\\Workspace\\PHP\\dự án php mental health care năm 2\\PNV25-MentalHealtCareApp\\vendor\\laravel\\lumen-framework\\src\\Concerns\\RoutesRequests.php(431): Laravel\\Lumen\\Application->Laravel\\Lumen\\Concerns\\{closure}()
#2 E:\\Workspace\\PHP\\dự án php mental health care năm 2\\PNV25-MentalHealtCareApp\\vendor\\laravel\\lumen-framework\\src\\Concerns\\RoutesRequests.php(167): Laravel\\Lumen\\Application->sendThroughPipeline()
#3 E:\\Workspace\\PHP\\dự án php mental health care năm 2\\PNV25-MentalHealtCareApp\\vendor\\laravel\\lumen-framework\\src\\Concerns\\RoutesRequests.php(112): Laravel\\Lumen\\Application->dispatch()
#4 E:\\Workspace\\PHP\\dự án php mental health care năm 2\\PNV25-MentalHealtCareApp\\public\\index.php(28): Laravel\\Lumen\\Application->run()
#5 {main}
"} 
[2024-01-19 15:40:44] local.ERROR:  {"exception":"[object] (Symfony\\Component\\HttpKernel\\Exception\\NotFoundHttpException(code: 0):  at E:\\Workspace\\PHP\\dự án php mental health care năm 2\\PNV25-MentalHealtCareApp\\vendor\\laravel\\lumen-framework\\src\\Concerns\\RoutesRequests.php:235)
[stacktrace]
#0 E:\\Workspace\\PHP\\dự án php mental health care năm 2\\PNV25-MentalHealtCareApp\\vendor\\laravel\\lumen-framework\\src\\Concerns\\RoutesRequests.php(174): Laravel\\Lumen\\Application->handleDispatcherResponse()
#1 E:\\Workspace\\PHP\\dự án php mental health care năm 2\\PNV25-MentalHealtCareApp\\vendor\\laravel\\lumen-framework\\src\\Concerns\\RoutesRequests.php(431): Laravel\\Lumen\\Application->Laravel\\Lumen\\Concerns\\{closure}()
#2 E:\\Workspace\\PHP\\dự án php mental health care năm 2\\PNV25-MentalHealtCareApp\\vendor\\laravel\\lumen-framework\\src\\Concerns\\RoutesRequests.php(167): Laravel\\Lumen\\Application->sendThroughPipeline()
#3 E:\\Workspace\\PHP\\dự án php mental health care năm 2\\PNV25-MentalHealtCareApp\\vendor\\laravel\\lumen-framework\\src\\Concerns\\RoutesRequests.php(112): Laravel\\Lumen\\Application->dispatch()
#4 E:\\Workspace\\PHP\\dự án php mental health care năm 2\\PNV25-MentalHealtCareApp\\public\\index.php(28): Laravel\\Lumen\\Application->run()
#5 {main}
"} 
[2024-01-19 15:41:21] local.ERROR:  {"exception":"[object] (Symfony\\Component\\HttpKernel\\Exception\\NotFoundHttpException(code: 0):  at E:\\Workspace\\PHP\\dự án php mental health care năm 2\\PNV25-MentalHealtCareApp\\vendor\\laravel\\lumen-framework\\src\\Concerns\\RoutesRequests.php:235)
[stacktrace]
#0 E:\\Workspace\\PHP\\dự án php mental health care năm 2\\PNV25-MentalHealtCareApp\\vendor\\laravel\\lumen-framework\\src\\Concerns\\RoutesRequests.php(174): Laravel\\Lumen\\Application->handleDispatcherResponse()
#1 E:\\Workspace\\PHP\\dự án php mental health care năm 2\\PNV25-MentalHealtCareApp\\vendor\\laravel\\lumen-framework\\src\\Concerns\\RoutesRequests.php(431): Laravel\\Lumen\\Application->Laravel\\Lumen\\Concerns\\{closure}()
#2 E:\\Workspace\\PHP\\dự án php mental health care năm 2\\PNV25-MentalHealtCareApp\\vendor\\laravel\\lumen-framework\\src\\Concerns\\RoutesRequests.php(167): Laravel\\Lumen\\Application->sendThroughPipeline()
#3 E:\\Workspace\\PHP\\dự án php mental health care năm 2\\PNV25-MentalHealtCareApp\\vendor\\laravel\\lumen-framework\\src\\Concerns\\RoutesRequests.php(112): Laravel\\Lumen\\Application->dispatch()
#4 E:\\Workspace\\PHP\\dự án php mental health care năm 2\\PNV25-MentalHealtCareApp\\public\\index.php(28): Laravel\\Lumen\\Application->run()
#5 {main}
"} 
[2024-01-19 15:43:07] local.ERROR:  {"exception":"[object] (Symfony\\Component\\HttpKernel\\Exception\\NotFoundHttpException(code: 0):  at E:\\Workspace\\PHP\\dự án php mental health care năm 2\\PNV25-MentalHealtCareApp\\vendor\\laravel\\lumen-framework\\src\\Concerns\\RoutesRequests.php:235)
[stacktrace]
#0 E:\\Workspace\\PHP\\dự án php mental health care năm 2\\PNV25-MentalHealtCareApp\\vendor\\laravel\\lumen-framework\\src\\Concerns\\RoutesRequests.php(174): Laravel\\Lumen\\Application->handleDispatcherResponse()
#1 E:\\Workspace\\PHP\\dự án php mental health care năm 2\\PNV25-MentalHealtCareApp\\vendor\\laravel\\lumen-framework\\src\\Concerns\\RoutesRequests.php(431): Laravel\\Lumen\\Application->Laravel\\Lumen\\Concerns\\{closure}()
#2 E:\\Workspace\\PHP\\dự án php mental health care năm 2\\PNV25-MentalHealtCareApp\\vendor\\laravel\\lumen-framework\\src\\Concerns\\RoutesRequests.php(167): Laravel\\Lumen\\Application->sendThroughPipeline()
#3 E:\\Workspace\\PHP\\dự án php mental health care năm 2\\PNV25-MentalHealtCareApp\\vendor\\laravel\\lumen-framework\\src\\Concerns\\RoutesRequests.php(112): Laravel\\Lumen\\Application->dispatch()
#4 E:\\Workspace\\PHP\\dự án php mental health care năm 2\\PNV25-MentalHealtCareApp\\public\\index.php(28): Laravel\\Lumen\\Application->run()
#5 {main}
"} 
[2024-01-19 15:43:29] local.ERROR:  {"exception":"[object] (Symfony\\Component\\HttpKernel\\Exception\\NotFoundHttpException(code: 0):  at E:\\Workspace\\PHP\\dự án php mental health care năm 2\\PNV25-MentalHealtCareApp\\vendor\\laravel\\lumen-framework\\src\\Concerns\\RoutesRequests.php:235)
[stacktrace]
#0 E:\\Workspace\\PHP\\dự án php mental health care năm 2\\PNV25-MentalHealtCareApp\\vendor\\laravel\\lumen-framework\\src\\Concerns\\RoutesRequests.php(174): Laravel\\Lumen\\Application->handleDispatcherResponse()
#1 E:\\Workspace\\PHP\\dự án php mental health care năm 2\\PNV25-MentalHealtCareApp\\vendor\\laravel\\lumen-framework\\src\\Concerns\\RoutesRequests.php(431): Laravel\\Lumen\\Application->Laravel\\Lumen\\Concerns\\{closure}()
#2 E:\\Workspace\\PHP\\dự án php mental health care năm 2\\PNV25-MentalHealtCareApp\\vendor\\laravel\\lumen-framework\\src\\Concerns\\RoutesRequests.php(167): Laravel\\Lumen\\Application->sendThroughPipeline()
#3 E:\\Workspace\\PHP\\dự án php mental health care năm 2\\PNV25-MentalHealtCareApp\\vendor\\laravel\\lumen-framework\\src\\Concerns\\RoutesRequests.php(112): Laravel\\Lumen\\Application->dispatch()
#4 E:\\Workspace\\PHP\\dự án php mental health care năm 2\\PNV25-MentalHealtCareApp\\public\\index.php(28): Laravel\\Lumen\\Application->run()
#5 {main}
"} 
[2024-01-19 15:44:01] local.ERROR:  {"exception":"[object] (Symfony\\Component\\HttpKernel\\Exception\\NotFoundHttpException(code: 0):  at E:\\Workspace\\PHP\\dự án php mental health care năm 2\\PNV25-MentalHealtCareApp\\vendor\\laravel\\lumen-framework\\src\\Concerns\\RoutesRequests.php:235)
[stacktrace]
#0 E:\\Workspace\\PHP\\dự án php mental health care năm 2\\PNV25-MentalHealtCareApp\\vendor\\laravel\\lumen-framework\\src\\Concerns\\RoutesRequests.php(174): Laravel\\Lumen\\Application->handleDispatcherResponse()
#1 E:\\Workspace\\PHP\\dự án php mental health care năm 2\\PNV25-MentalHealtCareApp\\vendor\\laravel\\lumen-framework\\src\\Concerns\\RoutesRequests.php(431): Laravel\\Lumen\\Application->Laravel\\Lumen\\Concerns\\{closure}()
#2 E:\\Workspace\\PHP\\dự án php mental health care năm 2\\PNV25-MentalHealtCareApp\\vendor\\laravel\\lumen-framework\\src\\Concerns\\RoutesRequests.php(167): Laravel\\Lumen\\Application->sendThroughPipeline()
#3 E:\\Workspace\\PHP\\dự án php mental health care năm 2\\PNV25-MentalHealtCareApp\\vendor\\laravel\\lumen-framework\\src\\Concerns\\RoutesRequests.php(112): Laravel\\Lumen\\Application->dispatch()
#4 E:\\Workspace\\PHP\\dự án php mental health care năm 2\\PNV25-MentalHealtCareApp\\public\\index.php(28): Laravel\\Lumen\\Application->run()
#5 {main}
"} 
[2024-01-19 15:44:22] local.ERROR:  {"exception":"[object] (Symfony\\Component\\HttpKernel\\Exception\\NotFoundHttpException(code: 0):  at E:\\Workspace\\PHP\\dự án php mental health care năm 2\\PNV25-MentalHealtCareApp\\vendor\\laravel\\lumen-framework\\src\\Concerns\\RoutesRequests.php:235)
[stacktrace]
#0 E:\\Workspace\\PHP\\dự án php mental health care năm 2\\PNV25-MentalHealtCareApp\\vendor\\laravel\\lumen-framework\\src\\Concerns\\RoutesRequests.php(174): Laravel\\Lumen\\Application->handleDispatcherResponse()
#1 E:\\Workspace\\PHP\\dự án php mental health care năm 2\\PNV25-MentalHealtCareApp\\vendor\\laravel\\lumen-framework\\src\\Concerns\\RoutesRequests.php(431): Laravel\\Lumen\\Application->Laravel\\Lumen\\Concerns\\{closure}()
#2 E:\\Workspace\\PHP\\dự án php mental health care năm 2\\PNV25-MentalHealtCareApp\\vendor\\laravel\\lumen-framework\\src\\Concerns\\RoutesRequests.php(167): Laravel\\Lumen\\Application->sendThroughPipeline()
#3 E:\\Workspace\\PHP\\dự án php mental health care năm 2\\PNV25-MentalHealtCareApp\\vendor\\laravel\\lumen-framework\\src\\Concerns\\RoutesRequests.php(112): Laravel\\Lumen\\Application->dispatch()
#4 E:\\Workspace\\PHP\\dự án php mental health care năm 2\\PNV25-MentalHealtCareApp\\public\\index.php(28): Laravel\\Lumen\\Application->run()
#5 {main}
"} 
[2024-01-19 15:46:26] local.ERROR:  {"exception":"[object] (Symfony\\Component\\HttpKernel\\Exception\\NotFoundHttpException(code: 0):  at E:\\Workspace\\PHP\\dự án php mental health care năm 2\\PNV25-MentalHealtCareApp\\vendor\\laravel\\lumen-framework\\src\\Concerns\\RoutesRequests.php:235)
[stacktrace]
#0 E:\\Workspace\\PHP\\dự án php mental health care năm 2\\PNV25-MentalHealtCareApp\\vendor\\laravel\\lumen-framework\\src\\Concerns\\RoutesRequests.php(174): Laravel\\Lumen\\Application->handleDispatcherResponse()
#1 E:\\Workspace\\PHP\\dự án php mental health care năm 2\\PNV25-MentalHealtCareApp\\vendor\\laravel\\lumen-framework\\src\\Concerns\\RoutesRequests.php(431): Laravel\\Lumen\\Application->Laravel\\Lumen\\Concerns\\{closure}()
#2 E:\\Workspace\\PHP\\dự án php mental health care năm 2\\PNV25-MentalHealtCareApp\\vendor\\laravel\\lumen-framework\\src\\Concerns\\RoutesRequests.php(167): Laravel\\Lumen\\Application->sendThroughPipeline()
#3 E:\\Workspace\\PHP\\dự án php mental health care năm 2\\PNV25-MentalHealtCareApp\\vendor\\laravel\\lumen-framework\\src\\Concerns\\RoutesRequests.php(112): Laravel\\Lumen\\Application->dispatch()
#4 E:\\Workspace\\PHP\\dự án php mental health care năm 2\\PNV25-MentalHealtCareApp\\public\\index.php(28): Laravel\\Lumen\\Application->run()
#5 {main}
"} 
[2024-01-19 15:47:45] local.ERROR:  {"exception":"[object] (Symfony\\Component\\HttpKernel\\Exception\\NotFoundHttpException(code: 0):  at E:\\Workspace\\PHP\\dự án php mental health care năm 2\\PNV25-MentalHealtCareApp\\vendor\\laravel\\lumen-framework\\src\\Concerns\\RoutesRequests.php:235)
[stacktrace]
#0 E:\\Workspace\\PHP\\dự án php mental health care năm 2\\PNV25-MentalHealtCareApp\\vendor\\laravel\\lumen-framework\\src\\Concerns\\RoutesRequests.php(174): Laravel\\Lumen\\Application->handleDispatcherResponse()
#1 E:\\Workspace\\PHP\\dự án php mental health care năm 2\\PNV25-MentalHealtCareApp\\vendor\\laravel\\lumen-framework\\src\\Concerns\\RoutesRequests.php(431): Laravel\\Lumen\\Application->Laravel\\Lumen\\Concerns\\{closure}()
#2 E:\\Workspace\\PHP\\dự án php mental health care năm 2\\PNV25-MentalHealtCareApp\\vendor\\laravel\\lumen-framework\\src\\Concerns\\RoutesRequests.php(167): Laravel\\Lumen\\Application->sendThroughPipeline()
#3 E:\\Workspace\\PHP\\dự án php mental health care năm 2\\PNV25-MentalHealtCareApp\\vendor\\laravel\\lumen-framework\\src\\Concerns\\RoutesRequests.php(112): Laravel\\Lumen\\Application->dispatch()
#4 E:\\Workspace\\PHP\\dự án php mental health care năm 2\\PNV25-MentalHealtCareApp\\public\\index.php(28): Laravel\\Lumen\\Application->run()
#5 {main}
"} 
[2024-01-19 15:47:57] local.ERROR:  {"exception":"[object] (Symfony\\Component\\HttpKernel\\Exception\\NotFoundHttpException(code: 0):  at E:\\Workspace\\PHP\\dự án php mental health care năm 2\\PNV25-MentalHealtCareApp\\vendor\\laravel\\lumen-framework\\src\\Concerns\\RoutesRequests.php:235)
[stacktrace]
#0 E:\\Workspace\\PHP\\dự án php mental health care năm 2\\PNV25-MentalHealtCareApp\\vendor\\laravel\\lumen-framework\\src\\Concerns\\RoutesRequests.php(174): Laravel\\Lumen\\Application->handleDispatcherResponse()
#1 E:\\Workspace\\PHP\\dự án php mental health care năm 2\\PNV25-MentalHealtCareApp\\vendor\\laravel\\lumen-framework\\src\\Concerns\\RoutesRequests.php(431): Laravel\\Lumen\\Application->Laravel\\Lumen\\Concerns\\{closure}()
#2 E:\\Workspace\\PHP\\dự án php mental health care năm 2\\PNV25-MentalHealtCareApp\\vendor\\laravel\\lumen-framework\\src\\Concerns\\RoutesRequests.php(167): Laravel\\Lumen\\Application->sendThroughPipeline()
#3 E:\\Workspace\\PHP\\dự án php mental health care năm 2\\PNV25-MentalHealtCareApp\\vendor\\laravel\\lumen-framework\\src\\Concerns\\RoutesRequests.php(112): Laravel\\Lumen\\Application->dispatch()
#4 E:\\Workspace\\PHP\\dự án php mental health care năm 2\\PNV25-MentalHealtCareApp\\public\\index.php(28): Laravel\\Lumen\\Application->run()
#5 {main}
"} 
[2024-01-19 15:50:07] local.ERROR:  {"exception":"[object] (Symfony\\Component\\HttpKernel\\Exception\\NotFoundHttpException(code: 0):  at E:\\Workspace\\PHP\\dự án php mental health care năm 2\\PNV25-MentalHealtCareApp\\vendor\\laravel\\lumen-framework\\src\\Concerns\\RoutesRequests.php:235)
[stacktrace]
#0 E:\\Workspace\\PHP\\dự án php mental health care năm 2\\PNV25-MentalHealtCareApp\\vendor\\laravel\\lumen-framework\\src\\Concerns\\RoutesRequests.php(174): Laravel\\Lumen\\Application->handleDispatcherResponse()
#1 E:\\Workspace\\PHP\\dự án php mental health care năm 2\\PNV25-MentalHealtCareApp\\vendor\\laravel\\lumen-framework\\src\\Concerns\\RoutesRequests.php(431): Laravel\\Lumen\\Application->Laravel\\Lumen\\Concerns\\{closure}()
#2 E:\\Workspace\\PHP\\dự án php mental health care năm 2\\PNV25-MentalHealtCareApp\\vendor\\laravel\\lumen-framework\\src\\Concerns\\RoutesRequests.php(167): Laravel\\Lumen\\Application->sendThroughPipeline()
#3 E:\\Workspace\\PHP\\dự án php mental health care năm 2\\PNV25-MentalHealtCareApp\\vendor\\laravel\\lumen-framework\\src\\Concerns\\RoutesRequests.php(112): Laravel\\Lumen\\Application->dispatch()
#4 E:\\Workspace\\PHP\\dự án php mental health care năm 2\\PNV25-MentalHealtCareApp\\public\\index.php(28): Laravel\\Lumen\\Application->run()
#5 {main}
"} 
[2024-01-19 15:50:54] local.ERROR:  {"exception":"[object] (Symfony\\Component\\HttpKernel\\Exception\\NotFoundHttpException(code: 0):  at E:\\Workspace\\PHP\\dự án php mental health care năm 2\\PNV25-MentalHealtCareApp\\vendor\\laravel\\lumen-framework\\src\\Concerns\\RoutesRequests.php:235)
[stacktrace]
#0 E:\\Workspace\\PHP\\dự án php mental health care năm 2\\PNV25-MentalHealtCareApp\\vendor\\laravel\\lumen-framework\\src\\Concerns\\RoutesRequests.php(174): Laravel\\Lumen\\Application->handleDispatcherResponse()
#1 E:\\Workspace\\PHP\\dự án php mental health care năm 2\\PNV25-MentalHealtCareApp\\vendor\\laravel\\lumen-framework\\src\\Concerns\\RoutesRequests.php(431): Laravel\\Lumen\\Application->Laravel\\Lumen\\Concerns\\{closure}()
#2 E:\\Workspace\\PHP\\dự án php mental health care năm 2\\PNV25-MentalHealtCareApp\\vendor\\laravel\\lumen-framework\\src\\Concerns\\RoutesRequests.php(167): Laravel\\Lumen\\Application->sendThroughPipeline()
#3 E:\\Workspace\\PHP\\dự án php mental health care năm 2\\PNV25-MentalHealtCareApp\\vendor\\laravel\\lumen-framework\\src\\Concerns\\RoutesRequests.php(112): Laravel\\Lumen\\Application->dispatch()
#4 E:\\Workspace\\PHP\\dự án php mental health care năm 2\\PNV25-MentalHealtCareApp\\public\\index.php(28): Laravel\\Lumen\\Application->run()
#5 {main}
"} 
[2024-01-19 15:51:05] local.ERROR:  {"exception":"[object] (Symfony\\Component\\HttpKernel\\Exception\\NotFoundHttpException(code: 0):  at E:\\Workspace\\PHP\\dự án php mental health care năm 2\\PNV25-MentalHealtCareApp\\vendor\\laravel\\lumen-framework\\src\\Concerns\\RoutesRequests.php:235)
[stacktrace]
#0 E:\\Workspace\\PHP\\dự án php mental health care năm 2\\PNV25-MentalHealtCareApp\\vendor\\laravel\\lumen-framework\\src\\Concerns\\RoutesRequests.php(174): Laravel\\Lumen\\Application->handleDispatcherResponse()
#1 E:\\Workspace\\PHP\\dự án php mental health care năm 2\\PNV25-MentalHealtCareApp\\vendor\\laravel\\lumen-framework\\src\\Concerns\\RoutesRequests.php(431): Laravel\\Lumen\\Application->Laravel\\Lumen\\Concerns\\{closure}()
#2 E:\\Workspace\\PHP\\dự án php mental health care năm 2\\PNV25-MentalHealtCareApp\\vendor\\laravel\\lumen-framework\\src\\Concerns\\RoutesRequests.php(167): Laravel\\Lumen\\Application->sendThroughPipeline()
#3 E:\\Workspace\\PHP\\dự án php mental health care năm 2\\PNV25-MentalHealtCareApp\\vendor\\laravel\\lumen-framework\\src\\Concerns\\RoutesRequests.php(112): Laravel\\Lumen\\Application->dispatch()
#4 E:\\Workspace\\PHP\\dự án php mental health care năm 2\\PNV25-MentalHealtCareApp\\public\\index.php(28): Laravel\\Lumen\\Application->run()
#5 {main}
"} 
[2024-01-19 15:51:52] local.ERROR:  {"exception":"[object] (Symfony\\Component\\HttpKernel\\Exception\\NotFoundHttpException(code: 0):  at E:\\Workspace\\PHP\\dự án php mental health care năm 2\\PNV25-MentalHealtCareApp\\vendor\\laravel\\lumen-framework\\src\\Concerns\\RoutesRequests.php:235)
[stacktrace]
#0 E:\\Workspace\\PHP\\dự án php mental health care năm 2\\PNV25-MentalHealtCareApp\\vendor\\laravel\\lumen-framework\\src\\Concerns\\RoutesRequests.php(174): Laravel\\Lumen\\Application->handleDispatcherResponse()
#1 E:\\Workspace\\PHP\\dự án php mental health care năm 2\\PNV25-MentalHealtCareApp\\vendor\\laravel\\lumen-framework\\src\\Concerns\\RoutesRequests.php(431): Laravel\\Lumen\\Application->Laravel\\Lumen\\Concerns\\{closure}()
#2 E:\\Workspace\\PHP\\dự án php mental health care năm 2\\PNV25-MentalHealtCareApp\\vendor\\laravel\\lumen-framework\\src\\Concerns\\RoutesRequests.php(167): Laravel\\Lumen\\Application->sendThroughPipeline()
#3 E:\\Workspace\\PHP\\dự án php mental health care năm 2\\PNV25-MentalHealtCareApp\\vendor\\laravel\\lumen-framework\\src\\Concerns\\RoutesRequests.php(112): Laravel\\Lumen\\Application->dispatch()
#4 E:\\Workspace\\PHP\\dự án php mental health care năm 2\\PNV25-MentalHealtCareApp\\public\\index.php(28): Laravel\\Lumen\\Application->run()
#5 {main}
"} 
[2024-01-19 15:53:55] local.ERROR:  {"exception":"[object] (Symfony\\Component\\HttpKernel\\Exception\\NotFoundHttpException(code: 0):  at E:\\Workspace\\PHP\\dự án php mental health care năm 2\\PNV25-MentalHealtCareApp\\vendor\\laravel\\lumen-framework\\src\\Concerns\\RoutesRequests.php:235)
[stacktrace]
#0 E:\\Workspace\\PHP\\dự án php mental health care năm 2\\PNV25-MentalHealtCareApp\\vendor\\laravel\\lumen-framework\\src\\Concerns\\RoutesRequests.php(174): Laravel\\Lumen\\Application->handleDispatcherResponse()
#1 E:\\Workspace\\PHP\\dự án php mental health care năm 2\\PNV25-MentalHealtCareApp\\vendor\\laravel\\lumen-framework\\src\\Concerns\\RoutesRequests.php(431): Laravel\\Lumen\\Application->Laravel\\Lumen\\Concerns\\{closure}()
#2 E:\\Workspace\\PHP\\dự án php mental health care năm 2\\PNV25-MentalHealtCareApp\\vendor\\laravel\\lumen-framework\\src\\Concerns\\RoutesRequests.php(167): Laravel\\Lumen\\Application->sendThroughPipeline()
#3 E:\\Workspace\\PHP\\dự án php mental health care năm 2\\PNV25-MentalHealtCareApp\\vendor\\laravel\\lumen-framework\\src\\Concerns\\RoutesRequests.php(112): Laravel\\Lumen\\Application->dispatch()
#4 E:\\Workspace\\PHP\\dự án php mental health care năm 2\\PNV25-MentalHealtCareApp\\public\\index.php(28): Laravel\\Lumen\\Application->run()
#5 {main}
"} 
[2024-01-19 15:55:08] local.ERROR:  {"exception":"[object] (Symfony\\Component\\HttpKernel\\Exception\\NotFoundHttpException(code: 0):  at E:\\Workspace\\PHP\\dự án php mental health care năm 2\\PNV25-MentalHealtCareApp\\vendor\\laravel\\lumen-framework\\src\\Concerns\\RoutesRequests.php:235)
[stacktrace]
#0 E:\\Workspace\\PHP\\dự án php mental health care năm 2\\PNV25-MentalHealtCareApp\\vendor\\laravel\\lumen-framework\\src\\Concerns\\RoutesRequests.php(174): Laravel\\Lumen\\Application->handleDispatcherResponse()
#1 E:\\Workspace\\PHP\\dự án php mental health care năm 2\\PNV25-MentalHealtCareApp\\vendor\\laravel\\lumen-framework\\src\\Concerns\\RoutesRequests.php(431): Laravel\\Lumen\\Application->Laravel\\Lumen\\Concerns\\{closure}()
#2 E:\\Workspace\\PHP\\dự án php mental health care năm 2\\PNV25-MentalHealtCareApp\\vendor\\laravel\\lumen-framework\\src\\Concerns\\RoutesRequests.php(167): Laravel\\Lumen\\Application->sendThroughPipeline()
#3 E:\\Workspace\\PHP\\dự án php mental health care năm 2\\PNV25-MentalHealtCareApp\\vendor\\laravel\\lumen-framework\\src\\Concerns\\RoutesRequests.php(112): Laravel\\Lumen\\Application->dispatch()
#4 E:\\Workspace\\PHP\\dự án php mental health care năm 2\\PNV25-MentalHealtCareApp\\public\\index.php(28): Laravel\\Lumen\\Application->run()
#5 {main}
"} 
[2024-01-19 15:56:01] local.ERROR:  {"exception":"[object] (Symfony\\Component\\HttpKernel\\Exception\\NotFoundHttpException(code: 0):  at E:\\Workspace\\PHP\\dự án php mental health care năm 2\\PNV25-MentalHealtCareApp\\vendor\\laravel\\lumen-framework\\src\\Concerns\\RoutesRequests.php:235)
[stacktrace]
#0 E:\\Workspace\\PHP\\dự án php mental health care năm 2\\PNV25-MentalHealtCareApp\\vendor\\laravel\\lumen-framework\\src\\Concerns\\RoutesRequests.php(174): Laravel\\Lumen\\Application->handleDispatcherResponse()
#1 E:\\Workspace\\PHP\\dự án php mental health care năm 2\\PNV25-MentalHealtCareApp\\vendor\\laravel\\lumen-framework\\src\\Concerns\\RoutesRequests.php(431): Laravel\\Lumen\\Application->Laravel\\Lumen\\Concerns\\{closure}()
#2 E:\\Workspace\\PHP\\dự án php mental health care năm 2\\PNV25-MentalHealtCareApp\\vendor\\laravel\\lumen-framework\\src\\Concerns\\RoutesRequests.php(167): Laravel\\Lumen\\Application->sendThroughPipeline()
#3 E:\\Workspace\\PHP\\dự án php mental health care năm 2\\PNV25-MentalHealtCareApp\\vendor\\laravel\\lumen-framework\\src\\Concerns\\RoutesRequests.php(112): Laravel\\Lumen\\Application->dispatch()
#4 E:\\Workspace\\PHP\\dự án php mental health care năm 2\\PNV25-MentalHealtCareApp\\public\\index.php(28): Laravel\\Lumen\\Application->run()
#5 {main}
"} 
[2024-01-19 15:56:17] local.ERROR:  {"exception":"[object] (Symfony\\Component\\HttpKernel\\Exception\\NotFoundHttpException(code: 0):  at E:\\Workspace\\PHP\\dự án php mental health care năm 2\\PNV25-MentalHealtCareApp\\vendor\\laravel\\lumen-framework\\src\\Concerns\\RoutesRequests.php:235)
[stacktrace]
#0 E:\\Workspace\\PHP\\dự án php mental health care năm 2\\PNV25-MentalHealtCareApp\\vendor\\laravel\\lumen-framework\\src\\Concerns\\RoutesRequests.php(174): Laravel\\Lumen\\Application->handleDispatcherResponse()
#1 E:\\Workspace\\PHP\\dự án php mental health care năm 2\\PNV25-MentalHealtCareApp\\vendor\\laravel\\lumen-framework\\src\\Concerns\\RoutesRequests.php(431): Laravel\\Lumen\\Application->Laravel\\Lumen\\Concerns\\{closure}()
#2 E:\\Workspace\\PHP\\dự án php mental health care năm 2\\PNV25-MentalHealtCareApp\\vendor\\laravel\\lumen-framework\\src\\Concerns\\RoutesRequests.php(167): Laravel\\Lumen\\Application->sendThroughPipeline()
#3 E:\\Workspace\\PHP\\dự án php mental health care năm 2\\PNV25-MentalHealtCareApp\\vendor\\laravel\\lumen-framework\\src\\Concerns\\RoutesRequests.php(112): Laravel\\Lumen\\Application->dispatch()
#4 E:\\Workspace\\PHP\\dự án php mental health care năm 2\\PNV25-MentalHealtCareApp\\public\\index.php(28): Laravel\\Lumen\\Application->run()
#5 {main}
"} 
[2024-01-19 15:56:37] local.ERROR:  {"exception":"[object] (Symfony\\Component\\HttpKernel\\Exception\\NotFoundHttpException(code: 0):  at E:\\Workspace\\PHP\\dự án php mental health care năm 2\\PNV25-MentalHealtCareApp\\vendor\\laravel\\lumen-framework\\src\\Concerns\\RoutesRequests.php:235)
[stacktrace]
#0 E:\\Workspace\\PHP\\dự án php mental health care năm 2\\PNV25-MentalHealtCareApp\\vendor\\laravel\\lumen-framework\\src\\Concerns\\RoutesRequests.php(174): Laravel\\Lumen\\Application->handleDispatcherResponse()
#1 E:\\Workspace\\PHP\\dự án php mental health care năm 2\\PNV25-MentalHealtCareApp\\vendor\\laravel\\lumen-framework\\src\\Concerns\\RoutesRequests.php(431): Laravel\\Lumen\\Application->Laravel\\Lumen\\Concerns\\{closure}()
#2 E:\\Workspace\\PHP\\dự án php mental health care năm 2\\PNV25-MentalHealtCareApp\\vendor\\laravel\\lumen-framework\\src\\Concerns\\RoutesRequests.php(167): Laravel\\Lumen\\Application->sendThroughPipeline()
#3 E:\\Workspace\\PHP\\dự án php mental health care năm 2\\PNV25-MentalHealtCareApp\\vendor\\laravel\\lumen-framework\\src\\Concerns\\RoutesRequests.php(112): Laravel\\Lumen\\Application->dispatch()
#4 E:\\Workspace\\PHP\\dự án php mental health care năm 2\\PNV25-MentalHealtCareApp\\public\\index.php(28): Laravel\\Lumen\\Application->run()
#5 {main}
"} 
[2024-01-19 15:56:58] local.ERROR:  {"exception":"[object] (Symfony\\Component\\HttpKernel\\Exception\\NotFoundHttpException(code: 0):  at E:\\Workspace\\PHP\\dự án php mental health care năm 2\\PNV25-MentalHealtCareApp\\vendor\\laravel\\lumen-framework\\src\\Concerns\\RoutesRequests.php:235)
[stacktrace]
#0 E:\\Workspace\\PHP\\dự án php mental health care năm 2\\PNV25-MentalHealtCareApp\\vendor\\laravel\\lumen-framework\\src\\Concerns\\RoutesRequests.php(174): Laravel\\Lumen\\Application->handleDispatcherResponse()
#1 E:\\Workspace\\PHP\\dự án php mental health care năm 2\\PNV25-MentalHealtCareApp\\vendor\\laravel\\lumen-framework\\src\\Concerns\\RoutesRequests.php(431): Laravel\\Lumen\\Application->Laravel\\Lumen\\Concerns\\{closure}()
#2 E:\\Workspace\\PHP\\dự án php mental health care năm 2\\PNV25-MentalHealtCareApp\\vendor\\laravel\\lumen-framework\\src\\Concerns\\RoutesRequests.php(167): Laravel\\Lumen\\Application->sendThroughPipeline()
#3 E:\\Workspace\\PHP\\dự án php mental health care năm 2\\PNV25-MentalHealtCareApp\\vendor\\laravel\\lumen-framework\\src\\Concerns\\RoutesRequests.php(112): Laravel\\Lumen\\Application->dispatch()
#4 E:\\Workspace\\PHP\\dự án php mental health care năm 2\\PNV25-MentalHealtCareApp\\public\\index.php(28): Laravel\\Lumen\\Application->run()
#5 {main}
"} 
[2024-01-19 15:57:25] local.ERROR:  {"exception":"[object] (Symfony\\Component\\HttpKernel\\Exception\\NotFoundHttpException(code: 0):  at E:\\Workspace\\PHP\\dự án php mental health care năm 2\\PNV25-MentalHealtCareApp\\vendor\\laravel\\lumen-framework\\src\\Concerns\\RoutesRequests.php:235)
[stacktrace]
#0 E:\\Workspace\\PHP\\dự án php mental health care năm 2\\PNV25-MentalHealtCareApp\\vendor\\laravel\\lumen-framework\\src\\Concerns\\RoutesRequests.php(174): Laravel\\Lumen\\Application->handleDispatcherResponse()
#1 E:\\Workspace\\PHP\\dự án php mental health care năm 2\\PNV25-MentalHealtCareApp\\vendor\\laravel\\lumen-framework\\src\\Concerns\\RoutesRequests.php(431): Laravel\\Lumen\\Application->Laravel\\Lumen\\Concerns\\{closure}()
#2 E:\\Workspace\\PHP\\dự án php mental health care năm 2\\PNV25-MentalHealtCareApp\\vendor\\laravel\\lumen-framework\\src\\Concerns\\RoutesRequests.php(167): Laravel\\Lumen\\Application->sendThroughPipeline()
#3 E:\\Workspace\\PHP\\dự án php mental health care năm 2\\PNV25-MentalHealtCareApp\\vendor\\laravel\\lumen-framework\\src\\Concerns\\RoutesRequests.php(112): Laravel\\Lumen\\Application->dispatch()
#4 E:\\Workspace\\PHP\\dự án php mental health care năm 2\\PNV25-MentalHealtCareApp\\public\\index.php(28): Laravel\\Lumen\\Application->run()
#5 {main}
"} 
[2024-01-19 15:58:16] local.ERROR:  {"exception":"[object] (Symfony\\Component\\HttpKernel\\Exception\\NotFoundHttpException(code: 0):  at E:\\Workspace\\PHP\\dự án php mental health care năm 2\\PNV25-MentalHealtCareApp\\vendor\\laravel\\lumen-framework\\src\\Concerns\\RoutesRequests.php:235)
[stacktrace]
#0 E:\\Workspace\\PHP\\dự án php mental health care năm 2\\PNV25-MentalHealtCareApp\\vendor\\laravel\\lumen-framework\\src\\Concerns\\RoutesRequests.php(174): Laravel\\Lumen\\Application->handleDispatcherResponse()
#1 E:\\Workspace\\PHP\\dự án php mental health care năm 2\\PNV25-MentalHealtCareApp\\vendor\\laravel\\lumen-framework\\src\\Concerns\\RoutesRequests.php(431): Laravel\\Lumen\\Application->Laravel\\Lumen\\Concerns\\{closure}()
#2 E:\\Workspace\\PHP\\dự án php mental health care năm 2\\PNV25-MentalHealtCareApp\\vendor\\laravel\\lumen-framework\\src\\Concerns\\RoutesRequests.php(167): Laravel\\Lumen\\Application->sendThroughPipeline()
#3 E:\\Workspace\\PHP\\dự án php mental health care năm 2\\PNV25-MentalHealtCareApp\\vendor\\laravel\\lumen-framework\\src\\Concerns\\RoutesRequests.php(112): Laravel\\Lumen\\Application->dispatch()
#4 E:\\Workspace\\PHP\\dự án php mental health care năm 2\\PNV25-MentalHealtCareApp\\public\\index.php(28): Laravel\\Lumen\\Application->run()
#5 {main}
"} 
[2024-01-19 15:59:25] local.ERROR:  {"exception":"[object] (Symfony\\Component\\HttpKernel\\Exception\\NotFoundHttpException(code: 0):  at E:\\Workspace\\PHP\\dự án php mental health care năm 2\\PNV25-MentalHealtCareApp\\vendor\\laravel\\lumen-framework\\src\\Concerns\\RoutesRequests.php:235)
[stacktrace]
#0 E:\\Workspace\\PHP\\dự án php mental health care năm 2\\PNV25-MentalHealtCareApp\\vendor\\laravel\\lumen-framework\\src\\Concerns\\RoutesRequests.php(174): Laravel\\Lumen\\Application->handleDispatcherResponse()
#1 E:\\Workspace\\PHP\\dự án php mental health care năm 2\\PNV25-MentalHealtCareApp\\vendor\\laravel\\lumen-framework\\src\\Concerns\\RoutesRequests.php(431): Laravel\\Lumen\\Application->Laravel\\Lumen\\Concerns\\{closure}()
#2 E:\\Workspace\\PHP\\dự án php mental health care năm 2\\PNV25-MentalHealtCareApp\\vendor\\laravel\\lumen-framework\\src\\Concerns\\RoutesRequests.php(167): Laravel\\Lumen\\Application->sendThroughPipeline()
#3 E:\\Workspace\\PHP\\dự án php mental health care năm 2\\PNV25-MentalHealtCareApp\\vendor\\laravel\\lumen-framework\\src\\Concerns\\RoutesRequests.php(112): Laravel\\Lumen\\Application->dispatch()
#4 E:\\Workspace\\PHP\\dự án php mental health care năm 2\\PNV25-MentalHealtCareApp\\public\\index.php(28): Laravel\\Lumen\\Application->run()
#5 {main}
"} 
[2024-01-19 16:00:17] local.ERROR:  {"exception":"[object] (Symfony\\Component\\HttpKernel\\Exception\\NotFoundHttpException(code: 0):  at E:\\Workspace\\PHP\\dự án php mental health care năm 2\\PNV25-MentalHealtCareApp\\vendor\\laravel\\lumen-framework\\src\\Concerns\\RoutesRequests.php:235)
[stacktrace]
#0 E:\\Workspace\\PHP\\dự án php mental health care năm 2\\PNV25-MentalHealtCareApp\\vendor\\laravel\\lumen-framework\\src\\Concerns\\RoutesRequests.php(174): Laravel\\Lumen\\Application->handleDispatcherResponse()
#1 E:\\Workspace\\PHP\\dự án php mental health care năm 2\\PNV25-MentalHealtCareApp\\vendor\\laravel\\lumen-framework\\src\\Concerns\\RoutesRequests.php(431): Laravel\\Lumen\\Application->Laravel\\Lumen\\Concerns\\{closure}()
#2 E:\\Workspace\\PHP\\dự án php mental health care năm 2\\PNV25-MentalHealtCareApp\\vendor\\laravel\\lumen-framework\\src\\Concerns\\RoutesRequests.php(167): Laravel\\Lumen\\Application->sendThroughPipeline()
#3 E:\\Workspace\\PHP\\dự án php mental health care năm 2\\PNV25-MentalHealtCareApp\\vendor\\laravel\\lumen-framework\\src\\Concerns\\RoutesRequests.php(112): Laravel\\Lumen\\Application->dispatch()
#4 E:\\Workspace\\PHP\\dự án php mental health care năm 2\\PNV25-MentalHealtCareApp\\public\\index.php(28): Laravel\\Lumen\\Application->run()
#5 {main}
"} 
[2024-01-19 16:00:54] local.ERROR:  {"exception":"[object] (Symfony\\Component\\HttpKernel\\Exception\\NotFoundHttpException(code: 0):  at E:\\Workspace\\PHP\\dự án php mental health care năm 2\\PNV25-MentalHealtCareApp\\vendor\\laravel\\lumen-framework\\src\\Concerns\\RoutesRequests.php:235)
[stacktrace]
#0 E:\\Workspace\\PHP\\dự án php mental health care năm 2\\PNV25-MentalHealtCareApp\\vendor\\laravel\\lumen-framework\\src\\Concerns\\RoutesRequests.php(174): Laravel\\Lumen\\Application->handleDispatcherResponse()
#1 E:\\Workspace\\PHP\\dự án php mental health care năm 2\\PNV25-MentalHealtCareApp\\vendor\\laravel\\lumen-framework\\src\\Concerns\\RoutesRequests.php(431): Laravel\\Lumen\\Application->Laravel\\Lumen\\Concerns\\{closure}()
#2 E:\\Workspace\\PHP\\dự án php mental health care năm 2\\PNV25-MentalHealtCareApp\\vendor\\laravel\\lumen-framework\\src\\Concerns\\RoutesRequests.php(167): Laravel\\Lumen\\Application->sendThroughPipeline()
#3 E:\\Workspace\\PHP\\dự án php mental health care năm 2\\PNV25-MentalHealtCareApp\\vendor\\laravel\\lumen-framework\\src\\Concerns\\RoutesRequests.php(112): Laravel\\Lumen\\Application->dispatch()
#4 E:\\Workspace\\PHP\\dự án php mental health care năm 2\\PNV25-MentalHealtCareApp\\public\\index.php(28): Laravel\\Lumen\\Application->run()
#5 {main}
"} 
[2024-01-19 16:01:54] local.ERROR:  {"exception":"[object] (Symfony\\Component\\HttpKernel\\Exception\\NotFoundHttpException(code: 0):  at E:\\Workspace\\PHP\\dự án php mental health care năm 2\\PNV25-MentalHealtCareApp\\vendor\\laravel\\lumen-framework\\src\\Concerns\\RoutesRequests.php:235)
[stacktrace]
#0 E:\\Workspace\\PHP\\dự án php mental health care năm 2\\PNV25-MentalHealtCareApp\\vendor\\laravel\\lumen-framework\\src\\Concerns\\RoutesRequests.php(174): Laravel\\Lumen\\Application->handleDispatcherResponse()
#1 E:\\Workspace\\PHP\\dự án php mental health care năm 2\\PNV25-MentalHealtCareApp\\vendor\\laravel\\lumen-framework\\src\\Concerns\\RoutesRequests.php(431): Laravel\\Lumen\\Application->Laravel\\Lumen\\Concerns\\{closure}()
#2 E:\\Workspace\\PHP\\dự án php mental health care năm 2\\PNV25-MentalHealtCareApp\\vendor\\laravel\\lumen-framework\\src\\Concerns\\RoutesRequests.php(167): Laravel\\Lumen\\Application->sendThroughPipeline()
#3 E:\\Workspace\\PHP\\dự án php mental health care năm 2\\PNV25-MentalHealtCareApp\\vendor\\laravel\\lumen-framework\\src\\Concerns\\RoutesRequests.php(112): Laravel\\Lumen\\Application->dispatch()
#4 E:\\Workspace\\PHP\\dự án php mental health care năm 2\\PNV25-MentalHealtCareApp\\public\\index.php(28): Laravel\\Lumen\\Application->run()
#5 {main}
"} 
[2024-01-19 16:02:25] local.ERROR:  {"exception":"[object] (Symfony\\Component\\HttpKernel\\Exception\\NotFoundHttpException(code: 0):  at E:\\Workspace\\PHP\\dự án php mental health care năm 2\\PNV25-MentalHealtCareApp\\vendor\\laravel\\lumen-framework\\src\\Concerns\\RoutesRequests.php:235)
[stacktrace]
#0 E:\\Workspace\\PHP\\dự án php mental health care năm 2\\PNV25-MentalHealtCareApp\\vendor\\laravel\\lumen-framework\\src\\Concerns\\RoutesRequests.php(174): Laravel\\Lumen\\Application->handleDispatcherResponse()
#1 E:\\Workspace\\PHP\\dự án php mental health care năm 2\\PNV25-MentalHealtCareApp\\vendor\\laravel\\lumen-framework\\src\\Concerns\\RoutesRequests.php(431): Laravel\\Lumen\\Application->Laravel\\Lumen\\Concerns\\{closure}()
#2 E:\\Workspace\\PHP\\dự án php mental health care năm 2\\PNV25-MentalHealtCareApp\\vendor\\laravel\\lumen-framework\\src\\Concerns\\RoutesRequests.php(167): Laravel\\Lumen\\Application->sendThroughPipeline()
#3 E:\\Workspace\\PHP\\dự án php mental health care năm 2\\PNV25-MentalHealtCareApp\\vendor\\laravel\\lumen-framework\\src\\Concerns\\RoutesRequests.php(112): Laravel\\Lumen\\Application->dispatch()
#4 E:\\Workspace\\PHP\\dự án php mental health care năm 2\\PNV25-MentalHealtCareApp\\public\\index.php(28): Laravel\\Lumen\\Application->run()
#5 {main}
"} 
[2024-01-19 16:03:51] local.ERROR:  {"exception":"[object] (Symfony\\Component\\HttpKernel\\Exception\\NotFoundHttpException(code: 0):  at E:\\Workspace\\PHP\\dự án php mental health care năm 2\\PNV25-MentalHealtCareApp\\vendor\\laravel\\lumen-framework\\src\\Concerns\\RoutesRequests.php:235)
[stacktrace]
#0 E:\\Workspace\\PHP\\dự án php mental health care năm 2\\PNV25-MentalHealtCareApp\\vendor\\laravel\\lumen-framework\\src\\Concerns\\RoutesRequests.php(174): Laravel\\Lumen\\Application->handleDispatcherResponse()
#1 E:\\Workspace\\PHP\\dự án php mental health care năm 2\\PNV25-MentalHealtCareApp\\vendor\\laravel\\lumen-framework\\src\\Concerns\\RoutesRequests.php(431): Laravel\\Lumen\\Application->Laravel\\Lumen\\Concerns\\{closure}()
#2 E:\\Workspace\\PHP\\dự án php mental health care năm 2\\PNV25-MentalHealtCareApp\\vendor\\laravel\\lumen-framework\\src\\Concerns\\RoutesRequests.php(167): Laravel\\Lumen\\Application->sendThroughPipeline()
#3 E:\\Workspace\\PHP\\dự án php mental health care năm 2\\PNV25-MentalHealtCareApp\\vendor\\laravel\\lumen-framework\\src\\Concerns\\RoutesRequests.php(112): Laravel\\Lumen\\Application->dispatch()
#4 E:\\Workspace\\PHP\\dự án php mental health care năm 2\\PNV25-MentalHealtCareApp\\public\\index.php(28): Laravel\\Lumen\\Application->run()
#5 {main}
"} 
[2024-01-19 16:04:06] local.ERROR:  {"exception":"[object] (Symfony\\Component\\HttpKernel\\Exception\\NotFoundHttpException(code: 0):  at E:\\Workspace\\PHP\\dự án php mental health care năm 2\\PNV25-MentalHealtCareApp\\vendor\\laravel\\lumen-framework\\src\\Concerns\\RoutesRequests.php:235)
[stacktrace]
#0 E:\\Workspace\\PHP\\dự án php mental health care năm 2\\PNV25-MentalHealtCareApp\\vendor\\laravel\\lumen-framework\\src\\Concerns\\RoutesRequests.php(174): Laravel\\Lumen\\Application->handleDispatcherResponse()
#1 E:\\Workspace\\PHP\\dự án php mental health care năm 2\\PNV25-MentalHealtCareApp\\vendor\\laravel\\lumen-framework\\src\\Concerns\\RoutesRequests.php(431): Laravel\\Lumen\\Application->Laravel\\Lumen\\Concerns\\{closure}()
#2 E:\\Workspace\\PHP\\dự án php mental health care năm 2\\PNV25-MentalHealtCareApp\\vendor\\laravel\\lumen-framework\\src\\Concerns\\RoutesRequests.php(167): Laravel\\Lumen\\Application->sendThroughPipeline()
#3 E:\\Workspace\\PHP\\dự án php mental health care năm 2\\PNV25-MentalHealtCareApp\\vendor\\laravel\\lumen-framework\\src\\Concerns\\RoutesRequests.php(112): Laravel\\Lumen\\Application->dispatch()
#4 E:\\Workspace\\PHP\\dự án php mental health care năm 2\\PNV25-MentalHealtCareApp\\public\\index.php(28): Laravel\\Lumen\\Application->run()
#5 {main}
"} 
[2024-01-19 16:04:36] local.ERROR:  {"exception":"[object] (Symfony\\Component\\HttpKernel\\Exception\\NotFoundHttpException(code: 0):  at E:\\Workspace\\PHP\\dự án php mental health care năm 2\\PNV25-MentalHealtCareApp\\vendor\\laravel\\lumen-framework\\src\\Concerns\\RoutesRequests.php:235)
[stacktrace]
#0 E:\\Workspace\\PHP\\dự án php mental health care năm 2\\PNV25-MentalHealtCareApp\\vendor\\laravel\\lumen-framework\\src\\Concerns\\RoutesRequests.php(174): Laravel\\Lumen\\Application->handleDispatcherResponse()
#1 E:\\Workspace\\PHP\\dự án php mental health care năm 2\\PNV25-MentalHealtCareApp\\vendor\\laravel\\lumen-framework\\src\\Concerns\\RoutesRequests.php(431): Laravel\\Lumen\\Application->Laravel\\Lumen\\Concerns\\{closure}()
#2 E:\\Workspace\\PHP\\dự án php mental health care năm 2\\PNV25-MentalHealtCareApp\\vendor\\laravel\\lumen-framework\\src\\Concerns\\RoutesRequests.php(167): Laravel\\Lumen\\Application->sendThroughPipeline()
#3 E:\\Workspace\\PHP\\dự án php mental health care năm 2\\PNV25-MentalHealtCareApp\\vendor\\laravel\\lumen-framework\\src\\Concerns\\RoutesRequests.php(112): Laravel\\Lumen\\Application->dispatch()
#4 E:\\Workspace\\PHP\\dự án php mental health care năm 2\\PNV25-MentalHealtCareApp\\public\\index.php(28): Laravel\\Lumen\\Application->run()
#5 {main}
"} 
[2024-01-19 16:04:48] local.ERROR:  {"exception":"[object] (Symfony\\Component\\HttpKernel\\Exception\\NotFoundHttpException(code: 0):  at E:\\Workspace\\PHP\\dự án php mental health care năm 2\\PNV25-MentalHealtCareApp\\vendor\\laravel\\lumen-framework\\src\\Concerns\\RoutesRequests.php:235)
[stacktrace]
#0 E:\\Workspace\\PHP\\dự án php mental health care năm 2\\PNV25-MentalHealtCareApp\\vendor\\laravel\\lumen-framework\\src\\Concerns\\RoutesRequests.php(174): Laravel\\Lumen\\Application->handleDispatcherResponse()
#1 E:\\Workspace\\PHP\\dự án php mental health care năm 2\\PNV25-MentalHealtCareApp\\vendor\\laravel\\lumen-framework\\src\\Concerns\\RoutesRequests.php(431): Laravel\\Lumen\\Application->Laravel\\Lumen\\Concerns\\{closure}()
#2 E:\\Workspace\\PHP\\dự án php mental health care năm 2\\PNV25-MentalHealtCareApp\\vendor\\laravel\\lumen-framework\\src\\Concerns\\RoutesRequests.php(167): Laravel\\Lumen\\Application->sendThroughPipeline()
#3 E:\\Workspace\\PHP\\dự án php mental health care năm 2\\PNV25-MentalHealtCareApp\\vendor\\laravel\\lumen-framework\\src\\Concerns\\RoutesRequests.php(112): Laravel\\Lumen\\Application->dispatch()
#4 E:\\Workspace\\PHP\\dự án php mental health care năm 2\\PNV25-MentalHealtCareApp\\public\\index.php(28): Laravel\\Lumen\\Application->run()
#5 {main}
"} 
[2024-01-19 16:05:58] local.ERROR:  {"exception":"[object] (Symfony\\Component\\HttpKernel\\Exception\\NotFoundHttpException(code: 0):  at E:\\Workspace\\PHP\\dự án php mental health care năm 2\\PNV25-MentalHealtCareApp\\vendor\\laravel\\lumen-framework\\src\\Concerns\\RoutesRequests.php:235)
[stacktrace]
#0 E:\\Workspace\\PHP\\dự án php mental health care năm 2\\PNV25-MentalHealtCareApp\\vendor\\laravel\\lumen-framework\\src\\Concerns\\RoutesRequests.php(174): Laravel\\Lumen\\Application->handleDispatcherResponse()
#1 E:\\Workspace\\PHP\\dự án php mental health care năm 2\\PNV25-MentalHealtCareApp\\vendor\\laravel\\lumen-framework\\src\\Concerns\\RoutesRequests.php(431): Laravel\\Lumen\\Application->Laravel\\Lumen\\Concerns\\{closure}()
#2 E:\\Workspace\\PHP\\dự án php mental health care năm 2\\PNV25-MentalHealtCareApp\\vendor\\laravel\\lumen-framework\\src\\Concerns\\RoutesRequests.php(167): Laravel\\Lumen\\Application->sendThroughPipeline()
#3 E:\\Workspace\\PHP\\dự án php mental health care năm 2\\PNV25-MentalHealtCareApp\\vendor\\laravel\\lumen-framework\\src\\Concerns\\RoutesRequests.php(112): Laravel\\Lumen\\Application->dispatch()
#4 E:\\Workspace\\PHP\\dự án php mental health care năm 2\\PNV25-MentalHealtCareApp\\public\\index.php(28): Laravel\\Lumen\\Application->run()
#5 {main}
"} 
[2024-01-19 16:06:16] local.ERROR:  {"exception":"[object] (Symfony\\Component\\HttpKernel\\Exception\\NotFoundHttpException(code: 0):  at E:\\Workspace\\PHP\\dự án php mental health care năm 2\\PNV25-MentalHealtCareApp\\vendor\\laravel\\lumen-framework\\src\\Concerns\\RoutesRequests.php:235)
[stacktrace]
#0 E:\\Workspace\\PHP\\dự án php mental health care năm 2\\PNV25-MentalHealtCareApp\\vendor\\laravel\\lumen-framework\\src\\Concerns\\RoutesRequests.php(174): Laravel\\Lumen\\Application->handleDispatcherResponse()
#1 E:\\Workspace\\PHP\\dự án php mental health care năm 2\\PNV25-MentalHealtCareApp\\vendor\\laravel\\lumen-framework\\src\\Concerns\\RoutesRequests.php(431): Laravel\\Lumen\\Application->Laravel\\Lumen\\Concerns\\{closure}()
#2 E:\\Workspace\\PHP\\dự án php mental health care năm 2\\PNV25-MentalHealtCareApp\\vendor\\laravel\\lumen-framework\\src\\Concerns\\RoutesRequests.php(167): Laravel\\Lumen\\Application->sendThroughPipeline()
#3 E:\\Workspace\\PHP\\dự án php mental health care năm 2\\PNV25-MentalHealtCareApp\\vendor\\laravel\\lumen-framework\\src\\Concerns\\RoutesRequests.php(112): Laravel\\Lumen\\Application->dispatch()
#4 E:\\Workspace\\PHP\\dự án php mental health care năm 2\\PNV25-MentalHealtCareApp\\public\\index.php(28): Laravel\\Lumen\\Application->run()
#5 {main}
"} 
[2024-01-19 16:06:36] local.ERROR:  {"exception":"[object] (Symfony\\Component\\HttpKernel\\Exception\\NotFoundHttpException(code: 0):  at E:\\Workspace\\PHP\\dự án php mental health care năm 2\\PNV25-MentalHealtCareApp\\vendor\\laravel\\lumen-framework\\src\\Concerns\\RoutesRequests.php:235)
[stacktrace]
#0 E:\\Workspace\\PHP\\dự án php mental health care năm 2\\PNV25-MentalHealtCareApp\\vendor\\laravel\\lumen-framework\\src\\Concerns\\RoutesRequests.php(174): Laravel\\Lumen\\Application->handleDispatcherResponse()
#1 E:\\Workspace\\PHP\\dự án php mental health care năm 2\\PNV25-MentalHealtCareApp\\vendor\\laravel\\lumen-framework\\src\\Concerns\\RoutesRequests.php(431): Laravel\\Lumen\\Application->Laravel\\Lumen\\Concerns\\{closure}()
#2 E:\\Workspace\\PHP\\dự án php mental health care năm 2\\PNV25-MentalHealtCareApp\\vendor\\laravel\\lumen-framework\\src\\Concerns\\RoutesRequests.php(167): Laravel\\Lumen\\Application->sendThroughPipeline()
#3 E:\\Workspace\\PHP\\dự án php mental health care năm 2\\PNV25-MentalHealtCareApp\\vendor\\laravel\\lumen-framework\\src\\Concerns\\RoutesRequests.php(112): Laravel\\Lumen\\Application->dispatch()
#4 E:\\Workspace\\PHP\\dự án php mental health care năm 2\\PNV25-MentalHealtCareApp\\public\\index.php(28): Laravel\\Lumen\\Application->run()
#5 {main}
"} 
[2024-01-19 16:08:02] local.ERROR:  {"exception":"[object] (Symfony\\Component\\HttpKernel\\Exception\\NotFoundHttpException(code: 0):  at E:\\Workspace\\PHP\\dự án php mental health care năm 2\\PNV25-MentalHealtCareApp\\vendor\\laravel\\lumen-framework\\src\\Concerns\\RoutesRequests.php:235)
[stacktrace]
#0 E:\\Workspace\\PHP\\dự án php mental health care năm 2\\PNV25-MentalHealtCareApp\\vendor\\laravel\\lumen-framework\\src\\Concerns\\RoutesRequests.php(174): Laravel\\Lumen\\Application->handleDispatcherResponse()
#1 E:\\Workspace\\PHP\\dự án php mental health care năm 2\\PNV25-MentalHealtCareApp\\vendor\\laravel\\lumen-framework\\src\\Concerns\\RoutesRequests.php(431): Laravel\\Lumen\\Application->Laravel\\Lumen\\Concerns\\{closure}()
#2 E:\\Workspace\\PHP\\dự án php mental health care năm 2\\PNV25-MentalHealtCareApp\\vendor\\laravel\\lumen-framework\\src\\Concerns\\RoutesRequests.php(167): Laravel\\Lumen\\Application->sendThroughPipeline()
#3 E:\\Workspace\\PHP\\dự án php mental health care năm 2\\PNV25-MentalHealtCareApp\\vendor\\laravel\\lumen-framework\\src\\Concerns\\RoutesRequests.php(112): Laravel\\Lumen\\Application->dispatch()
#4 E:\\Workspace\\PHP\\dự án php mental health care năm 2\\PNV25-MentalHealtCareApp\\public\\index.php(28): Laravel\\Lumen\\Application->run()
#5 {main}
"} 
[2024-01-19 16:09:27] local.ERROR:  {"exception":"[object] (Symfony\\Component\\HttpKernel\\Exception\\NotFoundHttpException(code: 0):  at E:\\Workspace\\PHP\\dự án php mental health care năm 2\\PNV25-MentalHealtCareApp\\vendor\\laravel\\lumen-framework\\src\\Concerns\\RoutesRequests.php:235)
[stacktrace]
#0 E:\\Workspace\\PHP\\dự án php mental health care năm 2\\PNV25-MentalHealtCareApp\\vendor\\laravel\\lumen-framework\\src\\Concerns\\RoutesRequests.php(174): Laravel\\Lumen\\Application->handleDispatcherResponse()
#1 E:\\Workspace\\PHP\\dự án php mental health care năm 2\\PNV25-MentalHealtCareApp\\vendor\\laravel\\lumen-framework\\src\\Concerns\\RoutesRequests.php(431): Laravel\\Lumen\\Application->Laravel\\Lumen\\Concerns\\{closure}()
#2 E:\\Workspace\\PHP\\dự án php mental health care năm 2\\PNV25-MentalHealtCareApp\\vendor\\laravel\\lumen-framework\\src\\Concerns\\RoutesRequests.php(167): Laravel\\Lumen\\Application->sendThroughPipeline()
#3 E:\\Workspace\\PHP\\dự án php mental health care năm 2\\PNV25-MentalHealtCareApp\\vendor\\laravel\\lumen-framework\\src\\Concerns\\RoutesRequests.php(112): Laravel\\Lumen\\Application->dispatch()
#4 E:\\Workspace\\PHP\\dự án php mental health care năm 2\\PNV25-MentalHealtCareApp\\public\\index.php(28): Laravel\\Lumen\\Application->run()
#5 {main}
"} 
[2024-01-19 16:09:40] local.ERROR:  {"exception":"[object] (Symfony\\Component\\HttpKernel\\Exception\\NotFoundHttpException(code: 0):  at E:\\Workspace\\PHP\\dự án php mental health care năm 2\\PNV25-MentalHealtCareApp\\vendor\\laravel\\lumen-framework\\src\\Concerns\\RoutesRequests.php:235)
[stacktrace]
#0 E:\\Workspace\\PHP\\dự án php mental health care năm 2\\PNV25-MentalHealtCareApp\\vendor\\laravel\\lumen-framework\\src\\Concerns\\RoutesRequests.php(174): Laravel\\Lumen\\Application->handleDispatcherResponse()
#1 E:\\Workspace\\PHP\\dự án php mental health care năm 2\\PNV25-MentalHealtCareApp\\vendor\\laravel\\lumen-framework\\src\\Concerns\\RoutesRequests.php(431): Laravel\\Lumen\\Application->Laravel\\Lumen\\Concerns\\{closure}()
#2 E:\\Workspace\\PHP\\dự án php mental health care năm 2\\PNV25-MentalHealtCareApp\\vendor\\laravel\\lumen-framework\\src\\Concerns\\RoutesRequests.php(167): Laravel\\Lumen\\Application->sendThroughPipeline()
#3 E:\\Workspace\\PHP\\dự án php mental health care năm 2\\PNV25-MentalHealtCareApp\\vendor\\laravel\\lumen-framework\\src\\Concerns\\RoutesRequests.php(112): Laravel\\Lumen\\Application->dispatch()
#4 E:\\Workspace\\PHP\\dự án php mental health care năm 2\\PNV25-MentalHealtCareApp\\public\\index.php(28): Laravel\\Lumen\\Application->run()
#5 {main}
"} 
[2024-01-19 16:09:51] local.ERROR:  {"exception":"[object] (Symfony\\Component\\HttpKernel\\Exception\\NotFoundHttpException(code: 0):  at E:\\Workspace\\PHP\\dự án php mental health care năm 2\\PNV25-MentalHealtCareApp\\vendor\\laravel\\lumen-framework\\src\\Concerns\\RoutesRequests.php:235)
[stacktrace]
#0 E:\\Workspace\\PHP\\dự án php mental health care năm 2\\PNV25-MentalHealtCareApp\\vendor\\laravel\\lumen-framework\\src\\Concerns\\RoutesRequests.php(174): Laravel\\Lumen\\Application->handleDispatcherResponse()
#1 E:\\Workspace\\PHP\\dự án php mental health care năm 2\\PNV25-MentalHealtCareApp\\vendor\\laravel\\lumen-framework\\src\\Concerns\\RoutesRequests.php(431): Laravel\\Lumen\\Application->Laravel\\Lumen\\Concerns\\{closure}()
#2 E:\\Workspace\\PHP\\dự án php mental health care năm 2\\PNV25-MentalHealtCareApp\\vendor\\laravel\\lumen-framework\\src\\Concerns\\RoutesRequests.php(167): Laravel\\Lumen\\Application->sendThroughPipeline()
#3 E:\\Workspace\\PHP\\dự án php mental health care năm 2\\PNV25-MentalHealtCareApp\\vendor\\laravel\\lumen-framework\\src\\Concerns\\RoutesRequests.php(112): Laravel\\Lumen\\Application->dispatch()
#4 E:\\Workspace\\PHP\\dự án php mental health care năm 2\\PNV25-MentalHealtCareApp\\public\\index.php(28): Laravel\\Lumen\\Application->run()
#5 {main}
"} 
[2024-01-19 16:09:52] local.ERROR:  {"exception":"[object] (Symfony\\Component\\HttpKernel\\Exception\\NotFoundHttpException(code: 0):  at E:\\Workspace\\PHP\\dự án php mental health care năm 2\\PNV25-MentalHealtCareApp\\vendor\\laravel\\lumen-framework\\src\\Concerns\\RoutesRequests.php:235)
[stacktrace]
#0 E:\\Workspace\\PHP\\dự án php mental health care năm 2\\PNV25-MentalHealtCareApp\\vendor\\laravel\\lumen-framework\\src\\Concerns\\RoutesRequests.php(174): Laravel\\Lumen\\Application->handleDispatcherResponse()
#1 E:\\Workspace\\PHP\\dự án php mental health care năm 2\\PNV25-MentalHealtCareApp\\vendor\\laravel\\lumen-framework\\src\\Concerns\\RoutesRequests.php(431): Laravel\\Lumen\\Application->Laravel\\Lumen\\Concerns\\{closure}()
#2 E:\\Workspace\\PHP\\dự án php mental health care năm 2\\PNV25-MentalHealtCareApp\\vendor\\laravel\\lumen-framework\\src\\Concerns\\RoutesRequests.php(167): Laravel\\Lumen\\Application->sendThroughPipeline()
#3 E:\\Workspace\\PHP\\dự án php mental health care năm 2\\PNV25-MentalHealtCareApp\\vendor\\laravel\\lumen-framework\\src\\Concerns\\RoutesRequests.php(112): Laravel\\Lumen\\Application->dispatch()
#4 E:\\Workspace\\PHP\\dự án php mental health care năm 2\\PNV25-MentalHealtCareApp\\public\\index.php(28): Laravel\\Lumen\\Application->run()
#5 {main}
"} 
[2024-01-19 16:09:58] local.ERROR:  {"exception":"[object] (Symfony\\Component\\HttpKernel\\Exception\\NotFoundHttpException(code: 0):  at E:\\Workspace\\PHP\\dự án php mental health care năm 2\\PNV25-MentalHealtCareApp\\vendor\\laravel\\lumen-framework\\src\\Concerns\\RoutesRequests.php:235)
[stacktrace]
#0 E:\\Workspace\\PHP\\dự án php mental health care năm 2\\PNV25-MentalHealtCareApp\\vendor\\laravel\\lumen-framework\\src\\Concerns\\RoutesRequests.php(174): Laravel\\Lumen\\Application->handleDispatcherResponse()
#1 E:\\Workspace\\PHP\\dự án php mental health care năm 2\\PNV25-MentalHealtCareApp\\vendor\\laravel\\lumen-framework\\src\\Concerns\\RoutesRequests.php(431): Laravel\\Lumen\\Application->Laravel\\Lumen\\Concerns\\{closure}()
#2 E:\\Workspace\\PHP\\dự án php mental health care năm 2\\PNV25-MentalHealtCareApp\\vendor\\laravel\\lumen-framework\\src\\Concerns\\RoutesRequests.php(167): Laravel\\Lumen\\Application->sendThroughPipeline()
#3 E:\\Workspace\\PHP\\dự án php mental health care năm 2\\PNV25-MentalHealtCareApp\\vendor\\laravel\\lumen-framework\\src\\Concerns\\RoutesRequests.php(112): Laravel\\Lumen\\Application->dispatch()
#4 E:\\Workspace\\PHP\\dự án php mental health care năm 2\\PNV25-MentalHealtCareApp\\public\\index.php(28): Laravel\\Lumen\\Application->run()
#5 {main}
"} 
[2024-01-19 16:09:59] local.ERROR:  {"exception":"[object] (Symfony\\Component\\HttpKernel\\Exception\\NotFoundHttpException(code: 0):  at E:\\Workspace\\PHP\\dự án php mental health care năm 2\\PNV25-MentalHealtCareApp\\vendor\\laravel\\lumen-framework\\src\\Concerns\\RoutesRequests.php:235)
[stacktrace]
#0 E:\\Workspace\\PHP\\dự án php mental health care năm 2\\PNV25-MentalHealtCareApp\\vendor\\laravel\\lumen-framework\\src\\Concerns\\RoutesRequests.php(174): Laravel\\Lumen\\Application->handleDispatcherResponse()
#1 E:\\Workspace\\PHP\\dự án php mental health care năm 2\\PNV25-MentalHealtCareApp\\vendor\\laravel\\lumen-framework\\src\\Concerns\\RoutesRequests.php(431): Laravel\\Lumen\\Application->Laravel\\Lumen\\Concerns\\{closure}()
#2 E:\\Workspace\\PHP\\dự án php mental health care năm 2\\PNV25-MentalHealtCareApp\\vendor\\laravel\\lumen-framework\\src\\Concerns\\RoutesRequests.php(167): Laravel\\Lumen\\Application->sendThroughPipeline()
#3 E:\\Workspace\\PHP\\dự án php mental health care năm 2\\PNV25-MentalHealtCareApp\\vendor\\laravel\\lumen-framework\\src\\Concerns\\RoutesRequests.php(112): Laravel\\Lumen\\Application->dispatch()
#4 E:\\Workspace\\PHP\\dự án php mental health care năm 2\\PNV25-MentalHealtCareApp\\public\\index.php(28): Laravel\\Lumen\\Application->run()
#5 {main}
"} 
[2024-01-19 16:36:33] local.ERROR:  {"exception":"[object] (Symfony\\Component\\HttpKernel\\Exception\\NotFoundHttpException(code: 0):  at E:\\Workspace\\PHP\\dự án php mental health care năm 2\\PNV25-MentalHealtCareApp\\vendor\\laravel\\lumen-framework\\src\\Concerns\\RoutesRequests.php:235)
[stacktrace]
#0 E:\\Workspace\\PHP\\dự án php mental health care năm 2\\PNV25-MentalHealtCareApp\\vendor\\laravel\\lumen-framework\\src\\Concerns\\RoutesRequests.php(174): Laravel\\Lumen\\Application->handleDispatcherResponse()
#1 E:\\Workspace\\PHP\\dự án php mental health care năm 2\\PNV25-MentalHealtCareApp\\vendor\\laravel\\lumen-framework\\src\\Concerns\\RoutesRequests.php(431): Laravel\\Lumen\\Application->Laravel\\Lumen\\Concerns\\{closure}()
#2 E:\\Workspace\\PHP\\dự án php mental health care năm 2\\PNV25-MentalHealtCareApp\\vendor\\laravel\\lumen-framework\\src\\Concerns\\RoutesRequests.php(167): Laravel\\Lumen\\Application->sendThroughPipeline()
#3 E:\\Workspace\\PHP\\dự án php mental health care năm 2\\PNV25-MentalHealtCareApp\\vendor\\laravel\\lumen-framework\\src\\Concerns\\RoutesRequests.php(112): Laravel\\Lumen\\Application->dispatch()
#4 E:\\Workspace\\PHP\\dự án php mental health care năm 2\\PNV25-MentalHealtCareApp\\public\\index.php(28): Laravel\\Lumen\\Application->run()
#5 {main}
"} 
[2024-01-19 16:36:33] local.ERROR:  {"exception":"[object] (Symfony\\Component\\HttpKernel\\Exception\\NotFoundHttpException(code: 0):  at E:\\Workspace\\PHP\\dự án php mental health care năm 2\\PNV25-MentalHealtCareApp\\vendor\\laravel\\lumen-framework\\src\\Concerns\\RoutesRequests.php:235)
[stacktrace]
#0 E:\\Workspace\\PHP\\dự án php mental health care năm 2\\PNV25-MentalHealtCareApp\\vendor\\laravel\\lumen-framework\\src\\Concerns\\RoutesRequests.php(174): Laravel\\Lumen\\Application->handleDispatcherResponse()
#1 E:\\Workspace\\PHP\\dự án php mental health care năm 2\\PNV25-MentalHealtCareApp\\vendor\\laravel\\lumen-framework\\src\\Concerns\\RoutesRequests.php(431): Laravel\\Lumen\\Application->Laravel\\Lumen\\Concerns\\{closure}()
#2 E:\\Workspace\\PHP\\dự án php mental health care năm 2\\PNV25-MentalHealtCareApp\\vendor\\laravel\\lumen-framework\\src\\Concerns\\RoutesRequests.php(167): Laravel\\Lumen\\Application->sendThroughPipeline()
#3 E:\\Workspace\\PHP\\dự án php mental health care năm 2\\PNV25-MentalHealtCareApp\\vendor\\laravel\\lumen-framework\\src\\Concerns\\RoutesRequests.php(112): Laravel\\Lumen\\Application->dispatch()
#4 E:\\Workspace\\PHP\\dự án php mental health care năm 2\\PNV25-MentalHealtCareApp\\public\\index.php(28): Laravel\\Lumen\\Application->run()
#5 {main}
"} 
