[2024-01-04 04:11:15] local.ERROR: Undefined variable $doctor {"exception":"[object] (ErrorException(code: 0): Undefined variable $doctor at E:\\Workspace\\PHP\\dự án php mental health care năm 2\\PNV25-MentalHealtCareApp\\resources\\views\\pages\\admin\\doctor.php:37)
[stacktrace]
#0 E:\\Workspace\\PHP\\dự án php mental health care năm 2\\PNV25-MentalHealtCareApp\\vendor\\laravel\\lumen-framework\\src\\Concerns\\RegistersExceptionHandlers.php(47): Laravel\\Lumen\\Application->handleError()
#1 E:\\Workspace\\PHP\\dự án php mental health care năm 2\\PNV25-MentalHealtCareApp\\resources\\views\\pages\\admin\\doctor.php(37): Laravel\\Lumen\\Application->Laravel\\Lumen\\Concerns\\{closure}()
#2 E:\\Workspace\\PHP\\dự án php mental health care năm 2\\PNV25-MentalHealtCareApp\\vendor\\illuminate\\filesystem\\Filesystem.php(124): require('...')
#3 E:\\Workspace\\PHP\\dự án php mental health care năm 2\\PNV25-MentalHealtCareApp\\vendor\\illuminate\\filesystem\\Filesystem.php(125): Illuminate\\Filesystem\\Filesystem::Illuminate\\Filesystem\\{closure}()
#4 E:\\Workspace\\PHP\\dự án php mental health care năm 2\\PNV25-MentalHealtCareApp\\vendor\\illuminate\\view\\Engines\\PhpEngine.php(58): Illuminate\\Filesystem\\Filesystem->getRequire()
#5 E:\\Workspace\\PHP\\dự án php mental health care năm 2\\PNV25-MentalHealtCareApp\\vendor\\illuminate\\view\\Engines\\PhpEngine.php(38): Illuminate\\View\\Engines\\PhpEngine->evaluatePath()
#6 E:\\Workspace\\PHP\\dự án php mental health care năm 2\\PNV25-MentalHealtCareApp\\vendor\\illuminate\\view\\View.php(207): Illuminate\\View\\Engines\\PhpEngine->get()
#7 E:\\Workspace\\PHP\\dự án php mental health care năm 2\\PNV25-MentalHealtCareApp\\vendor\\illuminate\\view\\View.php(190): Illuminate\\View\\View->getContents()
#8 E:\\Workspace\\PHP\\dự án php mental health care năm 2\\PNV25-MentalHealtCareApp\\vendor\\illuminate\\view\\View.php(159): Illuminate\\View\\View->renderContents()
#9 E:\\Workspace\\PHP\\dự án php mental health care năm 2\\PNV25-MentalHealtCareApp\\vendor\\illuminate\\http\\Response.php(69): Illuminate\\View\\View->render()
#10 E:\\Workspace\\PHP\\dự án php mental health care năm 2\\PNV25-MentalHealtCareApp\\vendor\\illuminate\\http\\Response.php(35): Illuminate\\Http\\Response->setContent()
#11 E:\\Workspace\\PHP\\dự án php mental health care năm 2\\PNV25-MentalHealtCareApp\\vendor\\laravel\\lumen-framework\\src\\Concerns\\RoutesRequests.php(451): Illuminate\\Http\\Response->__construct()
#12 E:\\Workspace\\PHP\\dự án php mental health care năm 2\\PNV25-MentalHealtCareApp\\vendor\\laravel\\lumen-framework\\src\\Concerns\\RoutesRequests.php(390): Laravel\\Lumen\\Application->prepareResponse()
#13 E:\\Workspace\\PHP\\dự án php mental health care năm 2\\PNV25-MentalHealtCareApp\\vendor\\laravel\\lumen-framework\\src\\Concerns\\RoutesRequests.php(356): Laravel\\Lumen\\Application->callControllerCallable()
#14 E:\\Workspace\\PHP\\dự án php mental health care năm 2\\PNV25-MentalHealtCareApp\\vendor\\laravel\\lumen-framework\\src\\Concerns\\RoutesRequests.php(331): Laravel\\Lumen\\Application->callLumenController()
#15 E:\\Workspace\\PHP\\dự án php mental health care năm 2\\PNV25-MentalHealtCareApp\\vendor\\laravel\\lumen-framework\\src\\Concerns\\RoutesRequests.php(284): Laravel\\Lumen\\Application->callControllerAction()
#16 E:\\Workspace\\PHP\\dự án php mental health care năm 2\\PNV25-MentalHealtCareApp\\vendor\\laravel\\lumen-framework\\src\\Concerns\\RoutesRequests.php(269): Laravel\\Lumen\\Application->callActionOnArrayBasedRoute()
#17 E:\\Workspace\\PHP\\dự án php mental health care năm 2\\PNV25-MentalHealtCareApp\\vendor\\laravel\\lumen-framework\\src\\Concerns\\RoutesRequests.php(171): Laravel\\Lumen\\Application->handleFoundRoute()
#18 E:\\Workspace\\PHP\\dự án php mental health care năm 2\\PNV25-MentalHealtCareApp\\vendor\\laravel\\lumen-framework\\src\\Concerns\\RoutesRequests.php(431): Laravel\\Lumen\\Application->Laravel\\Lumen\\Concerns\\{closure}()
#19 E:\\Workspace\\PHP\\dự án php mental health care năm 2\\PNV25-MentalHealtCareApp\\vendor\\laravel\\lumen-framework\\src\\Concerns\\RoutesRequests.php(167): Laravel\\Lumen\\Application->sendThroughPipeline()
#20 E:\\Workspace\\PHP\\dự án php mental health care năm 2\\PNV25-MentalHealtCareApp\\vendor\\laravel\\lumen-framework\\src\\Concerns\\RoutesRequests.php(112): Laravel\\Lumen\\Application->dispatch()
#21 E:\\Workspace\\PHP\\dự án php mental health care năm 2\\PNV25-MentalHealtCareApp\\public\\index.php(28): Laravel\\Lumen\\Application->run()
#22 {main}
"} 
[2024-01-04 04:11:38] local.ERROR: Undefined variable $doctor {"exception":"[object] (ErrorException(code: 0): Undefined variable $doctor at E:\\Workspace\\PHP\\dự án php mental health care năm 2\\PNV25-MentalHealtCareApp\\resources\\views\\pages\\admin\\doctor.php:37)
[stacktrace]
#0 E:\\Workspace\\PHP\\dự án php mental health care năm 2\\PNV25-MentalHealtCareApp\\vendor\\laravel\\lumen-framework\\src\\Concerns\\RegistersExceptionHandlers.php(47): Laravel\\Lumen\\Application->handleError()
#1 E:\\Workspace\\PHP\\dự án php mental health care năm 2\\PNV25-MentalHealtCareApp\\resources\\views\\pages\\admin\\doctor.php(37): Laravel\\Lumen\\Application->Laravel\\Lumen\\Concerns\\{closure}()
#2 E:\\Workspace\\PHP\\dự án php mental health care năm 2\\PNV25-MentalHealtCareApp\\vendor\\illuminate\\filesystem\\Filesystem.php(124): require('...')
#3 E:\\Workspace\\PHP\\dự án php mental health care năm 2\\PNV25-MentalHealtCareApp\\vendor\\illuminate\\filesystem\\Filesystem.php(125): Illuminate\\Filesystem\\Filesystem::Illuminate\\Filesystem\\{closure}()
#4 E:\\Workspace\\PHP\\dự án php mental health care năm 2\\PNV25-MentalHealtCareApp\\vendor\\illuminate\\view\\Engines\\PhpEngine.php(58): Illuminate\\Filesystem\\Filesystem->getRequire()
#5 E:\\Workspace\\PHP\\dự án php mental health care năm 2\\PNV25-MentalHealtCareApp\\vendor\\illuminate\\view\\Engines\\PhpEngine.php(38): Illuminate\\View\\Engines\\PhpEngine->evaluatePath()
#6 E:\\Workspace\\PHP\\dự án php mental health care năm 2\\PNV25-MentalHealtCareApp\\vendor\\illuminate\\view\\View.php(207): Illuminate\\View\\Engines\\PhpEngine->get()
#7 E:\\Workspace\\PHP\\dự án php mental health care năm 2\\PNV25-MentalHealtCareApp\\vendor\\illuminate\\view\\View.php(190): Illuminate\\View\\View->getContents()
#8 E:\\Workspace\\PHP\\dự án php mental health care năm 2\\PNV25-MentalHealtCareApp\\vendor\\illuminate\\view\\View.php(159): Illuminate\\View\\View->renderContents()
#9 E:\\Workspace\\PHP\\dự án php mental health care năm 2\\PNV25-MentalHealtCareApp\\vendor\\illuminate\\http\\Response.php(69): Illuminate\\View\\View->render()
#10 E:\\Workspace\\PHP\\dự án php mental health care năm 2\\PNV25-MentalHealtCareApp\\vendor\\illuminate\\http\\Response.php(35): Illuminate\\Http\\Response->setContent()
#11 E:\\Workspace\\PHP\\dự án php mental health care năm 2\\PNV25-MentalHealtCareApp\\vendor\\laravel\\lumen-framework\\src\\Concerns\\RoutesRequests.php(451): Illuminate\\Http\\Response->__construct()
#12 E:\\Workspace\\PHP\\dự án php mental health care năm 2\\PNV25-MentalHealtCareApp\\vendor\\laravel\\lumen-framework\\src\\Concerns\\RoutesRequests.php(390): Laravel\\Lumen\\Application->prepareResponse()
#13 E:\\Workspace\\PHP\\dự án php mental health care năm 2\\PNV25-MentalHealtCareApp\\vendor\\laravel\\lumen-framework\\src\\Concerns\\RoutesRequests.php(356): Laravel\\Lumen\\Application->callControllerCallable()
#14 E:\\Workspace\\PHP\\dự án php mental health care năm 2\\PNV25-MentalHealtCareApp\\vendor\\laravel\\lumen-framework\\src\\Concerns\\RoutesRequests.php(331): Laravel\\Lumen\\Application->callLumenController()
#15 E:\\Workspace\\PHP\\dự án php mental health care năm 2\\PNV25-MentalHealtCareApp\\vendor\\laravel\\lumen-framework\\src\\Concerns\\RoutesRequests.php(284): Laravel\\Lumen\\Application->callControllerAction()
#16 E:\\Workspace\\PHP\\dự án php mental health care năm 2\\PNV25-MentalHealtCareApp\\vendor\\laravel\\lumen-framework\\src\\Concerns\\RoutesRequests.php(269): Laravel\\Lumen\\Application->callActionOnArrayBasedRoute()
#17 E:\\Workspace\\PHP\\dự án php mental health care năm 2\\PNV25-MentalHealtCareApp\\vendor\\laravel\\lumen-framework\\src\\Concerns\\RoutesRequests.php(171): Laravel\\Lumen\\Application->handleFoundRoute()
#18 E:\\Workspace\\PHP\\dự án php mental health care năm 2\\PNV25-MentalHealtCareApp\\vendor\\laravel\\lumen-framework\\src\\Concerns\\RoutesRequests.php(431): Laravel\\Lumen\\Application->Laravel\\Lumen\\Concerns\\{closure}()
#19 E:\\Workspace\\PHP\\dự án php mental health care năm 2\\PNV25-MentalHealtCareApp\\vendor\\laravel\\lumen-framework\\src\\Concerns\\RoutesRequests.php(167): Laravel\\Lumen\\Application->sendThroughPipeline()
#20 E:\\Workspace\\PHP\\dự án php mental health care năm 2\\PNV25-MentalHealtCareApp\\vendor\\laravel\\lumen-framework\\src\\Concerns\\RoutesRequests.php(112): Laravel\\Lumen\\Application->dispatch()
#21 E:\\Workspace\\PHP\\dự án php mental health care năm 2\\PNV25-MentalHealtCareApp\\public\\index.php(28): Laravel\\Lumen\\Application->run()
#22 {main}
"} 
[2024-01-04 04:11:40] local.ERROR: Undefined variable $doctor {"exception":"[object] (ErrorException(code: 0): Undefined variable $doctor at E:\\Workspace\\PHP\\dự án php mental health care năm 2\\PNV25-MentalHealtCareApp\\resources\\views\\pages\\admin\\doctor.php:37)
[stacktrace]
#0 E:\\Workspace\\PHP\\dự án php mental health care năm 2\\PNV25-MentalHealtCareApp\\vendor\\laravel\\lumen-framework\\src\\Concerns\\RegistersExceptionHandlers.php(47): Laravel\\Lumen\\Application->handleError()
#1 E:\\Workspace\\PHP\\dự án php mental health care năm 2\\PNV25-MentalHealtCareApp\\resources\\views\\pages\\admin\\doctor.php(37): Laravel\\Lumen\\Application->Laravel\\Lumen\\Concerns\\{closure}()
#2 E:\\Workspace\\PHP\\dự án php mental health care năm 2\\PNV25-MentalHealtCareApp\\vendor\\illuminate\\filesystem\\Filesystem.php(124): require('...')
#3 E:\\Workspace\\PHP\\dự án php mental health care năm 2\\PNV25-MentalHealtCareApp\\vendor\\illuminate\\filesystem\\Filesystem.php(125): Illuminate\\Filesystem\\Filesystem::Illuminate\\Filesystem\\{closure}()
#4 E:\\Workspace\\PHP\\dự án php mental health care năm 2\\PNV25-MentalHealtCareApp\\vendor\\illuminate\\view\\Engines\\PhpEngine.php(58): Illuminate\\Filesystem\\Filesystem->getRequire()
#5 E:\\Workspace\\PHP\\dự án php mental health care năm 2\\PNV25-MentalHealtCareApp\\vendor\\illuminate\\view\\Engines\\PhpEngine.php(38): Illuminate\\View\\Engines\\PhpEngine->evaluatePath()
#6 E:\\Workspace\\PHP\\dự án php mental health care năm 2\\PNV25-MentalHealtCareApp\\vendor\\illuminate\\view\\View.php(207): Illuminate\\View\\Engines\\PhpEngine->get()
#7 E:\\Workspace\\PHP\\dự án php mental health care năm 2\\PNV25-MentalHealtCareApp\\vendor\\illuminate\\view\\View.php(190): Illuminate\\View\\View->getContents()
#8 E:\\Workspace\\PHP\\dự án php mental health care năm 2\\PNV25-MentalHealtCareApp\\vendor\\illuminate\\view\\View.php(159): Illuminate\\View\\View->renderContents()
#9 E:\\Workspace\\PHP\\dự án php mental health care năm 2\\PNV25-MentalHealtCareApp\\vendor\\illuminate\\http\\Response.php(69): Illuminate\\View\\View->render()
#10 E:\\Workspace\\PHP\\dự án php mental health care năm 2\\PNV25-MentalHealtCareApp\\vendor\\illuminate\\http\\Response.php(35): Illuminate\\Http\\Response->setContent()
#11 E:\\Workspace\\PHP\\dự án php mental health care năm 2\\PNV25-MentalHealtCareApp\\vendor\\laravel\\lumen-framework\\src\\Concerns\\RoutesRequests.php(451): Illuminate\\Http\\Response->__construct()
#12 E:\\Workspace\\PHP\\dự án php mental health care năm 2\\PNV25-MentalHealtCareApp\\vendor\\laravel\\lumen-framework\\src\\Concerns\\RoutesRequests.php(390): Laravel\\Lumen\\Application->prepareResponse()
#13 E:\\Workspace\\PHP\\dự án php mental health care năm 2\\PNV25-MentalHealtCareApp\\vendor\\laravel\\lumen-framework\\src\\Concerns\\RoutesRequests.php(356): Laravel\\Lumen\\Application->callControllerCallable()
#14 E:\\Workspace\\PHP\\dự án php mental health care năm 2\\PNV25-MentalHealtCareApp\\vendor\\laravel\\lumen-framework\\src\\Concerns\\RoutesRequests.php(331): Laravel\\Lumen\\Application->callLumenController()
#15 E:\\Workspace\\PHP\\dự án php mental health care năm 2\\PNV25-MentalHealtCareApp\\vendor\\laravel\\lumen-framework\\src\\Concerns\\RoutesRequests.php(284): Laravel\\Lumen\\Application->callControllerAction()
#16 E:\\Workspace\\PHP\\dự án php mental health care năm 2\\PNV25-MentalHealtCareApp\\vendor\\laravel\\lumen-framework\\src\\Concerns\\RoutesRequests.php(269): Laravel\\Lumen\\Application->callActionOnArrayBasedRoute()
#17 E:\\Workspace\\PHP\\dự án php mental health care năm 2\\PNV25-MentalHealtCareApp\\vendor\\laravel\\lumen-framework\\src\\Concerns\\RoutesRequests.php(171): Laravel\\Lumen\\Application->handleFoundRoute()
#18 E:\\Workspace\\PHP\\dự án php mental health care năm 2\\PNV25-MentalHealtCareApp\\vendor\\laravel\\lumen-framework\\src\\Concerns\\RoutesRequests.php(431): Laravel\\Lumen\\Application->Laravel\\Lumen\\Concerns\\{closure}()
#19 E:\\Workspace\\PHP\\dự án php mental health care năm 2\\PNV25-MentalHealtCareApp\\vendor\\laravel\\lumen-framework\\src\\Concerns\\RoutesRequests.php(167): Laravel\\Lumen\\Application->sendThroughPipeline()
#20 E:\\Workspace\\PHP\\dự án php mental health care năm 2\\PNV25-MentalHealtCareApp\\vendor\\laravel\\lumen-framework\\src\\Concerns\\RoutesRequests.php(112): Laravel\\Lumen\\Application->dispatch()
#21 E:\\Workspace\\PHP\\dự án php mental health care năm 2\\PNV25-MentalHealtCareApp\\public\\index.php(28): Laravel\\Lumen\\Application->run()
#22 {main}
"} 
[2024-01-04 04:12:01] local.ERROR: Array to string conversion {"exception":"[object] (ErrorException(code: 0): Array to string conversion at E:\\Workspace\\PHP\\dự án php mental health care năm 2\\PNV25-MentalHealtCareApp\\resources\\views\\pages\\admin\\doctor.php:36)
[stacktrace]
#0 E:\\Workspace\\PHP\\dự án php mental health care năm 2\\PNV25-MentalHealtCareApp\\vendor\\laravel\\lumen-framework\\src\\Concerns\\RegistersExceptionHandlers.php(47): Laravel\\Lumen\\Application->handleError()
#1 E:\\Workspace\\PHP\\dự án php mental health care năm 2\\PNV25-MentalHealtCareApp\\resources\\views\\pages\\admin\\doctor.php(36): Laravel\\Lumen\\Application->Laravel\\Lumen\\Concerns\\{closure}()
#2 E:\\Workspace\\PHP\\dự án php mental health care năm 2\\PNV25-MentalHealtCareApp\\vendor\\illuminate\\filesystem\\Filesystem.php(124): require('...')
#3 E:\\Workspace\\PHP\\dự án php mental health care năm 2\\PNV25-MentalHealtCareApp\\vendor\\illuminate\\filesystem\\Filesystem.php(125): Illuminate\\Filesystem\\Filesystem::Illuminate\\Filesystem\\{closure}()
#4 E:\\Workspace\\PHP\\dự án php mental health care năm 2\\PNV25-MentalHealtCareApp\\vendor\\illuminate\\view\\Engines\\PhpEngine.php(58): Illuminate\\Filesystem\\Filesystem->getRequire()
#5 E:\\Workspace\\PHP\\dự án php mental health care năm 2\\PNV25-MentalHealtCareApp\\vendor\\illuminate\\view\\Engines\\PhpEngine.php(38): Illuminate\\View\\Engines\\PhpEngine->evaluatePath()
#6 E:\\Workspace\\PHP\\dự án php mental health care năm 2\\PNV25-MentalHealtCareApp\\vendor\\illuminate\\view\\View.php(207): Illuminate\\View\\Engines\\PhpEngine->get()
#7 E:\\Workspace\\PHP\\dự án php mental health care năm 2\\PNV25-MentalHealtCareApp\\vendor\\illuminate\\view\\View.php(190): Illuminate\\View\\View->getContents()
#8 E:\\Workspace\\PHP\\dự án php mental health care năm 2\\PNV25-MentalHealtCareApp\\vendor\\illuminate\\view\\View.php(159): Illuminate\\View\\View->renderContents()
#9 E:\\Workspace\\PHP\\dự án php mental health care năm 2\\PNV25-MentalHealtCareApp\\vendor\\illuminate\\http\\Response.php(69): Illuminate\\View\\View->render()
#10 E:\\Workspace\\PHP\\dự án php mental health care năm 2\\PNV25-MentalHealtCareApp\\vendor\\illuminate\\http\\Response.php(35): Illuminate\\Http\\Response->setContent()
#11 E:\\Workspace\\PHP\\dự án php mental health care năm 2\\PNV25-MentalHealtCareApp\\vendor\\laravel\\lumen-framework\\src\\Concerns\\RoutesRequests.php(451): Illuminate\\Http\\Response->__construct()
#12 E:\\Workspace\\PHP\\dự án php mental health care năm 2\\PNV25-MentalHealtCareApp\\vendor\\laravel\\lumen-framework\\src\\Concerns\\RoutesRequests.php(390): Laravel\\Lumen\\Application->prepareResponse()
#13 E:\\Workspace\\PHP\\dự án php mental health care năm 2\\PNV25-MentalHealtCareApp\\vendor\\laravel\\lumen-framework\\src\\Concerns\\RoutesRequests.php(356): Laravel\\Lumen\\Application->callControllerCallable()
#14 E:\\Workspace\\PHP\\dự án php mental health care năm 2\\PNV25-MentalHealtCareApp\\vendor\\laravel\\lumen-framework\\src\\Concerns\\RoutesRequests.php(331): Laravel\\Lumen\\Application->callLumenController()
#15 E:\\Workspace\\PHP\\dự án php mental health care năm 2\\PNV25-MentalHealtCareApp\\vendor\\laravel\\lumen-framework\\src\\Concerns\\RoutesRequests.php(284): Laravel\\Lumen\\Application->callControllerAction()
#16 E:\\Workspace\\PHP\\dự án php mental health care năm 2\\PNV25-MentalHealtCareApp\\vendor\\laravel\\lumen-framework\\src\\Concerns\\RoutesRequests.php(269): Laravel\\Lumen\\Application->callActionOnArrayBasedRoute()
#17 E:\\Workspace\\PHP\\dự án php mental health care năm 2\\PNV25-MentalHealtCareApp\\vendor\\laravel\\lumen-framework\\src\\Concerns\\RoutesRequests.php(171): Laravel\\Lumen\\Application->handleFoundRoute()
#18 E:\\Workspace\\PHP\\dự án php mental health care năm 2\\PNV25-MentalHealtCareApp\\vendor\\laravel\\lumen-framework\\src\\Concerns\\RoutesRequests.php(431): Laravel\\Lumen\\Application->Laravel\\Lumen\\Concerns\\{closure}()
#19 E:\\Workspace\\PHP\\dự án php mental health care năm 2\\PNV25-MentalHealtCareApp\\vendor\\laravel\\lumen-framework\\src\\Concerns\\RoutesRequests.php(167): Laravel\\Lumen\\Application->sendThroughPipeline()
#20 E:\\Workspace\\PHP\\dự án php mental health care năm 2\\PNV25-MentalHealtCareApp\\vendor\\laravel\\lumen-framework\\src\\Concerns\\RoutesRequests.php(112): Laravel\\Lumen\\Application->dispatch()
#21 E:\\Workspace\\PHP\\dự án php mental health care năm 2\\PNV25-MentalHealtCareApp\\public\\index.php(28): Laravel\\Lumen\\Application->run()
#22 {main}
"} 
[2024-01-04 04:12:09] local.ERROR: Array to string conversion {"exception":"[object] (ErrorException(code: 0): Array to string conversion at E:\\Workspace\\PHP\\dự án php mental health care năm 2\\PNV25-MentalHealtCareApp\\resources\\views\\pages\\admin\\doctor.php:36)
[stacktrace]
#0 E:\\Workspace\\PHP\\dự án php mental health care năm 2\\PNV25-MentalHealtCareApp\\vendor\\laravel\\lumen-framework\\src\\Concerns\\RegistersExceptionHandlers.php(47): Laravel\\Lumen\\Application->handleError()
#1 E:\\Workspace\\PHP\\dự án php mental health care năm 2\\PNV25-MentalHealtCareApp\\resources\\views\\pages\\admin\\doctor.php(36): Laravel\\Lumen\\Application->Laravel\\Lumen\\Concerns\\{closure}()
#2 E:\\Workspace\\PHP\\dự án php mental health care năm 2\\PNV25-MentalHealtCareApp\\vendor\\illuminate\\filesystem\\Filesystem.php(124): require('...')
#3 E:\\Workspace\\PHP\\dự án php mental health care năm 2\\PNV25-MentalHealtCareApp\\vendor\\illuminate\\filesystem\\Filesystem.php(125): Illuminate\\Filesystem\\Filesystem::Illuminate\\Filesystem\\{closure}()
#4 E:\\Workspace\\PHP\\dự án php mental health care năm 2\\PNV25-MentalHealtCareApp\\vendor\\illuminate\\view\\Engines\\PhpEngine.php(58): Illuminate\\Filesystem\\Filesystem->getRequire()
#5 E:\\Workspace\\PHP\\dự án php mental health care năm 2\\PNV25-MentalHealtCareApp\\vendor\\illuminate\\view\\Engines\\PhpEngine.php(38): Illuminate\\View\\Engines\\PhpEngine->evaluatePath()
#6 E:\\Workspace\\PHP\\dự án php mental health care năm 2\\PNV25-MentalHealtCareApp\\vendor\\illuminate\\view\\View.php(207): Illuminate\\View\\Engines\\PhpEngine->get()
#7 E:\\Workspace\\PHP\\dự án php mental health care năm 2\\PNV25-MentalHealtCareApp\\vendor\\illuminate\\view\\View.php(190): Illuminate\\View\\View->getContents()
#8 E:\\Workspace\\PHP\\dự án php mental health care năm 2\\PNV25-MentalHealtCareApp\\vendor\\illuminate\\view\\View.php(159): Illuminate\\View\\View->renderContents()
#9 E:\\Workspace\\PHP\\dự án php mental health care năm 2\\PNV25-MentalHealtCareApp\\vendor\\illuminate\\http\\Response.php(69): Illuminate\\View\\View->render()
#10 E:\\Workspace\\PHP\\dự án php mental health care năm 2\\PNV25-MentalHealtCareApp\\vendor\\illuminate\\http\\Response.php(35): Illuminate\\Http\\Response->setContent()
#11 E:\\Workspace\\PHP\\dự án php mental health care năm 2\\PNV25-MentalHealtCareApp\\vendor\\laravel\\lumen-framework\\src\\Concerns\\RoutesRequests.php(451): Illuminate\\Http\\Response->__construct()
#12 E:\\Workspace\\PHP\\dự án php mental health care năm 2\\PNV25-MentalHealtCareApp\\vendor\\laravel\\lumen-framework\\src\\Concerns\\RoutesRequests.php(390): Laravel\\Lumen\\Application->prepareResponse()
#13 E:\\Workspace\\PHP\\dự án php mental health care năm 2\\PNV25-MentalHealtCareApp\\vendor\\laravel\\lumen-framework\\src\\Concerns\\RoutesRequests.php(356): Laravel\\Lumen\\Application->callControllerCallable()
#14 E:\\Workspace\\PHP\\dự án php mental health care năm 2\\PNV25-MentalHealtCareApp\\vendor\\laravel\\lumen-framework\\src\\Concerns\\RoutesRequests.php(331): Laravel\\Lumen\\Application->callLumenController()
#15 E:\\Workspace\\PHP\\dự án php mental health care năm 2\\PNV25-MentalHealtCareApp\\vendor\\laravel\\lumen-framework\\src\\Concerns\\RoutesRequests.php(284): Laravel\\Lumen\\Application->callControllerAction()
#16 E:\\Workspace\\PHP\\dự án php mental health care năm 2\\PNV25-MentalHealtCareApp\\vendor\\laravel\\lumen-framework\\src\\Concerns\\RoutesRequests.php(269): Laravel\\Lumen\\Application->callActionOnArrayBasedRoute()
#17 E:\\Workspace\\PHP\\dự án php mental health care năm 2\\PNV25-MentalHealtCareApp\\vendor\\laravel\\lumen-framework\\src\\Concerns\\RoutesRequests.php(171): Laravel\\Lumen\\Application->handleFoundRoute()
#18 E:\\Workspace\\PHP\\dự án php mental health care năm 2\\PNV25-MentalHealtCareApp\\vendor\\laravel\\lumen-framework\\src\\Concerns\\RoutesRequests.php(431): Laravel\\Lumen\\Application->Laravel\\Lumen\\Concerns\\{closure}()
#19 E:\\Workspace\\PHP\\dự án php mental health care năm 2\\PNV25-MentalHealtCareApp\\vendor\\laravel\\lumen-framework\\src\\Concerns\\RoutesRequests.php(167): Laravel\\Lumen\\Application->sendThroughPipeline()
#20 E:\\Workspace\\PHP\\dự án php mental health care năm 2\\PNV25-MentalHealtCareApp\\vendor\\laravel\\lumen-framework\\src\\Concerns\\RoutesRequests.php(112): Laravel\\Lumen\\Application->dispatch()
#21 E:\\Workspace\\PHP\\dự án php mental health care năm 2\\PNV25-MentalHealtCareApp\\public\\index.php(28): Laravel\\Lumen\\Application->run()
#22 {main}
"} 
[2024-01-04 04:17:15] local.ERROR: Undefined variable $doctor {"exception":"[object] (ErrorException(code: 0): Undefined variable $doctor at E:\\Workspace\\PHP\\dự án php mental health care năm 2\\PNV25-MentalHealtCareApp\\resources\\views\\pages\\admin\\doctor.php:39)
[stacktrace]
#0 E:\\Workspace\\PHP\\dự án php mental health care năm 2\\PNV25-MentalHealtCareApp\\vendor\\laravel\\lumen-framework\\src\\Concerns\\RegistersExceptionHandlers.php(47): Laravel\\Lumen\\Application->handleError()
#1 E:\\Workspace\\PHP\\dự án php mental health care năm 2\\PNV25-MentalHealtCareApp\\resources\\views\\pages\\admin\\doctor.php(39): Laravel\\Lumen\\Application->Laravel\\Lumen\\Concerns\\{closure}()
#2 E:\\Workspace\\PHP\\dự án php mental health care năm 2\\PNV25-MentalHealtCareApp\\vendor\\illuminate\\filesystem\\Filesystem.php(124): require('...')
#3 E:\\Workspace\\PHP\\dự án php mental health care năm 2\\PNV25-MentalHealtCareApp\\vendor\\illuminate\\filesystem\\Filesystem.php(125): Illuminate\\Filesystem\\Filesystem::Illuminate\\Filesystem\\{closure}()
#4 E:\\Workspace\\PHP\\dự án php mental health care năm 2\\PNV25-MentalHealtCareApp\\vendor\\illuminate\\view\\Engines\\PhpEngine.php(58): Illuminate\\Filesystem\\Filesystem->getRequire()
#5 E:\\Workspace\\PHP\\dự án php mental health care năm 2\\PNV25-MentalHealtCareApp\\vendor\\illuminate\\view\\Engines\\PhpEngine.php(38): Illuminate\\View\\Engines\\PhpEngine->evaluatePath()
#6 E:\\Workspace\\PHP\\dự án php mental health care năm 2\\PNV25-MentalHealtCareApp\\vendor\\illuminate\\view\\View.php(207): Illuminate\\View\\Engines\\PhpEngine->get()
#7 E:\\Workspace\\PHP\\dự án php mental health care năm 2\\PNV25-MentalHealtCareApp\\vendor\\illuminate\\view\\View.php(190): Illuminate\\View\\View->getContents()
#8 E:\\Workspace\\PHP\\dự án php mental health care năm 2\\PNV25-MentalHealtCareApp\\vendor\\illuminate\\view\\View.php(159): Illuminate\\View\\View->renderContents()
#9 E:\\Workspace\\PHP\\dự án php mental health care năm 2\\PNV25-MentalHealtCareApp\\vendor\\illuminate\\http\\Response.php(69): Illuminate\\View\\View->render()
#10 E:\\Workspace\\PHP\\dự án php mental health care năm 2\\PNV25-MentalHealtCareApp\\vendor\\illuminate\\http\\Response.php(35): Illuminate\\Http\\Response->setContent()
#11 E:\\Workspace\\PHP\\dự án php mental health care năm 2\\PNV25-MentalHealtCareApp\\vendor\\laravel\\lumen-framework\\src\\Concerns\\RoutesRequests.php(451): Illuminate\\Http\\Response->__construct()
#12 E:\\Workspace\\PHP\\dự án php mental health care năm 2\\PNV25-MentalHealtCareApp\\vendor\\laravel\\lumen-framework\\src\\Concerns\\RoutesRequests.php(390): Laravel\\Lumen\\Application->prepareResponse()
#13 E:\\Workspace\\PHP\\dự án php mental health care năm 2\\PNV25-MentalHealtCareApp\\vendor\\laravel\\lumen-framework\\src\\Concerns\\RoutesRequests.php(356): Laravel\\Lumen\\Application->callControllerCallable()
#14 E:\\Workspace\\PHP\\dự án php mental health care năm 2\\PNV25-MentalHealtCareApp\\vendor\\laravel\\lumen-framework\\src\\Concerns\\RoutesRequests.php(331): Laravel\\Lumen\\Application->callLumenController()
#15 E:\\Workspace\\PHP\\dự án php mental health care năm 2\\PNV25-MentalHealtCareApp\\vendor\\laravel\\lumen-framework\\src\\Concerns\\RoutesRequests.php(284): Laravel\\Lumen\\Application->callControllerAction()
#16 E:\\Workspace\\PHP\\dự án php mental health care năm 2\\PNV25-MentalHealtCareApp\\vendor\\laravel\\lumen-framework\\src\\Concerns\\RoutesRequests.php(269): Laravel\\Lumen\\Application->callActionOnArrayBasedRoute()
#17 E:\\Workspace\\PHP\\dự án php mental health care năm 2\\PNV25-MentalHealtCareApp\\vendor\\laravel\\lumen-framework\\src\\Concerns\\RoutesRequests.php(171): Laravel\\Lumen\\Application->handleFoundRoute()
#18 E:\\Workspace\\PHP\\dự án php mental health care năm 2\\PNV25-MentalHealtCareApp\\vendor\\laravel\\lumen-framework\\src\\Concerns\\RoutesRequests.php(431): Laravel\\Lumen\\Application->Laravel\\Lumen\\Concerns\\{closure}()
#19 E:\\Workspace\\PHP\\dự án php mental health care năm 2\\PNV25-MentalHealtCareApp\\vendor\\laravel\\lumen-framework\\src\\Concerns\\RoutesRequests.php(167): Laravel\\Lumen\\Application->sendThroughPipeline()
#20 E:\\Workspace\\PHP\\dự án php mental health care năm 2\\PNV25-MentalHealtCareApp\\vendor\\laravel\\lumen-framework\\src\\Concerns\\RoutesRequests.php(112): Laravel\\Lumen\\Application->dispatch()
#21 E:\\Workspace\\PHP\\dự án php mental health care năm 2\\PNV25-MentalHealtCareApp\\public\\index.php(28): Laravel\\Lumen\\Application->run()
#22 {main}
"} 
[2024-01-04 04:17:18] local.ERROR: Undefined variable $doctor {"exception":"[object] (ErrorException(code: 0): Undefined variable $doctor at E:\\Workspace\\PHP\\dự án php mental health care năm 2\\PNV25-MentalHealtCareApp\\resources\\views\\pages\\admin\\doctor.php:39)
[stacktrace]
#0 E:\\Workspace\\PHP\\dự án php mental health care năm 2\\PNV25-MentalHealtCareApp\\vendor\\laravel\\lumen-framework\\src\\Concerns\\RegistersExceptionHandlers.php(47): Laravel\\Lumen\\Application->handleError()
#1 E:\\Workspace\\PHP\\dự án php mental health care năm 2\\PNV25-MentalHealtCareApp\\resources\\views\\pages\\admin\\doctor.php(39): Laravel\\Lumen\\Application->Laravel\\Lumen\\Concerns\\{closure}()
#2 E:\\Workspace\\PHP\\dự án php mental health care năm 2\\PNV25-MentalHealtCareApp\\vendor\\illuminate\\filesystem\\Filesystem.php(124): require('...')
#3 E:\\Workspace\\PHP\\dự án php mental health care năm 2\\PNV25-MentalHealtCareApp\\vendor\\illuminate\\filesystem\\Filesystem.php(125): Illuminate\\Filesystem\\Filesystem::Illuminate\\Filesystem\\{closure}()
#4 E:\\Workspace\\PHP\\dự án php mental health care năm 2\\PNV25-MentalHealtCareApp\\vendor\\illuminate\\view\\Engines\\PhpEngine.php(58): Illuminate\\Filesystem\\Filesystem->getRequire()
#5 E:\\Workspace\\PHP\\dự án php mental health care năm 2\\PNV25-MentalHealtCareApp\\vendor\\illuminate\\view\\Engines\\PhpEngine.php(38): Illuminate\\View\\Engines\\PhpEngine->evaluatePath()
#6 E:\\Workspace\\PHP\\dự án php mental health care năm 2\\PNV25-MentalHealtCareApp\\vendor\\illuminate\\view\\View.php(207): Illuminate\\View\\Engines\\PhpEngine->get()
#7 E:\\Workspace\\PHP\\dự án php mental health care năm 2\\PNV25-MentalHealtCareApp\\vendor\\illuminate\\view\\View.php(190): Illuminate\\View\\View->getContents()
#8 E:\\Workspace\\PHP\\dự án php mental health care năm 2\\PNV25-MentalHealtCareApp\\vendor\\illuminate\\view\\View.php(159): Illuminate\\View\\View->renderContents()
#9 E:\\Workspace\\PHP\\dự án php mental health care năm 2\\PNV25-MentalHealtCareApp\\vendor\\illuminate\\http\\Response.php(69): Illuminate\\View\\View->render()
#10 E:\\Workspace\\PHP\\dự án php mental health care năm 2\\PNV25-MentalHealtCareApp\\vendor\\illuminate\\http\\Response.php(35): Illuminate\\Http\\Response->setContent()
#11 E:\\Workspace\\PHP\\dự án php mental health care năm 2\\PNV25-MentalHealtCareApp\\vendor\\laravel\\lumen-framework\\src\\Concerns\\RoutesRequests.php(451): Illuminate\\Http\\Response->__construct()
#12 E:\\Workspace\\PHP\\dự án php mental health care năm 2\\PNV25-MentalHealtCareApp\\vendor\\laravel\\lumen-framework\\src\\Concerns\\RoutesRequests.php(390): Laravel\\Lumen\\Application->prepareResponse()
#13 E:\\Workspace\\PHP\\dự án php mental health care năm 2\\PNV25-MentalHealtCareApp\\vendor\\laravel\\lumen-framework\\src\\Concerns\\RoutesRequests.php(356): Laravel\\Lumen\\Application->callControllerCallable()
#14 E:\\Workspace\\PHP\\dự án php mental health care năm 2\\PNV25-MentalHealtCareApp\\vendor\\laravel\\lumen-framework\\src\\Concerns\\RoutesRequests.php(331): Laravel\\Lumen\\Application->callLumenController()
#15 E:\\Workspace\\PHP\\dự án php mental health care năm 2\\PNV25-MentalHealtCareApp\\vendor\\laravel\\lumen-framework\\src\\Concerns\\RoutesRequests.php(284): Laravel\\Lumen\\Application->callControllerAction()
#16 E:\\Workspace\\PHP\\dự án php mental health care năm 2\\PNV25-MentalHealtCareApp\\vendor\\laravel\\lumen-framework\\src\\Concerns\\RoutesRequests.php(269): Laravel\\Lumen\\Application->callActionOnArrayBasedRoute()
#17 E:\\Workspace\\PHP\\dự án php mental health care năm 2\\PNV25-MentalHealtCareApp\\vendor\\laravel\\lumen-framework\\src\\Concerns\\RoutesRequests.php(171): Laravel\\Lumen\\Application->handleFoundRoute()
#18 E:\\Workspace\\PHP\\dự án php mental health care năm 2\\PNV25-MentalHealtCareApp\\vendor\\laravel\\lumen-framework\\src\\Concerns\\RoutesRequests.php(431): Laravel\\Lumen\\Application->Laravel\\Lumen\\Concerns\\{closure}()
#19 E:\\Workspace\\PHP\\dự án php mental health care năm 2\\PNV25-MentalHealtCareApp\\vendor\\laravel\\lumen-framework\\src\\Concerns\\RoutesRequests.php(167): Laravel\\Lumen\\Application->sendThroughPipeline()
#20 E:\\Workspace\\PHP\\dự án php mental health care năm 2\\PNV25-MentalHealtCareApp\\vendor\\laravel\\lumen-framework\\src\\Concerns\\RoutesRequests.php(112): Laravel\\Lumen\\Application->dispatch()
#21 E:\\Workspace\\PHP\\dự án php mental health care năm 2\\PNV25-MentalHealtCareApp\\public\\index.php(28): Laravel\\Lumen\\Application->run()
#22 {main}
"} 
[2024-01-04 04:17:42] local.ERROR: Undefined variable $doctor {"exception":"[object] (ErrorException(code: 0): Undefined variable $doctor at E:\\Workspace\\PHP\\dự án php mental health care năm 2\\PNV25-MentalHealtCareApp\\resources\\views\\pages\\admin\\doctor.php:39)
[stacktrace]
#0 E:\\Workspace\\PHP\\dự án php mental health care năm 2\\PNV25-MentalHealtCareApp\\vendor\\laravel\\lumen-framework\\src\\Concerns\\RegistersExceptionHandlers.php(47): Laravel\\Lumen\\Application->handleError()
#1 E:\\Workspace\\PHP\\dự án php mental health care năm 2\\PNV25-MentalHealtCareApp\\resources\\views\\pages\\admin\\doctor.php(39): Laravel\\Lumen\\Application->Laravel\\Lumen\\Concerns\\{closure}()
#2 E:\\Workspace\\PHP\\dự án php mental health care năm 2\\PNV25-MentalHealtCareApp\\vendor\\illuminate\\filesystem\\Filesystem.php(124): require('...')
#3 E:\\Workspace\\PHP\\dự án php mental health care năm 2\\PNV25-MentalHealtCareApp\\vendor\\illuminate\\filesystem\\Filesystem.php(125): Illuminate\\Filesystem\\Filesystem::Illuminate\\Filesystem\\{closure}()
#4 E:\\Workspace\\PHP\\dự án php mental health care năm 2\\PNV25-MentalHealtCareApp\\vendor\\illuminate\\view\\Engines\\PhpEngine.php(58): Illuminate\\Filesystem\\Filesystem->getRequire()
#5 E:\\Workspace\\PHP\\dự án php mental health care năm 2\\PNV25-MentalHealtCareApp\\vendor\\illuminate\\view\\Engines\\PhpEngine.php(38): Illuminate\\View\\Engines\\PhpEngine->evaluatePath()
#6 E:\\Workspace\\PHP\\dự án php mental health care năm 2\\PNV25-MentalHealtCareApp\\vendor\\illuminate\\view\\View.php(207): Illuminate\\View\\Engines\\PhpEngine->get()
#7 E:\\Workspace\\PHP\\dự án php mental health care năm 2\\PNV25-MentalHealtCareApp\\vendor\\illuminate\\view\\View.php(190): Illuminate\\View\\View->getContents()
#8 E:\\Workspace\\PHP\\dự án php mental health care năm 2\\PNV25-MentalHealtCareApp\\vendor\\illuminate\\view\\View.php(159): Illuminate\\View\\View->renderContents()
#9 E:\\Workspace\\PHP\\dự án php mental health care năm 2\\PNV25-MentalHealtCareApp\\vendor\\illuminate\\http\\Response.php(69): Illuminate\\View\\View->render()
#10 E:\\Workspace\\PHP\\dự án php mental health care năm 2\\PNV25-MentalHealtCareApp\\vendor\\illuminate\\http\\Response.php(35): Illuminate\\Http\\Response->setContent()
#11 E:\\Workspace\\PHP\\dự án php mental health care năm 2\\PNV25-MentalHealtCareApp\\vendor\\laravel\\lumen-framework\\src\\Concerns\\RoutesRequests.php(451): Illuminate\\Http\\Response->__construct()
#12 E:\\Workspace\\PHP\\dự án php mental health care năm 2\\PNV25-MentalHealtCareApp\\vendor\\laravel\\lumen-framework\\src\\Concerns\\RoutesRequests.php(390): Laravel\\Lumen\\Application->prepareResponse()
#13 E:\\Workspace\\PHP\\dự án php mental health care năm 2\\PNV25-MentalHealtCareApp\\vendor\\laravel\\lumen-framework\\src\\Concerns\\RoutesRequests.php(356): Laravel\\Lumen\\Application->callControllerCallable()
#14 E:\\Workspace\\PHP\\dự án php mental health care năm 2\\PNV25-MentalHealtCareApp\\vendor\\laravel\\lumen-framework\\src\\Concerns\\RoutesRequests.php(331): Laravel\\Lumen\\Application->callLumenController()
#15 E:\\Workspace\\PHP\\dự án php mental health care năm 2\\PNV25-MentalHealtCareApp\\vendor\\laravel\\lumen-framework\\src\\Concerns\\RoutesRequests.php(284): Laravel\\Lumen\\Application->callControllerAction()
#16 E:\\Workspace\\PHP\\dự án php mental health care năm 2\\PNV25-MentalHealtCareApp\\vendor\\laravel\\lumen-framework\\src\\Concerns\\RoutesRequests.php(269): Laravel\\Lumen\\Application->callActionOnArrayBasedRoute()
#17 E:\\Workspace\\PHP\\dự án php mental health care năm 2\\PNV25-MentalHealtCareApp\\vendor\\laravel\\lumen-framework\\src\\Concerns\\RoutesRequests.php(171): Laravel\\Lumen\\Application->handleFoundRoute()
#18 E:\\Workspace\\PHP\\dự án php mental health care năm 2\\PNV25-MentalHealtCareApp\\vendor\\laravel\\lumen-framework\\src\\Concerns\\RoutesRequests.php(431): Laravel\\Lumen\\Application->Laravel\\Lumen\\Concerns\\{closure}()
#19 E:\\Workspace\\PHP\\dự án php mental health care năm 2\\PNV25-MentalHealtCareApp\\vendor\\laravel\\lumen-framework\\src\\Concerns\\RoutesRequests.php(167): Laravel\\Lumen\\Application->sendThroughPipeline()
#20 E:\\Workspace\\PHP\\dự án php mental health care năm 2\\PNV25-MentalHealtCareApp\\vendor\\laravel\\lumen-framework\\src\\Concerns\\RoutesRequests.php(112): Laravel\\Lumen\\Application->dispatch()
#21 E:\\Workspace\\PHP\\dự án php mental health care năm 2\\PNV25-MentalHealtCareApp\\public\\index.php(28): Laravel\\Lumen\\Application->run()
#22 {main}
"} 
[2024-01-04 04:17:43] local.ERROR: Undefined variable $doctor {"exception":"[object] (ErrorException(code: 0): Undefined variable $doctor at E:\\Workspace\\PHP\\dự án php mental health care năm 2\\PNV25-MentalHealtCareApp\\resources\\views\\pages\\admin\\doctor.php:39)
[stacktrace]
#0 E:\\Workspace\\PHP\\dự án php mental health care năm 2\\PNV25-MentalHealtCareApp\\vendor\\laravel\\lumen-framework\\src\\Concerns\\RegistersExceptionHandlers.php(47): Laravel\\Lumen\\Application->handleError()
#1 E:\\Workspace\\PHP\\dự án php mental health care năm 2\\PNV25-MentalHealtCareApp\\resources\\views\\pages\\admin\\doctor.php(39): Laravel\\Lumen\\Application->Laravel\\Lumen\\Concerns\\{closure}()
#2 E:\\Workspace\\PHP\\dự án php mental health care năm 2\\PNV25-MentalHealtCareApp\\vendor\\illuminate\\filesystem\\Filesystem.php(124): require('...')
#3 E:\\Workspace\\PHP\\dự án php mental health care năm 2\\PNV25-MentalHealtCareApp\\vendor\\illuminate\\filesystem\\Filesystem.php(125): Illuminate\\Filesystem\\Filesystem::Illuminate\\Filesystem\\{closure}()
#4 E:\\Workspace\\PHP\\dự án php mental health care năm 2\\PNV25-MentalHealtCareApp\\vendor\\illuminate\\view\\Engines\\PhpEngine.php(58): Illuminate\\Filesystem\\Filesystem->getRequire()
#5 E:\\Workspace\\PHP\\dự án php mental health care năm 2\\PNV25-MentalHealtCareApp\\vendor\\illuminate\\view\\Engines\\PhpEngine.php(38): Illuminate\\View\\Engines\\PhpEngine->evaluatePath()
#6 E:\\Workspace\\PHP\\dự án php mental health care năm 2\\PNV25-MentalHealtCareApp\\vendor\\illuminate\\view\\View.php(207): Illuminate\\View\\Engines\\PhpEngine->get()
#7 E:\\Workspace\\PHP\\dự án php mental health care năm 2\\PNV25-MentalHealtCareApp\\vendor\\illuminate\\view\\View.php(190): Illuminate\\View\\View->getContents()
#8 E:\\Workspace\\PHP\\dự án php mental health care năm 2\\PNV25-MentalHealtCareApp\\vendor\\illuminate\\view\\View.php(159): Illuminate\\View\\View->renderContents()
#9 E:\\Workspace\\PHP\\dự án php mental health care năm 2\\PNV25-MentalHealtCareApp\\vendor\\illuminate\\http\\Response.php(69): Illuminate\\View\\View->render()
#10 E:\\Workspace\\PHP\\dự án php mental health care năm 2\\PNV25-MentalHealtCareApp\\vendor\\illuminate\\http\\Response.php(35): Illuminate\\Http\\Response->setContent()
#11 E:\\Workspace\\PHP\\dự án php mental health care năm 2\\PNV25-MentalHealtCareApp\\vendor\\laravel\\lumen-framework\\src\\Concerns\\RoutesRequests.php(451): Illuminate\\Http\\Response->__construct()
#12 E:\\Workspace\\PHP\\dự án php mental health care năm 2\\PNV25-MentalHealtCareApp\\vendor\\laravel\\lumen-framework\\src\\Concerns\\RoutesRequests.php(390): Laravel\\Lumen\\Application->prepareResponse()
#13 E:\\Workspace\\PHP\\dự án php mental health care năm 2\\PNV25-MentalHealtCareApp\\vendor\\laravel\\lumen-framework\\src\\Concerns\\RoutesRequests.php(356): Laravel\\Lumen\\Application->callControllerCallable()
#14 E:\\Workspace\\PHP\\dự án php mental health care năm 2\\PNV25-MentalHealtCareApp\\vendor\\laravel\\lumen-framework\\src\\Concerns\\RoutesRequests.php(331): Laravel\\Lumen\\Application->callLumenController()
#15 E:\\Workspace\\PHP\\dự án php mental health care năm 2\\PNV25-MentalHealtCareApp\\vendor\\laravel\\lumen-framework\\src\\Concerns\\RoutesRequests.php(284): Laravel\\Lumen\\Application->callControllerAction()
#16 E:\\Workspace\\PHP\\dự án php mental health care năm 2\\PNV25-MentalHealtCareApp\\vendor\\laravel\\lumen-framework\\src\\Concerns\\RoutesRequests.php(269): Laravel\\Lumen\\Application->callActionOnArrayBasedRoute()
#17 E:\\Workspace\\PHP\\dự án php mental health care năm 2\\PNV25-MentalHealtCareApp\\vendor\\laravel\\lumen-framework\\src\\Concerns\\RoutesRequests.php(171): Laravel\\Lumen\\Application->handleFoundRoute()
#18 E:\\Workspace\\PHP\\dự án php mental health care năm 2\\PNV25-MentalHealtCareApp\\vendor\\laravel\\lumen-framework\\src\\Concerns\\RoutesRequests.php(431): Laravel\\Lumen\\Application->Laravel\\Lumen\\Concerns\\{closure}()
#19 E:\\Workspace\\PHP\\dự án php mental health care năm 2\\PNV25-MentalHealtCareApp\\vendor\\laravel\\lumen-framework\\src\\Concerns\\RoutesRequests.php(167): Laravel\\Lumen\\Application->sendThroughPipeline()
#20 E:\\Workspace\\PHP\\dự án php mental health care năm 2\\PNV25-MentalHealtCareApp\\vendor\\laravel\\lumen-framework\\src\\Concerns\\RoutesRequests.php(112): Laravel\\Lumen\\Application->dispatch()
#21 E:\\Workspace\\PHP\\dự án php mental health care năm 2\\PNV25-MentalHealtCareApp\\public\\index.php(28): Laravel\\Lumen\\Application->run()
#22 {main}
"} 
[2024-01-04 06:34:48] local.ERROR: include_once(../../layouts/HtmlHead.php): Failed to open stream: No such file or directory {"exception":"[object] (ErrorException(code: 0): include_once(../../layouts/HtmlHead.php): Failed to open stream: No such file or directory at E:\\Workspace\\PHP\\dự án php mental health care năm 2\\PNV25-MentalHealtCareApp\\resources\\views\\pages\\admin\\doctor.php:1)
[stacktrace]
#0 E:\\Workspace\\PHP\\dự án php mental health care năm 2\\PNV25-MentalHealtCareApp\\vendor\\laravel\\lumen-framework\\src\\Concerns\\RegistersExceptionHandlers.php(47): Laravel\\Lumen\\Application->handleError()
#1 E:\\Workspace\\PHP\\dự án php mental health care năm 2\\PNV25-MentalHealtCareApp\\resources\\views\\pages\\admin\\doctor.php(1): Laravel\\Lumen\\Application->Laravel\\Lumen\\Concerns\\{closure}()
#2 E:\\Workspace\\PHP\\dự án php mental health care năm 2\\PNV25-MentalHealtCareApp\\resources\\views\\pages\\admin\\doctor.php(1): include_once('...')
#3 E:\\Workspace\\PHP\\dự án php mental health care năm 2\\PNV25-MentalHealtCareApp\\vendor\\illuminate\\filesystem\\Filesystem.php(124): require('...')
#4 E:\\Workspace\\PHP\\dự án php mental health care năm 2\\PNV25-MentalHealtCareApp\\vendor\\illuminate\\filesystem\\Filesystem.php(125): Illuminate\\Filesystem\\Filesystem::Illuminate\\Filesystem\\{closure}()
#5 E:\\Workspace\\PHP\\dự án php mental health care năm 2\\PNV25-MentalHealtCareApp\\vendor\\illuminate\\view\\Engines\\PhpEngine.php(58): Illuminate\\Filesystem\\Filesystem->getRequire()
#6 E:\\Workspace\\PHP\\dự án php mental health care năm 2\\PNV25-MentalHealtCareApp\\vendor\\illuminate\\view\\Engines\\PhpEngine.php(38): Illuminate\\View\\Engines\\PhpEngine->evaluatePath()
#7 E:\\Workspace\\PHP\\dự án php mental health care năm 2\\PNV25-MentalHealtCareApp\\vendor\\illuminate\\view\\View.php(207): Illuminate\\View\\Engines\\PhpEngine->get()
#8 E:\\Workspace\\PHP\\dự án php mental health care năm 2\\PNV25-MentalHealtCareApp\\vendor\\illuminate\\view\\View.php(190): Illuminate\\View\\View->getContents()
#9 E:\\Workspace\\PHP\\dự án php mental health care năm 2\\PNV25-MentalHealtCareApp\\vendor\\illuminate\\view\\View.php(159): Illuminate\\View\\View->renderContents()
#10 E:\\Workspace\\PHP\\dự án php mental health care năm 2\\PNV25-MentalHealtCareApp\\vendor\\illuminate\\http\\Response.php(69): Illuminate\\View\\View->render()
#11 E:\\Workspace\\PHP\\dự án php mental health care năm 2\\PNV25-MentalHealtCareApp\\vendor\\illuminate\\http\\Response.php(35): Illuminate\\Http\\Response->setContent()
#12 E:\\Workspace\\PHP\\dự án php mental health care năm 2\\PNV25-MentalHealtCareApp\\vendor\\laravel\\lumen-framework\\src\\Concerns\\RoutesRequests.php(451): Illuminate\\Http\\Response->__construct()
#13 E:\\Workspace\\PHP\\dự án php mental health care năm 2\\PNV25-MentalHealtCareApp\\vendor\\laravel\\lumen-framework\\src\\Concerns\\RoutesRequests.php(390): Laravel\\Lumen\\Application->prepareResponse()
#14 E:\\Workspace\\PHP\\dự án php mental health care năm 2\\PNV25-MentalHealtCareApp\\vendor\\laravel\\lumen-framework\\src\\Concerns\\RoutesRequests.php(356): Laravel\\Lumen\\Application->callControllerCallable()
#15 E:\\Workspace\\PHP\\dự án php mental health care năm 2\\PNV25-MentalHealtCareApp\\vendor\\laravel\\lumen-framework\\src\\Concerns\\RoutesRequests.php(331): Laravel\\Lumen\\Application->callLumenController()
#16 E:\\Workspace\\PHP\\dự án php mental health care năm 2\\PNV25-MentalHealtCareApp\\vendor\\laravel\\lumen-framework\\src\\Concerns\\RoutesRequests.php(284): Laravel\\Lumen\\Application->callControllerAction()
#17 E:\\Workspace\\PHP\\dự án php mental health care năm 2\\PNV25-MentalHealtCareApp\\vendor\\laravel\\lumen-framework\\src\\Concerns\\RoutesRequests.php(269): Laravel\\Lumen\\Application->callActionOnArrayBasedRoute()
#18 E:\\Workspace\\PHP\\dự án php mental health care năm 2\\PNV25-MentalHealtCareApp\\vendor\\laravel\\lumen-framework\\src\\Concerns\\RoutesRequests.php(171): Laravel\\Lumen\\Application->handleFoundRoute()
#19 E:\\Workspace\\PHP\\dự án php mental health care năm 2\\PNV25-MentalHealtCareApp\\vendor\\laravel\\lumen-framework\\src\\Concerns\\RoutesRequests.php(431): Laravel\\Lumen\\Application->Laravel\\Lumen\\Concerns\\{closure}()
#20 E:\\Workspace\\PHP\\dự án php mental health care năm 2\\PNV25-MentalHealtCareApp\\vendor\\laravel\\lumen-framework\\src\\Concerns\\RoutesRequests.php(167): Laravel\\Lumen\\Application->sendThroughPipeline()
#21 E:\\Workspace\\PHP\\dự án php mental health care năm 2\\PNV25-MentalHealtCareApp\\vendor\\laravel\\lumen-framework\\src\\Concerns\\RoutesRequests.php(112): Laravel\\Lumen\\Application->dispatch()
#22 E:\\Workspace\\PHP\\dự án php mental health care năm 2\\PNV25-MentalHealtCareApp\\public\\index.php(28): Laravel\\Lumen\\Application->run()
#23 {main}
"} 
