[2024-01-13 06:31:37] local.ERROR: SQLSTATE[23000]: Integrity constraint violation: 1062 Duplicate entry 'anh.y25@student.passerellesnumeriques.org' for key 'users.Email' (Connection: mysql, SQL: INSERT INTO users (ID, Role, FullName, Email, Password) VALUES (2024-01-13 06:31:37, Patient, Y Âm, anh.y25@student.passerellesnumeriques.org, yAm#1002987r36r6tyghgvgy#)) {"exception":"[object] (Illuminate\\Database\\UniqueConstraintViolationException(code: 23000): SQLSTATE[23000]: Integrity constraint violation: 1062 Duplicate entry 'anh.y25@student.passerellesnumeriques.org' for key 'users.Email' (Connection: mysql, SQL: INSERT INTO users (ID, Role, FullName, Email, Password) VALUES (2024-01-13 06:31:37, Patient, Y Âm, anh.y25@student.passerellesnumeriques.org, yAm#1002987r36r6tyghgvgy#)) at D:\\PNV25-MentalHealtCareApp\\vendor\\illuminate\\database\\Connection.php:817)
[stacktrace]
#0 D:\\PNV25-MentalHealtCareApp\\vendor\\illuminate\\database\\Connection.php(776): Illuminate\\Database\\Connection->runQueryCallback()
#1 D:\\PNV25-MentalHealtCareApp\\vendor\\illuminate\\database\\Connection.php(569): Illuminate\\Database\\Connection->run()
#2 D:\\PNV25-MentalHealtCareApp\\vendor\\illuminate\\database\\Connection.php(533): Illuminate\\Database\\Connection->statement()
#3 D:\\PNV25-MentalHealtCareApp\\vendor\\illuminate\\database\\DatabaseManager.php(509): Illuminate\\Database\\Connection->insert()
#4 D:\\PNV25-MentalHealtCareApp\\vendor\\illuminate\\support\\Facades\\Facade.php(355): Illuminate\\Database\\DatabaseManager->__call()
#5 D:\\PNV25-MentalHealtCareApp\\app\\Repositories\\UserRepository.php(16): Illuminate\\Support\\Facades\\Facade::__callStatic()
#6 D:\\PNV25-MentalHealtCareApp\\app\\Controllers\\Patient\\SignUpController.php(48): App\\Repositories\\UserRepository->insert()
#7 D:\\PNV25-MentalHealtCareApp\\vendor\\illuminate\\container\\BoundMethod.php(36): App\\Controllers\\Patient\\SignUpController->signUp()
#8 D:\\PNV25-MentalHealtCareApp\\vendor\\illuminate\\container\\Util.php(41): Illuminate\\Container\\BoundMethod::Illuminate\\Container\\{closure}()
#9 D:\\PNV25-MentalHealtCareApp\\vendor\\illuminate\\container\\BoundMethod.php(93): Illuminate\\Container\\Util::unwrapIfClosure()
#10 D:\\PNV25-MentalHealtCareApp\\vendor\\illuminate\\container\\BoundMethod.php(35): Illuminate\\Container\\BoundMethod::callBoundMethod()
#11 D:\\PNV25-MentalHealtCareApp\\vendor\\illuminate\\container\\Container.php(662): Illuminate\\Container\\BoundMethod::call()
#12 D:\\PNV25-MentalHealtCareApp\\vendor\\laravel\\lumen-framework\\src\\Concerns\\RoutesRequests.php(391): Illuminate\\Container\\Container->call()
#13 D:\\PNV25-MentalHealtCareApp\\vendor\\laravel\\lumen-framework\\src\\Concerns\\RoutesRequests.php(356): Laravel\\Lumen\\Application->callControllerCallable()
#14 D:\\PNV25-MentalHealtCareApp\\vendor\\laravel\\lumen-framework\\src\\Concerns\\RoutesRequests.php(331): Laravel\\Lumen\\Application->callLumenController()
#15 D:\\PNV25-MentalHealtCareApp\\vendor\\laravel\\lumen-framework\\src\\Concerns\\RoutesRequests.php(284): Laravel\\Lumen\\Application->callControllerAction()
#16 D:\\PNV25-MentalHealtCareApp\\vendor\\laravel\\lumen-framework\\src\\Concerns\\RoutesRequests.php(269): Laravel\\Lumen\\Application->callActionOnArrayBasedRoute()
#17 D:\\PNV25-MentalHealtCareApp\\vendor\\laravel\\lumen-framework\\src\\Concerns\\RoutesRequests.php(171): Laravel\\Lumen\\Application->handleFoundRoute()
#18 D:\\PNV25-MentalHealtCareApp\\vendor\\laravel\\lumen-framework\\src\\Concerns\\RoutesRequests.php(431): Laravel\\Lumen\\Application->Laravel\\Lumen\\Concerns\\{closure}()
#19 D:\\PNV25-MentalHealtCareApp\\vendor\\laravel\\lumen-framework\\src\\Concerns\\RoutesRequests.php(167): Laravel\\Lumen\\Application->sendThroughPipeline()
#20 D:\\PNV25-MentalHealtCareApp\\vendor\\laravel\\lumen-framework\\src\\Concerns\\RoutesRequests.php(112): Laravel\\Lumen\\Application->dispatch()
#21 D:\\PNV25-MentalHealtCareApp\\public\\index.php(28): Laravel\\Lumen\\Application->run()
#22 {main}

[previous exception] [object] (PDOException(code: 23000): SQLSTATE[23000]: Integrity constraint violation: 1062 Duplicate entry 'anh.y25@student.passerellesnumeriques.org' for key 'users.Email' at D:\\PNV25-MentalHealtCareApp\\vendor\\illuminate\\database\\Connection.php:580)
[stacktrace]
#0 D:\\PNV25-MentalHealtCareApp\\vendor\\illuminate\\database\\Connection.php(580): PDOStatement->execute()
#1 D:\\PNV25-MentalHealtCareApp\\vendor\\illuminate\\database\\Connection.php(809): Illuminate\\Database\\Connection->Illuminate\\Database\\{closure}()
#2 D:\\PNV25-MentalHealtCareApp\\vendor\\illuminate\\database\\Connection.php(776): Illuminate\\Database\\Connection->runQueryCallback()
#3 D:\\PNV25-MentalHealtCareApp\\vendor\\illuminate\\database\\Connection.php(569): Illuminate\\Database\\Connection->run()
#4 D:\\PNV25-MentalHealtCareApp\\vendor\\illuminate\\database\\Connection.php(533): Illuminate\\Database\\Connection->statement()
#5 D:\\PNV25-MentalHealtCareApp\\vendor\\illuminate\\database\\DatabaseManager.php(509): Illuminate\\Database\\Connection->insert()
#6 D:\\PNV25-MentalHealtCareApp\\vendor\\illuminate\\support\\Facades\\Facade.php(355): Illuminate\\Database\\DatabaseManager->__call()
#7 D:\\PNV25-MentalHealtCareApp\\app\\Repositories\\UserRepository.php(16): Illuminate\\Support\\Facades\\Facade::__callStatic()
#8 D:\\PNV25-MentalHealtCareApp\\app\\Controllers\\Patient\\SignUpController.php(48): App\\Repositories\\UserRepository->insert()
#9 D:\\PNV25-MentalHealtCareApp\\vendor\\illuminate\\container\\BoundMethod.php(36): App\\Controllers\\Patient\\SignUpController->signUp()
#10 D:\\PNV25-MentalHealtCareApp\\vendor\\illuminate\\container\\Util.php(41): Illuminate\\Container\\BoundMethod::Illuminate\\Container\\{closure}()
#11 D:\\PNV25-MentalHealtCareApp\\vendor\\illuminate\\container\\BoundMethod.php(93): Illuminate\\Container\\Util::unwrapIfClosure()
#12 D:\\PNV25-MentalHealtCareApp\\vendor\\illuminate\\container\\BoundMethod.php(35): Illuminate\\Container\\BoundMethod::callBoundMethod()
#13 D:\\PNV25-MentalHealtCareApp\\vendor\\illuminate\\container\\Container.php(662): Illuminate\\Container\\BoundMethod::call()
#14 D:\\PNV25-MentalHealtCareApp\\vendor\\laravel\\lumen-framework\\src\\Concerns\\RoutesRequests.php(391): Illuminate\\Container\\Container->call()
#15 D:\\PNV25-MentalHealtCareApp\\vendor\\laravel\\lumen-framework\\src\\Concerns\\RoutesRequests.php(356): Laravel\\Lumen\\Application->callControllerCallable()
#16 D:\\PNV25-MentalHealtCareApp\\vendor\\laravel\\lumen-framework\\src\\Concerns\\RoutesRequests.php(331): Laravel\\Lumen\\Application->callLumenController()
#17 D:\\PNV25-MentalHealtCareApp\\vendor\\laravel\\lumen-framework\\src\\Concerns\\RoutesRequests.php(284): Laravel\\Lumen\\Application->callControllerAction()
#18 D:\\PNV25-MentalHealtCareApp\\vendor\\laravel\\lumen-framework\\src\\Concerns\\RoutesRequests.php(269): Laravel\\Lumen\\Application->callActionOnArrayBasedRoute()
#19 D:\\PNV25-MentalHealtCareApp\\vendor\\laravel\\lumen-framework\\src\\Concerns\\RoutesRequests.php(171): Laravel\\Lumen\\Application->handleFoundRoute()
#20 D:\\PNV25-MentalHealtCareApp\\vendor\\laravel\\lumen-framework\\src\\Concerns\\RoutesRequests.php(431): Laravel\\Lumen\\Application->Laravel\\Lumen\\Concerns\\{closure}()
#21 D:\\PNV25-MentalHealtCareApp\\vendor\\laravel\\lumen-framework\\src\\Concerns\\RoutesRequests.php(167): Laravel\\Lumen\\Application->sendThroughPipeline()
#22 D:\\PNV25-MentalHealtCareApp\\vendor\\laravel\\lumen-framework\\src\\Concerns\\RoutesRequests.php(112): Laravel\\Lumen\\Application->dispatch()
#23 D:\\PNV25-MentalHealtCareApp\\public\\index.php(28): Laravel\\Lumen\\Application->run()
#24 {main}
"} 
[2024-01-13 06:31:39] local.ERROR: SQLSTATE[23000]: Integrity constraint violation: 1062 Duplicate entry 'anh.y25@student.passerellesnumeriques.org' for key 'users.Email' (Connection: mysql, SQL: INSERT INTO users (ID, Role, FullName, Email, Password) VALUES (2024-01-13 06:31:39, Patient, Y Âm, anh.y25@student.passerellesnumeriques.org, yAm#1002987r36r6tyghgvgy#)) {"exception":"[object] (Illuminate\\Database\\UniqueConstraintViolationException(code: 23000): SQLSTATE[23000]: Integrity constraint violation: 1062 Duplicate entry 'anh.y25@student.passerellesnumeriques.org' for key 'users.Email' (Connection: mysql, SQL: INSERT INTO users (ID, Role, FullName, Email, Password) VALUES (2024-01-13 06:31:39, Patient, Y Âm, anh.y25@student.passerellesnumeriques.org, yAm#1002987r36r6tyghgvgy#)) at D:\\PNV25-MentalHealtCareApp\\vendor\\illuminate\\database\\Connection.php:817)
[stacktrace]
#0 D:\\PNV25-MentalHealtCareApp\\vendor\\illuminate\\database\\Connection.php(776): Illuminate\\Database\\Connection->runQueryCallback()
#1 D:\\PNV25-MentalHealtCareApp\\vendor\\illuminate\\database\\Connection.php(569): Illuminate\\Database\\Connection->run()
#2 D:\\PNV25-MentalHealtCareApp\\vendor\\illuminate\\database\\Connection.php(533): Illuminate\\Database\\Connection->statement()
#3 D:\\PNV25-MentalHealtCareApp\\vendor\\illuminate\\database\\DatabaseManager.php(509): Illuminate\\Database\\Connection->insert()
#4 D:\\PNV25-MentalHealtCareApp\\vendor\\illuminate\\support\\Facades\\Facade.php(355): Illuminate\\Database\\DatabaseManager->__call()
#5 D:\\PNV25-MentalHealtCareApp\\app\\Repositories\\UserRepository.php(16): Illuminate\\Support\\Facades\\Facade::__callStatic()
#6 D:\\PNV25-MentalHealtCareApp\\app\\Controllers\\Patient\\SignUpController.php(48): App\\Repositories\\UserRepository->insert()
#7 D:\\PNV25-MentalHealtCareApp\\vendor\\illuminate\\container\\BoundMethod.php(36): App\\Controllers\\Patient\\SignUpController->signUp()
#8 D:\\PNV25-MentalHealtCareApp\\vendor\\illuminate\\container\\Util.php(41): Illuminate\\Container\\BoundMethod::Illuminate\\Container\\{closure}()
#9 D:\\PNV25-MentalHealtCareApp\\vendor\\illuminate\\container\\BoundMethod.php(93): Illuminate\\Container\\Util::unwrapIfClosure()
#10 D:\\PNV25-MentalHealtCareApp\\vendor\\illuminate\\container\\BoundMethod.php(35): Illuminate\\Container\\BoundMethod::callBoundMethod()
#11 D:\\PNV25-MentalHealtCareApp\\vendor\\illuminate\\container\\Container.php(662): Illuminate\\Container\\BoundMethod::call()
#12 D:\\PNV25-MentalHealtCareApp\\vendor\\laravel\\lumen-framework\\src\\Concerns\\RoutesRequests.php(391): Illuminate\\Container\\Container->call()
#13 D:\\PNV25-MentalHealtCareApp\\vendor\\laravel\\lumen-framework\\src\\Concerns\\RoutesRequests.php(356): Laravel\\Lumen\\Application->callControllerCallable()
#14 D:\\PNV25-MentalHealtCareApp\\vendor\\laravel\\lumen-framework\\src\\Concerns\\RoutesRequests.php(331): Laravel\\Lumen\\Application->callLumenController()
#15 D:\\PNV25-MentalHealtCareApp\\vendor\\laravel\\lumen-framework\\src\\Concerns\\RoutesRequests.php(284): Laravel\\Lumen\\Application->callControllerAction()
#16 D:\\PNV25-MentalHealtCareApp\\vendor\\laravel\\lumen-framework\\src\\Concerns\\RoutesRequests.php(269): Laravel\\Lumen\\Application->callActionOnArrayBasedRoute()
#17 D:\\PNV25-MentalHealtCareApp\\vendor\\laravel\\lumen-framework\\src\\Concerns\\RoutesRequests.php(171): Laravel\\Lumen\\Application->handleFoundRoute()
#18 D:\\PNV25-MentalHealtCareApp\\vendor\\laravel\\lumen-framework\\src\\Concerns\\RoutesRequests.php(431): Laravel\\Lumen\\Application->Laravel\\Lumen\\Concerns\\{closure}()
#19 D:\\PNV25-MentalHealtCareApp\\vendor\\laravel\\lumen-framework\\src\\Concerns\\RoutesRequests.php(167): Laravel\\Lumen\\Application->sendThroughPipeline()
#20 D:\\PNV25-MentalHealtCareApp\\vendor\\laravel\\lumen-framework\\src\\Concerns\\RoutesRequests.php(112): Laravel\\Lumen\\Application->dispatch()
#21 D:\\PNV25-MentalHealtCareApp\\public\\index.php(28): Laravel\\Lumen\\Application->run()
#22 {main}

[previous exception] [object] (PDOException(code: 23000): SQLSTATE[23000]: Integrity constraint violation: 1062 Duplicate entry 'anh.y25@student.passerellesnumeriques.org' for key 'users.Email' at D:\\PNV25-MentalHealtCareApp\\vendor\\illuminate\\database\\Connection.php:580)
[stacktrace]
#0 D:\\PNV25-MentalHealtCareApp\\vendor\\illuminate\\database\\Connection.php(580): PDOStatement->execute()
#1 D:\\PNV25-MentalHealtCareApp\\vendor\\illuminate\\database\\Connection.php(809): Illuminate\\Database\\Connection->Illuminate\\Database\\{closure}()
#2 D:\\PNV25-MentalHealtCareApp\\vendor\\illuminate\\database\\Connection.php(776): Illuminate\\Database\\Connection->runQueryCallback()
#3 D:\\PNV25-MentalHealtCareApp\\vendor\\illuminate\\database\\Connection.php(569): Illuminate\\Database\\Connection->run()
#4 D:\\PNV25-MentalHealtCareApp\\vendor\\illuminate\\database\\Connection.php(533): Illuminate\\Database\\Connection->statement()
#5 D:\\PNV25-MentalHealtCareApp\\vendor\\illuminate\\database\\DatabaseManager.php(509): Illuminate\\Database\\Connection->insert()
#6 D:\\PNV25-MentalHealtCareApp\\vendor\\illuminate\\support\\Facades\\Facade.php(355): Illuminate\\Database\\DatabaseManager->__call()
#7 D:\\PNV25-MentalHealtCareApp\\app\\Repositories\\UserRepository.php(16): Illuminate\\Support\\Facades\\Facade::__callStatic()
#8 D:\\PNV25-MentalHealtCareApp\\app\\Controllers\\Patient\\SignUpController.php(48): App\\Repositories\\UserRepository->insert()
#9 D:\\PNV25-MentalHealtCareApp\\vendor\\illuminate\\container\\BoundMethod.php(36): App\\Controllers\\Patient\\SignUpController->signUp()
#10 D:\\PNV25-MentalHealtCareApp\\vendor\\illuminate\\container\\Util.php(41): Illuminate\\Container\\BoundMethod::Illuminate\\Container\\{closure}()
#11 D:\\PNV25-MentalHealtCareApp\\vendor\\illuminate\\container\\BoundMethod.php(93): Illuminate\\Container\\Util::unwrapIfClosure()
#12 D:\\PNV25-MentalHealtCareApp\\vendor\\illuminate\\container\\BoundMethod.php(35): Illuminate\\Container\\BoundMethod::callBoundMethod()
#13 D:\\PNV25-MentalHealtCareApp\\vendor\\illuminate\\container\\Container.php(662): Illuminate\\Container\\BoundMethod::call()
#14 D:\\PNV25-MentalHealtCareApp\\vendor\\laravel\\lumen-framework\\src\\Concerns\\RoutesRequests.php(391): Illuminate\\Container\\Container->call()
#15 D:\\PNV25-MentalHealtCareApp\\vendor\\laravel\\lumen-framework\\src\\Concerns\\RoutesRequests.php(356): Laravel\\Lumen\\Application->callControllerCallable()
#16 D:\\PNV25-MentalHealtCareApp\\vendor\\laravel\\lumen-framework\\src\\Concerns\\RoutesRequests.php(331): Laravel\\Lumen\\Application->callLumenController()
#17 D:\\PNV25-MentalHealtCareApp\\vendor\\laravel\\lumen-framework\\src\\Concerns\\RoutesRequests.php(284): Laravel\\Lumen\\Application->callControllerAction()
#18 D:\\PNV25-MentalHealtCareApp\\vendor\\laravel\\lumen-framework\\src\\Concerns\\RoutesRequests.php(269): Laravel\\Lumen\\Application->callActionOnArrayBasedRoute()
#19 D:\\PNV25-MentalHealtCareApp\\vendor\\laravel\\lumen-framework\\src\\Concerns\\RoutesRequests.php(171): Laravel\\Lumen\\Application->handleFoundRoute()
#20 D:\\PNV25-MentalHealtCareApp\\vendor\\laravel\\lumen-framework\\src\\Concerns\\RoutesRequests.php(431): Laravel\\Lumen\\Application->Laravel\\Lumen\\Concerns\\{closure}()
#21 D:\\PNV25-MentalHealtCareApp\\vendor\\laravel\\lumen-framework\\src\\Concerns\\RoutesRequests.php(167): Laravel\\Lumen\\Application->sendThroughPipeline()
#22 D:\\PNV25-MentalHealtCareApp\\vendor\\laravel\\lumen-framework\\src\\Concerns\\RoutesRequests.php(112): Laravel\\Lumen\\Application->dispatch()
#23 D:\\PNV25-MentalHealtCareApp\\public\\index.php(28): Laravel\\Lumen\\Application->run()
#24 {main}
"} 
[2024-01-13 06:31:39] local.ERROR: SQLSTATE[23000]: Integrity constraint violation: 1062 Duplicate entry 'anh.y25@student.passerellesnumeriques.org' for key 'users.Email' (Connection: mysql, SQL: INSERT INTO users (ID, Role, FullName, Email, Password) VALUES (2024-01-13 06:31:39, Patient, Y Âm, anh.y25@student.passerellesnumeriques.org, yAm#1002987r36r6tyghgvgy#)) {"exception":"[object] (Illuminate\\Database\\UniqueConstraintViolationException(code: 23000): SQLSTATE[23000]: Integrity constraint violation: 1062 Duplicate entry 'anh.y25@student.passerellesnumeriques.org' for key 'users.Email' (Connection: mysql, SQL: INSERT INTO users (ID, Role, FullName, Email, Password) VALUES (2024-01-13 06:31:39, Patient, Y Âm, anh.y25@student.passerellesnumeriques.org, yAm#1002987r36r6tyghgvgy#)) at D:\\PNV25-MentalHealtCareApp\\vendor\\illuminate\\database\\Connection.php:817)
[stacktrace]
#0 D:\\PNV25-MentalHealtCareApp\\vendor\\illuminate\\database\\Connection.php(776): Illuminate\\Database\\Connection->runQueryCallback()
#1 D:\\PNV25-MentalHealtCareApp\\vendor\\illuminate\\database\\Connection.php(569): Illuminate\\Database\\Connection->run()
#2 D:\\PNV25-MentalHealtCareApp\\vendor\\illuminate\\database\\Connection.php(533): Illuminate\\Database\\Connection->statement()
#3 D:\\PNV25-MentalHealtCareApp\\vendor\\illuminate\\database\\DatabaseManager.php(509): Illuminate\\Database\\Connection->insert()
#4 D:\\PNV25-MentalHealtCareApp\\vendor\\illuminate\\support\\Facades\\Facade.php(355): Illuminate\\Database\\DatabaseManager->__call()
#5 D:\\PNV25-MentalHealtCareApp\\app\\Repositories\\UserRepository.php(16): Illuminate\\Support\\Facades\\Facade::__callStatic()
#6 D:\\PNV25-MentalHealtCareApp\\app\\Controllers\\Patient\\SignUpController.php(48): App\\Repositories\\UserRepository->insert()
#7 D:\\PNV25-MentalHealtCareApp\\vendor\\illuminate\\container\\BoundMethod.php(36): App\\Controllers\\Patient\\SignUpController->signUp()
#8 D:\\PNV25-MentalHealtCareApp\\vendor\\illuminate\\container\\Util.php(41): Illuminate\\Container\\BoundMethod::Illuminate\\Container\\{closure}()
#9 D:\\PNV25-MentalHealtCareApp\\vendor\\illuminate\\container\\BoundMethod.php(93): Illuminate\\Container\\Util::unwrapIfClosure()
#10 D:\\PNV25-MentalHealtCareApp\\vendor\\illuminate\\container\\BoundMethod.php(35): Illuminate\\Container\\BoundMethod::callBoundMethod()
#11 D:\\PNV25-MentalHealtCareApp\\vendor\\illuminate\\container\\Container.php(662): Illuminate\\Container\\BoundMethod::call()
#12 D:\\PNV25-MentalHealtCareApp\\vendor\\laravel\\lumen-framework\\src\\Concerns\\RoutesRequests.php(391): Illuminate\\Container\\Container->call()
#13 D:\\PNV25-MentalHealtCareApp\\vendor\\laravel\\lumen-framework\\src\\Concerns\\RoutesRequests.php(356): Laravel\\Lumen\\Application->callControllerCallable()
#14 D:\\PNV25-MentalHealtCareApp\\vendor\\laravel\\lumen-framework\\src\\Concerns\\RoutesRequests.php(331): Laravel\\Lumen\\Application->callLumenController()
#15 D:\\PNV25-MentalHealtCareApp\\vendor\\laravel\\lumen-framework\\src\\Concerns\\RoutesRequests.php(284): Laravel\\Lumen\\Application->callControllerAction()
#16 D:\\PNV25-MentalHealtCareApp\\vendor\\laravel\\lumen-framework\\src\\Concerns\\RoutesRequests.php(269): Laravel\\Lumen\\Application->callActionOnArrayBasedRoute()
#17 D:\\PNV25-MentalHealtCareApp\\vendor\\laravel\\lumen-framework\\src\\Concerns\\RoutesRequests.php(171): Laravel\\Lumen\\Application->handleFoundRoute()
#18 D:\\PNV25-MentalHealtCareApp\\vendor\\laravel\\lumen-framework\\src\\Concerns\\RoutesRequests.php(431): Laravel\\Lumen\\Application->Laravel\\Lumen\\Concerns\\{closure}()
#19 D:\\PNV25-MentalHealtCareApp\\vendor\\laravel\\lumen-framework\\src\\Concerns\\RoutesRequests.php(167): Laravel\\Lumen\\Application->sendThroughPipeline()
#20 D:\\PNV25-MentalHealtCareApp\\vendor\\laravel\\lumen-framework\\src\\Concerns\\RoutesRequests.php(112): Laravel\\Lumen\\Application->dispatch()
#21 D:\\PNV25-MentalHealtCareApp\\public\\index.php(28): Laravel\\Lumen\\Application->run()
#22 {main}

[previous exception] [object] (PDOException(code: 23000): SQLSTATE[23000]: Integrity constraint violation: 1062 Duplicate entry 'anh.y25@student.passerellesnumeriques.org' for key 'users.Email' at D:\\PNV25-MentalHealtCareApp\\vendor\\illuminate\\database\\Connection.php:580)
[stacktrace]
#0 D:\\PNV25-MentalHealtCareApp\\vendor\\illuminate\\database\\Connection.php(580): PDOStatement->execute()
#1 D:\\PNV25-MentalHealtCareApp\\vendor\\illuminate\\database\\Connection.php(809): Illuminate\\Database\\Connection->Illuminate\\Database\\{closure}()
#2 D:\\PNV25-MentalHealtCareApp\\vendor\\illuminate\\database\\Connection.php(776): Illuminate\\Database\\Connection->runQueryCallback()
#3 D:\\PNV25-MentalHealtCareApp\\vendor\\illuminate\\database\\Connection.php(569): Illuminate\\Database\\Connection->run()
#4 D:\\PNV25-MentalHealtCareApp\\vendor\\illuminate\\database\\Connection.php(533): Illuminate\\Database\\Connection->statement()
#5 D:\\PNV25-MentalHealtCareApp\\vendor\\illuminate\\database\\DatabaseManager.php(509): Illuminate\\Database\\Connection->insert()
#6 D:\\PNV25-MentalHealtCareApp\\vendor\\illuminate\\support\\Facades\\Facade.php(355): Illuminate\\Database\\DatabaseManager->__call()
#7 D:\\PNV25-MentalHealtCareApp\\app\\Repositories\\UserRepository.php(16): Illuminate\\Support\\Facades\\Facade::__callStatic()
#8 D:\\PNV25-MentalHealtCareApp\\app\\Controllers\\Patient\\SignUpController.php(48): App\\Repositories\\UserRepository->insert()
#9 D:\\PNV25-MentalHealtCareApp\\vendor\\illuminate\\container\\BoundMethod.php(36): App\\Controllers\\Patient\\SignUpController->signUp()
#10 D:\\PNV25-MentalHealtCareApp\\vendor\\illuminate\\container\\Util.php(41): Illuminate\\Container\\BoundMethod::Illuminate\\Container\\{closure}()
#11 D:\\PNV25-MentalHealtCareApp\\vendor\\illuminate\\container\\BoundMethod.php(93): Illuminate\\Container\\Util::unwrapIfClosure()
#12 D:\\PNV25-MentalHealtCareApp\\vendor\\illuminate\\container\\BoundMethod.php(35): Illuminate\\Container\\BoundMethod::callBoundMethod()
#13 D:\\PNV25-MentalHealtCareApp\\vendor\\illuminate\\container\\Container.php(662): Illuminate\\Container\\BoundMethod::call()
#14 D:\\PNV25-MentalHealtCareApp\\vendor\\laravel\\lumen-framework\\src\\Concerns\\RoutesRequests.php(391): Illuminate\\Container\\Container->call()
#15 D:\\PNV25-MentalHealtCareApp\\vendor\\laravel\\lumen-framework\\src\\Concerns\\RoutesRequests.php(356): Laravel\\Lumen\\Application->callControllerCallable()
#16 D:\\PNV25-MentalHealtCareApp\\vendor\\laravel\\lumen-framework\\src\\Concerns\\RoutesRequests.php(331): Laravel\\Lumen\\Application->callLumenController()
#17 D:\\PNV25-MentalHealtCareApp\\vendor\\laravel\\lumen-framework\\src\\Concerns\\RoutesRequests.php(284): Laravel\\Lumen\\Application->callControllerAction()
#18 D:\\PNV25-MentalHealtCareApp\\vendor\\laravel\\lumen-framework\\src\\Concerns\\RoutesRequests.php(269): Laravel\\Lumen\\Application->callActionOnArrayBasedRoute()
#19 D:\\PNV25-MentalHealtCareApp\\vendor\\laravel\\lumen-framework\\src\\Concerns\\RoutesRequests.php(171): Laravel\\Lumen\\Application->handleFoundRoute()
#20 D:\\PNV25-MentalHealtCareApp\\vendor\\laravel\\lumen-framework\\src\\Concerns\\RoutesRequests.php(431): Laravel\\Lumen\\Application->Laravel\\Lumen\\Concerns\\{closure}()
#21 D:\\PNV25-MentalHealtCareApp\\vendor\\laravel\\lumen-framework\\src\\Concerns\\RoutesRequests.php(167): Laravel\\Lumen\\Application->sendThroughPipeline()
#22 D:\\PNV25-MentalHealtCareApp\\vendor\\laravel\\lumen-framework\\src\\Concerns\\RoutesRequests.php(112): Laravel\\Lumen\\Application->dispatch()
#23 D:\\PNV25-MentalHealtCareApp\\public\\index.php(28): Laravel\\Lumen\\Application->run()
#24 {main}
"} 
[2024-01-13 06:39:24] local.ERROR: SQLSTATE[23000]: Integrity constraint violation: 1062 Duplicate entry 'anh.y25@student.passerellesnumeriques.org' for key 'users.Email' (Connection: mysql, SQL: INSERT INTO users (ID, Role, FullName, Email, Password) VALUES (2024-01-13 06:39:24, Patient, , anh.y25@student.passerellesnumeriques.org, yAm#1002987r36r6tyghgvgy#)) {"exception":"[object] (Illuminate\\Database\\UniqueConstraintViolationException(code: 23000): SQLSTATE[23000]: Integrity constraint violation: 1062 Duplicate entry 'anh.y25@student.passerellesnumeriques.org' for key 'users.Email' (Connection: mysql, SQL: INSERT INTO users (ID, Role, FullName, Email, Password) VALUES (2024-01-13 06:39:24, Patient, , anh.y25@student.passerellesnumeriques.org, yAm#1002987r36r6tyghgvgy#)) at D:\\PNV25-MentalHealtCareApp\\vendor\\illuminate\\database\\Connection.php:817)
[stacktrace]
#0 D:\\PNV25-MentalHealtCareApp\\vendor\\illuminate\\database\\Connection.php(776): Illuminate\\Database\\Connection->runQueryCallback()
#1 D:\\PNV25-MentalHealtCareApp\\vendor\\illuminate\\database\\Connection.php(569): Illuminate\\Database\\Connection->run()
#2 D:\\PNV25-MentalHealtCareApp\\vendor\\illuminate\\database\\Connection.php(533): Illuminate\\Database\\Connection->statement()
#3 D:\\PNV25-MentalHealtCareApp\\vendor\\illuminate\\database\\DatabaseManager.php(509): Illuminate\\Database\\Connection->insert()
#4 D:\\PNV25-MentalHealtCareApp\\vendor\\illuminate\\support\\Facades\\Facade.php(355): Illuminate\\Database\\DatabaseManager->__call()
#5 D:\\PNV25-MentalHealtCareApp\\app\\Repositories\\UserRepository.php(16): Illuminate\\Support\\Facades\\Facade::__callStatic()
#6 D:\\PNV25-MentalHealtCareApp\\app\\Controllers\\Patient\\SignUpController.php(46): App\\Repositories\\UserRepository->insert()
#7 D:\\PNV25-MentalHealtCareApp\\vendor\\illuminate\\container\\BoundMethod.php(36): App\\Controllers\\Patient\\SignUpController->signUp()
#8 D:\\PNV25-MentalHealtCareApp\\vendor\\illuminate\\container\\Util.php(41): Illuminate\\Container\\BoundMethod::Illuminate\\Container\\{closure}()
#9 D:\\PNV25-MentalHealtCareApp\\vendor\\illuminate\\container\\BoundMethod.php(93): Illuminate\\Container\\Util::unwrapIfClosure()
#10 D:\\PNV25-MentalHealtCareApp\\vendor\\illuminate\\container\\BoundMethod.php(35): Illuminate\\Container\\BoundMethod::callBoundMethod()
#11 D:\\PNV25-MentalHealtCareApp\\vendor\\illuminate\\container\\Container.php(662): Illuminate\\Container\\BoundMethod::call()
#12 D:\\PNV25-MentalHealtCareApp\\vendor\\laravel\\lumen-framework\\src\\Concerns\\RoutesRequests.php(391): Illuminate\\Container\\Container->call()
#13 D:\\PNV25-MentalHealtCareApp\\vendor\\laravel\\lumen-framework\\src\\Concerns\\RoutesRequests.php(356): Laravel\\Lumen\\Application->callControllerCallable()
#14 D:\\PNV25-MentalHealtCareApp\\vendor\\laravel\\lumen-framework\\src\\Concerns\\RoutesRequests.php(331): Laravel\\Lumen\\Application->callLumenController()
#15 D:\\PNV25-MentalHealtCareApp\\vendor\\laravel\\lumen-framework\\src\\Concerns\\RoutesRequests.php(284): Laravel\\Lumen\\Application->callControllerAction()
#16 D:\\PNV25-MentalHealtCareApp\\vendor\\laravel\\lumen-framework\\src\\Concerns\\RoutesRequests.php(269): Laravel\\Lumen\\Application->callActionOnArrayBasedRoute()
#17 D:\\PNV25-MentalHealtCareApp\\vendor\\laravel\\lumen-framework\\src\\Concerns\\RoutesRequests.php(171): Laravel\\Lumen\\Application->handleFoundRoute()
#18 D:\\PNV25-MentalHealtCareApp\\vendor\\laravel\\lumen-framework\\src\\Concerns\\RoutesRequests.php(431): Laravel\\Lumen\\Application->Laravel\\Lumen\\Concerns\\{closure}()
#19 D:\\PNV25-MentalHealtCareApp\\vendor\\laravel\\lumen-framework\\src\\Concerns\\RoutesRequests.php(167): Laravel\\Lumen\\Application->sendThroughPipeline()
#20 D:\\PNV25-MentalHealtCareApp\\vendor\\laravel\\lumen-framework\\src\\Concerns\\RoutesRequests.php(112): Laravel\\Lumen\\Application->dispatch()
#21 D:\\PNV25-MentalHealtCareApp\\public\\index.php(28): Laravel\\Lumen\\Application->run()
#22 {main}

[previous exception] [object] (PDOException(code: 23000): SQLSTATE[23000]: Integrity constraint violation: 1062 Duplicate entry 'anh.y25@student.passerellesnumeriques.org' for key 'users.Email' at D:\\PNV25-MentalHealtCareApp\\vendor\\illuminate\\database\\Connection.php:580)
[stacktrace]
#0 D:\\PNV25-MentalHealtCareApp\\vendor\\illuminate\\database\\Connection.php(580): PDOStatement->execute()
#1 D:\\PNV25-MentalHealtCareApp\\vendor\\illuminate\\database\\Connection.php(809): Illuminate\\Database\\Connection->Illuminate\\Database\\{closure}()
#2 D:\\PNV25-MentalHealtCareApp\\vendor\\illuminate\\database\\Connection.php(776): Illuminate\\Database\\Connection->runQueryCallback()
#3 D:\\PNV25-MentalHealtCareApp\\vendor\\illuminate\\database\\Connection.php(569): Illuminate\\Database\\Connection->run()
#4 D:\\PNV25-MentalHealtCareApp\\vendor\\illuminate\\database\\Connection.php(533): Illuminate\\Database\\Connection->statement()
#5 D:\\PNV25-MentalHealtCareApp\\vendor\\illuminate\\database\\DatabaseManager.php(509): Illuminate\\Database\\Connection->insert()
#6 D:\\PNV25-MentalHealtCareApp\\vendor\\illuminate\\support\\Facades\\Facade.php(355): Illuminate\\Database\\DatabaseManager->__call()
#7 D:\\PNV25-MentalHealtCareApp\\app\\Repositories\\UserRepository.php(16): Illuminate\\Support\\Facades\\Facade::__callStatic()
#8 D:\\PNV25-MentalHealtCareApp\\app\\Controllers\\Patient\\SignUpController.php(46): App\\Repositories\\UserRepository->insert()
#9 D:\\PNV25-MentalHealtCareApp\\vendor\\illuminate\\container\\BoundMethod.php(36): App\\Controllers\\Patient\\SignUpController->signUp()
#10 D:\\PNV25-MentalHealtCareApp\\vendor\\illuminate\\container\\Util.php(41): Illuminate\\Container\\BoundMethod::Illuminate\\Container\\{closure}()
#11 D:\\PNV25-MentalHealtCareApp\\vendor\\illuminate\\container\\BoundMethod.php(93): Illuminate\\Container\\Util::unwrapIfClosure()
#12 D:\\PNV25-MentalHealtCareApp\\vendor\\illuminate\\container\\BoundMethod.php(35): Illuminate\\Container\\BoundMethod::callBoundMethod()
#13 D:\\PNV25-MentalHealtCareApp\\vendor\\illuminate\\container\\Container.php(662): Illuminate\\Container\\BoundMethod::call()
#14 D:\\PNV25-MentalHealtCareApp\\vendor\\laravel\\lumen-framework\\src\\Concerns\\RoutesRequests.php(391): Illuminate\\Container\\Container->call()
#15 D:\\PNV25-MentalHealtCareApp\\vendor\\laravel\\lumen-framework\\src\\Concerns\\RoutesRequests.php(356): Laravel\\Lumen\\Application->callControllerCallable()
#16 D:\\PNV25-MentalHealtCareApp\\vendor\\laravel\\lumen-framework\\src\\Concerns\\RoutesRequests.php(331): Laravel\\Lumen\\Application->callLumenController()
#17 D:\\PNV25-MentalHealtCareApp\\vendor\\laravel\\lumen-framework\\src\\Concerns\\RoutesRequests.php(284): Laravel\\Lumen\\Application->callControllerAction()
#18 D:\\PNV25-MentalHealtCareApp\\vendor\\laravel\\lumen-framework\\src\\Concerns\\RoutesRequests.php(269): Laravel\\Lumen\\Application->callActionOnArrayBasedRoute()
#19 D:\\PNV25-MentalHealtCareApp\\vendor\\laravel\\lumen-framework\\src\\Concerns\\RoutesRequests.php(171): Laravel\\Lumen\\Application->handleFoundRoute()
#20 D:\\PNV25-MentalHealtCareApp\\vendor\\laravel\\lumen-framework\\src\\Concerns\\RoutesRequests.php(431): Laravel\\Lumen\\Application->Laravel\\Lumen\\Concerns\\{closure}()
#21 D:\\PNV25-MentalHealtCareApp\\vendor\\laravel\\lumen-framework\\src\\Concerns\\RoutesRequests.php(167): Laravel\\Lumen\\Application->sendThroughPipeline()
#22 D:\\PNV25-MentalHealtCareApp\\vendor\\laravel\\lumen-framework\\src\\Concerns\\RoutesRequests.php(112): Laravel\\Lumen\\Application->dispatch()
#23 D:\\PNV25-MentalHealtCareApp\\public\\index.php(28): Laravel\\Lumen\\Application->run()
#24 {main}
"} 
[2024-01-13 06:39:25] local.ERROR: SQLSTATE[23000]: Integrity constraint violation: 1062 Duplicate entry 'anh.y25@student.passerellesnumeriques.org' for key 'users.Email' (Connection: mysql, SQL: INSERT INTO users (ID, Role, FullName, Email, Password) VALUES (2024-01-13 06:39:25, Patient, , anh.y25@student.passerellesnumeriques.org, yAm#1002987r36r6tyghgvgy#)) {"exception":"[object] (Illuminate\\Database\\UniqueConstraintViolationException(code: 23000): SQLSTATE[23000]: Integrity constraint violation: 1062 Duplicate entry 'anh.y25@student.passerellesnumeriques.org' for key 'users.Email' (Connection: mysql, SQL: INSERT INTO users (ID, Role, FullName, Email, Password) VALUES (2024-01-13 06:39:25, Patient, , anh.y25@student.passerellesnumeriques.org, yAm#1002987r36r6tyghgvgy#)) at D:\\PNV25-MentalHealtCareApp\\vendor\\illuminate\\database\\Connection.php:817)
[stacktrace]
#0 D:\\PNV25-MentalHealtCareApp\\vendor\\illuminate\\database\\Connection.php(776): Illuminate\\Database\\Connection->runQueryCallback()
#1 D:\\PNV25-MentalHealtCareApp\\vendor\\illuminate\\database\\Connection.php(569): Illuminate\\Database\\Connection->run()
#2 D:\\PNV25-MentalHealtCareApp\\vendor\\illuminate\\database\\Connection.php(533): Illuminate\\Database\\Connection->statement()
#3 D:\\PNV25-MentalHealtCareApp\\vendor\\illuminate\\database\\DatabaseManager.php(509): Illuminate\\Database\\Connection->insert()
#4 D:\\PNV25-MentalHealtCareApp\\vendor\\illuminate\\support\\Facades\\Facade.php(355): Illuminate\\Database\\DatabaseManager->__call()
#5 D:\\PNV25-MentalHealtCareApp\\app\\Repositories\\UserRepository.php(16): Illuminate\\Support\\Facades\\Facade::__callStatic()
#6 D:\\PNV25-MentalHealtCareApp\\app\\Controllers\\Patient\\SignUpController.php(46): App\\Repositories\\UserRepository->insert()
#7 D:\\PNV25-MentalHealtCareApp\\vendor\\illuminate\\container\\BoundMethod.php(36): App\\Controllers\\Patient\\SignUpController->signUp()
#8 D:\\PNV25-MentalHealtCareApp\\vendor\\illuminate\\container\\Util.php(41): Illuminate\\Container\\BoundMethod::Illuminate\\Container\\{closure}()
#9 D:\\PNV25-MentalHealtCareApp\\vendor\\illuminate\\container\\BoundMethod.php(93): Illuminate\\Container\\Util::unwrapIfClosure()
#10 D:\\PNV25-MentalHealtCareApp\\vendor\\illuminate\\container\\BoundMethod.php(35): Illuminate\\Container\\BoundMethod::callBoundMethod()
#11 D:\\PNV25-MentalHealtCareApp\\vendor\\illuminate\\container\\Container.php(662): Illuminate\\Container\\BoundMethod::call()
#12 D:\\PNV25-MentalHealtCareApp\\vendor\\laravel\\lumen-framework\\src\\Concerns\\RoutesRequests.php(391): Illuminate\\Container\\Container->call()
#13 D:\\PNV25-MentalHealtCareApp\\vendor\\laravel\\lumen-framework\\src\\Concerns\\RoutesRequests.php(356): Laravel\\Lumen\\Application->callControllerCallable()
#14 D:\\PNV25-MentalHealtCareApp\\vendor\\laravel\\lumen-framework\\src\\Concerns\\RoutesRequests.php(331): Laravel\\Lumen\\Application->callLumenController()
#15 D:\\PNV25-MentalHealtCareApp\\vendor\\laravel\\lumen-framework\\src\\Concerns\\RoutesRequests.php(284): Laravel\\Lumen\\Application->callControllerAction()
#16 D:\\PNV25-MentalHealtCareApp\\vendor\\laravel\\lumen-framework\\src\\Concerns\\RoutesRequests.php(269): Laravel\\Lumen\\Application->callActionOnArrayBasedRoute()
#17 D:\\PNV25-MentalHealtCareApp\\vendor\\laravel\\lumen-framework\\src\\Concerns\\RoutesRequests.php(171): Laravel\\Lumen\\Application->handleFoundRoute()
#18 D:\\PNV25-MentalHealtCareApp\\vendor\\laravel\\lumen-framework\\src\\Concerns\\RoutesRequests.php(431): Laravel\\Lumen\\Application->Laravel\\Lumen\\Concerns\\{closure}()
#19 D:\\PNV25-MentalHealtCareApp\\vendor\\laravel\\lumen-framework\\src\\Concerns\\RoutesRequests.php(167): Laravel\\Lumen\\Application->sendThroughPipeline()
#20 D:\\PNV25-MentalHealtCareApp\\vendor\\laravel\\lumen-framework\\src\\Concerns\\RoutesRequests.php(112): Laravel\\Lumen\\Application->dispatch()
#21 D:\\PNV25-MentalHealtCareApp\\public\\index.php(28): Laravel\\Lumen\\Application->run()
#22 {main}

[previous exception] [object] (PDOException(code: 23000): SQLSTATE[23000]: Integrity constraint violation: 1062 Duplicate entry 'anh.y25@student.passerellesnumeriques.org' for key 'users.Email' at D:\\PNV25-MentalHealtCareApp\\vendor\\illuminate\\database\\Connection.php:580)
[stacktrace]
#0 D:\\PNV25-MentalHealtCareApp\\vendor\\illuminate\\database\\Connection.php(580): PDOStatement->execute()
#1 D:\\PNV25-MentalHealtCareApp\\vendor\\illuminate\\database\\Connection.php(809): Illuminate\\Database\\Connection->Illuminate\\Database\\{closure}()
#2 D:\\PNV25-MentalHealtCareApp\\vendor\\illuminate\\database\\Connection.php(776): Illuminate\\Database\\Connection->runQueryCallback()
#3 D:\\PNV25-MentalHealtCareApp\\vendor\\illuminate\\database\\Connection.php(569): Illuminate\\Database\\Connection->run()
#4 D:\\PNV25-MentalHealtCareApp\\vendor\\illuminate\\database\\Connection.php(533): Illuminate\\Database\\Connection->statement()
#5 D:\\PNV25-MentalHealtCareApp\\vendor\\illuminate\\database\\DatabaseManager.php(509): Illuminate\\Database\\Connection->insert()
#6 D:\\PNV25-MentalHealtCareApp\\vendor\\illuminate\\support\\Facades\\Facade.php(355): Illuminate\\Database\\DatabaseManager->__call()
#7 D:\\PNV25-MentalHealtCareApp\\app\\Repositories\\UserRepository.php(16): Illuminate\\Support\\Facades\\Facade::__callStatic()
#8 D:\\PNV25-MentalHealtCareApp\\app\\Controllers\\Patient\\SignUpController.php(46): App\\Repositories\\UserRepository->insert()
#9 D:\\PNV25-MentalHealtCareApp\\vendor\\illuminate\\container\\BoundMethod.php(36): App\\Controllers\\Patient\\SignUpController->signUp()
#10 D:\\PNV25-MentalHealtCareApp\\vendor\\illuminate\\container\\Util.php(41): Illuminate\\Container\\BoundMethod::Illuminate\\Container\\{closure}()
#11 D:\\PNV25-MentalHealtCareApp\\vendor\\illuminate\\container\\BoundMethod.php(93): Illuminate\\Container\\Util::unwrapIfClosure()
#12 D:\\PNV25-MentalHealtCareApp\\vendor\\illuminate\\container\\BoundMethod.php(35): Illuminate\\Container\\BoundMethod::callBoundMethod()
#13 D:\\PNV25-MentalHealtCareApp\\vendor\\illuminate\\container\\Container.php(662): Illuminate\\Container\\BoundMethod::call()
#14 D:\\PNV25-MentalHealtCareApp\\vendor\\laravel\\lumen-framework\\src\\Concerns\\RoutesRequests.php(391): Illuminate\\Container\\Container->call()
#15 D:\\PNV25-MentalHealtCareApp\\vendor\\laravel\\lumen-framework\\src\\Concerns\\RoutesRequests.php(356): Laravel\\Lumen\\Application->callControllerCallable()
#16 D:\\PNV25-MentalHealtCareApp\\vendor\\laravel\\lumen-framework\\src\\Concerns\\RoutesRequests.php(331): Laravel\\Lumen\\Application->callLumenController()
#17 D:\\PNV25-MentalHealtCareApp\\vendor\\laravel\\lumen-framework\\src\\Concerns\\RoutesRequests.php(284): Laravel\\Lumen\\Application->callControllerAction()
#18 D:\\PNV25-MentalHealtCareApp\\vendor\\laravel\\lumen-framework\\src\\Concerns\\RoutesRequests.php(269): Laravel\\Lumen\\Application->callActionOnArrayBasedRoute()
#19 D:\\PNV25-MentalHealtCareApp\\vendor\\laravel\\lumen-framework\\src\\Concerns\\RoutesRequests.php(171): Laravel\\Lumen\\Application->handleFoundRoute()
#20 D:\\PNV25-MentalHealtCareApp\\vendor\\laravel\\lumen-framework\\src\\Concerns\\RoutesRequests.php(431): Laravel\\Lumen\\Application->Laravel\\Lumen\\Concerns\\{closure}()
#21 D:\\PNV25-MentalHealtCareApp\\vendor\\laravel\\lumen-framework\\src\\Concerns\\RoutesRequests.php(167): Laravel\\Lumen\\Application->sendThroughPipeline()
#22 D:\\PNV25-MentalHealtCareApp\\vendor\\laravel\\lumen-framework\\src\\Concerns\\RoutesRequests.php(112): Laravel\\Lumen\\Application->dispatch()
#23 D:\\PNV25-MentalHealtCareApp\\public\\index.php(28): Laravel\\Lumen\\Application->run()
#24 {main}
"} 
[2024-01-13 06:39:25] local.ERROR: SQLSTATE[23000]: Integrity constraint violation: 1062 Duplicate entry 'anh.y25@student.passerellesnumeriques.org' for key 'users.Email' (Connection: mysql, SQL: INSERT INTO users (ID, Role, FullName, Email, Password) VALUES (2024-01-13 06:39:25, Patient, , anh.y25@student.passerellesnumeriques.org, yAm#1002987r36r6tyghgvgy#)) {"exception":"[object] (Illuminate\\Database\\UniqueConstraintViolationException(code: 23000): SQLSTATE[23000]: Integrity constraint violation: 1062 Duplicate entry 'anh.y25@student.passerellesnumeriques.org' for key 'users.Email' (Connection: mysql, SQL: INSERT INTO users (ID, Role, FullName, Email, Password) VALUES (2024-01-13 06:39:25, Patient, , anh.y25@student.passerellesnumeriques.org, yAm#1002987r36r6tyghgvgy#)) at D:\\PNV25-MentalHealtCareApp\\vendor\\illuminate\\database\\Connection.php:817)
[stacktrace]
#0 D:\\PNV25-MentalHealtCareApp\\vendor\\illuminate\\database\\Connection.php(776): Illuminate\\Database\\Connection->runQueryCallback()
#1 D:\\PNV25-MentalHealtCareApp\\vendor\\illuminate\\database\\Connection.php(569): Illuminate\\Database\\Connection->run()
#2 D:\\PNV25-MentalHealtCareApp\\vendor\\illuminate\\database\\Connection.php(533): Illuminate\\Database\\Connection->statement()
#3 D:\\PNV25-MentalHealtCareApp\\vendor\\illuminate\\database\\DatabaseManager.php(509): Illuminate\\Database\\Connection->insert()
#4 D:\\PNV25-MentalHealtCareApp\\vendor\\illuminate\\support\\Facades\\Facade.php(355): Illuminate\\Database\\DatabaseManager->__call()
#5 D:\\PNV25-MentalHealtCareApp\\app\\Repositories\\UserRepository.php(16): Illuminate\\Support\\Facades\\Facade::__callStatic()
#6 D:\\PNV25-MentalHealtCareApp\\app\\Controllers\\Patient\\SignUpController.php(46): App\\Repositories\\UserRepository->insert()
#7 D:\\PNV25-MentalHealtCareApp\\vendor\\illuminate\\container\\BoundMethod.php(36): App\\Controllers\\Patient\\SignUpController->signUp()
#8 D:\\PNV25-MentalHealtCareApp\\vendor\\illuminate\\container\\Util.php(41): Illuminate\\Container\\BoundMethod::Illuminate\\Container\\{closure}()
#9 D:\\PNV25-MentalHealtCareApp\\vendor\\illuminate\\container\\BoundMethod.php(93): Illuminate\\Container\\Util::unwrapIfClosure()
#10 D:\\PNV25-MentalHealtCareApp\\vendor\\illuminate\\container\\BoundMethod.php(35): Illuminate\\Container\\BoundMethod::callBoundMethod()
#11 D:\\PNV25-MentalHealtCareApp\\vendor\\illuminate\\container\\Container.php(662): Illuminate\\Container\\BoundMethod::call()
#12 D:\\PNV25-MentalHealtCareApp\\vendor\\laravel\\lumen-framework\\src\\Concerns\\RoutesRequests.php(391): Illuminate\\Container\\Container->call()
#13 D:\\PNV25-MentalHealtCareApp\\vendor\\laravel\\lumen-framework\\src\\Concerns\\RoutesRequests.php(356): Laravel\\Lumen\\Application->callControllerCallable()
#14 D:\\PNV25-MentalHealtCareApp\\vendor\\laravel\\lumen-framework\\src\\Concerns\\RoutesRequests.php(331): Laravel\\Lumen\\Application->callLumenController()
#15 D:\\PNV25-MentalHealtCareApp\\vendor\\laravel\\lumen-framework\\src\\Concerns\\RoutesRequests.php(284): Laravel\\Lumen\\Application->callControllerAction()
#16 D:\\PNV25-MentalHealtCareApp\\vendor\\laravel\\lumen-framework\\src\\Concerns\\RoutesRequests.php(269): Laravel\\Lumen\\Application->callActionOnArrayBasedRoute()
#17 D:\\PNV25-MentalHealtCareApp\\vendor\\laravel\\lumen-framework\\src\\Concerns\\RoutesRequests.php(171): Laravel\\Lumen\\Application->handleFoundRoute()
#18 D:\\PNV25-MentalHealtCareApp\\vendor\\laravel\\lumen-framework\\src\\Concerns\\RoutesRequests.php(431): Laravel\\Lumen\\Application->Laravel\\Lumen\\Concerns\\{closure}()
#19 D:\\PNV25-MentalHealtCareApp\\vendor\\laravel\\lumen-framework\\src\\Concerns\\RoutesRequests.php(167): Laravel\\Lumen\\Application->sendThroughPipeline()
#20 D:\\PNV25-MentalHealtCareApp\\vendor\\laravel\\lumen-framework\\src\\Concerns\\RoutesRequests.php(112): Laravel\\Lumen\\Application->dispatch()
#21 D:\\PNV25-MentalHealtCareApp\\public\\index.php(28): Laravel\\Lumen\\Application->run()
#22 {main}

[previous exception] [object] (PDOException(code: 23000): SQLSTATE[23000]: Integrity constraint violation: 1062 Duplicate entry 'anh.y25@student.passerellesnumeriques.org' for key 'users.Email' at D:\\PNV25-MentalHealtCareApp\\vendor\\illuminate\\database\\Connection.php:580)
[stacktrace]
#0 D:\\PNV25-MentalHealtCareApp\\vendor\\illuminate\\database\\Connection.php(580): PDOStatement->execute()
#1 D:\\PNV25-MentalHealtCareApp\\vendor\\illuminate\\database\\Connection.php(809): Illuminate\\Database\\Connection->Illuminate\\Database\\{closure}()
#2 D:\\PNV25-MentalHealtCareApp\\vendor\\illuminate\\database\\Connection.php(776): Illuminate\\Database\\Connection->runQueryCallback()
#3 D:\\PNV25-MentalHealtCareApp\\vendor\\illuminate\\database\\Connection.php(569): Illuminate\\Database\\Connection->run()
#4 D:\\PNV25-MentalHealtCareApp\\vendor\\illuminate\\database\\Connection.php(533): Illuminate\\Database\\Connection->statement()
#5 D:\\PNV25-MentalHealtCareApp\\vendor\\illuminate\\database\\DatabaseManager.php(509): Illuminate\\Database\\Connection->insert()
#6 D:\\PNV25-MentalHealtCareApp\\vendor\\illuminate\\support\\Facades\\Facade.php(355): Illuminate\\Database\\DatabaseManager->__call()
#7 D:\\PNV25-MentalHealtCareApp\\app\\Repositories\\UserRepository.php(16): Illuminate\\Support\\Facades\\Facade::__callStatic()
#8 D:\\PNV25-MentalHealtCareApp\\app\\Controllers\\Patient\\SignUpController.php(46): App\\Repositories\\UserRepository->insert()
#9 D:\\PNV25-MentalHealtCareApp\\vendor\\illuminate\\container\\BoundMethod.php(36): App\\Controllers\\Patient\\SignUpController->signUp()
#10 D:\\PNV25-MentalHealtCareApp\\vendor\\illuminate\\container\\Util.php(41): Illuminate\\Container\\BoundMethod::Illuminate\\Container\\{closure}()
#11 D:\\PNV25-MentalHealtCareApp\\vendor\\illuminate\\container\\BoundMethod.php(93): Illuminate\\Container\\Util::unwrapIfClosure()
#12 D:\\PNV25-MentalHealtCareApp\\vendor\\illuminate\\container\\BoundMethod.php(35): Illuminate\\Container\\BoundMethod::callBoundMethod()
#13 D:\\PNV25-MentalHealtCareApp\\vendor\\illuminate\\container\\Container.php(662): Illuminate\\Container\\BoundMethod::call()
#14 D:\\PNV25-MentalHealtCareApp\\vendor\\laravel\\lumen-framework\\src\\Concerns\\RoutesRequests.php(391): Illuminate\\Container\\Container->call()
#15 D:\\PNV25-MentalHealtCareApp\\vendor\\laravel\\lumen-framework\\src\\Concerns\\RoutesRequests.php(356): Laravel\\Lumen\\Application->callControllerCallable()
#16 D:\\PNV25-MentalHealtCareApp\\vendor\\laravel\\lumen-framework\\src\\Concerns\\RoutesRequests.php(331): Laravel\\Lumen\\Application->callLumenController()
#17 D:\\PNV25-MentalHealtCareApp\\vendor\\laravel\\lumen-framework\\src\\Concerns\\RoutesRequests.php(284): Laravel\\Lumen\\Application->callControllerAction()
#18 D:\\PNV25-MentalHealtCareApp\\vendor\\laravel\\lumen-framework\\src\\Concerns\\RoutesRequests.php(269): Laravel\\Lumen\\Application->callActionOnArrayBasedRoute()
#19 D:\\PNV25-MentalHealtCareApp\\vendor\\laravel\\lumen-framework\\src\\Concerns\\RoutesRequests.php(171): Laravel\\Lumen\\Application->handleFoundRoute()
#20 D:\\PNV25-MentalHealtCareApp\\vendor\\laravel\\lumen-framework\\src\\Concerns\\RoutesRequests.php(431): Laravel\\Lumen\\Application->Laravel\\Lumen\\Concerns\\{closure}()
#21 D:\\PNV25-MentalHealtCareApp\\vendor\\laravel\\lumen-framework\\src\\Concerns\\RoutesRequests.php(167): Laravel\\Lumen\\Application->sendThroughPipeline()
#22 D:\\PNV25-MentalHealtCareApp\\vendor\\laravel\\lumen-framework\\src\\Concerns\\RoutesRequests.php(112): Laravel\\Lumen\\Application->dispatch()
#23 D:\\PNV25-MentalHealtCareApp\\public\\index.php(28): Laravel\\Lumen\\Application->run()
#24 {main}
"} 
[2024-01-13 06:43:04] local.ERROR: SQLSTATE[23000]: Integrity constraint violation: 1062 Duplicate entry 'anh.y25@student.passerellesnumeriques.org' for key 'users.Email' (Connection: mysql, SQL: INSERT INTO users (ID, Role, FullName, Email, Password) VALUES (2024-01-13 06:43:04, Patient, Y Âm, anh.y25@student.passerellesnumeriques.org, yAm#1002987r36r6tyghgvgy#)) {"exception":"[object] (Illuminate\\Database\\UniqueConstraintViolationException(code: 23000): SQLSTATE[23000]: Integrity constraint violation: 1062 Duplicate entry 'anh.y25@student.passerellesnumeriques.org' for key 'users.Email' (Connection: mysql, SQL: INSERT INTO users (ID, Role, FullName, Email, Password) VALUES (2024-01-13 06:43:04, Patient, Y Âm, anh.y25@student.passerellesnumeriques.org, yAm#1002987r36r6tyghgvgy#)) at D:\\PNV25-MentalHealtCareApp\\vendor\\illuminate\\database\\Connection.php:817)
[stacktrace]
#0 D:\\PNV25-MentalHealtCareApp\\vendor\\illuminate\\database\\Connection.php(776): Illuminate\\Database\\Connection->runQueryCallback()
#1 D:\\PNV25-MentalHealtCareApp\\vendor\\illuminate\\database\\Connection.php(569): Illuminate\\Database\\Connection->run()
#2 D:\\PNV25-MentalHealtCareApp\\vendor\\illuminate\\database\\Connection.php(533): Illuminate\\Database\\Connection->statement()
#3 D:\\PNV25-MentalHealtCareApp\\vendor\\illuminate\\database\\DatabaseManager.php(509): Illuminate\\Database\\Connection->insert()
#4 D:\\PNV25-MentalHealtCareApp\\vendor\\illuminate\\support\\Facades\\Facade.php(355): Illuminate\\Database\\DatabaseManager->__call()
#5 D:\\PNV25-MentalHealtCareApp\\app\\Repositories\\UserRepository.php(16): Illuminate\\Support\\Facades\\Facade::__callStatic()
#6 D:\\PNV25-MentalHealtCareApp\\app\\Controllers\\Patient\\SignUpController.php(45): App\\Repositories\\UserRepository->insert()
#7 D:\\PNV25-MentalHealtCareApp\\vendor\\illuminate\\container\\BoundMethod.php(36): App\\Controllers\\Patient\\SignUpController->signUp()
#8 D:\\PNV25-MentalHealtCareApp\\vendor\\illuminate\\container\\Util.php(41): Illuminate\\Container\\BoundMethod::Illuminate\\Container\\{closure}()
#9 D:\\PNV25-MentalHealtCareApp\\vendor\\illuminate\\container\\BoundMethod.php(93): Illuminate\\Container\\Util::unwrapIfClosure()
#10 D:\\PNV25-MentalHealtCareApp\\vendor\\illuminate\\container\\BoundMethod.php(35): Illuminate\\Container\\BoundMethod::callBoundMethod()
#11 D:\\PNV25-MentalHealtCareApp\\vendor\\illuminate\\container\\Container.php(662): Illuminate\\Container\\BoundMethod::call()
#12 D:\\PNV25-MentalHealtCareApp\\vendor\\laravel\\lumen-framework\\src\\Concerns\\RoutesRequests.php(391): Illuminate\\Container\\Container->call()
#13 D:\\PNV25-MentalHealtCareApp\\vendor\\laravel\\lumen-framework\\src\\Concerns\\RoutesRequests.php(356): Laravel\\Lumen\\Application->callControllerCallable()
#14 D:\\PNV25-MentalHealtCareApp\\vendor\\laravel\\lumen-framework\\src\\Concerns\\RoutesRequests.php(331): Laravel\\Lumen\\Application->callLumenController()
#15 D:\\PNV25-MentalHealtCareApp\\vendor\\laravel\\lumen-framework\\src\\Concerns\\RoutesRequests.php(284): Laravel\\Lumen\\Application->callControllerAction()
#16 D:\\PNV25-MentalHealtCareApp\\vendor\\laravel\\lumen-framework\\src\\Concerns\\RoutesRequests.php(269): Laravel\\Lumen\\Application->callActionOnArrayBasedRoute()
#17 D:\\PNV25-MentalHealtCareApp\\vendor\\laravel\\lumen-framework\\src\\Concerns\\RoutesRequests.php(171): Laravel\\Lumen\\Application->handleFoundRoute()
#18 D:\\PNV25-MentalHealtCareApp\\vendor\\laravel\\lumen-framework\\src\\Concerns\\RoutesRequests.php(431): Laravel\\Lumen\\Application->Laravel\\Lumen\\Concerns\\{closure}()
#19 D:\\PNV25-MentalHealtCareApp\\vendor\\laravel\\lumen-framework\\src\\Concerns\\RoutesRequests.php(167): Laravel\\Lumen\\Application->sendThroughPipeline()
#20 D:\\PNV25-MentalHealtCareApp\\vendor\\laravel\\lumen-framework\\src\\Concerns\\RoutesRequests.php(112): Laravel\\Lumen\\Application->dispatch()
#21 D:\\PNV25-MentalHealtCareApp\\public\\index.php(28): Laravel\\Lumen\\Application->run()
#22 {main}

[previous exception] [object] (PDOException(code: 23000): SQLSTATE[23000]: Integrity constraint violation: 1062 Duplicate entry 'anh.y25@student.passerellesnumeriques.org' for key 'users.Email' at D:\\PNV25-MentalHealtCareApp\\vendor\\illuminate\\database\\Connection.php:580)
[stacktrace]
#0 D:\\PNV25-MentalHealtCareApp\\vendor\\illuminate\\database\\Connection.php(580): PDOStatement->execute()
#1 D:\\PNV25-MentalHealtCareApp\\vendor\\illuminate\\database\\Connection.php(809): Illuminate\\Database\\Connection->Illuminate\\Database\\{closure}()
#2 D:\\PNV25-MentalHealtCareApp\\vendor\\illuminate\\database\\Connection.php(776): Illuminate\\Database\\Connection->runQueryCallback()
#3 D:\\PNV25-MentalHealtCareApp\\vendor\\illuminate\\database\\Connection.php(569): Illuminate\\Database\\Connection->run()
#4 D:\\PNV25-MentalHealtCareApp\\vendor\\illuminate\\database\\Connection.php(533): Illuminate\\Database\\Connection->statement()
#5 D:\\PNV25-MentalHealtCareApp\\vendor\\illuminate\\database\\DatabaseManager.php(509): Illuminate\\Database\\Connection->insert()
#6 D:\\PNV25-MentalHealtCareApp\\vendor\\illuminate\\support\\Facades\\Facade.php(355): Illuminate\\Database\\DatabaseManager->__call()
#7 D:\\PNV25-MentalHealtCareApp\\app\\Repositories\\UserRepository.php(16): Illuminate\\Support\\Facades\\Facade::__callStatic()
#8 D:\\PNV25-MentalHealtCareApp\\app\\Controllers\\Patient\\SignUpController.php(45): App\\Repositories\\UserRepository->insert()
#9 D:\\PNV25-MentalHealtCareApp\\vendor\\illuminate\\container\\BoundMethod.php(36): App\\Controllers\\Patient\\SignUpController->signUp()
#10 D:\\PNV25-MentalHealtCareApp\\vendor\\illuminate\\container\\Util.php(41): Illuminate\\Container\\BoundMethod::Illuminate\\Container\\{closure}()
#11 D:\\PNV25-MentalHealtCareApp\\vendor\\illuminate\\container\\BoundMethod.php(93): Illuminate\\Container\\Util::unwrapIfClosure()
#12 D:\\PNV25-MentalHealtCareApp\\vendor\\illuminate\\container\\BoundMethod.php(35): Illuminate\\Container\\BoundMethod::callBoundMethod()
#13 D:\\PNV25-MentalHealtCareApp\\vendor\\illuminate\\container\\Container.php(662): Illuminate\\Container\\BoundMethod::call()
#14 D:\\PNV25-MentalHealtCareApp\\vendor\\laravel\\lumen-framework\\src\\Concerns\\RoutesRequests.php(391): Illuminate\\Container\\Container->call()
#15 D:\\PNV25-MentalHealtCareApp\\vendor\\laravel\\lumen-framework\\src\\Concerns\\RoutesRequests.php(356): Laravel\\Lumen\\Application->callControllerCallable()
#16 D:\\PNV25-MentalHealtCareApp\\vendor\\laravel\\lumen-framework\\src\\Concerns\\RoutesRequests.php(331): Laravel\\Lumen\\Application->callLumenController()
#17 D:\\PNV25-MentalHealtCareApp\\vendor\\laravel\\lumen-framework\\src\\Concerns\\RoutesRequests.php(284): Laravel\\Lumen\\Application->callControllerAction()
#18 D:\\PNV25-MentalHealtCareApp\\vendor\\laravel\\lumen-framework\\src\\Concerns\\RoutesRequests.php(269): Laravel\\Lumen\\Application->callActionOnArrayBasedRoute()
#19 D:\\PNV25-MentalHealtCareApp\\vendor\\laravel\\lumen-framework\\src\\Concerns\\RoutesRequests.php(171): Laravel\\Lumen\\Application->handleFoundRoute()
#20 D:\\PNV25-MentalHealtCareApp\\vendor\\laravel\\lumen-framework\\src\\Concerns\\RoutesRequests.php(431): Laravel\\Lumen\\Application->Laravel\\Lumen\\Concerns\\{closure}()
#21 D:\\PNV25-MentalHealtCareApp\\vendor\\laravel\\lumen-framework\\src\\Concerns\\RoutesRequests.php(167): Laravel\\Lumen\\Application->sendThroughPipeline()
#22 D:\\PNV25-MentalHealtCareApp\\vendor\\laravel\\lumen-framework\\src\\Concerns\\RoutesRequests.php(112): Laravel\\Lumen\\Application->dispatch()
#23 D:\\PNV25-MentalHealtCareApp\\public\\index.php(28): Laravel\\Lumen\\Application->run()
#24 {main}
"} 
[2024-01-13 06:46:48] local.ERROR: SQLSTATE[23000]: Integrity constraint violation: 1062 Duplicate entry 'anh.y25@student.passerellesnumeriques.org' for key 'users.Email' (Connection: mysql, SQL: INSERT INTO users (ID, Role, FullName, Email, Password) VALUES (2024-01-13 06:46:48, Patient, Y Âm, anh.y25@student.passerellesnumeriques.org, yAm#1002987r36r6tyghgvgy#)) {"exception":"[object] (Illuminate\\Database\\UniqueConstraintViolationException(code: 23000): SQLSTATE[23000]: Integrity constraint violation: 1062 Duplicate entry 'anh.y25@student.passerellesnumeriques.org' for key 'users.Email' (Connection: mysql, SQL: INSERT INTO users (ID, Role, FullName, Email, Password) VALUES (2024-01-13 06:46:48, Patient, Y Âm, anh.y25@student.passerellesnumeriques.org, yAm#1002987r36r6tyghgvgy#)) at D:\\PNV25-MentalHealtCareApp\\vendor\\illuminate\\database\\Connection.php:817)
[stacktrace]
#0 D:\\PNV25-MentalHealtCareApp\\vendor\\illuminate\\database\\Connection.php(776): Illuminate\\Database\\Connection->runQueryCallback()
#1 D:\\PNV25-MentalHealtCareApp\\vendor\\illuminate\\database\\Connection.php(569): Illuminate\\Database\\Connection->run()
#2 D:\\PNV25-MentalHealtCareApp\\vendor\\illuminate\\database\\Connection.php(533): Illuminate\\Database\\Connection->statement()
#3 D:\\PNV25-MentalHealtCareApp\\vendor\\illuminate\\database\\DatabaseManager.php(509): Illuminate\\Database\\Connection->insert()
#4 D:\\PNV25-MentalHealtCareApp\\vendor\\illuminate\\support\\Facades\\Facade.php(355): Illuminate\\Database\\DatabaseManager->__call()
#5 D:\\PNV25-MentalHealtCareApp\\app\\Repositories\\UserRepository.php(16): Illuminate\\Support\\Facades\\Facade::__callStatic()
#6 D:\\PNV25-MentalHealtCareApp\\app\\Controllers\\Patient\\SignUpController.php(45): App\\Repositories\\UserRepository->insert()
#7 D:\\PNV25-MentalHealtCareApp\\vendor\\illuminate\\container\\BoundMethod.php(36): App\\Controllers\\Patient\\SignUpController->signUp()
#8 D:\\PNV25-MentalHealtCareApp\\vendor\\illuminate\\container\\Util.php(41): Illuminate\\Container\\BoundMethod::Illuminate\\Container\\{closure}()
#9 D:\\PNV25-MentalHealtCareApp\\vendor\\illuminate\\container\\BoundMethod.php(93): Illuminate\\Container\\Util::unwrapIfClosure()
#10 D:\\PNV25-MentalHealtCareApp\\vendor\\illuminate\\container\\BoundMethod.php(35): Illuminate\\Container\\BoundMethod::callBoundMethod()
#11 D:\\PNV25-MentalHealtCareApp\\vendor\\illuminate\\container\\Container.php(662): Illuminate\\Container\\BoundMethod::call()
#12 D:\\PNV25-MentalHealtCareApp\\vendor\\laravel\\lumen-framework\\src\\Concerns\\RoutesRequests.php(391): Illuminate\\Container\\Container->call()
#13 D:\\PNV25-MentalHealtCareApp\\vendor\\laravel\\lumen-framework\\src\\Concerns\\RoutesRequests.php(356): Laravel\\Lumen\\Application->callControllerCallable()
#14 D:\\PNV25-MentalHealtCareApp\\vendor\\laravel\\lumen-framework\\src\\Concerns\\RoutesRequests.php(331): Laravel\\Lumen\\Application->callLumenController()
#15 D:\\PNV25-MentalHealtCareApp\\vendor\\laravel\\lumen-framework\\src\\Concerns\\RoutesRequests.php(284): Laravel\\Lumen\\Application->callControllerAction()
#16 D:\\PNV25-MentalHealtCareApp\\vendor\\laravel\\lumen-framework\\src\\Concerns\\RoutesRequests.php(269): Laravel\\Lumen\\Application->callActionOnArrayBasedRoute()
#17 D:\\PNV25-MentalHealtCareApp\\vendor\\laravel\\lumen-framework\\src\\Concerns\\RoutesRequests.php(171): Laravel\\Lumen\\Application->handleFoundRoute()
#18 D:\\PNV25-MentalHealtCareApp\\vendor\\laravel\\lumen-framework\\src\\Concerns\\RoutesRequests.php(431): Laravel\\Lumen\\Application->Laravel\\Lumen\\Concerns\\{closure}()
#19 D:\\PNV25-MentalHealtCareApp\\vendor\\laravel\\lumen-framework\\src\\Concerns\\RoutesRequests.php(167): Laravel\\Lumen\\Application->sendThroughPipeline()
#20 D:\\PNV25-MentalHealtCareApp\\vendor\\laravel\\lumen-framework\\src\\Concerns\\RoutesRequests.php(112): Laravel\\Lumen\\Application->dispatch()
#21 D:\\PNV25-MentalHealtCareApp\\public\\index.php(28): Laravel\\Lumen\\Application->run()
#22 {main}

[previous exception] [object] (PDOException(code: 23000): SQLSTATE[23000]: Integrity constraint violation: 1062 Duplicate entry 'anh.y25@student.passerellesnumeriques.org' for key 'users.Email' at D:\\PNV25-MentalHealtCareApp\\vendor\\illuminate\\database\\Connection.php:580)
[stacktrace]
#0 D:\\PNV25-MentalHealtCareApp\\vendor\\illuminate\\database\\Connection.php(580): PDOStatement->execute()
#1 D:\\PNV25-MentalHealtCareApp\\vendor\\illuminate\\database\\Connection.php(809): Illuminate\\Database\\Connection->Illuminate\\Database\\{closure}()
#2 D:\\PNV25-MentalHealtCareApp\\vendor\\illuminate\\database\\Connection.php(776): Illuminate\\Database\\Connection->runQueryCallback()
#3 D:\\PNV25-MentalHealtCareApp\\vendor\\illuminate\\database\\Connection.php(569): Illuminate\\Database\\Connection->run()
#4 D:\\PNV25-MentalHealtCareApp\\vendor\\illuminate\\database\\Connection.php(533): Illuminate\\Database\\Connection->statement()
#5 D:\\PNV25-MentalHealtCareApp\\vendor\\illuminate\\database\\DatabaseManager.php(509): Illuminate\\Database\\Connection->insert()
#6 D:\\PNV25-MentalHealtCareApp\\vendor\\illuminate\\support\\Facades\\Facade.php(355): Illuminate\\Database\\DatabaseManager->__call()
#7 D:\\PNV25-MentalHealtCareApp\\app\\Repositories\\UserRepository.php(16): Illuminate\\Support\\Facades\\Facade::__callStatic()
#8 D:\\PNV25-MentalHealtCareApp\\app\\Controllers\\Patient\\SignUpController.php(45): App\\Repositories\\UserRepository->insert()
#9 D:\\PNV25-MentalHealtCareApp\\vendor\\illuminate\\container\\BoundMethod.php(36): App\\Controllers\\Patient\\SignUpController->signUp()
#10 D:\\PNV25-MentalHealtCareApp\\vendor\\illuminate\\container\\Util.php(41): Illuminate\\Container\\BoundMethod::Illuminate\\Container\\{closure}()
#11 D:\\PNV25-MentalHealtCareApp\\vendor\\illuminate\\container\\BoundMethod.php(93): Illuminate\\Container\\Util::unwrapIfClosure()
#12 D:\\PNV25-MentalHealtCareApp\\vendor\\illuminate\\container\\BoundMethod.php(35): Illuminate\\Container\\BoundMethod::callBoundMethod()
#13 D:\\PNV25-MentalHealtCareApp\\vendor\\illuminate\\container\\Container.php(662): Illuminate\\Container\\BoundMethod::call()
#14 D:\\PNV25-MentalHealtCareApp\\vendor\\laravel\\lumen-framework\\src\\Concerns\\RoutesRequests.php(391): Illuminate\\Container\\Container->call()
#15 D:\\PNV25-MentalHealtCareApp\\vendor\\laravel\\lumen-framework\\src\\Concerns\\RoutesRequests.php(356): Laravel\\Lumen\\Application->callControllerCallable()
#16 D:\\PNV25-MentalHealtCareApp\\vendor\\laravel\\lumen-framework\\src\\Concerns\\RoutesRequests.php(331): Laravel\\Lumen\\Application->callLumenController()
#17 D:\\PNV25-MentalHealtCareApp\\vendor\\laravel\\lumen-framework\\src\\Concerns\\RoutesRequests.php(284): Laravel\\Lumen\\Application->callControllerAction()
#18 D:\\PNV25-MentalHealtCareApp\\vendor\\laravel\\lumen-framework\\src\\Concerns\\RoutesRequests.php(269): Laravel\\Lumen\\Application->callActionOnArrayBasedRoute()
#19 D:\\PNV25-MentalHealtCareApp\\vendor\\laravel\\lumen-framework\\src\\Concerns\\RoutesRequests.php(171): Laravel\\Lumen\\Application->handleFoundRoute()
#20 D:\\PNV25-MentalHealtCareApp\\vendor\\laravel\\lumen-framework\\src\\Concerns\\RoutesRequests.php(431): Laravel\\Lumen\\Application->Laravel\\Lumen\\Concerns\\{closure}()
#21 D:\\PNV25-MentalHealtCareApp\\vendor\\laravel\\lumen-framework\\src\\Concerns\\RoutesRequests.php(167): Laravel\\Lumen\\Application->sendThroughPipeline()
#22 D:\\PNV25-MentalHealtCareApp\\vendor\\laravel\\lumen-framework\\src\\Concerns\\RoutesRequests.php(112): Laravel\\Lumen\\Application->dispatch()
#23 D:\\PNV25-MentalHealtCareApp\\public\\index.php(28): Laravel\\Lumen\\Application->run()
#24 {main}
"} 
