[2023-12-29 13:38:34] local.ERROR: Unable to resolve route handler. {"exception":"[object] (RuntimeException(code: 0): Unable to resolve route handler. at D:\\mentor\\PNV25-MentalHealtCareApp\\vendor\\laravel\\lumen-framework\\src\\Concerns\\RoutesRequests.php:300)
[stacktrace]
#0 D:\\mentor\\PNV25-MentalHealtCareApp\\vendor\\laravel\\lumen-framework\\src\\Concerns\\RoutesRequests.php(269): Laravel\\Lumen\\Application->callActionOnArrayBasedRoute()
#1 D:\\mentor\\PNV25-MentalHealtCareApp\\vendor\\laravel\\lumen-framework\\src\\Concerns\\RoutesRequests.php(171): Laravel\\Lumen\\Application->handleFoundRoute()
#2 D:\\mentor\\PNV25-MentalHealtCareApp\\vendor\\laravel\\lumen-framework\\src\\Concerns\\RoutesRequests.php(431): Laravel\\Lumen\\Application->Laravel\\Lumen\\Concerns\\{closure}()
#3 D:\\mentor\\PNV25-MentalHealtCareApp\\vendor\\laravel\\lumen-framework\\src\\Concerns\\RoutesRequests.php(167): Laravel\\Lumen\\Application->sendThroughPipeline()
#4 D:\\mentor\\PNV25-MentalHealtCareApp\\vendor\\laravel\\lumen-framework\\src\\Concerns\\RoutesRequests.php(112): Laravel\\Lumen\\Application->dispatch()
#5 D:\\mentor\\PNV25-MentalHealtCareApp\\public\\index.php(28): Laravel\\Lumen\\Application->run()
#6 {main}
"} 
[2023-12-29 13:39:22] local.ERROR: View [Test] not found. {"exception":"[object] (InvalidArgumentException(code: 0): View [Test] not found. at D:\\mentor\\PNV25-MentalHealtCareApp\\vendor\\illuminate\\view\\FileViewFinder.php:137)
[stacktrace]
#0 D:\\mentor\\PNV25-MentalHealtCareApp\\vendor\\illuminate\\view\\FileViewFinder.php(79): Illuminate\\View\\FileViewFinder->findInPaths()
#1 D:\\mentor\\PNV25-MentalHealtCareApp\\vendor\\illuminate\\view\\Factory.php(137): Illuminate\\View\\FileViewFinder->find()
#2 D:\\mentor\\PNV25-MentalHealtCareApp\\vendor\\laravel\\lumen-framework\\src\\helpers.php(433): Illuminate\\View\\Factory->make()
#3 D:\\mentor\\PNV25-MentalHealtCareApp\\app\\Controllers\\Common\\TestController.php(11): view()
#4 D:\\mentor\\PNV25-MentalHealtCareApp\\vendor\\illuminate\\container\\BoundMethod.php(36): App\\Controllers\\Common\\TestController->index()
#5 D:\\mentor\\PNV25-MentalHealtCareApp\\vendor\\illuminate\\container\\Util.php(41): Illuminate\\Container\\BoundMethod::Illuminate\\Container\\{closure}()
#6 D:\\mentor\\PNV25-MentalHealtCareApp\\vendor\\illuminate\\container\\BoundMethod.php(93): Illuminate\\Container\\Util::unwrapIfClosure()
#7 D:\\mentor\\PNV25-MentalHealtCareApp\\vendor\\illuminate\\container\\BoundMethod.php(35): Illuminate\\Container\\BoundMethod::callBoundMethod()
#8 D:\\mentor\\PNV25-MentalHealtCareApp\\vendor\\illuminate\\container\\Container.php(662): Illuminate\\Container\\BoundMethod::call()
#9 D:\\mentor\\PNV25-MentalHealtCareApp\\vendor\\laravel\\lumen-framework\\src\\Concerns\\RoutesRequests.php(391): Illuminate\\Container\\Container->call()
#10 D:\\mentor\\PNV25-MentalHealtCareApp\\vendor\\laravel\\lumen-framework\\src\\Concerns\\RoutesRequests.php(356): Laravel\\Lumen\\Application->callControllerCallable()
#11 D:\\mentor\\PNV25-MentalHealtCareApp\\vendor\\laravel\\lumen-framework\\src\\Concerns\\RoutesRequests.php(331): Laravel\\Lumen\\Application->callLumenController()
#12 D:\\mentor\\PNV25-MentalHealtCareApp\\vendor\\laravel\\lumen-framework\\src\\Concerns\\RoutesRequests.php(284): Laravel\\Lumen\\Application->callControllerAction()
#13 D:\\mentor\\PNV25-MentalHealtCareApp\\vendor\\laravel\\lumen-framework\\src\\Concerns\\RoutesRequests.php(269): Laravel\\Lumen\\Application->callActionOnArrayBasedRoute()
#14 D:\\mentor\\PNV25-MentalHealtCareApp\\vendor\\laravel\\lumen-framework\\src\\Concerns\\RoutesRequests.php(171): Laravel\\Lumen\\Application->handleFoundRoute()
#15 D:\\mentor\\PNV25-MentalHealtCareApp\\vendor\\laravel\\lumen-framework\\src\\Concerns\\RoutesRequests.php(431): Laravel\\Lumen\\Application->Laravel\\Lumen\\Concerns\\{closure}()
#16 D:\\mentor\\PNV25-MentalHealtCareApp\\vendor\\laravel\\lumen-framework\\src\\Concerns\\RoutesRequests.php(167): Laravel\\Lumen\\Application->sendThroughPipeline()
#17 D:\\mentor\\PNV25-MentalHealtCareApp\\vendor\\laravel\\lumen-framework\\src\\Concerns\\RoutesRequests.php(112): Laravel\\Lumen\\Application->dispatch()
#18 D:\\mentor\\PNV25-MentalHealtCareApp\\public\\index.php(28): Laravel\\Lumen\\Application->run()
#19 {main}
"} 
[2023-12-29 14:03:39] local.ERROR: include_once(../../layouts/HtmlHead.php): Failed to open stream: No such file or directory {"exception":"[object] (ErrorException(code: 0): include_once(../../layouts/HtmlHead.php): Failed to open stream: No such file or directory at D:\\mentor\\PNV25-MentalHealtCareApp\\resources\\views\\pages\\common\\SignIn.php:1)
[stacktrace]
#0 D:\\mentor\\PNV25-MentalHealtCareApp\\vendor\\laravel\\lumen-framework\\src\\Concerns\\RegistersExceptionHandlers.php(47): Laravel\\Lumen\\Application->handleError()
#1 D:\\mentor\\PNV25-MentalHealtCareApp\\resources\\views\\pages\\common\\SignIn.php(1): Laravel\\Lumen\\Application->Laravel\\Lumen\\Concerns\\{closure}()
#2 D:\\mentor\\PNV25-MentalHealtCareApp\\resources\\views\\pages\\common\\SignIn.php(1): include_once('...')
#3 D:\\mentor\\PNV25-MentalHealtCareApp\\vendor\\illuminate\\filesystem\\Filesystem.php(124): require('...')
#4 D:\\mentor\\PNV25-MentalHealtCareApp\\vendor\\illuminate\\filesystem\\Filesystem.php(125): Illuminate\\Filesystem\\Filesystem::Illuminate\\Filesystem\\{closure}()
#5 D:\\mentor\\PNV25-MentalHealtCareApp\\vendor\\illuminate\\view\\Engines\\PhpEngine.php(58): Illuminate\\Filesystem\\Filesystem->getRequire()
#6 D:\\mentor\\PNV25-MentalHealtCareApp\\vendor\\illuminate\\view\\Engines\\PhpEngine.php(38): Illuminate\\View\\Engines\\PhpEngine->evaluatePath()
#7 D:\\mentor\\PNV25-MentalHealtCareApp\\vendor\\illuminate\\view\\View.php(207): Illuminate\\View\\Engines\\PhpEngine->get()
#8 D:\\mentor\\PNV25-MentalHealtCareApp\\vendor\\illuminate\\view\\View.php(190): Illuminate\\View\\View->getContents()
#9 D:\\mentor\\PNV25-MentalHealtCareApp\\vendor\\illuminate\\view\\View.php(159): Illuminate\\View\\View->renderContents()
#10 D:\\mentor\\PNV25-MentalHealtCareApp\\vendor\\illuminate\\http\\Response.php(69): Illuminate\\View\\View->render()
#11 D:\\mentor\\PNV25-MentalHealtCareApp\\vendor\\illuminate\\http\\Response.php(35): Illuminate\\Http\\Response->setContent()
#12 D:\\mentor\\PNV25-MentalHealtCareApp\\vendor\\laravel\\lumen-framework\\src\\Concerns\\RoutesRequests.php(451): Illuminate\\Http\\Response->__construct()
#13 D:\\mentor\\PNV25-MentalHealtCareApp\\vendor\\laravel\\lumen-framework\\src\\Concerns\\RoutesRequests.php(390): Laravel\\Lumen\\Application->prepareResponse()
#14 D:\\mentor\\PNV25-MentalHealtCareApp\\vendor\\laravel\\lumen-framework\\src\\Concerns\\RoutesRequests.php(356): Laravel\\Lumen\\Application->callControllerCallable()
#15 D:\\mentor\\PNV25-MentalHealtCareApp\\vendor\\laravel\\lumen-framework\\src\\Concerns\\RoutesRequests.php(331): Laravel\\Lumen\\Application->callLumenController()
#16 D:\\mentor\\PNV25-MentalHealtCareApp\\vendor\\laravel\\lumen-framework\\src\\Concerns\\RoutesRequests.php(284): Laravel\\Lumen\\Application->callControllerAction()
#17 D:\\mentor\\PNV25-MentalHealtCareApp\\vendor\\laravel\\lumen-framework\\src\\Concerns\\RoutesRequests.php(269): Laravel\\Lumen\\Application->callActionOnArrayBasedRoute()
#18 D:\\mentor\\PNV25-MentalHealtCareApp\\vendor\\laravel\\lumen-framework\\src\\Concerns\\RoutesRequests.php(171): Laravel\\Lumen\\Application->handleFoundRoute()
#19 D:\\mentor\\PNV25-MentalHealtCareApp\\vendor\\laravel\\lumen-framework\\src\\Concerns\\RoutesRequests.php(431): Laravel\\Lumen\\Application->Laravel\\Lumen\\Concerns\\{closure}()
#20 D:\\mentor\\PNV25-MentalHealtCareApp\\vendor\\laravel\\lumen-framework\\src\\Concerns\\RoutesRequests.php(167): Laravel\\Lumen\\Application->sendThroughPipeline()
#21 D:\\mentor\\PNV25-MentalHealtCareApp\\vendor\\laravel\\lumen-framework\\src\\Concerns\\RoutesRequests.php(112): Laravel\\Lumen\\Application->dispatch()
#22 D:\\mentor\\PNV25-MentalHealtCareApp\\public\\index.php(28): Laravel\\Lumen\\Application->run()
#23 {main}
"} 
[2023-12-29 14:34:06] local.ERROR: Class "App\Dtos\Patient\SignInReq" not found {"exception":"[object] (Error(code: 0): Class \"App\\Dtos\\Patient\\SignInReq\" not found at D:\\mentor\\PNV25-MentalHealtCareApp\\app\\Controllers\\Common\\SignInController.php:19)
[stacktrace]
#0 D:\\mentor\\PNV25-MentalHealtCareApp\\vendor\\illuminate\\container\\BoundMethod.php(36): App\\Controllers\\Common\\SignInController->signIn()
#1 D:\\mentor\\PNV25-MentalHealtCareApp\\vendor\\illuminate\\container\\Util.php(41): Illuminate\\Container\\BoundMethod::Illuminate\\Container\\{closure}()
#2 D:\\mentor\\PNV25-MentalHealtCareApp\\vendor\\illuminate\\container\\BoundMethod.php(93): Illuminate\\Container\\Util::unwrapIfClosure()
#3 D:\\mentor\\PNV25-MentalHealtCareApp\\vendor\\illuminate\\container\\BoundMethod.php(35): Illuminate\\Container\\BoundMethod::callBoundMethod()
#4 D:\\mentor\\PNV25-MentalHealtCareApp\\vendor\\illuminate\\container\\Container.php(662): Illuminate\\Container\\BoundMethod::call()
#5 D:\\mentor\\PNV25-MentalHealtCareApp\\vendor\\laravel\\lumen-framework\\src\\Concerns\\RoutesRequests.php(391): Illuminate\\Container\\Container->call()
#6 D:\\mentor\\PNV25-MentalHealtCareApp\\vendor\\laravel\\lumen-framework\\src\\Concerns\\RoutesRequests.php(356): Laravel\\Lumen\\Application->callControllerCallable()
#7 D:\\mentor\\PNV25-MentalHealtCareApp\\vendor\\laravel\\lumen-framework\\src\\Concerns\\RoutesRequests.php(331): Laravel\\Lumen\\Application->callLumenController()
#8 D:\\mentor\\PNV25-MentalHealtCareApp\\vendor\\laravel\\lumen-framework\\src\\Concerns\\RoutesRequests.php(284): Laravel\\Lumen\\Application->callControllerAction()
#9 D:\\mentor\\PNV25-MentalHealtCareApp\\vendor\\laravel\\lumen-framework\\src\\Concerns\\RoutesRequests.php(269): Laravel\\Lumen\\Application->callActionOnArrayBasedRoute()
#10 D:\\mentor\\PNV25-MentalHealtCareApp\\vendor\\laravel\\lumen-framework\\src\\Concerns\\RoutesRequests.php(171): Laravel\\Lumen\\Application->handleFoundRoute()
#11 D:\\mentor\\PNV25-MentalHealtCareApp\\vendor\\laravel\\lumen-framework\\src\\Concerns\\RoutesRequests.php(431): Laravel\\Lumen\\Application->Laravel\\Lumen\\Concerns\\{closure}()
#12 D:\\mentor\\PNV25-MentalHealtCareApp\\vendor\\laravel\\lumen-framework\\src\\Concerns\\RoutesRequests.php(167): Laravel\\Lumen\\Application->sendThroughPipeline()
#13 D:\\mentor\\PNV25-MentalHealtCareApp\\vendor\\laravel\\lumen-framework\\src\\Concerns\\RoutesRequests.php(112): Laravel\\Lumen\\Application->dispatch()
#14 D:\\mentor\\PNV25-MentalHealtCareApp\\public\\index.php(28): Laravel\\Lumen\\Application->run()
#15 {main}
"} 
[2023-12-29 14:35:29] local.ERROR: Class "App\Dtos\Patient\SignInReq" not found {"exception":"[object] (Error(code: 0): Class \"App\\Dtos\\Patient\\SignInReq\" not found at D:\\mentor\\PNV25-MentalHealtCareApp\\app\\Controllers\\Common\\SignInController.php:19)
[stacktrace]
#0 D:\\mentor\\PNV25-MentalHealtCareApp\\vendor\\illuminate\\container\\BoundMethod.php(36): App\\Controllers\\Common\\SignInController->signIn()
#1 D:\\mentor\\PNV25-MentalHealtCareApp\\vendor\\illuminate\\container\\Util.php(41): Illuminate\\Container\\BoundMethod::Illuminate\\Container\\{closure}()
#2 D:\\mentor\\PNV25-MentalHealtCareApp\\vendor\\illuminate\\container\\BoundMethod.php(93): Illuminate\\Container\\Util::unwrapIfClosure()
#3 D:\\mentor\\PNV25-MentalHealtCareApp\\vendor\\illuminate\\container\\BoundMethod.php(35): Illuminate\\Container\\BoundMethod::callBoundMethod()
#4 D:\\mentor\\PNV25-MentalHealtCareApp\\vendor\\illuminate\\container\\Container.php(662): Illuminate\\Container\\BoundMethod::call()
#5 D:\\mentor\\PNV25-MentalHealtCareApp\\vendor\\laravel\\lumen-framework\\src\\Concerns\\RoutesRequests.php(391): Illuminate\\Container\\Container->call()
#6 D:\\mentor\\PNV25-MentalHealtCareApp\\vendor\\laravel\\lumen-framework\\src\\Concerns\\RoutesRequests.php(356): Laravel\\Lumen\\Application->callControllerCallable()
#7 D:\\mentor\\PNV25-MentalHealtCareApp\\vendor\\laravel\\lumen-framework\\src\\Concerns\\RoutesRequests.php(331): Laravel\\Lumen\\Application->callLumenController()
#8 D:\\mentor\\PNV25-MentalHealtCareApp\\vendor\\laravel\\lumen-framework\\src\\Concerns\\RoutesRequests.php(284): Laravel\\Lumen\\Application->callControllerAction()
#9 D:\\mentor\\PNV25-MentalHealtCareApp\\vendor\\laravel\\lumen-framework\\src\\Concerns\\RoutesRequests.php(269): Laravel\\Lumen\\Application->callActionOnArrayBasedRoute()
#10 D:\\mentor\\PNV25-MentalHealtCareApp\\vendor\\laravel\\lumen-framework\\src\\Concerns\\RoutesRequests.php(171): Laravel\\Lumen\\Application->handleFoundRoute()
#11 D:\\mentor\\PNV25-MentalHealtCareApp\\vendor\\laravel\\lumen-framework\\src\\Concerns\\RoutesRequests.php(431): Laravel\\Lumen\\Application->Laravel\\Lumen\\Concerns\\{closure}()
#12 D:\\mentor\\PNV25-MentalHealtCareApp\\vendor\\laravel\\lumen-framework\\src\\Concerns\\RoutesRequests.php(167): Laravel\\Lumen\\Application->sendThroughPipeline()
#13 D:\\mentor\\PNV25-MentalHealtCareApp\\vendor\\laravel\\lumen-framework\\src\\Concerns\\RoutesRequests.php(112): Laravel\\Lumen\\Application->dispatch()
#14 D:\\mentor\\PNV25-MentalHealtCareApp\\public\\index.php(28): Laravel\\Lumen\\Application->run()
#15 {main}
"} 
