[2024-01-20 01:45:58] local.ERROR: Undefined variable $app {"exception":"[object] (ErrorException(code: 0): Undefined variable $app at E:\\Workspace\\PHP\\dự án php mental health care năm 2\\PNV25-MentalHealtCareApp\\routes\\web.php:75)
[stacktrace]
#0 E:\\Workspace\\PHP\\dự án php mental health care năm 2\\PNV25-MentalHealtCareApp\\vendor\\laravel\\lumen-framework\\src\\Concerns\\RegistersExceptionHandlers.php(47): Laravel\\Lumen\\Application->handleError()
#1 E:\\Workspace\\PHP\\dự án php mental health care năm 2\\PNV25-MentalHealtCareApp\\routes\\web.php(75): Laravel\\Lumen\\Application->Laravel\\Lumen\\Concerns\\{closure}()
#2 E:\\Workspace\\PHP\\dự án php mental health care năm 2\\PNV25-MentalHealtCareApp\\bootstrap\\app.php(69): require('...')
#3 E:\\Workspace\\PHP\\dự án php mental health care năm 2\\PNV25-MentalHealtCareApp\\vendor\\laravel\\lumen-framework\\src\\Routing\\Router.php(62): {closure}()
#4 E:\\Workspace\\PHP\\dự án php mental health care năm 2\\PNV25-MentalHealtCareApp\\bootstrap\\app.php(66): Laravel\\Lumen\\Routing\\Router->group()
#5 E:\\Workspace\\PHP\\dự án php mental health care năm 2\\PNV25-MentalHealtCareApp\\public\\index.php(14): require('...')
#6 {main}
"} 
[2024-01-20 01:52:25] local.ERROR: Target class [App\Controllers\Common\UploadController] does not exist. {"exception":"[object] (Illuminate\\Contracts\\Container\\BindingResolutionException(code: 0): Target class [App\\Controllers\\Common\\UploadController] does not exist. at E:\\Workspace\\PHP\\dự án php mental health care năm 2\\PNV25-MentalHealtCareApp\\vendor\\illuminate\\container\\Container.php:914)
[stacktrace]
#0 E:\\Workspace\\PHP\\dự án php mental health care năm 2\\PNV25-MentalHealtCareApp\\vendor\\illuminate\\container\\Container.php(795): Illuminate\\Container\\Container->build()
#1 E:\\Workspace\\PHP\\dự án php mental health care năm 2\\PNV25-MentalHealtCareApp\\vendor\\illuminate\\container\\Container.php(731): Illuminate\\Container\\Container->resolve()
#2 E:\\Workspace\\PHP\\dự án php mental health care năm 2\\PNV25-MentalHealtCareApp\\vendor\\laravel\\lumen-framework\\src\\Application.php(327): Illuminate\\Container\\Container->make()
#3 E:\\Workspace\\PHP\\dự án php mental health care năm 2\\PNV25-MentalHealtCareApp\\vendor\\laravel\\lumen-framework\\src\\Concerns\\RoutesRequests.php(326): Laravel\\Lumen\\Application->make()
#4 E:\\Workspace\\PHP\\dự án php mental health care năm 2\\PNV25-MentalHealtCareApp\\vendor\\laravel\\lumen-framework\\src\\Concerns\\RoutesRequests.php(284): Laravel\\Lumen\\Application->callControllerAction()
#5 E:\\Workspace\\PHP\\dự án php mental health care năm 2\\PNV25-MentalHealtCareApp\\vendor\\laravel\\lumen-framework\\src\\Concerns\\RoutesRequests.php(269): Laravel\\Lumen\\Application->callActionOnArrayBasedRoute()
#6 E:\\Workspace\\PHP\\dự án php mental health care năm 2\\PNV25-MentalHealtCareApp\\vendor\\laravel\\lumen-framework\\src\\Concerns\\RoutesRequests.php(171): Laravel\\Lumen\\Application->handleFoundRoute()
#7 E:\\Workspace\\PHP\\dự án php mental health care năm 2\\PNV25-MentalHealtCareApp\\vendor\\laravel\\lumen-framework\\src\\Concerns\\RoutesRequests.php(431): Laravel\\Lumen\\Application->Laravel\\Lumen\\Concerns\\{closure}()
#8 E:\\Workspace\\PHP\\dự án php mental health care năm 2\\PNV25-MentalHealtCareApp\\vendor\\laravel\\lumen-framework\\src\\Concerns\\RoutesRequests.php(167): Laravel\\Lumen\\Application->sendThroughPipeline()
#9 E:\\Workspace\\PHP\\dự án php mental health care năm 2\\PNV25-MentalHealtCareApp\\vendor\\laravel\\lumen-framework\\src\\Concerns\\RoutesRequests.php(112): Laravel\\Lumen\\Application->dispatch()
#10 E:\\Workspace\\PHP\\dự án php mental health care năm 2\\PNV25-MentalHealtCareApp\\public\\index.php(28): Laravel\\Lumen\\Application->run()
#11 {main}

[previous exception] [object] (ReflectionException(code: -1): Class \"App\\Controllers\\Common\\UploadController\" does not exist at E:\\Workspace\\PHP\\dự án php mental health care năm 2\\PNV25-MentalHealtCareApp\\vendor\\illuminate\\container\\Container.php:912)
[stacktrace]
#0 E:\\Workspace\\PHP\\dự án php mental health care năm 2\\PNV25-MentalHealtCareApp\\vendor\\illuminate\\container\\Container.php(912): ReflectionClass->__construct()
#1 E:\\Workspace\\PHP\\dự án php mental health care năm 2\\PNV25-MentalHealtCareApp\\vendor\\illuminate\\container\\Container.php(795): Illuminate\\Container\\Container->build()
#2 E:\\Workspace\\PHP\\dự án php mental health care năm 2\\PNV25-MentalHealtCareApp\\vendor\\illuminate\\container\\Container.php(731): Illuminate\\Container\\Container->resolve()
#3 E:\\Workspace\\PHP\\dự án php mental health care năm 2\\PNV25-MentalHealtCareApp\\vendor\\laravel\\lumen-framework\\src\\Application.php(327): Illuminate\\Container\\Container->make()
#4 E:\\Workspace\\PHP\\dự án php mental health care năm 2\\PNV25-MentalHealtCareApp\\vendor\\laravel\\lumen-framework\\src\\Concerns\\RoutesRequests.php(326): Laravel\\Lumen\\Application->make()
#5 E:\\Workspace\\PHP\\dự án php mental health care năm 2\\PNV25-MentalHealtCareApp\\vendor\\laravel\\lumen-framework\\src\\Concerns\\RoutesRequests.php(284): Laravel\\Lumen\\Application->callControllerAction()
#6 E:\\Workspace\\PHP\\dự án php mental health care năm 2\\PNV25-MentalHealtCareApp\\vendor\\laravel\\lumen-framework\\src\\Concerns\\RoutesRequests.php(269): Laravel\\Lumen\\Application->callActionOnArrayBasedRoute()
#7 E:\\Workspace\\PHP\\dự án php mental health care năm 2\\PNV25-MentalHealtCareApp\\vendor\\laravel\\lumen-framework\\src\\Concerns\\RoutesRequests.php(171): Laravel\\Lumen\\Application->handleFoundRoute()
#8 E:\\Workspace\\PHP\\dự án php mental health care năm 2\\PNV25-MentalHealtCareApp\\vendor\\laravel\\lumen-framework\\src\\Concerns\\RoutesRequests.php(431): Laravel\\Lumen\\Application->Laravel\\Lumen\\Concerns\\{closure}()
#9 E:\\Workspace\\PHP\\dự án php mental health care năm 2\\PNV25-MentalHealtCareApp\\vendor\\laravel\\lumen-framework\\src\\Concerns\\RoutesRequests.php(167): Laravel\\Lumen\\Application->sendThroughPipeline()
#10 E:\\Workspace\\PHP\\dự án php mental health care năm 2\\PNV25-MentalHealtCareApp\\vendor\\laravel\\lumen-framework\\src\\Concerns\\RoutesRequests.php(112): Laravel\\Lumen\\Application->dispatch()
#11 E:\\Workspace\\PHP\\dự án php mental health care năm 2\\PNV25-MentalHealtCareApp\\public\\index.php(28): Laravel\\Lumen\\Application->run()
#12 {main}
"} 
