[2024-01-12 06:42:23] local.ERROR:  {"exception":"[object] (Symfony\\Component\\HttpKernel\\Exception\\NotFoundHttpException(code: 0):  at D:\\PNV25-MentalHealtCareApp\\vendor\\laravel\\lumen-framework\\src\\Concerns\\RoutesRequests.php:235)
[stacktrace]
#0 D:\\PNV25-MentalHealtCareApp\\vendor\\laravel\\lumen-framework\\src\\Concerns\\RoutesRequests.php(174): Laravel\\Lumen\\Application->handleDispatcherResponse()
#1 D:\\PNV25-MentalHealtCareApp\\vendor\\laravel\\lumen-framework\\src\\Concerns\\RoutesRequests.php(431): Laravel\\Lumen\\Application->Laravel\\Lumen\\Concerns\\{closure}()
#2 D:\\PNV25-MentalHealtCareApp\\vendor\\laravel\\lumen-framework\\src\\Concerns\\RoutesRequests.php(167): Laravel\\Lumen\\Application->sendThroughPipeline()
#3 D:\\PNV25-MentalHealtCareApp\\vendor\\laravel\\lumen-framework\\src\\Concerns\\RoutesRequests.php(112): Laravel\\Lumen\\Application->dispatch()
#4 D:\\PNV25-MentalHealtCareApp\\public\\index.php(28): Laravel\\Lumen\\Application->run()
#5 {main}
"} 
[2024-01-12 06:42:24] local.ERROR:  {"exception":"[object] (Symfony\\Component\\HttpKernel\\Exception\\NotFoundHttpException(code: 0):  at D:\\PNV25-MentalHealtCareApp\\vendor\\laravel\\lumen-framework\\src\\Concerns\\RoutesRequests.php:235)
[stacktrace]
#0 D:\\PNV25-MentalHealtCareApp\\vendor\\laravel\\lumen-framework\\src\\Concerns\\RoutesRequests.php(174): Laravel\\Lumen\\Application->handleDispatcherResponse()
#1 D:\\PNV25-MentalHealtCareApp\\vendor\\laravel\\lumen-framework\\src\\Concerns\\RoutesRequests.php(431): Laravel\\Lumen\\Application->Laravel\\Lumen\\Concerns\\{closure}()
#2 D:\\PNV25-MentalHealtCareApp\\vendor\\laravel\\lumen-framework\\src\\Concerns\\RoutesRequests.php(167): Laravel\\Lumen\\Application->sendThroughPipeline()
#3 D:\\PNV25-MentalHealtCareApp\\vendor\\laravel\\lumen-framework\\src\\Concerns\\RoutesRequests.php(112): Laravel\\Lumen\\Application->dispatch()
#4 D:\\PNV25-MentalHealtCareApp\\public\\index.php(28): Laravel\\Lumen\\Application->run()
#5 {main}
"} 
[2024-01-12 06:42:26] local.ERROR:  {"exception":"[object] (Symfony\\Component\\HttpKernel\\Exception\\NotFoundHttpException(code: 0):  at D:\\PNV25-MentalHealtCareApp\\vendor\\laravel\\lumen-framework\\src\\Concerns\\RoutesRequests.php:235)
[stacktrace]
#0 D:\\PNV25-MentalHealtCareApp\\vendor\\laravel\\lumen-framework\\src\\Concerns\\RoutesRequests.php(174): Laravel\\Lumen\\Application->handleDispatcherResponse()
#1 D:\\PNV25-MentalHealtCareApp\\vendor\\laravel\\lumen-framework\\src\\Concerns\\RoutesRequests.php(431): Laravel\\Lumen\\Application->Laravel\\Lumen\\Concerns\\{closure}()
#2 D:\\PNV25-MentalHealtCareApp\\vendor\\laravel\\lumen-framework\\src\\Concerns\\RoutesRequests.php(167): Laravel\\Lumen\\Application->sendThroughPipeline()
#3 D:\\PNV25-MentalHealtCareApp\\vendor\\laravel\\lumen-framework\\src\\Concerns\\RoutesRequests.php(112): Laravel\\Lumen\\Application->dispatch()
#4 D:\\PNV25-MentalHealtCareApp\\public\\index.php(28): Laravel\\Lumen\\Application->run()
#5 {main}
"} 
[2024-01-12 06:42:28] local.ERROR:  {"exception":"[object] (Symfony\\Component\\HttpKernel\\Exception\\NotFoundHttpException(code: 0):  at D:\\PNV25-MentalHealtCareApp\\vendor\\laravel\\lumen-framework\\src\\Concerns\\RoutesRequests.php:235)
[stacktrace]
#0 D:\\PNV25-MentalHealtCareApp\\vendor\\laravel\\lumen-framework\\src\\Concerns\\RoutesRequests.php(174): Laravel\\Lumen\\Application->handleDispatcherResponse()
#1 D:\\PNV25-MentalHealtCareApp\\vendor\\laravel\\lumen-framework\\src\\Concerns\\RoutesRequests.php(431): Laravel\\Lumen\\Application->Laravel\\Lumen\\Concerns\\{closure}()
#2 D:\\PNV25-MentalHealtCareApp\\vendor\\laravel\\lumen-framework\\src\\Concerns\\RoutesRequests.php(167): Laravel\\Lumen\\Application->sendThroughPipeline()
#3 D:\\PNV25-MentalHealtCareApp\\vendor\\laravel\\lumen-framework\\src\\Concerns\\RoutesRequests.php(112): Laravel\\Lumen\\Application->dispatch()
#4 D:\\PNV25-MentalHealtCareApp\\public\\index.php(28): Laravel\\Lumen\\Application->run()
#5 {main}
"} 
[2024-01-12 08:13:35] local.ERROR:  {"exception":"[object] (Symfony\\Component\\HttpKernel\\Exception\\NotFoundHttpException(code: 0):  at D:\\PNV25-MentalHealtCareApp\\vendor\\laravel\\lumen-framework\\src\\Concerns\\RoutesRequests.php:235)
[stacktrace]
#0 D:\\PNV25-MentalHealtCareApp\\vendor\\laravel\\lumen-framework\\src\\Concerns\\RoutesRequests.php(174): Laravel\\Lumen\\Application->handleDispatcherResponse()
#1 D:\\PNV25-MentalHealtCareApp\\vendor\\laravel\\lumen-framework\\src\\Concerns\\RoutesRequests.php(431): Laravel\\Lumen\\Application->Laravel\\Lumen\\Concerns\\{closure}()
#2 D:\\PNV25-MentalHealtCareApp\\vendor\\laravel\\lumen-framework\\src\\Concerns\\RoutesRequests.php(167): Laravel\\Lumen\\Application->sendThroughPipeline()
#3 D:\\PNV25-MentalHealtCareApp\\vendor\\laravel\\lumen-framework\\src\\Concerns\\RoutesRequests.php(112): Laravel\\Lumen\\Application->dispatch()
#4 D:\\PNV25-MentalHealtCareApp\\public\\index.php(28): Laravel\\Lumen\\Application->run()
#5 {main}
"} 
[2024-01-12 08:13:36] local.ERROR:  {"exception":"[object] (Symfony\\Component\\HttpKernel\\Exception\\NotFoundHttpException(code: 0):  at D:\\PNV25-MentalHealtCareApp\\vendor\\laravel\\lumen-framework\\src\\Concerns\\RoutesRequests.php:235)
[stacktrace]
#0 D:\\PNV25-MentalHealtCareApp\\vendor\\laravel\\lumen-framework\\src\\Concerns\\RoutesRequests.php(174): Laravel\\Lumen\\Application->handleDispatcherResponse()
#1 D:\\PNV25-MentalHealtCareApp\\vendor\\laravel\\lumen-framework\\src\\Concerns\\RoutesRequests.php(431): Laravel\\Lumen\\Application->Laravel\\Lumen\\Concerns\\{closure}()
#2 D:\\PNV25-MentalHealtCareApp\\vendor\\laravel\\lumen-framework\\src\\Concerns\\RoutesRequests.php(167): Laravel\\Lumen\\Application->sendThroughPipeline()
#3 D:\\PNV25-MentalHealtCareApp\\vendor\\laravel\\lumen-framework\\src\\Concerns\\RoutesRequests.php(112): Laravel\\Lumen\\Application->dispatch()
#4 D:\\PNV25-MentalHealtCareApp\\public\\index.php(28): Laravel\\Lumen\\Application->run()
#5 {main}
"} 
[2024-01-12 08:13:55] local.ERROR:  {"exception":"[object] (Symfony\\Component\\HttpKernel\\Exception\\NotFoundHttpException(code: 0):  at D:\\PNV25-MentalHealtCareApp\\vendor\\laravel\\lumen-framework\\src\\Concerns\\RoutesRequests.php:235)
[stacktrace]
#0 D:\\PNV25-MentalHealtCareApp\\vendor\\laravel\\lumen-framework\\src\\Concerns\\RoutesRequests.php(174): Laravel\\Lumen\\Application->handleDispatcherResponse()
#1 D:\\PNV25-MentalHealtCareApp\\vendor\\laravel\\lumen-framework\\src\\Concerns\\RoutesRequests.php(431): Laravel\\Lumen\\Application->Laravel\\Lumen\\Concerns\\{closure}()
#2 D:\\PNV25-MentalHealtCareApp\\vendor\\laravel\\lumen-framework\\src\\Concerns\\RoutesRequests.php(167): Laravel\\Lumen\\Application->sendThroughPipeline()
#3 D:\\PNV25-MentalHealtCareApp\\vendor\\laravel\\lumen-framework\\src\\Concerns\\RoutesRequests.php(112): Laravel\\Lumen\\Application->dispatch()
#4 D:\\PNV25-MentalHealtCareApp\\public\\index.php(28): Laravel\\Lumen\\Application->run()
#5 {main}
"} 
[2024-01-12 08:15:18] local.ERROR:  {"exception":"[object] (Symfony\\Component\\HttpKernel\\Exception\\NotFoundHttpException(code: 0):  at D:\\PNV25-MentalHealtCareApp\\vendor\\laravel\\lumen-framework\\src\\Concerns\\RoutesRequests.php:235)
[stacktrace]
#0 D:\\PNV25-MentalHealtCareApp\\vendor\\laravel\\lumen-framework\\src\\Concerns\\RoutesRequests.php(174): Laravel\\Lumen\\Application->handleDispatcherResponse()
#1 D:\\PNV25-MentalHealtCareApp\\vendor\\laravel\\lumen-framework\\src\\Concerns\\RoutesRequests.php(431): Laravel\\Lumen\\Application->Laravel\\Lumen\\Concerns\\{closure}()
#2 D:\\PNV25-MentalHealtCareApp\\vendor\\laravel\\lumen-framework\\src\\Concerns\\RoutesRequests.php(167): Laravel\\Lumen\\Application->sendThroughPipeline()
#3 D:\\PNV25-MentalHealtCareApp\\vendor\\laravel\\lumen-framework\\src\\Concerns\\RoutesRequests.php(112): Laravel\\Lumen\\Application->dispatch()
#4 D:\\PNV25-MentalHealtCareApp\\public\\index.php(28): Laravel\\Lumen\\Application->run()
#5 {main}
"} 
[2024-01-12 08:15:20] local.ERROR:  {"exception":"[object] (Symfony\\Component\\HttpKernel\\Exception\\NotFoundHttpException(code: 0):  at D:\\PNV25-MentalHealtCareApp\\vendor\\laravel\\lumen-framework\\src\\Concerns\\RoutesRequests.php:235)
[stacktrace]
#0 D:\\PNV25-MentalHealtCareApp\\vendor\\laravel\\lumen-framework\\src\\Concerns\\RoutesRequests.php(174): Laravel\\Lumen\\Application->handleDispatcherResponse()
#1 D:\\PNV25-MentalHealtCareApp\\vendor\\laravel\\lumen-framework\\src\\Concerns\\RoutesRequests.php(431): Laravel\\Lumen\\Application->Laravel\\Lumen\\Concerns\\{closure}()
#2 D:\\PNV25-MentalHealtCareApp\\vendor\\laravel\\lumen-framework\\src\\Concerns\\RoutesRequests.php(167): Laravel\\Lumen\\Application->sendThroughPipeline()
#3 D:\\PNV25-MentalHealtCareApp\\vendor\\laravel\\lumen-framework\\src\\Concerns\\RoutesRequests.php(112): Laravel\\Lumen\\Application->dispatch()
#4 D:\\PNV25-MentalHealtCareApp\\public\\index.php(28): Laravel\\Lumen\\Application->run()
#5 {main}
"} 
[2024-01-12 08:15:35] local.ERROR:  {"exception":"[object] (Symfony\\Component\\HttpKernel\\Exception\\NotFoundHttpException(code: 0):  at D:\\PNV25-MentalHealtCareApp\\vendor\\laravel\\lumen-framework\\src\\Concerns\\RoutesRequests.php:235)
[stacktrace]
#0 D:\\PNV25-MentalHealtCareApp\\vendor\\laravel\\lumen-framework\\src\\Concerns\\RoutesRequests.php(174): Laravel\\Lumen\\Application->handleDispatcherResponse()
#1 D:\\PNV25-MentalHealtCareApp\\vendor\\laravel\\lumen-framework\\src\\Concerns\\RoutesRequests.php(431): Laravel\\Lumen\\Application->Laravel\\Lumen\\Concerns\\{closure}()
#2 D:\\PNV25-MentalHealtCareApp\\vendor\\laravel\\lumen-framework\\src\\Concerns\\RoutesRequests.php(167): Laravel\\Lumen\\Application->sendThroughPipeline()
#3 D:\\PNV25-MentalHealtCareApp\\vendor\\laravel\\lumen-framework\\src\\Concerns\\RoutesRequests.php(112): Laravel\\Lumen\\Application->dispatch()
#4 D:\\PNV25-MentalHealtCareApp\\public\\index.php(28): Laravel\\Lumen\\Application->run()
#5 {main}
"} 
[2024-01-12 08:15:37] local.ERROR:  {"exception":"[object] (Symfony\\Component\\HttpKernel\\Exception\\NotFoundHttpException(code: 0):  at D:\\PNV25-MentalHealtCareApp\\vendor\\laravel\\lumen-framework\\src\\Concerns\\RoutesRequests.php:235)
[stacktrace]
#0 D:\\PNV25-MentalHealtCareApp\\vendor\\laravel\\lumen-framework\\src\\Concerns\\RoutesRequests.php(174): Laravel\\Lumen\\Application->handleDispatcherResponse()
#1 D:\\PNV25-MentalHealtCareApp\\vendor\\laravel\\lumen-framework\\src\\Concerns\\RoutesRequests.php(431): Laravel\\Lumen\\Application->Laravel\\Lumen\\Concerns\\{closure}()
#2 D:\\PNV25-MentalHealtCareApp\\vendor\\laravel\\lumen-framework\\src\\Concerns\\RoutesRequests.php(167): Laravel\\Lumen\\Application->sendThroughPipeline()
#3 D:\\PNV25-MentalHealtCareApp\\vendor\\laravel\\lumen-framework\\src\\Concerns\\RoutesRequests.php(112): Laravel\\Lumen\\Application->dispatch()
#4 D:\\PNV25-MentalHealtCareApp\\public\\index.php(28): Laravel\\Lumen\\Application->run()
#5 {main}
"} 
[2024-01-12 08:24:22] local.ERROR:  {"exception":"[object] (Symfony\\Component\\HttpKernel\\Exception\\NotFoundHttpException(code: 0):  at D:\\PNV25-MentalHealtCareApp\\vendor\\laravel\\lumen-framework\\src\\Concerns\\RoutesRequests.php:235)
[stacktrace]
#0 D:\\PNV25-MentalHealtCareApp\\vendor\\laravel\\lumen-framework\\src\\Concerns\\RoutesRequests.php(174): Laravel\\Lumen\\Application->handleDispatcherResponse()
#1 D:\\PNV25-MentalHealtCareApp\\vendor\\laravel\\lumen-framework\\src\\Concerns\\RoutesRequests.php(431): Laravel\\Lumen\\Application->Laravel\\Lumen\\Concerns\\{closure}()
#2 D:\\PNV25-MentalHealtCareApp\\vendor\\laravel\\lumen-framework\\src\\Concerns\\RoutesRequests.php(167): Laravel\\Lumen\\Application->sendThroughPipeline()
#3 D:\\PNV25-MentalHealtCareApp\\vendor\\laravel\\lumen-framework\\src\\Concerns\\RoutesRequests.php(112): Laravel\\Lumen\\Application->dispatch()
#4 D:\\PNV25-MentalHealtCareApp\\public\\index.php(28): Laravel\\Lumen\\Application->run()
#5 {main}
"} 
[2024-01-12 08:31:11] local.ERROR:  {"exception":"[object] (Symfony\\Component\\HttpKernel\\Exception\\NotFoundHttpException(code: 0):  at D:\\PNV25-MentalHealtCareApp\\vendor\\laravel\\lumen-framework\\src\\Concerns\\RoutesRequests.php:235)
[stacktrace]
#0 D:\\PNV25-MentalHealtCareApp\\vendor\\laravel\\lumen-framework\\src\\Concerns\\RoutesRequests.php(174): Laravel\\Lumen\\Application->handleDispatcherResponse()
#1 D:\\PNV25-MentalHealtCareApp\\vendor\\laravel\\lumen-framework\\src\\Concerns\\RoutesRequests.php(431): Laravel\\Lumen\\Application->Laravel\\Lumen\\Concerns\\{closure}()
#2 D:\\PNV25-MentalHealtCareApp\\vendor\\laravel\\lumen-framework\\src\\Concerns\\RoutesRequests.php(167): Laravel\\Lumen\\Application->sendThroughPipeline()
#3 D:\\PNV25-MentalHealtCareApp\\vendor\\laravel\\lumen-framework\\src\\Concerns\\RoutesRequests.php(112): Laravel\\Lumen\\Application->dispatch()
#4 D:\\PNV25-MentalHealtCareApp\\public\\index.php(28): Laravel\\Lumen\\Application->run()
#5 {main}
"} 
[2024-01-12 08:47:28] local.ERROR:  {"exception":"[object] (Symfony\\Component\\HttpKernel\\Exception\\NotFoundHttpException(code: 0):  at D:\\PNV25-MentalHealtCareApp\\vendor\\laravel\\lumen-framework\\src\\Concerns\\RoutesRequests.php:235)
[stacktrace]
#0 D:\\PNV25-MentalHealtCareApp\\vendor\\laravel\\lumen-framework\\src\\Concerns\\RoutesRequests.php(174): Laravel\\Lumen\\Application->handleDispatcherResponse()
#1 D:\\PNV25-MentalHealtCareApp\\vendor\\laravel\\lumen-framework\\src\\Concerns\\RoutesRequests.php(431): Laravel\\Lumen\\Application->Laravel\\Lumen\\Concerns\\{closure}()
#2 D:\\PNV25-MentalHealtCareApp\\vendor\\laravel\\lumen-framework\\src\\Concerns\\RoutesRequests.php(167): Laravel\\Lumen\\Application->sendThroughPipeline()
#3 D:\\PNV25-MentalHealtCareApp\\vendor\\laravel\\lumen-framework\\src\\Concerns\\RoutesRequests.php(112): Laravel\\Lumen\\Application->dispatch()
#4 D:\\PNV25-MentalHealtCareApp\\public\\index.php(28): Laravel\\Lumen\\Application->run()
#5 {main}
"} 
[2024-01-12 08:47:30] local.ERROR:  {"exception":"[object] (Symfony\\Component\\HttpKernel\\Exception\\NotFoundHttpException(code: 0):  at D:\\PNV25-MentalHealtCareApp\\vendor\\laravel\\lumen-framework\\src\\Concerns\\RoutesRequests.php:235)
[stacktrace]
#0 D:\\PNV25-MentalHealtCareApp\\vendor\\laravel\\lumen-framework\\src\\Concerns\\RoutesRequests.php(174): Laravel\\Lumen\\Application->handleDispatcherResponse()
#1 D:\\PNV25-MentalHealtCareApp\\vendor\\laravel\\lumen-framework\\src\\Concerns\\RoutesRequests.php(431): Laravel\\Lumen\\Application->Laravel\\Lumen\\Concerns\\{closure}()
#2 D:\\PNV25-MentalHealtCareApp\\vendor\\laravel\\lumen-framework\\src\\Concerns\\RoutesRequests.php(167): Laravel\\Lumen\\Application->sendThroughPipeline()
#3 D:\\PNV25-MentalHealtCareApp\\vendor\\laravel\\lumen-framework\\src\\Concerns\\RoutesRequests.php(112): Laravel\\Lumen\\Application->dispatch()
#4 D:\\PNV25-MentalHealtCareApp\\public\\index.php(28): Laravel\\Lumen\\Application->run()
#5 {main}
"} 
[2024-01-12 08:47:33] local.ERROR:  {"exception":"[object] (Symfony\\Component\\HttpKernel\\Exception\\NotFoundHttpException(code: 0):  at D:\\PNV25-MentalHealtCareApp\\vendor\\laravel\\lumen-framework\\src\\Concerns\\RoutesRequests.php:235)
[stacktrace]
#0 D:\\PNV25-MentalHealtCareApp\\vendor\\laravel\\lumen-framework\\src\\Concerns\\RoutesRequests.php(174): Laravel\\Lumen\\Application->handleDispatcherResponse()
#1 D:\\PNV25-MentalHealtCareApp\\vendor\\laravel\\lumen-framework\\src\\Concerns\\RoutesRequests.php(431): Laravel\\Lumen\\Application->Laravel\\Lumen\\Concerns\\{closure}()
#2 D:\\PNV25-MentalHealtCareApp\\vendor\\laravel\\lumen-framework\\src\\Concerns\\RoutesRequests.php(167): Laravel\\Lumen\\Application->sendThroughPipeline()
#3 D:\\PNV25-MentalHealtCareApp\\vendor\\laravel\\lumen-framework\\src\\Concerns\\RoutesRequests.php(112): Laravel\\Lumen\\Application->dispatch()
#4 D:\\PNV25-MentalHealtCareApp\\public\\index.php(28): Laravel\\Lumen\\Application->run()
#5 {main}
"} 
[2024-01-12 08:50:01] local.ERROR:  {"exception":"[object] (Symfony\\Component\\HttpKernel\\Exception\\NotFoundHttpException(code: 0):  at D:\\PNV25-MentalHealtCareApp\\vendor\\laravel\\lumen-framework\\src\\Concerns\\RoutesRequests.php:235)
[stacktrace]
#0 D:\\PNV25-MentalHealtCareApp\\vendor\\laravel\\lumen-framework\\src\\Concerns\\RoutesRequests.php(174): Laravel\\Lumen\\Application->handleDispatcherResponse()
#1 D:\\PNV25-MentalHealtCareApp\\vendor\\laravel\\lumen-framework\\src\\Concerns\\RoutesRequests.php(431): Laravel\\Lumen\\Application->Laravel\\Lumen\\Concerns\\{closure}()
#2 D:\\PNV25-MentalHealtCareApp\\vendor\\laravel\\lumen-framework\\src\\Concerns\\RoutesRequests.php(167): Laravel\\Lumen\\Application->sendThroughPipeline()
#3 D:\\PNV25-MentalHealtCareApp\\vendor\\laravel\\lumen-framework\\src\\Concerns\\RoutesRequests.php(112): Laravel\\Lumen\\Application->dispatch()
#4 D:\\PNV25-MentalHealtCareApp\\public\\index.php(28): Laravel\\Lumen\\Application->run()
#5 {main}
"} 
[2024-01-12 08:50:07] local.ERROR:  {"exception":"[object] (Symfony\\Component\\HttpKernel\\Exception\\NotFoundHttpException(code: 0):  at D:\\PNV25-MentalHealtCareApp\\vendor\\laravel\\lumen-framework\\src\\Concerns\\RoutesRequests.php:235)
[stacktrace]
#0 D:\\PNV25-MentalHealtCareApp\\vendor\\laravel\\lumen-framework\\src\\Concerns\\RoutesRequests.php(174): Laravel\\Lumen\\Application->handleDispatcherResponse()
#1 D:\\PNV25-MentalHealtCareApp\\vendor\\laravel\\lumen-framework\\src\\Concerns\\RoutesRequests.php(431): Laravel\\Lumen\\Application->Laravel\\Lumen\\Concerns\\{closure}()
#2 D:\\PNV25-MentalHealtCareApp\\vendor\\laravel\\lumen-framework\\src\\Concerns\\RoutesRequests.php(167): Laravel\\Lumen\\Application->sendThroughPipeline()
#3 D:\\PNV25-MentalHealtCareApp\\vendor\\laravel\\lumen-framework\\src\\Concerns\\RoutesRequests.php(112): Laravel\\Lumen\\Application->dispatch()
#4 D:\\PNV25-MentalHealtCareApp\\public\\index.php(28): Laravel\\Lumen\\Application->run()
#5 {main}
"} 
[2024-01-12 08:53:34] local.ERROR:  {"exception":"[object] (Symfony\\Component\\HttpKernel\\Exception\\NotFoundHttpException(code: 0):  at D:\\PNV25-MentalHealtCareApp\\vendor\\laravel\\lumen-framework\\src\\Concerns\\RoutesRequests.php:235)
[stacktrace]
#0 D:\\PNV25-MentalHealtCareApp\\vendor\\laravel\\lumen-framework\\src\\Concerns\\RoutesRequests.php(174): Laravel\\Lumen\\Application->handleDispatcherResponse()
#1 D:\\PNV25-MentalHealtCareApp\\vendor\\laravel\\lumen-framework\\src\\Concerns\\RoutesRequests.php(431): Laravel\\Lumen\\Application->Laravel\\Lumen\\Concerns\\{closure}()
#2 D:\\PNV25-MentalHealtCareApp\\vendor\\laravel\\lumen-framework\\src\\Concerns\\RoutesRequests.php(167): Laravel\\Lumen\\Application->sendThroughPipeline()
#3 D:\\PNV25-MentalHealtCareApp\\vendor\\laravel\\lumen-framework\\src\\Concerns\\RoutesRequests.php(112): Laravel\\Lumen\\Application->dispatch()
#4 D:\\PNV25-MentalHealtCareApp\\public\\index.php(28): Laravel\\Lumen\\Application->run()
#5 {main}
"} 
[2024-01-12 08:53:36] local.ERROR:  {"exception":"[object] (Symfony\\Component\\HttpKernel\\Exception\\NotFoundHttpException(code: 0):  at D:\\PNV25-MentalHealtCareApp\\vendor\\laravel\\lumen-framework\\src\\Concerns\\RoutesRequests.php:235)
[stacktrace]
#0 D:\\PNV25-MentalHealtCareApp\\vendor\\laravel\\lumen-framework\\src\\Concerns\\RoutesRequests.php(174): Laravel\\Lumen\\Application->handleDispatcherResponse()
#1 D:\\PNV25-MentalHealtCareApp\\vendor\\laravel\\lumen-framework\\src\\Concerns\\RoutesRequests.php(431): Laravel\\Lumen\\Application->Laravel\\Lumen\\Concerns\\{closure}()
#2 D:\\PNV25-MentalHealtCareApp\\vendor\\laravel\\lumen-framework\\src\\Concerns\\RoutesRequests.php(167): Laravel\\Lumen\\Application->sendThroughPipeline()
#3 D:\\PNV25-MentalHealtCareApp\\vendor\\laravel\\lumen-framework\\src\\Concerns\\RoutesRequests.php(112): Laravel\\Lumen\\Application->dispatch()
#4 D:\\PNV25-MentalHealtCareApp\\public\\index.php(28): Laravel\\Lumen\\Application->run()
#5 {main}
"} 
[2024-01-12 08:55:03] local.ERROR:  {"exception":"[object] (Symfony\\Component\\HttpKernel\\Exception\\NotFoundHttpException(code: 0):  at D:\\PNV25-MentalHealtCareApp\\vendor\\laravel\\lumen-framework\\src\\Concerns\\RoutesRequests.php:235)
[stacktrace]
#0 D:\\PNV25-MentalHealtCareApp\\vendor\\laravel\\lumen-framework\\src\\Concerns\\RoutesRequests.php(174): Laravel\\Lumen\\Application->handleDispatcherResponse()
#1 D:\\PNV25-MentalHealtCareApp\\vendor\\laravel\\lumen-framework\\src\\Concerns\\RoutesRequests.php(431): Laravel\\Lumen\\Application->Laravel\\Lumen\\Concerns\\{closure}()
#2 D:\\PNV25-MentalHealtCareApp\\vendor\\laravel\\lumen-framework\\src\\Concerns\\RoutesRequests.php(167): Laravel\\Lumen\\Application->sendThroughPipeline()
#3 D:\\PNV25-MentalHealtCareApp\\vendor\\laravel\\lumen-framework\\src\\Concerns\\RoutesRequests.php(112): Laravel\\Lumen\\Application->dispatch()
#4 D:\\PNV25-MentalHealtCareApp\\public\\index.php(28): Laravel\\Lumen\\Application->run()
#5 {main}
"} 
[2024-01-12 08:55:27] local.ERROR:  {"exception":"[object] (Symfony\\Component\\HttpKernel\\Exception\\NotFoundHttpException(code: 0):  at D:\\PNV25-MentalHealtCareApp\\vendor\\laravel\\lumen-framework\\src\\Concerns\\RoutesRequests.php:235)
[stacktrace]
#0 D:\\PNV25-MentalHealtCareApp\\vendor\\laravel\\lumen-framework\\src\\Concerns\\RoutesRequests.php(174): Laravel\\Lumen\\Application->handleDispatcherResponse()
#1 D:\\PNV25-MentalHealtCareApp\\vendor\\laravel\\lumen-framework\\src\\Concerns\\RoutesRequests.php(431): Laravel\\Lumen\\Application->Laravel\\Lumen\\Concerns\\{closure}()
#2 D:\\PNV25-MentalHealtCareApp\\vendor\\laravel\\lumen-framework\\src\\Concerns\\RoutesRequests.php(167): Laravel\\Lumen\\Application->sendThroughPipeline()
#3 D:\\PNV25-MentalHealtCareApp\\vendor\\laravel\\lumen-framework\\src\\Concerns\\RoutesRequests.php(112): Laravel\\Lumen\\Application->dispatch()
#4 D:\\PNV25-MentalHealtCareApp\\public\\index.php(28): Laravel\\Lumen\\Application->run()
#5 {main}
"} 
[2024-01-12 08:55:30] local.ERROR:  {"exception":"[object] (Symfony\\Component\\HttpKernel\\Exception\\NotFoundHttpException(code: 0):  at D:\\PNV25-MentalHealtCareApp\\vendor\\laravel\\lumen-framework\\src\\Concerns\\RoutesRequests.php:235)
[stacktrace]
#0 D:\\PNV25-MentalHealtCareApp\\vendor\\laravel\\lumen-framework\\src\\Concerns\\RoutesRequests.php(174): Laravel\\Lumen\\Application->handleDispatcherResponse()
#1 D:\\PNV25-MentalHealtCareApp\\vendor\\laravel\\lumen-framework\\src\\Concerns\\RoutesRequests.php(431): Laravel\\Lumen\\Application->Laravel\\Lumen\\Concerns\\{closure}()
#2 D:\\PNV25-MentalHealtCareApp\\vendor\\laravel\\lumen-framework\\src\\Concerns\\RoutesRequests.php(167): Laravel\\Lumen\\Application->sendThroughPipeline()
#3 D:\\PNV25-MentalHealtCareApp\\vendor\\laravel\\lumen-framework\\src\\Concerns\\RoutesRequests.php(112): Laravel\\Lumen\\Application->dispatch()
#4 D:\\PNV25-MentalHealtCareApp\\public\\index.php(28): Laravel\\Lumen\\Application->run()
#5 {main}
"} 
[2024-01-12 08:56:06] local.ERROR:  {"exception":"[object] (Symfony\\Component\\HttpKernel\\Exception\\NotFoundHttpException(code: 0):  at D:\\PNV25-MentalHealtCareApp\\vendor\\laravel\\lumen-framework\\src\\Concerns\\RoutesRequests.php:235)
[stacktrace]
#0 D:\\PNV25-MentalHealtCareApp\\vendor\\laravel\\lumen-framework\\src\\Concerns\\RoutesRequests.php(174): Laravel\\Lumen\\Application->handleDispatcherResponse()
#1 D:\\PNV25-MentalHealtCareApp\\vendor\\laravel\\lumen-framework\\src\\Concerns\\RoutesRequests.php(431): Laravel\\Lumen\\Application->Laravel\\Lumen\\Concerns\\{closure}()
#2 D:\\PNV25-MentalHealtCareApp\\vendor\\laravel\\lumen-framework\\src\\Concerns\\RoutesRequests.php(167): Laravel\\Lumen\\Application->sendThroughPipeline()
#3 D:\\PNV25-MentalHealtCareApp\\vendor\\laravel\\lumen-framework\\src\\Concerns\\RoutesRequests.php(112): Laravel\\Lumen\\Application->dispatch()
#4 D:\\PNV25-MentalHealtCareApp\\public\\index.php(28): Laravel\\Lumen\\Application->run()
#5 {main}
"} 
[2024-01-12 08:56:34] local.ERROR:  {"exception":"[object] (Symfony\\Component\\HttpKernel\\Exception\\NotFoundHttpException(code: 0):  at D:\\PNV25-MentalHealtCareApp\\vendor\\laravel\\lumen-framework\\src\\Concerns\\RoutesRequests.php:235)
[stacktrace]
#0 D:\\PNV25-MentalHealtCareApp\\vendor\\laravel\\lumen-framework\\src\\Concerns\\RoutesRequests.php(174): Laravel\\Lumen\\Application->handleDispatcherResponse()
#1 D:\\PNV25-MentalHealtCareApp\\vendor\\laravel\\lumen-framework\\src\\Concerns\\RoutesRequests.php(431): Laravel\\Lumen\\Application->Laravel\\Lumen\\Concerns\\{closure}()
#2 D:\\PNV25-MentalHealtCareApp\\vendor\\laravel\\lumen-framework\\src\\Concerns\\RoutesRequests.php(167): Laravel\\Lumen\\Application->sendThroughPipeline()
#3 D:\\PNV25-MentalHealtCareApp\\vendor\\laravel\\lumen-framework\\src\\Concerns\\RoutesRequests.php(112): Laravel\\Lumen\\Application->dispatch()
#4 D:\\PNV25-MentalHealtCareApp\\public\\index.php(28): Laravel\\Lumen\\Application->run()
#5 {main}
"} 
[2024-01-12 09:00:08] local.ERROR:  {"exception":"[object] (Symfony\\Component\\HttpKernel\\Exception\\NotFoundHttpException(code: 0):  at D:\\PNV25-MentalHealtCareApp\\vendor\\laravel\\lumen-framework\\src\\Concerns\\RoutesRequests.php:235)
[stacktrace]
#0 D:\\PNV25-MentalHealtCareApp\\vendor\\laravel\\lumen-framework\\src\\Concerns\\RoutesRequests.php(174): Laravel\\Lumen\\Application->handleDispatcherResponse()
#1 D:\\PNV25-MentalHealtCareApp\\vendor\\laravel\\lumen-framework\\src\\Concerns\\RoutesRequests.php(431): Laravel\\Lumen\\Application->Laravel\\Lumen\\Concerns\\{closure}()
#2 D:\\PNV25-MentalHealtCareApp\\vendor\\laravel\\lumen-framework\\src\\Concerns\\RoutesRequests.php(167): Laravel\\Lumen\\Application->sendThroughPipeline()
#3 D:\\PNV25-MentalHealtCareApp\\vendor\\laravel\\lumen-framework\\src\\Concerns\\RoutesRequests.php(112): Laravel\\Lumen\\Application->dispatch()
#4 D:\\PNV25-MentalHealtCareApp\\public\\index.php(28): Laravel\\Lumen\\Application->run()
#5 {main}
"} 
[2024-01-12 09:00:16] local.ERROR:  {"exception":"[object] (Symfony\\Component\\HttpKernel\\Exception\\NotFoundHttpException(code: 0):  at D:\\PNV25-MentalHealtCareApp\\vendor\\laravel\\lumen-framework\\src\\Concerns\\RoutesRequests.php:235)
[stacktrace]
#0 D:\\PNV25-MentalHealtCareApp\\vendor\\laravel\\lumen-framework\\src\\Concerns\\RoutesRequests.php(174): Laravel\\Lumen\\Application->handleDispatcherResponse()
#1 D:\\PNV25-MentalHealtCareApp\\vendor\\laravel\\lumen-framework\\src\\Concerns\\RoutesRequests.php(431): Laravel\\Lumen\\Application->Laravel\\Lumen\\Concerns\\{closure}()
#2 D:\\PNV25-MentalHealtCareApp\\vendor\\laravel\\lumen-framework\\src\\Concerns\\RoutesRequests.php(167): Laravel\\Lumen\\Application->sendThroughPipeline()
#3 D:\\PNV25-MentalHealtCareApp\\vendor\\laravel\\lumen-framework\\src\\Concerns\\RoutesRequests.php(112): Laravel\\Lumen\\Application->dispatch()
#4 D:\\PNV25-MentalHealtCareApp\\public\\index.php(28): Laravel\\Lumen\\Application->run()
#5 {main}
"} 
[2024-01-12 09:00:18] local.ERROR:  {"exception":"[object] (Symfony\\Component\\HttpKernel\\Exception\\NotFoundHttpException(code: 0):  at D:\\PNV25-MentalHealtCareApp\\vendor\\laravel\\lumen-framework\\src\\Concerns\\RoutesRequests.php:235)
[stacktrace]
#0 D:\\PNV25-MentalHealtCareApp\\vendor\\laravel\\lumen-framework\\src\\Concerns\\RoutesRequests.php(174): Laravel\\Lumen\\Application->handleDispatcherResponse()
#1 D:\\PNV25-MentalHealtCareApp\\vendor\\laravel\\lumen-framework\\src\\Concerns\\RoutesRequests.php(431): Laravel\\Lumen\\Application->Laravel\\Lumen\\Concerns\\{closure}()
#2 D:\\PNV25-MentalHealtCareApp\\vendor\\laravel\\lumen-framework\\src\\Concerns\\RoutesRequests.php(167): Laravel\\Lumen\\Application->sendThroughPipeline()
#3 D:\\PNV25-MentalHealtCareApp\\vendor\\laravel\\lumen-framework\\src\\Concerns\\RoutesRequests.php(112): Laravel\\Lumen\\Application->dispatch()
#4 D:\\PNV25-MentalHealtCareApp\\public\\index.php(28): Laravel\\Lumen\\Application->run()
#5 {main}
"} 
[2024-01-12 09:00:32] local.ERROR:  {"exception":"[object] (Symfony\\Component\\HttpKernel\\Exception\\NotFoundHttpException(code: 0):  at D:\\PNV25-MentalHealtCareApp\\vendor\\laravel\\lumen-framework\\src\\Concerns\\RoutesRequests.php:235)
[stacktrace]
#0 D:\\PNV25-MentalHealtCareApp\\vendor\\laravel\\lumen-framework\\src\\Concerns\\RoutesRequests.php(174): Laravel\\Lumen\\Application->handleDispatcherResponse()
#1 D:\\PNV25-MentalHealtCareApp\\vendor\\laravel\\lumen-framework\\src\\Concerns\\RoutesRequests.php(431): Laravel\\Lumen\\Application->Laravel\\Lumen\\Concerns\\{closure}()
#2 D:\\PNV25-MentalHealtCareApp\\vendor\\laravel\\lumen-framework\\src\\Concerns\\RoutesRequests.php(167): Laravel\\Lumen\\Application->sendThroughPipeline()
#3 D:\\PNV25-MentalHealtCareApp\\vendor\\laravel\\lumen-framework\\src\\Concerns\\RoutesRequests.php(112): Laravel\\Lumen\\Application->dispatch()
#4 D:\\PNV25-MentalHealtCareApp\\public\\index.php(28): Laravel\\Lumen\\Application->run()
#5 {main}
"} 
[2024-01-12 09:00:44] local.ERROR:  {"exception":"[object] (Symfony\\Component\\HttpKernel\\Exception\\NotFoundHttpException(code: 0):  at D:\\PNV25-MentalHealtCareApp\\vendor\\laravel\\lumen-framework\\src\\Concerns\\RoutesRequests.php:235)
[stacktrace]
#0 D:\\PNV25-MentalHealtCareApp\\vendor\\laravel\\lumen-framework\\src\\Concerns\\RoutesRequests.php(174): Laravel\\Lumen\\Application->handleDispatcherResponse()
#1 D:\\PNV25-MentalHealtCareApp\\vendor\\laravel\\lumen-framework\\src\\Concerns\\RoutesRequests.php(431): Laravel\\Lumen\\Application->Laravel\\Lumen\\Concerns\\{closure}()
#2 D:\\PNV25-MentalHealtCareApp\\vendor\\laravel\\lumen-framework\\src\\Concerns\\RoutesRequests.php(167): Laravel\\Lumen\\Application->sendThroughPipeline()
#3 D:\\PNV25-MentalHealtCareApp\\vendor\\laravel\\lumen-framework\\src\\Concerns\\RoutesRequests.php(112): Laravel\\Lumen\\Application->dispatch()
#4 D:\\PNV25-MentalHealtCareApp\\public\\index.php(28): Laravel\\Lumen\\Application->run()
#5 {main}
"} 
[2024-01-12 09:08:22] local.ERROR:  {"exception":"[object] (Symfony\\Component\\HttpKernel\\Exception\\NotFoundHttpException(code: 0):  at D:\\PNV25-MentalHealtCareApp\\vendor\\laravel\\lumen-framework\\src\\Concerns\\RoutesRequests.php:235)
[stacktrace]
#0 D:\\PNV25-MentalHealtCareApp\\vendor\\laravel\\lumen-framework\\src\\Concerns\\RoutesRequests.php(174): Laravel\\Lumen\\Application->handleDispatcherResponse()
#1 D:\\PNV25-MentalHealtCareApp\\vendor\\laravel\\lumen-framework\\src\\Concerns\\RoutesRequests.php(431): Laravel\\Lumen\\Application->Laravel\\Lumen\\Concerns\\{closure}()
#2 D:\\PNV25-MentalHealtCareApp\\vendor\\laravel\\lumen-framework\\src\\Concerns\\RoutesRequests.php(167): Laravel\\Lumen\\Application->sendThroughPipeline()
#3 D:\\PNV25-MentalHealtCareApp\\vendor\\laravel\\lumen-framework\\src\\Concerns\\RoutesRequests.php(112): Laravel\\Lumen\\Application->dispatch()
#4 D:\\PNV25-MentalHealtCareApp\\public\\index.php(28): Laravel\\Lumen\\Application->run()
#5 {main}
"} 
[2024-01-12 09:09:47] local.ERROR:  {"exception":"[object] (Symfony\\Component\\HttpKernel\\Exception\\NotFoundHttpException(code: 0):  at D:\\PNV25-MentalHealtCareApp\\vendor\\laravel\\lumen-framework\\src\\Concerns\\RoutesRequests.php:235)
[stacktrace]
#0 D:\\PNV25-MentalHealtCareApp\\vendor\\laravel\\lumen-framework\\src\\Concerns\\RoutesRequests.php(174): Laravel\\Lumen\\Application->handleDispatcherResponse()
#1 D:\\PNV25-MentalHealtCareApp\\vendor\\laravel\\lumen-framework\\src\\Concerns\\RoutesRequests.php(431): Laravel\\Lumen\\Application->Laravel\\Lumen\\Concerns\\{closure}()
#2 D:\\PNV25-MentalHealtCareApp\\vendor\\laravel\\lumen-framework\\src\\Concerns\\RoutesRequests.php(167): Laravel\\Lumen\\Application->sendThroughPipeline()
#3 D:\\PNV25-MentalHealtCareApp\\vendor\\laravel\\lumen-framework\\src\\Concerns\\RoutesRequests.php(112): Laravel\\Lumen\\Application->dispatch()
#4 D:\\PNV25-MentalHealtCareApp\\public\\index.php(28): Laravel\\Lumen\\Application->run()
#5 {main}
"} 
[2024-01-12 09:09:49] local.ERROR:  {"exception":"[object] (Symfony\\Component\\HttpKernel\\Exception\\NotFoundHttpException(code: 0):  at D:\\PNV25-MentalHealtCareApp\\vendor\\laravel\\lumen-framework\\src\\Concerns\\RoutesRequests.php:235)
[stacktrace]
#0 D:\\PNV25-MentalHealtCareApp\\vendor\\laravel\\lumen-framework\\src\\Concerns\\RoutesRequests.php(174): Laravel\\Lumen\\Application->handleDispatcherResponse()
#1 D:\\PNV25-MentalHealtCareApp\\vendor\\laravel\\lumen-framework\\src\\Concerns\\RoutesRequests.php(431): Laravel\\Lumen\\Application->Laravel\\Lumen\\Concerns\\{closure}()
#2 D:\\PNV25-MentalHealtCareApp\\vendor\\laravel\\lumen-framework\\src\\Concerns\\RoutesRequests.php(167): Laravel\\Lumen\\Application->sendThroughPipeline()
#3 D:\\PNV25-MentalHealtCareApp\\vendor\\laravel\\lumen-framework\\src\\Concerns\\RoutesRequests.php(112): Laravel\\Lumen\\Application->dispatch()
#4 D:\\PNV25-MentalHealtCareApp\\public\\index.php(28): Laravel\\Lumen\\Application->run()
#5 {main}
"} 
[2024-01-12 09:10:04] local.ERROR:  {"exception":"[object] (Symfony\\Component\\HttpKernel\\Exception\\NotFoundHttpException(code: 0):  at D:\\PNV25-MentalHealtCareApp\\vendor\\laravel\\lumen-framework\\src\\Concerns\\RoutesRequests.php:235)
[stacktrace]
#0 D:\\PNV25-MentalHealtCareApp\\vendor\\laravel\\lumen-framework\\src\\Concerns\\RoutesRequests.php(174): Laravel\\Lumen\\Application->handleDispatcherResponse()
#1 D:\\PNV25-MentalHealtCareApp\\vendor\\laravel\\lumen-framework\\src\\Concerns\\RoutesRequests.php(431): Laravel\\Lumen\\Application->Laravel\\Lumen\\Concerns\\{closure}()
#2 D:\\PNV25-MentalHealtCareApp\\vendor\\laravel\\lumen-framework\\src\\Concerns\\RoutesRequests.php(167): Laravel\\Lumen\\Application->sendThroughPipeline()
#3 D:\\PNV25-MentalHealtCareApp\\vendor\\laravel\\lumen-framework\\src\\Concerns\\RoutesRequests.php(112): Laravel\\Lumen\\Application->dispatch()
#4 D:\\PNV25-MentalHealtCareApp\\public\\index.php(28): Laravel\\Lumen\\Application->run()
#5 {main}
"} 
[2024-01-12 09:10:06] local.ERROR:  {"exception":"[object] (Symfony\\Component\\HttpKernel\\Exception\\NotFoundHttpException(code: 0):  at D:\\PNV25-MentalHealtCareApp\\vendor\\laravel\\lumen-framework\\src\\Concerns\\RoutesRequests.php:235)
[stacktrace]
#0 D:\\PNV25-MentalHealtCareApp\\vendor\\laravel\\lumen-framework\\src\\Concerns\\RoutesRequests.php(174): Laravel\\Lumen\\Application->handleDispatcherResponse()
#1 D:\\PNV25-MentalHealtCareApp\\vendor\\laravel\\lumen-framework\\src\\Concerns\\RoutesRequests.php(431): Laravel\\Lumen\\Application->Laravel\\Lumen\\Concerns\\{closure}()
#2 D:\\PNV25-MentalHealtCareApp\\vendor\\laravel\\lumen-framework\\src\\Concerns\\RoutesRequests.php(167): Laravel\\Lumen\\Application->sendThroughPipeline()
#3 D:\\PNV25-MentalHealtCareApp\\vendor\\laravel\\lumen-framework\\src\\Concerns\\RoutesRequests.php(112): Laravel\\Lumen\\Application->dispatch()
#4 D:\\PNV25-MentalHealtCareApp\\public\\index.php(28): Laravel\\Lumen\\Application->run()
#5 {main}
"} 
[2024-01-12 09:10:11] local.ERROR:  {"exception":"[object] (Symfony\\Component\\HttpKernel\\Exception\\NotFoundHttpException(code: 0):  at D:\\PNV25-MentalHealtCareApp\\vendor\\laravel\\lumen-framework\\src\\Concerns\\RoutesRequests.php:235)
[stacktrace]
#0 D:\\PNV25-MentalHealtCareApp\\vendor\\laravel\\lumen-framework\\src\\Concerns\\RoutesRequests.php(174): Laravel\\Lumen\\Application->handleDispatcherResponse()
#1 D:\\PNV25-MentalHealtCareApp\\vendor\\laravel\\lumen-framework\\src\\Concerns\\RoutesRequests.php(431): Laravel\\Lumen\\Application->Laravel\\Lumen\\Concerns\\{closure}()
#2 D:\\PNV25-MentalHealtCareApp\\vendor\\laravel\\lumen-framework\\src\\Concerns\\RoutesRequests.php(167): Laravel\\Lumen\\Application->sendThroughPipeline()
#3 D:\\PNV25-MentalHealtCareApp\\vendor\\laravel\\lumen-framework\\src\\Concerns\\RoutesRequests.php(112): Laravel\\Lumen\\Application->dispatch()
#4 D:\\PNV25-MentalHealtCareApp\\public\\index.php(28): Laravel\\Lumen\\Application->run()
#5 {main}
"} 
