[2024-01-03 06:53:08] local.ERROR: Target class [App\Controllers\Admin\DoctorController] does not exist. {"exception":"[object] (Illuminate\\Contracts\\Container\\BindingResolutionException(code: 0): Target class [App\\Controllers\\Admin\\DoctorController] does not exist. at E:\\Workspace\\PHP\\dự án php mental health care năm 2\\PNV25-MentalHealtCareApp\\vendor\\illuminate\\container\\Container.php:914)
[stacktrace]
#0 E:\\Workspace\\PHP\\dự án php mental health care năm 2\\PNV25-MentalHealtCareApp\\vendor\\illuminate\\container\\Container.php(795): Illuminate\\Container\\Container->build()
#1 E:\\Workspace\\PHP\\dự án php mental health care năm 2\\PNV25-MentalHealtCareApp\\vendor\\illuminate\\container\\Container.php(731): Illuminate\\Container\\Container->resolve()
#2 E:\\Workspace\\PHP\\dự án php mental health care năm 2\\PNV25-MentalHealtCareApp\\vendor\\laravel\\lumen-framework\\src\\Application.php(327): Illuminate\\Container\\Container->make()
#3 E:\\Workspace\\PHP\\dự án php mental health care năm 2\\PNV25-MentalHealtCareApp\\vendor\\laravel\\lumen-framework\\src\\Concerns\\RoutesRequests.php(326): Laravel\\Lumen\\Application->make()
#4 E:\\Workspace\\PHP\\dự án php mental health care năm 2\\PNV25-MentalHealtCareApp\\vendor\\laravel\\lumen-framework\\src\\Concerns\\RoutesRequests.php(284): Laravel\\Lumen\\Application->callControllerAction()
#5 E:\\Workspace\\PHP\\dự án php mental health care năm 2\\PNV25-MentalHealtCareApp\\vendor\\laravel\\lumen-framework\\src\\Concerns\\RoutesRequests.php(269): Laravel\\Lumen\\Application->callActionOnArrayBasedRoute()
#6 E:\\Workspace\\PHP\\dự án php mental health care năm 2\\PNV25-MentalHealtCareApp\\vendor\\laravel\\lumen-framework\\src\\Concerns\\RoutesRequests.php(171): Laravel\\Lumen\\Application->handleFoundRoute()
#7 E:\\Workspace\\PHP\\dự án php mental health care năm 2\\PNV25-MentalHealtCareApp\\vendor\\laravel\\lumen-framework\\src\\Concerns\\RoutesRequests.php(431): Laravel\\Lumen\\Application->Laravel\\Lumen\\Concerns\\{closure}()
#8 E:\\Workspace\\PHP\\dự án php mental health care năm 2\\PNV25-MentalHealtCareApp\\vendor\\laravel\\lumen-framework\\src\\Concerns\\RoutesRequests.php(167): Laravel\\Lumen\\Application->sendThroughPipeline()
#9 E:\\Workspace\\PHP\\dự án php mental health care năm 2\\PNV25-MentalHealtCareApp\\vendor\\laravel\\lumen-framework\\src\\Concerns\\RoutesRequests.php(112): Laravel\\Lumen\\Application->dispatch()
#10 E:\\Workspace\\PHP\\dự án php mental health care năm 2\\PNV25-MentalHealtCareApp\\public\\index.php(28): Laravel\\Lumen\\Application->run()
#11 {main}

[previous exception] [object] (ReflectionException(code: -1): Class \"App\\Controllers\\Admin\\DoctorController\" does not exist at E:\\Workspace\\PHP\\dự án php mental health care năm 2\\PNV25-MentalHealtCareApp\\vendor\\illuminate\\container\\Container.php:912)
[stacktrace]
#0 E:\\Workspace\\PHP\\dự án php mental health care năm 2\\PNV25-MentalHealtCareApp\\vendor\\illuminate\\container\\Container.php(912): ReflectionClass->__construct()
#1 E:\\Workspace\\PHP\\dự án php mental health care năm 2\\PNV25-MentalHealtCareApp\\vendor\\illuminate\\container\\Container.php(795): Illuminate\\Container\\Container->build()
#2 E:\\Workspace\\PHP\\dự án php mental health care năm 2\\PNV25-MentalHealtCareApp\\vendor\\illuminate\\container\\Container.php(731): Illuminate\\Container\\Container->resolve()
#3 E:\\Workspace\\PHP\\dự án php mental health care năm 2\\PNV25-MentalHealtCareApp\\vendor\\laravel\\lumen-framework\\src\\Application.php(327): Illuminate\\Container\\Container->make()
#4 E:\\Workspace\\PHP\\dự án php mental health care năm 2\\PNV25-MentalHealtCareApp\\vendor\\laravel\\lumen-framework\\src\\Concerns\\RoutesRequests.php(326): Laravel\\Lumen\\Application->make()
#5 E:\\Workspace\\PHP\\dự án php mental health care năm 2\\PNV25-MentalHealtCareApp\\vendor\\laravel\\lumen-framework\\src\\Concerns\\RoutesRequests.php(284): Laravel\\Lumen\\Application->callControllerAction()
#6 E:\\Workspace\\PHP\\dự án php mental health care năm 2\\PNV25-MentalHealtCareApp\\vendor\\laravel\\lumen-framework\\src\\Concerns\\RoutesRequests.php(269): Laravel\\Lumen\\Application->callActionOnArrayBasedRoute()
#7 E:\\Workspace\\PHP\\dự án php mental health care năm 2\\PNV25-MentalHealtCareApp\\vendor\\laravel\\lumen-framework\\src\\Concerns\\RoutesRequests.php(171): Laravel\\Lumen\\Application->handleFoundRoute()
#8 E:\\Workspace\\PHP\\dự án php mental health care năm 2\\PNV25-MentalHealtCareApp\\vendor\\laravel\\lumen-framework\\src\\Concerns\\RoutesRequests.php(431): Laravel\\Lumen\\Application->Laravel\\Lumen\\Concerns\\{closure}()
#9 E:\\Workspace\\PHP\\dự án php mental health care năm 2\\PNV25-MentalHealtCareApp\\vendor\\laravel\\lumen-framework\\src\\Concerns\\RoutesRequests.php(167): Laravel\\Lumen\\Application->sendThroughPipeline()
#10 E:\\Workspace\\PHP\\dự án php mental health care năm 2\\PNV25-MentalHealtCareApp\\vendor\\laravel\\lumen-framework\\src\\Concerns\\RoutesRequests.php(112): Laravel\\Lumen\\Application->dispatch()
#11 E:\\Workspace\\PHP\\dự án php mental health care năm 2\\PNV25-MentalHealtCareApp\\public\\index.php(28): Laravel\\Lumen\\Application->run()
#12 {main}
"} 
[2024-01-03 07:01:26] local.ERROR: Undefined variable $doctor {"exception":"[object] (ErrorException(code: 0): Undefined variable $doctor at E:\\Workspace\\PHP\\dự án php mental health care năm 2\\PNV25-MentalHealtCareApp\\resources\\views\\pages\\admin\\doctor.php:37)
[stacktrace]
#0 E:\\Workspace\\PHP\\dự án php mental health care năm 2\\PNV25-MentalHealtCareApp\\vendor\\laravel\\lumen-framework\\src\\Concerns\\RegistersExceptionHandlers.php(47): Laravel\\Lumen\\Application->handleError()
#1 E:\\Workspace\\PHP\\dự án php mental health care năm 2\\PNV25-MentalHealtCareApp\\resources\\views\\pages\\admin\\doctor.php(37): Laravel\\Lumen\\Application->Laravel\\Lumen\\Concerns\\{closure}()
#2 E:\\Workspace\\PHP\\dự án php mental health care năm 2\\PNV25-MentalHealtCareApp\\vendor\\illuminate\\filesystem\\Filesystem.php(124): require('...')
#3 E:\\Workspace\\PHP\\dự án php mental health care năm 2\\PNV25-MentalHealtCareApp\\vendor\\illuminate\\filesystem\\Filesystem.php(125): Illuminate\\Filesystem\\Filesystem::Illuminate\\Filesystem\\{closure}()
#4 E:\\Workspace\\PHP\\dự án php mental health care năm 2\\PNV25-MentalHealtCareApp\\vendor\\illuminate\\view\\Engines\\PhpEngine.php(58): Illuminate\\Filesystem\\Filesystem->getRequire()
#5 E:\\Workspace\\PHP\\dự án php mental health care năm 2\\PNV25-MentalHealtCareApp\\vendor\\illuminate\\view\\Engines\\PhpEngine.php(38): Illuminate\\View\\Engines\\PhpEngine->evaluatePath()
#6 E:\\Workspace\\PHP\\dự án php mental health care năm 2\\PNV25-MentalHealtCareApp\\vendor\\illuminate\\view\\View.php(207): Illuminate\\View\\Engines\\PhpEngine->get()
#7 E:\\Workspace\\PHP\\dự án php mental health care năm 2\\PNV25-MentalHealtCareApp\\vendor\\illuminate\\view\\View.php(190): Illuminate\\View\\View->getContents()
#8 E:\\Workspace\\PHP\\dự án php mental health care năm 2\\PNV25-MentalHealtCareApp\\vendor\\illuminate\\view\\View.php(159): Illuminate\\View\\View->renderContents()
#9 E:\\Workspace\\PHP\\dự án php mental health care năm 2\\PNV25-MentalHealtCareApp\\vendor\\illuminate\\http\\Response.php(69): Illuminate\\View\\View->render()
#10 E:\\Workspace\\PHP\\dự án php mental health care năm 2\\PNV25-MentalHealtCareApp\\vendor\\illuminate\\http\\Response.php(35): Illuminate\\Http\\Response->setContent()
#11 E:\\Workspace\\PHP\\dự án php mental health care năm 2\\PNV25-MentalHealtCareApp\\vendor\\laravel\\lumen-framework\\src\\Concerns\\RoutesRequests.php(451): Illuminate\\Http\\Response->__construct()
#12 E:\\Workspace\\PHP\\dự án php mental health care năm 2\\PNV25-MentalHealtCareApp\\vendor\\laravel\\lumen-framework\\src\\Concerns\\RoutesRequests.php(390): Laravel\\Lumen\\Application->prepareResponse()
#13 E:\\Workspace\\PHP\\dự án php mental health care năm 2\\PNV25-MentalHealtCareApp\\vendor\\laravel\\lumen-framework\\src\\Concerns\\RoutesRequests.php(356): Laravel\\Lumen\\Application->callControllerCallable()
#14 E:\\Workspace\\PHP\\dự án php mental health care năm 2\\PNV25-MentalHealtCareApp\\vendor\\laravel\\lumen-framework\\src\\Concerns\\RoutesRequests.php(331): Laravel\\Lumen\\Application->callLumenController()
#15 E:\\Workspace\\PHP\\dự án php mental health care năm 2\\PNV25-MentalHealtCareApp\\vendor\\laravel\\lumen-framework\\src\\Concerns\\RoutesRequests.php(284): Laravel\\Lumen\\Application->callControllerAction()
#16 E:\\Workspace\\PHP\\dự án php mental health care năm 2\\PNV25-MentalHealtCareApp\\vendor\\laravel\\lumen-framework\\src\\Concerns\\RoutesRequests.php(269): Laravel\\Lumen\\Application->callActionOnArrayBasedRoute()
#17 E:\\Workspace\\PHP\\dự án php mental health care năm 2\\PNV25-MentalHealtCareApp\\vendor\\laravel\\lumen-framework\\src\\Concerns\\RoutesRequests.php(171): Laravel\\Lumen\\Application->handleFoundRoute()
#18 E:\\Workspace\\PHP\\dự án php mental health care năm 2\\PNV25-MentalHealtCareApp\\vendor\\laravel\\lumen-framework\\src\\Concerns\\RoutesRequests.php(431): Laravel\\Lumen\\Application->Laravel\\Lumen\\Concerns\\{closure}()
#19 E:\\Workspace\\PHP\\dự án php mental health care năm 2\\PNV25-MentalHealtCareApp\\vendor\\laravel\\lumen-framework\\src\\Concerns\\RoutesRequests.php(167): Laravel\\Lumen\\Application->sendThroughPipeline()
#20 E:\\Workspace\\PHP\\dự án php mental health care năm 2\\PNV25-MentalHealtCareApp\\vendor\\laravel\\lumen-framework\\src\\Concerns\\RoutesRequests.php(112): Laravel\\Lumen\\Application->dispatch()
#21 E:\\Workspace\\PHP\\dự án php mental health care năm 2\\PNV25-MentalHealtCareApp\\public\\index.php(28): Laravel\\Lumen\\Application->run()
#22 {main}
"} 
[2024-01-03 07:04:22] local.ERROR: Undefined variable $doctors {"exception":"[object] (ErrorException(code: 0): Undefined variable $doctors at E:\\Workspace\\PHP\\dự án php mental health care năm 2\\PNV25-MentalHealtCareApp\\resources\\views\\pages\\admin\\doctor.php:36)
[stacktrace]
#0 E:\\Workspace\\PHP\\dự án php mental health care năm 2\\PNV25-MentalHealtCareApp\\vendor\\laravel\\lumen-framework\\src\\Concerns\\RegistersExceptionHandlers.php(47): Laravel\\Lumen\\Application->handleError()
#1 E:\\Workspace\\PHP\\dự án php mental health care năm 2\\PNV25-MentalHealtCareApp\\resources\\views\\pages\\admin\\doctor.php(36): Laravel\\Lumen\\Application->Laravel\\Lumen\\Concerns\\{closure}()
#2 E:\\Workspace\\PHP\\dự án php mental health care năm 2\\PNV25-MentalHealtCareApp\\vendor\\illuminate\\filesystem\\Filesystem.php(124): require('...')
#3 E:\\Workspace\\PHP\\dự án php mental health care năm 2\\PNV25-MentalHealtCareApp\\vendor\\illuminate\\filesystem\\Filesystem.php(125): Illuminate\\Filesystem\\Filesystem::Illuminate\\Filesystem\\{closure}()
#4 E:\\Workspace\\PHP\\dự án php mental health care năm 2\\PNV25-MentalHealtCareApp\\vendor\\illuminate\\view\\Engines\\PhpEngine.php(58): Illuminate\\Filesystem\\Filesystem->getRequire()
#5 E:\\Workspace\\PHP\\dự án php mental health care năm 2\\PNV25-MentalHealtCareApp\\vendor\\illuminate\\view\\Engines\\PhpEngine.php(38): Illuminate\\View\\Engines\\PhpEngine->evaluatePath()
#6 E:\\Workspace\\PHP\\dự án php mental health care năm 2\\PNV25-MentalHealtCareApp\\vendor\\illuminate\\view\\View.php(207): Illuminate\\View\\Engines\\PhpEngine->get()
#7 E:\\Workspace\\PHP\\dự án php mental health care năm 2\\PNV25-MentalHealtCareApp\\vendor\\illuminate\\view\\View.php(190): Illuminate\\View\\View->getContents()
#8 E:\\Workspace\\PHP\\dự án php mental health care năm 2\\PNV25-MentalHealtCareApp\\vendor\\illuminate\\view\\View.php(159): Illuminate\\View\\View->renderContents()
#9 E:\\Workspace\\PHP\\dự án php mental health care năm 2\\PNV25-MentalHealtCareApp\\vendor\\illuminate\\http\\Response.php(69): Illuminate\\View\\View->render()
#10 E:\\Workspace\\PHP\\dự án php mental health care năm 2\\PNV25-MentalHealtCareApp\\vendor\\illuminate\\http\\Response.php(35): Illuminate\\Http\\Response->setContent()
#11 E:\\Workspace\\PHP\\dự án php mental health care năm 2\\PNV25-MentalHealtCareApp\\vendor\\laravel\\lumen-framework\\src\\Concerns\\RoutesRequests.php(451): Illuminate\\Http\\Response->__construct()
#12 E:\\Workspace\\PHP\\dự án php mental health care năm 2\\PNV25-MentalHealtCareApp\\vendor\\laravel\\lumen-framework\\src\\Concerns\\RoutesRequests.php(390): Laravel\\Lumen\\Application->prepareResponse()
#13 E:\\Workspace\\PHP\\dự án php mental health care năm 2\\PNV25-MentalHealtCareApp\\vendor\\laravel\\lumen-framework\\src\\Concerns\\RoutesRequests.php(356): Laravel\\Lumen\\Application->callControllerCallable()
#14 E:\\Workspace\\PHP\\dự án php mental health care năm 2\\PNV25-MentalHealtCareApp\\vendor\\laravel\\lumen-framework\\src\\Concerns\\RoutesRequests.php(331): Laravel\\Lumen\\Application->callLumenController()
#15 E:\\Workspace\\PHP\\dự án php mental health care năm 2\\PNV25-MentalHealtCareApp\\vendor\\laravel\\lumen-framework\\src\\Concerns\\RoutesRequests.php(284): Laravel\\Lumen\\Application->callControllerAction()
#16 E:\\Workspace\\PHP\\dự án php mental health care năm 2\\PNV25-MentalHealtCareApp\\vendor\\laravel\\lumen-framework\\src\\Concerns\\RoutesRequests.php(269): Laravel\\Lumen\\Application->callActionOnArrayBasedRoute()
#17 E:\\Workspace\\PHP\\dự án php mental health care năm 2\\PNV25-MentalHealtCareApp\\vendor\\laravel\\lumen-framework\\src\\Concerns\\RoutesRequests.php(171): Laravel\\Lumen\\Application->handleFoundRoute()
#18 E:\\Workspace\\PHP\\dự án php mental health care năm 2\\PNV25-MentalHealtCareApp\\vendor\\laravel\\lumen-framework\\src\\Concerns\\RoutesRequests.php(431): Laravel\\Lumen\\Application->Laravel\\Lumen\\Concerns\\{closure}()
#19 E:\\Workspace\\PHP\\dự án php mental health care năm 2\\PNV25-MentalHealtCareApp\\vendor\\laravel\\lumen-framework\\src\\Concerns\\RoutesRequests.php(167): Laravel\\Lumen\\Application->sendThroughPipeline()
#20 E:\\Workspace\\PHP\\dự án php mental health care năm 2\\PNV25-MentalHealtCareApp\\vendor\\laravel\\lumen-framework\\src\\Concerns\\RoutesRequests.php(112): Laravel\\Lumen\\Application->dispatch()
#21 E:\\Workspace\\PHP\\dự án php mental health care năm 2\\PNV25-MentalHealtCareApp\\public\\index.php(28): Laravel\\Lumen\\Application->run()
#22 {main}
"} 
[2024-01-03 07:04:49] local.ERROR: Undefined variable $doctors {"exception":"[object] (ErrorException(code: 0): Undefined variable $doctors at E:\\Workspace\\PHP\\dự án php mental health care năm 2\\PNV25-MentalHealtCareApp\\resources\\views\\pages\\admin\\doctor.php:36)
[stacktrace]
#0 E:\\Workspace\\PHP\\dự án php mental health care năm 2\\PNV25-MentalHealtCareApp\\vendor\\laravel\\lumen-framework\\src\\Concerns\\RegistersExceptionHandlers.php(47): Laravel\\Lumen\\Application->handleError()
#1 E:\\Workspace\\PHP\\dự án php mental health care năm 2\\PNV25-MentalHealtCareApp\\resources\\views\\pages\\admin\\doctor.php(36): Laravel\\Lumen\\Application->Laravel\\Lumen\\Concerns\\{closure}()
#2 E:\\Workspace\\PHP\\dự án php mental health care năm 2\\PNV25-MentalHealtCareApp\\vendor\\illuminate\\filesystem\\Filesystem.php(124): require('...')
#3 E:\\Workspace\\PHP\\dự án php mental health care năm 2\\PNV25-MentalHealtCareApp\\vendor\\illuminate\\filesystem\\Filesystem.php(125): Illuminate\\Filesystem\\Filesystem::Illuminate\\Filesystem\\{closure}()
#4 E:\\Workspace\\PHP\\dự án php mental health care năm 2\\PNV25-MentalHealtCareApp\\vendor\\illuminate\\view\\Engines\\PhpEngine.php(58): Illuminate\\Filesystem\\Filesystem->getRequire()
#5 E:\\Workspace\\PHP\\dự án php mental health care năm 2\\PNV25-MentalHealtCareApp\\vendor\\illuminate\\view\\Engines\\PhpEngine.php(38): Illuminate\\View\\Engines\\PhpEngine->evaluatePath()
#6 E:\\Workspace\\PHP\\dự án php mental health care năm 2\\PNV25-MentalHealtCareApp\\vendor\\illuminate\\view\\View.php(207): Illuminate\\View\\Engines\\PhpEngine->get()
#7 E:\\Workspace\\PHP\\dự án php mental health care năm 2\\PNV25-MentalHealtCareApp\\vendor\\illuminate\\view\\View.php(190): Illuminate\\View\\View->getContents()
#8 E:\\Workspace\\PHP\\dự án php mental health care năm 2\\PNV25-MentalHealtCareApp\\vendor\\illuminate\\view\\View.php(159): Illuminate\\View\\View->renderContents()
#9 E:\\Workspace\\PHP\\dự án php mental health care năm 2\\PNV25-MentalHealtCareApp\\vendor\\illuminate\\http\\Response.php(69): Illuminate\\View\\View->render()
#10 E:\\Workspace\\PHP\\dự án php mental health care năm 2\\PNV25-MentalHealtCareApp\\vendor\\illuminate\\http\\Response.php(35): Illuminate\\Http\\Response->setContent()
#11 E:\\Workspace\\PHP\\dự án php mental health care năm 2\\PNV25-MentalHealtCareApp\\vendor\\laravel\\lumen-framework\\src\\Concerns\\RoutesRequests.php(451): Illuminate\\Http\\Response->__construct()
#12 E:\\Workspace\\PHP\\dự án php mental health care năm 2\\PNV25-MentalHealtCareApp\\vendor\\laravel\\lumen-framework\\src\\Concerns\\RoutesRequests.php(390): Laravel\\Lumen\\Application->prepareResponse()
#13 E:\\Workspace\\PHP\\dự án php mental health care năm 2\\PNV25-MentalHealtCareApp\\vendor\\laravel\\lumen-framework\\src\\Concerns\\RoutesRequests.php(356): Laravel\\Lumen\\Application->callControllerCallable()
#14 E:\\Workspace\\PHP\\dự án php mental health care năm 2\\PNV25-MentalHealtCareApp\\vendor\\laravel\\lumen-framework\\src\\Concerns\\RoutesRequests.php(331): Laravel\\Lumen\\Application->callLumenController()
#15 E:\\Workspace\\PHP\\dự án php mental health care năm 2\\PNV25-MentalHealtCareApp\\vendor\\laravel\\lumen-framework\\src\\Concerns\\RoutesRequests.php(284): Laravel\\Lumen\\Application->callControllerAction()
#16 E:\\Workspace\\PHP\\dự án php mental health care năm 2\\PNV25-MentalHealtCareApp\\vendor\\laravel\\lumen-framework\\src\\Concerns\\RoutesRequests.php(269): Laravel\\Lumen\\Application->callActionOnArrayBasedRoute()
#17 E:\\Workspace\\PHP\\dự án php mental health care năm 2\\PNV25-MentalHealtCareApp\\vendor\\laravel\\lumen-framework\\src\\Concerns\\RoutesRequests.php(171): Laravel\\Lumen\\Application->handleFoundRoute()
#18 E:\\Workspace\\PHP\\dự án php mental health care năm 2\\PNV25-MentalHealtCareApp\\vendor\\laravel\\lumen-framework\\src\\Concerns\\RoutesRequests.php(431): Laravel\\Lumen\\Application->Laravel\\Lumen\\Concerns\\{closure}()
#19 E:\\Workspace\\PHP\\dự án php mental health care năm 2\\PNV25-MentalHealtCareApp\\vendor\\laravel\\lumen-framework\\src\\Concerns\\RoutesRequests.php(167): Laravel\\Lumen\\Application->sendThroughPipeline()
#20 E:\\Workspace\\PHP\\dự án php mental health care năm 2\\PNV25-MentalHealtCareApp\\vendor\\laravel\\lumen-framework\\src\\Concerns\\RoutesRequests.php(112): Laravel\\Lumen\\Application->dispatch()
#21 E:\\Workspace\\PHP\\dự án php mental health care năm 2\\PNV25-MentalHealtCareApp\\public\\index.php(28): Laravel\\Lumen\\Application->run()
#22 {main}
"} 
[2024-01-03 07:08:37] local.ERROR: Undefined variable $doctors {"exception":"[object] (ErrorException(code: 0): Undefined variable $doctors at E:\\Workspace\\PHP\\dự án php mental health care năm 2\\PNV25-MentalHealtCareApp\\resources\\views\\pages\\admin\\doctor.php:36)
[stacktrace]
#0 E:\\Workspace\\PHP\\dự án php mental health care năm 2\\PNV25-MentalHealtCareApp\\vendor\\laravel\\lumen-framework\\src\\Concerns\\RegistersExceptionHandlers.php(47): Laravel\\Lumen\\Application->handleError()
#1 E:\\Workspace\\PHP\\dự án php mental health care năm 2\\PNV25-MentalHealtCareApp\\resources\\views\\pages\\admin\\doctor.php(36): Laravel\\Lumen\\Application->Laravel\\Lumen\\Concerns\\{closure}()
#2 E:\\Workspace\\PHP\\dự án php mental health care năm 2\\PNV25-MentalHealtCareApp\\vendor\\illuminate\\filesystem\\Filesystem.php(124): require('...')
#3 E:\\Workspace\\PHP\\dự án php mental health care năm 2\\PNV25-MentalHealtCareApp\\vendor\\illuminate\\filesystem\\Filesystem.php(125): Illuminate\\Filesystem\\Filesystem::Illuminate\\Filesystem\\{closure}()
#4 E:\\Workspace\\PHP\\dự án php mental health care năm 2\\PNV25-MentalHealtCareApp\\vendor\\illuminate\\view\\Engines\\PhpEngine.php(58): Illuminate\\Filesystem\\Filesystem->getRequire()
#5 E:\\Workspace\\PHP\\dự án php mental health care năm 2\\PNV25-MentalHealtCareApp\\vendor\\illuminate\\view\\Engines\\PhpEngine.php(38): Illuminate\\View\\Engines\\PhpEngine->evaluatePath()
#6 E:\\Workspace\\PHP\\dự án php mental health care năm 2\\PNV25-MentalHealtCareApp\\vendor\\illuminate\\view\\View.php(207): Illuminate\\View\\Engines\\PhpEngine->get()
#7 E:\\Workspace\\PHP\\dự án php mental health care năm 2\\PNV25-MentalHealtCareApp\\vendor\\illuminate\\view\\View.php(190): Illuminate\\View\\View->getContents()
#8 E:\\Workspace\\PHP\\dự án php mental health care năm 2\\PNV25-MentalHealtCareApp\\vendor\\illuminate\\view\\View.php(159): Illuminate\\View\\View->renderContents()
#9 E:\\Workspace\\PHP\\dự án php mental health care năm 2\\PNV25-MentalHealtCareApp\\vendor\\illuminate\\http\\Response.php(69): Illuminate\\View\\View->render()
#10 E:\\Workspace\\PHP\\dự án php mental health care năm 2\\PNV25-MentalHealtCareApp\\vendor\\illuminate\\http\\Response.php(35): Illuminate\\Http\\Response->setContent()
#11 E:\\Workspace\\PHP\\dự án php mental health care năm 2\\PNV25-MentalHealtCareApp\\vendor\\laravel\\lumen-framework\\src\\Concerns\\RoutesRequests.php(451): Illuminate\\Http\\Response->__construct()
#12 E:\\Workspace\\PHP\\dự án php mental health care năm 2\\PNV25-MentalHealtCareApp\\vendor\\laravel\\lumen-framework\\src\\Concerns\\RoutesRequests.php(390): Laravel\\Lumen\\Application->prepareResponse()
#13 E:\\Workspace\\PHP\\dự án php mental health care năm 2\\PNV25-MentalHealtCareApp\\vendor\\laravel\\lumen-framework\\src\\Concerns\\RoutesRequests.php(356): Laravel\\Lumen\\Application->callControllerCallable()
#14 E:\\Workspace\\PHP\\dự án php mental health care năm 2\\PNV25-MentalHealtCareApp\\vendor\\laravel\\lumen-framework\\src\\Concerns\\RoutesRequests.php(331): Laravel\\Lumen\\Application->callLumenController()
#15 E:\\Workspace\\PHP\\dự án php mental health care năm 2\\PNV25-MentalHealtCareApp\\vendor\\laravel\\lumen-framework\\src\\Concerns\\RoutesRequests.php(284): Laravel\\Lumen\\Application->callControllerAction()
#16 E:\\Workspace\\PHP\\dự án php mental health care năm 2\\PNV25-MentalHealtCareApp\\vendor\\laravel\\lumen-framework\\src\\Concerns\\RoutesRequests.php(269): Laravel\\Lumen\\Application->callActionOnArrayBasedRoute()
#17 E:\\Workspace\\PHP\\dự án php mental health care năm 2\\PNV25-MentalHealtCareApp\\vendor\\laravel\\lumen-framework\\src\\Concerns\\RoutesRequests.php(171): Laravel\\Lumen\\Application->handleFoundRoute()
#18 E:\\Workspace\\PHP\\dự án php mental health care năm 2\\PNV25-MentalHealtCareApp\\vendor\\laravel\\lumen-framework\\src\\Concerns\\RoutesRequests.php(431): Laravel\\Lumen\\Application->Laravel\\Lumen\\Concerns\\{closure}()
#19 E:\\Workspace\\PHP\\dự án php mental health care năm 2\\PNV25-MentalHealtCareApp\\vendor\\laravel\\lumen-framework\\src\\Concerns\\RoutesRequests.php(167): Laravel\\Lumen\\Application->sendThroughPipeline()
#20 E:\\Workspace\\PHP\\dự án php mental health care năm 2\\PNV25-MentalHealtCareApp\\vendor\\laravel\\lumen-framework\\src\\Concerns\\RoutesRequests.php(112): Laravel\\Lumen\\Application->dispatch()
#21 E:\\Workspace\\PHP\\dự án php mental health care năm 2\\PNV25-MentalHealtCareApp\\public\\index.php(28): Laravel\\Lumen\\Application->run()
#22 {main}
"} 
[2024-01-03 07:08:39] local.ERROR: Undefined variable $doctors {"exception":"[object] (ErrorException(code: 0): Undefined variable $doctors at E:\\Workspace\\PHP\\dự án php mental health care năm 2\\PNV25-MentalHealtCareApp\\resources\\views\\pages\\admin\\doctor.php:36)
[stacktrace]
#0 E:\\Workspace\\PHP\\dự án php mental health care năm 2\\PNV25-MentalHealtCareApp\\vendor\\laravel\\lumen-framework\\src\\Concerns\\RegistersExceptionHandlers.php(47): Laravel\\Lumen\\Application->handleError()
#1 E:\\Workspace\\PHP\\dự án php mental health care năm 2\\PNV25-MentalHealtCareApp\\resources\\views\\pages\\admin\\doctor.php(36): Laravel\\Lumen\\Application->Laravel\\Lumen\\Concerns\\{closure}()
#2 E:\\Workspace\\PHP\\dự án php mental health care năm 2\\PNV25-MentalHealtCareApp\\vendor\\illuminate\\filesystem\\Filesystem.php(124): require('...')
#3 E:\\Workspace\\PHP\\dự án php mental health care năm 2\\PNV25-MentalHealtCareApp\\vendor\\illuminate\\filesystem\\Filesystem.php(125): Illuminate\\Filesystem\\Filesystem::Illuminate\\Filesystem\\{closure}()
#4 E:\\Workspace\\PHP\\dự án php mental health care năm 2\\PNV25-MentalHealtCareApp\\vendor\\illuminate\\view\\Engines\\PhpEngine.php(58): Illuminate\\Filesystem\\Filesystem->getRequire()
#5 E:\\Workspace\\PHP\\dự án php mental health care năm 2\\PNV25-MentalHealtCareApp\\vendor\\illuminate\\view\\Engines\\PhpEngine.php(38): Illuminate\\View\\Engines\\PhpEngine->evaluatePath()
#6 E:\\Workspace\\PHP\\dự án php mental health care năm 2\\PNV25-MentalHealtCareApp\\vendor\\illuminate\\view\\View.php(207): Illuminate\\View\\Engines\\PhpEngine->get()
#7 E:\\Workspace\\PHP\\dự án php mental health care năm 2\\PNV25-MentalHealtCareApp\\vendor\\illuminate\\view\\View.php(190): Illuminate\\View\\View->getContents()
#8 E:\\Workspace\\PHP\\dự án php mental health care năm 2\\PNV25-MentalHealtCareApp\\vendor\\illuminate\\view\\View.php(159): Illuminate\\View\\View->renderContents()
#9 E:\\Workspace\\PHP\\dự án php mental health care năm 2\\PNV25-MentalHealtCareApp\\vendor\\illuminate\\http\\Response.php(69): Illuminate\\View\\View->render()
#10 E:\\Workspace\\PHP\\dự án php mental health care năm 2\\PNV25-MentalHealtCareApp\\vendor\\illuminate\\http\\Response.php(35): Illuminate\\Http\\Response->setContent()
#11 E:\\Workspace\\PHP\\dự án php mental health care năm 2\\PNV25-MentalHealtCareApp\\vendor\\laravel\\lumen-framework\\src\\Concerns\\RoutesRequests.php(451): Illuminate\\Http\\Response->__construct()
#12 E:\\Workspace\\PHP\\dự án php mental health care năm 2\\PNV25-MentalHealtCareApp\\vendor\\laravel\\lumen-framework\\src\\Concerns\\RoutesRequests.php(390): Laravel\\Lumen\\Application->prepareResponse()
#13 E:\\Workspace\\PHP\\dự án php mental health care năm 2\\PNV25-MentalHealtCareApp\\vendor\\laravel\\lumen-framework\\src\\Concerns\\RoutesRequests.php(356): Laravel\\Lumen\\Application->callControllerCallable()
#14 E:\\Workspace\\PHP\\dự án php mental health care năm 2\\PNV25-MentalHealtCareApp\\vendor\\laravel\\lumen-framework\\src\\Concerns\\RoutesRequests.php(331): Laravel\\Lumen\\Application->callLumenController()
#15 E:\\Workspace\\PHP\\dự án php mental health care năm 2\\PNV25-MentalHealtCareApp\\vendor\\laravel\\lumen-framework\\src\\Concerns\\RoutesRequests.php(284): Laravel\\Lumen\\Application->callControllerAction()
#16 E:\\Workspace\\PHP\\dự án php mental health care năm 2\\PNV25-MentalHealtCareApp\\vendor\\laravel\\lumen-framework\\src\\Concerns\\RoutesRequests.php(269): Laravel\\Lumen\\Application->callActionOnArrayBasedRoute()
#17 E:\\Workspace\\PHP\\dự án php mental health care năm 2\\PNV25-MentalHealtCareApp\\vendor\\laravel\\lumen-framework\\src\\Concerns\\RoutesRequests.php(171): Laravel\\Lumen\\Application->handleFoundRoute()
#18 E:\\Workspace\\PHP\\dự án php mental health care năm 2\\PNV25-MentalHealtCareApp\\vendor\\laravel\\lumen-framework\\src\\Concerns\\RoutesRequests.php(431): Laravel\\Lumen\\Application->Laravel\\Lumen\\Concerns\\{closure}()
#19 E:\\Workspace\\PHP\\dự án php mental health care năm 2\\PNV25-MentalHealtCareApp\\vendor\\laravel\\lumen-framework\\src\\Concerns\\RoutesRequests.php(167): Laravel\\Lumen\\Application->sendThroughPipeline()
#20 E:\\Workspace\\PHP\\dự án php mental health care năm 2\\PNV25-MentalHealtCareApp\\vendor\\laravel\\lumen-framework\\src\\Concerns\\RoutesRequests.php(112): Laravel\\Lumen\\Application->dispatch()
#21 E:\\Workspace\\PHP\\dự án php mental health care năm 2\\PNV25-MentalHealtCareApp\\public\\index.php(28): Laravel\\Lumen\\Application->run()
#22 {main}
"} 
[2024-01-03 07:09:11] local.ERROR: Undefined variable $doctors {"exception":"[object] (ErrorException(code: 0): Undefined variable $doctors at E:\\Workspace\\PHP\\dự án php mental health care năm 2\\PNV25-MentalHealtCareApp\\resources\\views\\pages\\admin\\doctor.php:36)
[stacktrace]
#0 E:\\Workspace\\PHP\\dự án php mental health care năm 2\\PNV25-MentalHealtCareApp\\vendor\\laravel\\lumen-framework\\src\\Concerns\\RegistersExceptionHandlers.php(47): Laravel\\Lumen\\Application->handleError()
#1 E:\\Workspace\\PHP\\dự án php mental health care năm 2\\PNV25-MentalHealtCareApp\\resources\\views\\pages\\admin\\doctor.php(36): Laravel\\Lumen\\Application->Laravel\\Lumen\\Concerns\\{closure}()
#2 E:\\Workspace\\PHP\\dự án php mental health care năm 2\\PNV25-MentalHealtCareApp\\vendor\\illuminate\\filesystem\\Filesystem.php(124): require('...')
#3 E:\\Workspace\\PHP\\dự án php mental health care năm 2\\PNV25-MentalHealtCareApp\\vendor\\illuminate\\filesystem\\Filesystem.php(125): Illuminate\\Filesystem\\Filesystem::Illuminate\\Filesystem\\{closure}()
#4 E:\\Workspace\\PHP\\dự án php mental health care năm 2\\PNV25-MentalHealtCareApp\\vendor\\illuminate\\view\\Engines\\PhpEngine.php(58): Illuminate\\Filesystem\\Filesystem->getRequire()
#5 E:\\Workspace\\PHP\\dự án php mental health care năm 2\\PNV25-MentalHealtCareApp\\vendor\\illuminate\\view\\Engines\\PhpEngine.php(38): Illuminate\\View\\Engines\\PhpEngine->evaluatePath()
#6 E:\\Workspace\\PHP\\dự án php mental health care năm 2\\PNV25-MentalHealtCareApp\\vendor\\illuminate\\view\\View.php(207): Illuminate\\View\\Engines\\PhpEngine->get()
#7 E:\\Workspace\\PHP\\dự án php mental health care năm 2\\PNV25-MentalHealtCareApp\\vendor\\illuminate\\view\\View.php(190): Illuminate\\View\\View->getContents()
#8 E:\\Workspace\\PHP\\dự án php mental health care năm 2\\PNV25-MentalHealtCareApp\\vendor\\illuminate\\view\\View.php(159): Illuminate\\View\\View->renderContents()
#9 E:\\Workspace\\PHP\\dự án php mental health care năm 2\\PNV25-MentalHealtCareApp\\vendor\\illuminate\\http\\Response.php(69): Illuminate\\View\\View->render()
#10 E:\\Workspace\\PHP\\dự án php mental health care năm 2\\PNV25-MentalHealtCareApp\\vendor\\illuminate\\http\\Response.php(35): Illuminate\\Http\\Response->setContent()
#11 E:\\Workspace\\PHP\\dự án php mental health care năm 2\\PNV25-MentalHealtCareApp\\vendor\\laravel\\lumen-framework\\src\\Concerns\\RoutesRequests.php(451): Illuminate\\Http\\Response->__construct()
#12 E:\\Workspace\\PHP\\dự án php mental health care năm 2\\PNV25-MentalHealtCareApp\\vendor\\laravel\\lumen-framework\\src\\Concerns\\RoutesRequests.php(390): Laravel\\Lumen\\Application->prepareResponse()
#13 E:\\Workspace\\PHP\\dự án php mental health care năm 2\\PNV25-MentalHealtCareApp\\vendor\\laravel\\lumen-framework\\src\\Concerns\\RoutesRequests.php(356): Laravel\\Lumen\\Application->callControllerCallable()
#14 E:\\Workspace\\PHP\\dự án php mental health care năm 2\\PNV25-MentalHealtCareApp\\vendor\\laravel\\lumen-framework\\src\\Concerns\\RoutesRequests.php(331): Laravel\\Lumen\\Application->callLumenController()
#15 E:\\Workspace\\PHP\\dự án php mental health care năm 2\\PNV25-MentalHealtCareApp\\vendor\\laravel\\lumen-framework\\src\\Concerns\\RoutesRequests.php(284): Laravel\\Lumen\\Application->callControllerAction()
#16 E:\\Workspace\\PHP\\dự án php mental health care năm 2\\PNV25-MentalHealtCareApp\\vendor\\laravel\\lumen-framework\\src\\Concerns\\RoutesRequests.php(269): Laravel\\Lumen\\Application->callActionOnArrayBasedRoute()
#17 E:\\Workspace\\PHP\\dự án php mental health care năm 2\\PNV25-MentalHealtCareApp\\vendor\\laravel\\lumen-framework\\src\\Concerns\\RoutesRequests.php(171): Laravel\\Lumen\\Application->handleFoundRoute()
#18 E:\\Workspace\\PHP\\dự án php mental health care năm 2\\PNV25-MentalHealtCareApp\\vendor\\laravel\\lumen-framework\\src\\Concerns\\RoutesRequests.php(431): Laravel\\Lumen\\Application->Laravel\\Lumen\\Concerns\\{closure}()
#19 E:\\Workspace\\PHP\\dự án php mental health care năm 2\\PNV25-MentalHealtCareApp\\vendor\\laravel\\lumen-framework\\src\\Concerns\\RoutesRequests.php(167): Laravel\\Lumen\\Application->sendThroughPipeline()
#20 E:\\Workspace\\PHP\\dự án php mental health care năm 2\\PNV25-MentalHealtCareApp\\vendor\\laravel\\lumen-framework\\src\\Concerns\\RoutesRequests.php(112): Laravel\\Lumen\\Application->dispatch()
#21 E:\\Workspace\\PHP\\dự án php mental health care năm 2\\PNV25-MentalHealtCareApp\\public\\index.php(28): Laravel\\Lumen\\Application->run()
#22 {main}
"} 
[2024-01-03 07:09:42] local.ERROR: Undefined variable $doctors {"exception":"[object] (ErrorException(code: 0): Undefined variable $doctors at E:\\Workspace\\PHP\\dự án php mental health care năm 2\\PNV25-MentalHealtCareApp\\resources\\views\\pages\\admin\\doctor.php:36)
[stacktrace]
#0 E:\\Workspace\\PHP\\dự án php mental health care năm 2\\PNV25-MentalHealtCareApp\\vendor\\laravel\\lumen-framework\\src\\Concerns\\RegistersExceptionHandlers.php(47): Laravel\\Lumen\\Application->handleError()
#1 E:\\Workspace\\PHP\\dự án php mental health care năm 2\\PNV25-MentalHealtCareApp\\resources\\views\\pages\\admin\\doctor.php(36): Laravel\\Lumen\\Application->Laravel\\Lumen\\Concerns\\{closure}()
#2 E:\\Workspace\\PHP\\dự án php mental health care năm 2\\PNV25-MentalHealtCareApp\\vendor\\illuminate\\filesystem\\Filesystem.php(124): require('...')
#3 E:\\Workspace\\PHP\\dự án php mental health care năm 2\\PNV25-MentalHealtCareApp\\vendor\\illuminate\\filesystem\\Filesystem.php(125): Illuminate\\Filesystem\\Filesystem::Illuminate\\Filesystem\\{closure}()
#4 E:\\Workspace\\PHP\\dự án php mental health care năm 2\\PNV25-MentalHealtCareApp\\vendor\\illuminate\\view\\Engines\\PhpEngine.php(58): Illuminate\\Filesystem\\Filesystem->getRequire()
#5 E:\\Workspace\\PHP\\dự án php mental health care năm 2\\PNV25-MentalHealtCareApp\\vendor\\illuminate\\view\\Engines\\PhpEngine.php(38): Illuminate\\View\\Engines\\PhpEngine->evaluatePath()
#6 E:\\Workspace\\PHP\\dự án php mental health care năm 2\\PNV25-MentalHealtCareApp\\vendor\\illuminate\\view\\View.php(207): Illuminate\\View\\Engines\\PhpEngine->get()
#7 E:\\Workspace\\PHP\\dự án php mental health care năm 2\\PNV25-MentalHealtCareApp\\vendor\\illuminate\\view\\View.php(190): Illuminate\\View\\View->getContents()
#8 E:\\Workspace\\PHP\\dự án php mental health care năm 2\\PNV25-MentalHealtCareApp\\vendor\\illuminate\\view\\View.php(159): Illuminate\\View\\View->renderContents()
#9 E:\\Workspace\\PHP\\dự án php mental health care năm 2\\PNV25-MentalHealtCareApp\\vendor\\illuminate\\http\\Response.php(69): Illuminate\\View\\View->render()
#10 E:\\Workspace\\PHP\\dự án php mental health care năm 2\\PNV25-MentalHealtCareApp\\vendor\\illuminate\\http\\Response.php(35): Illuminate\\Http\\Response->setContent()
#11 E:\\Workspace\\PHP\\dự án php mental health care năm 2\\PNV25-MentalHealtCareApp\\vendor\\laravel\\lumen-framework\\src\\Concerns\\RoutesRequests.php(451): Illuminate\\Http\\Response->__construct()
#12 E:\\Workspace\\PHP\\dự án php mental health care năm 2\\PNV25-MentalHealtCareApp\\vendor\\laravel\\lumen-framework\\src\\Concerns\\RoutesRequests.php(390): Laravel\\Lumen\\Application->prepareResponse()
#13 E:\\Workspace\\PHP\\dự án php mental health care năm 2\\PNV25-MentalHealtCareApp\\vendor\\laravel\\lumen-framework\\src\\Concerns\\RoutesRequests.php(356): Laravel\\Lumen\\Application->callControllerCallable()
#14 E:\\Workspace\\PHP\\dự án php mental health care năm 2\\PNV25-MentalHealtCareApp\\vendor\\laravel\\lumen-framework\\src\\Concerns\\RoutesRequests.php(331): Laravel\\Lumen\\Application->callLumenController()
#15 E:\\Workspace\\PHP\\dự án php mental health care năm 2\\PNV25-MentalHealtCareApp\\vendor\\laravel\\lumen-framework\\src\\Concerns\\RoutesRequests.php(284): Laravel\\Lumen\\Application->callControllerAction()
#16 E:\\Workspace\\PHP\\dự án php mental health care năm 2\\PNV25-MentalHealtCareApp\\vendor\\laravel\\lumen-framework\\src\\Concerns\\RoutesRequests.php(269): Laravel\\Lumen\\Application->callActionOnArrayBasedRoute()
#17 E:\\Workspace\\PHP\\dự án php mental health care năm 2\\PNV25-MentalHealtCareApp\\vendor\\laravel\\lumen-framework\\src\\Concerns\\RoutesRequests.php(171): Laravel\\Lumen\\Application->handleFoundRoute()
#18 E:\\Workspace\\PHP\\dự án php mental health care năm 2\\PNV25-MentalHealtCareApp\\vendor\\laravel\\lumen-framework\\src\\Concerns\\RoutesRequests.php(431): Laravel\\Lumen\\Application->Laravel\\Lumen\\Concerns\\{closure}()
#19 E:\\Workspace\\PHP\\dự án php mental health care năm 2\\PNV25-MentalHealtCareApp\\vendor\\laravel\\lumen-framework\\src\\Concerns\\RoutesRequests.php(167): Laravel\\Lumen\\Application->sendThroughPipeline()
#20 E:\\Workspace\\PHP\\dự án php mental health care năm 2\\PNV25-MentalHealtCareApp\\vendor\\laravel\\lumen-framework\\src\\Concerns\\RoutesRequests.php(112): Laravel\\Lumen\\Application->dispatch()
#21 E:\\Workspace\\PHP\\dự án php mental health care năm 2\\PNV25-MentalHealtCareApp\\public\\index.php(28): Laravel\\Lumen\\Application->run()
#22 {main}
"} 
[2024-01-03 07:09:59] local.ERROR: compact(): Argument #1 must be string or array of strings, stdClass given {"exception":"[object] (ErrorException(code: 0): compact(): Argument #1 must be string or array of strings, stdClass given at E:\\Workspace\\PHP\\dự án php mental health care năm 2\\PNV25-MentalHealtCareApp\\app\\Controllers\\Admin\\DoctorController.php:26)
[stacktrace]
#0 E:\\Workspace\\PHP\\dự án php mental health care năm 2\\PNV25-MentalHealtCareApp\\vendor\\laravel\\lumen-framework\\src\\Concerns\\RegistersExceptionHandlers.php(47): Laravel\\Lumen\\Application->handleError()
#1 [internal function]: Laravel\\Lumen\\Application->Laravel\\Lumen\\Concerns\\{closure}()
#2 E:\\Workspace\\PHP\\dự án php mental health care năm 2\\PNV25-MentalHealtCareApp\\app\\Controllers\\Admin\\DoctorController.php(26): compact()
#3 E:\\Workspace\\PHP\\dự án php mental health care năm 2\\PNV25-MentalHealtCareApp\\vendor\\illuminate\\container\\BoundMethod.php(36): App\\Controllers\\Admin\\DoctorController->index()
#4 E:\\Workspace\\PHP\\dự án php mental health care năm 2\\PNV25-MentalHealtCareApp\\vendor\\illuminate\\container\\Util.php(41): Illuminate\\Container\\BoundMethod::Illuminate\\Container\\{closure}()
#5 E:\\Workspace\\PHP\\dự án php mental health care năm 2\\PNV25-MentalHealtCareApp\\vendor\\illuminate\\container\\BoundMethod.php(93): Illuminate\\Container\\Util::unwrapIfClosure()
#6 E:\\Workspace\\PHP\\dự án php mental health care năm 2\\PNV25-MentalHealtCareApp\\vendor\\illuminate\\container\\BoundMethod.php(35): Illuminate\\Container\\BoundMethod::callBoundMethod()
#7 E:\\Workspace\\PHP\\dự án php mental health care năm 2\\PNV25-MentalHealtCareApp\\vendor\\illuminate\\container\\Container.php(662): Illuminate\\Container\\BoundMethod::call()
#8 E:\\Workspace\\PHP\\dự án php mental health care năm 2\\PNV25-MentalHealtCareApp\\vendor\\laravel\\lumen-framework\\src\\Concerns\\RoutesRequests.php(391): Illuminate\\Container\\Container->call()
#9 E:\\Workspace\\PHP\\dự án php mental health care năm 2\\PNV25-MentalHealtCareApp\\vendor\\laravel\\lumen-framework\\src\\Concerns\\RoutesRequests.php(356): Laravel\\Lumen\\Application->callControllerCallable()
#10 E:\\Workspace\\PHP\\dự án php mental health care năm 2\\PNV25-MentalHealtCareApp\\vendor\\laravel\\lumen-framework\\src\\Concerns\\RoutesRequests.php(331): Laravel\\Lumen\\Application->callLumenController()
#11 E:\\Workspace\\PHP\\dự án php mental health care năm 2\\PNV25-MentalHealtCareApp\\vendor\\laravel\\lumen-framework\\src\\Concerns\\RoutesRequests.php(284): Laravel\\Lumen\\Application->callControllerAction()
#12 E:\\Workspace\\PHP\\dự án php mental health care năm 2\\PNV25-MentalHealtCareApp\\vendor\\laravel\\lumen-framework\\src\\Concerns\\RoutesRequests.php(269): Laravel\\Lumen\\Application->callActionOnArrayBasedRoute()
#13 E:\\Workspace\\PHP\\dự án php mental health care năm 2\\PNV25-MentalHealtCareApp\\vendor\\laravel\\lumen-framework\\src\\Concerns\\RoutesRequests.php(171): Laravel\\Lumen\\Application->handleFoundRoute()
#14 E:\\Workspace\\PHP\\dự án php mental health care năm 2\\PNV25-MentalHealtCareApp\\vendor\\laravel\\lumen-framework\\src\\Concerns\\RoutesRequests.php(431): Laravel\\Lumen\\Application->Laravel\\Lumen\\Concerns\\{closure}()
#15 E:\\Workspace\\PHP\\dự án php mental health care năm 2\\PNV25-MentalHealtCareApp\\vendor\\laravel\\lumen-framework\\src\\Concerns\\RoutesRequests.php(167): Laravel\\Lumen\\Application->sendThroughPipeline()
#16 E:\\Workspace\\PHP\\dự án php mental health care năm 2\\PNV25-MentalHealtCareApp\\vendor\\laravel\\lumen-framework\\src\\Concerns\\RoutesRequests.php(112): Laravel\\Lumen\\Application->dispatch()
#17 E:\\Workspace\\PHP\\dự án php mental health care năm 2\\PNV25-MentalHealtCareApp\\public\\index.php(28): Laravel\\Lumen\\Application->run()
#18 {main}
"} 
[2024-01-03 07:18:07] local.ERROR: Undefined property: stdClass::$Fullname {"exception":"[object] (ErrorException(code: 0): Undefined property: stdClass::$Fullname at E:\\Workspace\\PHP\\dự án php mental health care năm 2\\PNV25-MentalHealtCareApp\\resources\\views\\pages\\admin\\doctor.php:39)
[stacktrace]
#0 E:\\Workspace\\PHP\\dự án php mental health care năm 2\\PNV25-MentalHealtCareApp\\vendor\\laravel\\lumen-framework\\src\\Concerns\\RegistersExceptionHandlers.php(47): Laravel\\Lumen\\Application->handleError()
#1 E:\\Workspace\\PHP\\dự án php mental health care năm 2\\PNV25-MentalHealtCareApp\\resources\\views\\pages\\admin\\doctor.php(39): Laravel\\Lumen\\Application->Laravel\\Lumen\\Concerns\\{closure}()
#2 E:\\Workspace\\PHP\\dự án php mental health care năm 2\\PNV25-MentalHealtCareApp\\vendor\\illuminate\\filesystem\\Filesystem.php(124): require('...')
#3 E:\\Workspace\\PHP\\dự án php mental health care năm 2\\PNV25-MentalHealtCareApp\\vendor\\illuminate\\filesystem\\Filesystem.php(125): Illuminate\\Filesystem\\Filesystem::Illuminate\\Filesystem\\{closure}()
#4 E:\\Workspace\\PHP\\dự án php mental health care năm 2\\PNV25-MentalHealtCareApp\\vendor\\illuminate\\view\\Engines\\PhpEngine.php(58): Illuminate\\Filesystem\\Filesystem->getRequire()
#5 E:\\Workspace\\PHP\\dự án php mental health care năm 2\\PNV25-MentalHealtCareApp\\vendor\\illuminate\\view\\Engines\\PhpEngine.php(38): Illuminate\\View\\Engines\\PhpEngine->evaluatePath()
#6 E:\\Workspace\\PHP\\dự án php mental health care năm 2\\PNV25-MentalHealtCareApp\\vendor\\illuminate\\view\\View.php(207): Illuminate\\View\\Engines\\PhpEngine->get()
#7 E:\\Workspace\\PHP\\dự án php mental health care năm 2\\PNV25-MentalHealtCareApp\\vendor\\illuminate\\view\\View.php(190): Illuminate\\View\\View->getContents()
#8 E:\\Workspace\\PHP\\dự án php mental health care năm 2\\PNV25-MentalHealtCareApp\\vendor\\illuminate\\view\\View.php(159): Illuminate\\View\\View->renderContents()
#9 E:\\Workspace\\PHP\\dự án php mental health care năm 2\\PNV25-MentalHealtCareApp\\vendor\\illuminate\\http\\Response.php(69): Illuminate\\View\\View->render()
#10 E:\\Workspace\\PHP\\dự án php mental health care năm 2\\PNV25-MentalHealtCareApp\\vendor\\illuminate\\http\\Response.php(35): Illuminate\\Http\\Response->setContent()
#11 E:\\Workspace\\PHP\\dự án php mental health care năm 2\\PNV25-MentalHealtCareApp\\vendor\\laravel\\lumen-framework\\src\\Concerns\\RoutesRequests.php(451): Illuminate\\Http\\Response->__construct()
#12 E:\\Workspace\\PHP\\dự án php mental health care năm 2\\PNV25-MentalHealtCareApp\\vendor\\laravel\\lumen-framework\\src\\Concerns\\RoutesRequests.php(390): Laravel\\Lumen\\Application->prepareResponse()
#13 E:\\Workspace\\PHP\\dự án php mental health care năm 2\\PNV25-MentalHealtCareApp\\vendor\\laravel\\lumen-framework\\src\\Concerns\\RoutesRequests.php(356): Laravel\\Lumen\\Application->callControllerCallable()
#14 E:\\Workspace\\PHP\\dự án php mental health care năm 2\\PNV25-MentalHealtCareApp\\vendor\\laravel\\lumen-framework\\src\\Concerns\\RoutesRequests.php(331): Laravel\\Lumen\\Application->callLumenController()
#15 E:\\Workspace\\PHP\\dự án php mental health care năm 2\\PNV25-MentalHealtCareApp\\vendor\\laravel\\lumen-framework\\src\\Concerns\\RoutesRequests.php(284): Laravel\\Lumen\\Application->callControllerAction()
#16 E:\\Workspace\\PHP\\dự án php mental health care năm 2\\PNV25-MentalHealtCareApp\\vendor\\laravel\\lumen-framework\\src\\Concerns\\RoutesRequests.php(269): Laravel\\Lumen\\Application->callActionOnArrayBasedRoute()
#17 E:\\Workspace\\PHP\\dự án php mental health care năm 2\\PNV25-MentalHealtCareApp\\vendor\\laravel\\lumen-framework\\src\\Concerns\\RoutesRequests.php(171): Laravel\\Lumen\\Application->handleFoundRoute()
#18 E:\\Workspace\\PHP\\dự án php mental health care năm 2\\PNV25-MentalHealtCareApp\\vendor\\laravel\\lumen-framework\\src\\Concerns\\RoutesRequests.php(431): Laravel\\Lumen\\Application->Laravel\\Lumen\\Concerns\\{closure}()
#19 E:\\Workspace\\PHP\\dự án php mental health care năm 2\\PNV25-MentalHealtCareApp\\vendor\\laravel\\lumen-framework\\src\\Concerns\\RoutesRequests.php(167): Laravel\\Lumen\\Application->sendThroughPipeline()
#20 E:\\Workspace\\PHP\\dự án php mental health care năm 2\\PNV25-MentalHealtCareApp\\vendor\\laravel\\lumen-framework\\src\\Concerns\\RoutesRequests.php(112): Laravel\\Lumen\\Application->dispatch()
#21 E:\\Workspace\\PHP\\dự án php mental health care năm 2\\PNV25-MentalHealtCareApp\\public\\index.php(28): Laravel\\Lumen\\Application->run()
#22 {main}
"} 
[2024-01-03 07:18:25] local.ERROR: Undefined property: stdClass::$Id {"exception":"[object] (ErrorException(code: 0): Undefined property: stdClass::$Id at E:\\Workspace\\PHP\\dự án php mental health care năm 2\\PNV25-MentalHealtCareApp\\resources\\views\\pages\\admin\\doctor.php:46)
[stacktrace]
#0 E:\\Workspace\\PHP\\dự án php mental health care năm 2\\PNV25-MentalHealtCareApp\\vendor\\laravel\\lumen-framework\\src\\Concerns\\RegistersExceptionHandlers.php(47): Laravel\\Lumen\\Application->handleError()
#1 E:\\Workspace\\PHP\\dự án php mental health care năm 2\\PNV25-MentalHealtCareApp\\resources\\views\\pages\\admin\\doctor.php(46): Laravel\\Lumen\\Application->Laravel\\Lumen\\Concerns\\{closure}()
#2 E:\\Workspace\\PHP\\dự án php mental health care năm 2\\PNV25-MentalHealtCareApp\\vendor\\illuminate\\filesystem\\Filesystem.php(124): require('...')
#3 E:\\Workspace\\PHP\\dự án php mental health care năm 2\\PNV25-MentalHealtCareApp\\vendor\\illuminate\\filesystem\\Filesystem.php(125): Illuminate\\Filesystem\\Filesystem::Illuminate\\Filesystem\\{closure}()
#4 E:\\Workspace\\PHP\\dự án php mental health care năm 2\\PNV25-MentalHealtCareApp\\vendor\\illuminate\\view\\Engines\\PhpEngine.php(58): Illuminate\\Filesystem\\Filesystem->getRequire()
#5 E:\\Workspace\\PHP\\dự án php mental health care năm 2\\PNV25-MentalHealtCareApp\\vendor\\illuminate\\view\\Engines\\PhpEngine.php(38): Illuminate\\View\\Engines\\PhpEngine->evaluatePath()
#6 E:\\Workspace\\PHP\\dự án php mental health care năm 2\\PNV25-MentalHealtCareApp\\vendor\\illuminate\\view\\View.php(207): Illuminate\\View\\Engines\\PhpEngine->get()
#7 E:\\Workspace\\PHP\\dự án php mental health care năm 2\\PNV25-MentalHealtCareApp\\vendor\\illuminate\\view\\View.php(190): Illuminate\\View\\View->getContents()
#8 E:\\Workspace\\PHP\\dự án php mental health care năm 2\\PNV25-MentalHealtCareApp\\vendor\\illuminate\\view\\View.php(159): Illuminate\\View\\View->renderContents()
#9 E:\\Workspace\\PHP\\dự án php mental health care năm 2\\PNV25-MentalHealtCareApp\\vendor\\illuminate\\http\\Response.php(69): Illuminate\\View\\View->render()
#10 E:\\Workspace\\PHP\\dự án php mental health care năm 2\\PNV25-MentalHealtCareApp\\vendor\\illuminate\\http\\Response.php(35): Illuminate\\Http\\Response->setContent()
#11 E:\\Workspace\\PHP\\dự án php mental health care năm 2\\PNV25-MentalHealtCareApp\\vendor\\laravel\\lumen-framework\\src\\Concerns\\RoutesRequests.php(451): Illuminate\\Http\\Response->__construct()
#12 E:\\Workspace\\PHP\\dự án php mental health care năm 2\\PNV25-MentalHealtCareApp\\vendor\\laravel\\lumen-framework\\src\\Concerns\\RoutesRequests.php(390): Laravel\\Lumen\\Application->prepareResponse()
#13 E:\\Workspace\\PHP\\dự án php mental health care năm 2\\PNV25-MentalHealtCareApp\\vendor\\laravel\\lumen-framework\\src\\Concerns\\RoutesRequests.php(356): Laravel\\Lumen\\Application->callControllerCallable()
#14 E:\\Workspace\\PHP\\dự án php mental health care năm 2\\PNV25-MentalHealtCareApp\\vendor\\laravel\\lumen-framework\\src\\Concerns\\RoutesRequests.php(331): Laravel\\Lumen\\Application->callLumenController()
#15 E:\\Workspace\\PHP\\dự án php mental health care năm 2\\PNV25-MentalHealtCareApp\\vendor\\laravel\\lumen-framework\\src\\Concerns\\RoutesRequests.php(284): Laravel\\Lumen\\Application->callControllerAction()
#16 E:\\Workspace\\PHP\\dự án php mental health care năm 2\\PNV25-MentalHealtCareApp\\vendor\\laravel\\lumen-framework\\src\\Concerns\\RoutesRequests.php(269): Laravel\\Lumen\\Application->callActionOnArrayBasedRoute()
#17 E:\\Workspace\\PHP\\dự án php mental health care năm 2\\PNV25-MentalHealtCareApp\\vendor\\laravel\\lumen-framework\\src\\Concerns\\RoutesRequests.php(171): Laravel\\Lumen\\Application->handleFoundRoute()
#18 E:\\Workspace\\PHP\\dự án php mental health care năm 2\\PNV25-MentalHealtCareApp\\vendor\\laravel\\lumen-framework\\src\\Concerns\\RoutesRequests.php(431): Laravel\\Lumen\\Application->Laravel\\Lumen\\Concerns\\{closure}()
#19 E:\\Workspace\\PHP\\dự án php mental health care năm 2\\PNV25-MentalHealtCareApp\\vendor\\laravel\\lumen-framework\\src\\Concerns\\RoutesRequests.php(167): Laravel\\Lumen\\Application->sendThroughPipeline()
#20 E:\\Workspace\\PHP\\dự án php mental health care năm 2\\PNV25-MentalHealtCareApp\\vendor\\laravel\\lumen-framework\\src\\Concerns\\RoutesRequests.php(112): Laravel\\Lumen\\Application->dispatch()
#21 E:\\Workspace\\PHP\\dự án php mental health care năm 2\\PNV25-MentalHealtCareApp\\public\\index.php(28): Laravel\\Lumen\\Application->run()
#22 {main}
"} 
[2024-01-03 07:38:52] local.ERROR:  {"exception":"[object] (Symfony\\Component\\HttpKernel\\Exception\\NotFoundHttpException(code: 0):  at E:\\Workspace\\PHP\\dự án php mental health care năm 2\\PNV25-MentalHealtCareApp\\vendor\\laravel\\lumen-framework\\src\\Concerns\\RoutesRequests.php:235)
[stacktrace]
#0 E:\\Workspace\\PHP\\dự án php mental health care năm 2\\PNV25-MentalHealtCareApp\\vendor\\laravel\\lumen-framework\\src\\Concerns\\RoutesRequests.php(174): Laravel\\Lumen\\Application->handleDispatcherResponse()
#1 E:\\Workspace\\PHP\\dự án php mental health care năm 2\\PNV25-MentalHealtCareApp\\vendor\\laravel\\lumen-framework\\src\\Concerns\\RoutesRequests.php(431): Laravel\\Lumen\\Application->Laravel\\Lumen\\Concerns\\{closure}()
#2 E:\\Workspace\\PHP\\dự án php mental health care năm 2\\PNV25-MentalHealtCareApp\\vendor\\laravel\\lumen-framework\\src\\Concerns\\RoutesRequests.php(167): Laravel\\Lumen\\Application->sendThroughPipeline()
#3 E:\\Workspace\\PHP\\dự án php mental health care năm 2\\PNV25-MentalHealtCareApp\\vendor\\laravel\\lumen-framework\\src\\Concerns\\RoutesRequests.php(112): Laravel\\Lumen\\Application->dispatch()
#4 E:\\Workspace\\PHP\\dự án php mental health care năm 2\\PNV25-MentalHealtCareApp\\public\\index.php(28): Laravel\\Lumen\\Application->run()
#5 {main}
"} 
[2024-01-03 08:08:15] local.ERROR: Undefined property: stdClass::$Id {"exception":"[object] (ErrorException(code: 0): Undefined property: stdClass::$Id at E:\\Workspace\\PHP\\dự án php mental health care năm 2\\PNV25-MentalHealtCareApp\\resources\\views\\pages\\admin\\doctor.php:38)
[stacktrace]
#0 E:\\Workspace\\PHP\\dự án php mental health care năm 2\\PNV25-MentalHealtCareApp\\vendor\\laravel\\lumen-framework\\src\\Concerns\\RegistersExceptionHandlers.php(47): Laravel\\Lumen\\Application->handleError()
#1 E:\\Workspace\\PHP\\dự án php mental health care năm 2\\PNV25-MentalHealtCareApp\\resources\\views\\pages\\admin\\doctor.php(38): Laravel\\Lumen\\Application->Laravel\\Lumen\\Concerns\\{closure}()
#2 E:\\Workspace\\PHP\\dự án php mental health care năm 2\\PNV25-MentalHealtCareApp\\vendor\\illuminate\\filesystem\\Filesystem.php(124): require('...')
#3 E:\\Workspace\\PHP\\dự án php mental health care năm 2\\PNV25-MentalHealtCareApp\\vendor\\illuminate\\filesystem\\Filesystem.php(125): Illuminate\\Filesystem\\Filesystem::Illuminate\\Filesystem\\{closure}()
#4 E:\\Workspace\\PHP\\dự án php mental health care năm 2\\PNV25-MentalHealtCareApp\\vendor\\illuminate\\view\\Engines\\PhpEngine.php(58): Illuminate\\Filesystem\\Filesystem->getRequire()
#5 E:\\Workspace\\PHP\\dự án php mental health care năm 2\\PNV25-MentalHealtCareApp\\vendor\\illuminate\\view\\Engines\\PhpEngine.php(38): Illuminate\\View\\Engines\\PhpEngine->evaluatePath()
#6 E:\\Workspace\\PHP\\dự án php mental health care năm 2\\PNV25-MentalHealtCareApp\\vendor\\illuminate\\view\\View.php(207): Illuminate\\View\\Engines\\PhpEngine->get()
#7 E:\\Workspace\\PHP\\dự án php mental health care năm 2\\PNV25-MentalHealtCareApp\\vendor\\illuminate\\view\\View.php(190): Illuminate\\View\\View->getContents()
#8 E:\\Workspace\\PHP\\dự án php mental health care năm 2\\PNV25-MentalHealtCareApp\\vendor\\illuminate\\view\\View.php(159): Illuminate\\View\\View->renderContents()
#9 E:\\Workspace\\PHP\\dự án php mental health care năm 2\\PNV25-MentalHealtCareApp\\vendor\\illuminate\\http\\Response.php(69): Illuminate\\View\\View->render()
#10 E:\\Workspace\\PHP\\dự án php mental health care năm 2\\PNV25-MentalHealtCareApp\\vendor\\illuminate\\http\\Response.php(35): Illuminate\\Http\\Response->setContent()
#11 E:\\Workspace\\PHP\\dự án php mental health care năm 2\\PNV25-MentalHealtCareApp\\vendor\\laravel\\lumen-framework\\src\\Concerns\\RoutesRequests.php(451): Illuminate\\Http\\Response->__construct()
#12 E:\\Workspace\\PHP\\dự án php mental health care năm 2\\PNV25-MentalHealtCareApp\\vendor\\laravel\\lumen-framework\\src\\Concerns\\RoutesRequests.php(390): Laravel\\Lumen\\Application->prepareResponse()
#13 E:\\Workspace\\PHP\\dự án php mental health care năm 2\\PNV25-MentalHealtCareApp\\vendor\\laravel\\lumen-framework\\src\\Concerns\\RoutesRequests.php(356): Laravel\\Lumen\\Application->callControllerCallable()
#14 E:\\Workspace\\PHP\\dự án php mental health care năm 2\\PNV25-MentalHealtCareApp\\vendor\\laravel\\lumen-framework\\src\\Concerns\\RoutesRequests.php(331): Laravel\\Lumen\\Application->callLumenController()
#15 E:\\Workspace\\PHP\\dự án php mental health care năm 2\\PNV25-MentalHealtCareApp\\vendor\\laravel\\lumen-framework\\src\\Concerns\\RoutesRequests.php(284): Laravel\\Lumen\\Application->callControllerAction()
#16 E:\\Workspace\\PHP\\dự án php mental health care năm 2\\PNV25-MentalHealtCareApp\\vendor\\laravel\\lumen-framework\\src\\Concerns\\RoutesRequests.php(269): Laravel\\Lumen\\Application->callActionOnArrayBasedRoute()
#17 E:\\Workspace\\PHP\\dự án php mental health care năm 2\\PNV25-MentalHealtCareApp\\vendor\\laravel\\lumen-framework\\src\\Concerns\\RoutesRequests.php(171): Laravel\\Lumen\\Application->handleFoundRoute()
#18 E:\\Workspace\\PHP\\dự án php mental health care năm 2\\PNV25-MentalHealtCareApp\\vendor\\laravel\\lumen-framework\\src\\Concerns\\RoutesRequests.php(431): Laravel\\Lumen\\Application->Laravel\\Lumen\\Concerns\\{closure}()
#19 E:\\Workspace\\PHP\\dự án php mental health care năm 2\\PNV25-MentalHealtCareApp\\vendor\\laravel\\lumen-framework\\src\\Concerns\\RoutesRequests.php(167): Laravel\\Lumen\\Application->sendThroughPipeline()
#20 E:\\Workspace\\PHP\\dự án php mental health care năm 2\\PNV25-MentalHealtCareApp\\vendor\\laravel\\lumen-framework\\src\\Concerns\\RoutesRequests.php(112): Laravel\\Lumen\\Application->dispatch()
#21 E:\\Workspace\\PHP\\dự án php mental health care năm 2\\PNV25-MentalHealtCareApp\\public\\index.php(28): Laravel\\Lumen\\Application->run()
#22 {main}
"} 
[2024-01-03 09:11:11] local.ERROR:  {"exception":"[object] (Symfony\\Component\\HttpKernel\\Exception\\MethodNotAllowedHttpException(code: 0):  at E:\\Workspace\\PHP\\dự án php mental health care năm 2\\PNV25-MentalHealtCareApp\\vendor\\laravel\\lumen-framework\\src\\Concerns\\RoutesRequests.php:237)
[stacktrace]
#0 E:\\Workspace\\PHP\\dự án php mental health care năm 2\\PNV25-MentalHealtCareApp\\vendor\\laravel\\lumen-framework\\src\\Concerns\\RoutesRequests.php(174): Laravel\\Lumen\\Application->handleDispatcherResponse()
#1 E:\\Workspace\\PHP\\dự án php mental health care năm 2\\PNV25-MentalHealtCareApp\\vendor\\laravel\\lumen-framework\\src\\Concerns\\RoutesRequests.php(431): Laravel\\Lumen\\Application->Laravel\\Lumen\\Concerns\\{closure}()
#2 E:\\Workspace\\PHP\\dự án php mental health care năm 2\\PNV25-MentalHealtCareApp\\vendor\\laravel\\lumen-framework\\src\\Concerns\\RoutesRequests.php(167): Laravel\\Lumen\\Application->sendThroughPipeline()
#3 E:\\Workspace\\PHP\\dự án php mental health care năm 2\\PNV25-MentalHealtCareApp\\vendor\\laravel\\lumen-framework\\src\\Concerns\\RoutesRequests.php(112): Laravel\\Lumen\\Application->dispatch()
#4 E:\\Workspace\\PHP\\dự án php mental health care năm 2\\PNV25-MentalHealtCareApp\\public\\index.php(28): Laravel\\Lumen\\Application->run()
#5 {main}
"} 
[2024-01-03 09:13:08] local.ERROR:  {"exception":"[object] (Symfony\\Component\\HttpKernel\\Exception\\MethodNotAllowedHttpException(code: 0):  at E:\\Workspace\\PHP\\dự án php mental health care năm 2\\PNV25-MentalHealtCareApp\\vendor\\laravel\\lumen-framework\\src\\Concerns\\RoutesRequests.php:237)
[stacktrace]
#0 E:\\Workspace\\PHP\\dự án php mental health care năm 2\\PNV25-MentalHealtCareApp\\vendor\\laravel\\lumen-framework\\src\\Concerns\\RoutesRequests.php(174): Laravel\\Lumen\\Application->handleDispatcherResponse()
#1 E:\\Workspace\\PHP\\dự án php mental health care năm 2\\PNV25-MentalHealtCareApp\\vendor\\laravel\\lumen-framework\\src\\Concerns\\RoutesRequests.php(431): Laravel\\Lumen\\Application->Laravel\\Lumen\\Concerns\\{closure}()
#2 E:\\Workspace\\PHP\\dự án php mental health care năm 2\\PNV25-MentalHealtCareApp\\vendor\\laravel\\lumen-framework\\src\\Concerns\\RoutesRequests.php(167): Laravel\\Lumen\\Application->sendThroughPipeline()
#3 E:\\Workspace\\PHP\\dự án php mental health care năm 2\\PNV25-MentalHealtCareApp\\vendor\\laravel\\lumen-framework\\src\\Concerns\\RoutesRequests.php(112): Laravel\\Lumen\\Application->dispatch()
#4 E:\\Workspace\\PHP\\dự án php mental health care năm 2\\PNV25-MentalHealtCareApp\\public\\index.php(28): Laravel\\Lumen\\Application->run()
#5 {main}
"} 
[2024-01-03 09:43:47] local.ERROR: Unable to resolve dependency [Parameter #0 [ <required> $doctorId ]] in class App\Controllers\Admin\DoctorController {"exception":"[object] (Illuminate\\Contracts\\Container\\BindingResolutionException(code: 0): Unable to resolve dependency [Parameter #0 [ <required> $doctorId ]] in class App\\Controllers\\Admin\\DoctorController at E:\\Workspace\\PHP\\dự án php mental health care năm 2\\PNV25-MentalHealtCareApp\\vendor\\illuminate\\container\\BoundMethod.php:188)
[stacktrace]
#0 E:\\Workspace\\PHP\\dự án php mental health care năm 2\\PNV25-MentalHealtCareApp\\vendor\\illuminate\\container\\BoundMethod.php(124): Illuminate\\Container\\BoundMethod::addDependencyForCallParameter()
#1 E:\\Workspace\\PHP\\dự án php mental health care năm 2\\PNV25-MentalHealtCareApp\\vendor\\illuminate\\container\\BoundMethod.php(36): Illuminate\\Container\\BoundMethod::getMethodDependencies()
#2 E:\\Workspace\\PHP\\dự án php mental health care năm 2\\PNV25-MentalHealtCareApp\\vendor\\illuminate\\container\\Util.php(41): Illuminate\\Container\\BoundMethod::Illuminate\\Container\\{closure}()
#3 E:\\Workspace\\PHP\\dự án php mental health care năm 2\\PNV25-MentalHealtCareApp\\vendor\\illuminate\\container\\BoundMethod.php(93): Illuminate\\Container\\Util::unwrapIfClosure()
#4 E:\\Workspace\\PHP\\dự án php mental health care năm 2\\PNV25-MentalHealtCareApp\\vendor\\illuminate\\container\\BoundMethod.php(35): Illuminate\\Container\\BoundMethod::callBoundMethod()
#5 E:\\Workspace\\PHP\\dự án php mental health care năm 2\\PNV25-MentalHealtCareApp\\vendor\\illuminate\\container\\Container.php(662): Illuminate\\Container\\BoundMethod::call()
#6 E:\\Workspace\\PHP\\dự án php mental health care năm 2\\PNV25-MentalHealtCareApp\\vendor\\laravel\\lumen-framework\\src\\Concerns\\RoutesRequests.php(391): Illuminate\\Container\\Container->call()
#7 E:\\Workspace\\PHP\\dự án php mental health care năm 2\\PNV25-MentalHealtCareApp\\vendor\\laravel\\lumen-framework\\src\\Concerns\\RoutesRequests.php(356): Laravel\\Lumen\\Application->callControllerCallable()
#8 E:\\Workspace\\PHP\\dự án php mental health care năm 2\\PNV25-MentalHealtCareApp\\vendor\\laravel\\lumen-framework\\src\\Concerns\\RoutesRequests.php(331): Laravel\\Lumen\\Application->callLumenController()
#9 E:\\Workspace\\PHP\\dự án php mental health care năm 2\\PNV25-MentalHealtCareApp\\vendor\\laravel\\lumen-framework\\src\\Concerns\\RoutesRequests.php(284): Laravel\\Lumen\\Application->callControllerAction()
#10 E:\\Workspace\\PHP\\dự án php mental health care năm 2\\PNV25-MentalHealtCareApp\\vendor\\laravel\\lumen-framework\\src\\Concerns\\RoutesRequests.php(269): Laravel\\Lumen\\Application->callActionOnArrayBasedRoute()
#11 E:\\Workspace\\PHP\\dự án php mental health care năm 2\\PNV25-MentalHealtCareApp\\vendor\\laravel\\lumen-framework\\src\\Concerns\\RoutesRequests.php(239): Laravel\\Lumen\\Application->handleFoundRoute()
#12 E:\\Workspace\\PHP\\dự án php mental health care năm 2\\PNV25-MentalHealtCareApp\\vendor\\laravel\\lumen-framework\\src\\Concerns\\RoutesRequests.php(174): Laravel\\Lumen\\Application->handleDispatcherResponse()
#13 E:\\Workspace\\PHP\\dự án php mental health care năm 2\\PNV25-MentalHealtCareApp\\vendor\\laravel\\lumen-framework\\src\\Concerns\\RoutesRequests.php(431): Laravel\\Lumen\\Application->Laravel\\Lumen\\Concerns\\{closure}()
#14 E:\\Workspace\\PHP\\dự án php mental health care năm 2\\PNV25-MentalHealtCareApp\\vendor\\laravel\\lumen-framework\\src\\Concerns\\RoutesRequests.php(167): Laravel\\Lumen\\Application->sendThroughPipeline()
#15 E:\\Workspace\\PHP\\dự án php mental health care năm 2\\PNV25-MentalHealtCareApp\\vendor\\laravel\\lumen-framework\\src\\Concerns\\RoutesRequests.php(112): Laravel\\Lumen\\Application->dispatch()
#16 E:\\Workspace\\PHP\\dự án php mental health care năm 2\\PNV25-MentalHealtCareApp\\public\\index.php(28): Laravel\\Lumen\\Application->run()
#17 {main}
"} 
[2024-01-03 10:52:29] local.ERROR:  {"exception":"[object] (Symfony\\Component\\HttpKernel\\Exception\\MethodNotAllowedHttpException(code: 0):  at E:\\Workspace\\PHP\\dự án php mental health care năm 2\\PNV25-MentalHealtCareApp\\vendor\\laravel\\lumen-framework\\src\\Concerns\\RoutesRequests.php:237)
[stacktrace]
#0 E:\\Workspace\\PHP\\dự án php mental health care năm 2\\PNV25-MentalHealtCareApp\\vendor\\laravel\\lumen-framework\\src\\Concerns\\RoutesRequests.php(174): Laravel\\Lumen\\Application->handleDispatcherResponse()
#1 E:\\Workspace\\PHP\\dự án php mental health care năm 2\\PNV25-MentalHealtCareApp\\vendor\\laravel\\lumen-framework\\src\\Concerns\\RoutesRequests.php(431): Laravel\\Lumen\\Application->Laravel\\Lumen\\Concerns\\{closure}()
#2 E:\\Workspace\\PHP\\dự án php mental health care năm 2\\PNV25-MentalHealtCareApp\\vendor\\laravel\\lumen-framework\\src\\Concerns\\RoutesRequests.php(167): Laravel\\Lumen\\Application->sendThroughPipeline()
#3 E:\\Workspace\\PHP\\dự án php mental health care năm 2\\PNV25-MentalHealtCareApp\\vendor\\laravel\\lumen-framework\\src\\Concerns\\RoutesRequests.php(112): Laravel\\Lumen\\Application->dispatch()
#4 E:\\Workspace\\PHP\\dự án php mental health care năm 2\\PNV25-MentalHealtCareApp\\public\\index.php(28): Laravel\\Lumen\\Application->run()
#5 {main}
"} 
[2024-01-03 10:53:58] local.ERROR:  {"exception":"[object] (Symfony\\Component\\HttpKernel\\Exception\\MethodNotAllowedHttpException(code: 0):  at E:\\Workspace\\PHP\\dự án php mental health care năm 2\\PNV25-MentalHealtCareApp\\vendor\\laravel\\lumen-framework\\src\\Concerns\\RoutesRequests.php:237)
[stacktrace]
#0 E:\\Workspace\\PHP\\dự án php mental health care năm 2\\PNV25-MentalHealtCareApp\\vendor\\laravel\\lumen-framework\\src\\Concerns\\RoutesRequests.php(174): Laravel\\Lumen\\Application->handleDispatcherResponse()
#1 E:\\Workspace\\PHP\\dự án php mental health care năm 2\\PNV25-MentalHealtCareApp\\vendor\\laravel\\lumen-framework\\src\\Concerns\\RoutesRequests.php(431): Laravel\\Lumen\\Application->Laravel\\Lumen\\Concerns\\{closure}()
#2 E:\\Workspace\\PHP\\dự án php mental health care năm 2\\PNV25-MentalHealtCareApp\\vendor\\laravel\\lumen-framework\\src\\Concerns\\RoutesRequests.php(167): Laravel\\Lumen\\Application->sendThroughPipeline()
#3 E:\\Workspace\\PHP\\dự án php mental health care năm 2\\PNV25-MentalHealtCareApp\\vendor\\laravel\\lumen-framework\\src\\Concerns\\RoutesRequests.php(112): Laravel\\Lumen\\Application->dispatch()
#4 E:\\Workspace\\PHP\\dự án php mental health care năm 2\\PNV25-MentalHealtCareApp\\public\\index.php(28): Laravel\\Lumen\\Application->run()
#5 {main}
"} 
[2024-01-03 10:54:26] local.ERROR:  {"exception":"[object] (Symfony\\Component\\HttpKernel\\Exception\\MethodNotAllowedHttpException(code: 0):  at E:\\Workspace\\PHP\\dự án php mental health care năm 2\\PNV25-MentalHealtCareApp\\vendor\\laravel\\lumen-framework\\src\\Concerns\\RoutesRequests.php:237)
[stacktrace]
#0 E:\\Workspace\\PHP\\dự án php mental health care năm 2\\PNV25-MentalHealtCareApp\\vendor\\laravel\\lumen-framework\\src\\Concerns\\RoutesRequests.php(174): Laravel\\Lumen\\Application->handleDispatcherResponse()
#1 E:\\Workspace\\PHP\\dự án php mental health care năm 2\\PNV25-MentalHealtCareApp\\vendor\\laravel\\lumen-framework\\src\\Concerns\\RoutesRequests.php(431): Laravel\\Lumen\\Application->Laravel\\Lumen\\Concerns\\{closure}()
#2 E:\\Workspace\\PHP\\dự án php mental health care năm 2\\PNV25-MentalHealtCareApp\\vendor\\laravel\\lumen-framework\\src\\Concerns\\RoutesRequests.php(167): Laravel\\Lumen\\Application->sendThroughPipeline()
#3 E:\\Workspace\\PHP\\dự án php mental health care năm 2\\PNV25-MentalHealtCareApp\\vendor\\laravel\\lumen-framework\\src\\Concerns\\RoutesRequests.php(112): Laravel\\Lumen\\Application->dispatch()
#4 E:\\Workspace\\PHP\\dự án php mental health care năm 2\\PNV25-MentalHealtCareApp\\public\\index.php(28): Laravel\\Lumen\\Application->run()
#5 {main}
"} 
[2024-01-03 10:55:48] local.ERROR:  {"exception":"[object] (Symfony\\Component\\HttpKernel\\Exception\\MethodNotAllowedHttpException(code: 0):  at E:\\Workspace\\PHP\\dự án php mental health care năm 2\\PNV25-MentalHealtCareApp\\vendor\\laravel\\lumen-framework\\src\\Concerns\\RoutesRequests.php:237)
[stacktrace]
#0 E:\\Workspace\\PHP\\dự án php mental health care năm 2\\PNV25-MentalHealtCareApp\\vendor\\laravel\\lumen-framework\\src\\Concerns\\RoutesRequests.php(174): Laravel\\Lumen\\Application->handleDispatcherResponse()
#1 E:\\Workspace\\PHP\\dự án php mental health care năm 2\\PNV25-MentalHealtCareApp\\vendor\\laravel\\lumen-framework\\src\\Concerns\\RoutesRequests.php(431): Laravel\\Lumen\\Application->Laravel\\Lumen\\Concerns\\{closure}()
#2 E:\\Workspace\\PHP\\dự án php mental health care năm 2\\PNV25-MentalHealtCareApp\\vendor\\laravel\\lumen-framework\\src\\Concerns\\RoutesRequests.php(167): Laravel\\Lumen\\Application->sendThroughPipeline()
#3 E:\\Workspace\\PHP\\dự án php mental health care năm 2\\PNV25-MentalHealtCareApp\\vendor\\laravel\\lumen-framework\\src\\Concerns\\RoutesRequests.php(112): Laravel\\Lumen\\Application->dispatch()
#4 E:\\Workspace\\PHP\\dự án php mental health care năm 2\\PNV25-MentalHealtCareApp\\public\\index.php(28): Laravel\\Lumen\\Application->run()
#5 {main}
"} 
